[0.019s] Invoking command in '/apollo/ros_ws/build/scout_mini_description': CMAKE_PREFIX_PATH=${CMAKE_PREFIX_PATH}:/opt/ros/humble /usr/bin/cmake --build /apollo/ros_ws/build/scout_mini_description -- -j20 -l20
[0.058s] Invoked command in '/apollo/ros_ws/build/scout_mini_description' returned '0': CMAKE_PREFIX_PATH=${CMAKE_PREFIX_PATH}:/opt/ros/humble /usr/bin/cmake --build /apollo/ros_ws/build/scout_mini_description -- -j20 -l20
[0.059s] Invoking command in '/apollo/ros_ws/build/scout_mini_description': CMAKE_PREFIX_PATH=${CMAKE_PREFIX_PATH}:/opt/ros/humble /usr/bin/cmake --install /apollo/ros_ws/build/scout_mini_description
[0.073s] -- Install configuration: ""
[0.074s] -- Execute custom install script
[0.075s] -- Up-to-date symlink: /apollo/ros_ws/install/scout_mini_description/share/scout_mini_description/launch/description_launch.py
[0.075s] -- Up-to-date symlink: /apollo/ros_ws/install/scout_mini_description/share/scout_mini_description/launch/rviz2_launch.py
[0.075s] -- Up-to-date symlink: /apollo/ros_ws/install/scout_mini_description/share/scout_mini_description/meshes/body.dae
[0.076s] -- Up-to-date symlink: /apollo/ros_ws/install/scout_mini_description/share/scout_mini_description/meshes/wheel.dae
[0.076s] -- Up-to-date symlink: /apollo/ros_ws/install/scout_mini_description/share/scout_mini_description/rviz/scout_mini.rviz
[0.077s] -- Up-to-date symlink: /apollo/ros_ws/install/scout_mini_description/share/scout_mini_description/urdf/scout_mini.urdf.xacro
[0.077s] -- Up-to-date symlink: /apollo/ros_ws/install/scout_mini_description/share/ament_index/resource_index/package_run_dependencies/scout_mini_description
[0.078s] -- Up-to-date symlink: /apollo/ros_ws/install/scout_mini_description/share/ament_index/resource_index/parent_prefix_path/scout_mini_description
[0.078s] -- Up-to-date symlink: /apollo/ros_ws/install/scout_mini_description/share/scout_mini_description/environment/ament_prefix_path.sh
[0.078s] -- Up-to-date symlink: /apollo/ros_ws/install/scout_mini_description/share/scout_mini_description/environment/ament_prefix_path.dsv
[0.079s] -- Up-to-date symlink: /apollo/ros_ws/install/scout_mini_description/share/scout_mini_description/environment/path.sh
[0.079s] -- Up-to-date symlink: /apollo/ros_ws/install/scout_mini_description/share/scout_mini_description/environment/path.dsv
[0.080s] -- Up-to-date symlink: /apollo/ros_ws/install/scout_mini_description/share/scout_mini_description/local_setup.bash
[0.080s] -- Up-to-date symlink: /apollo/ros_ws/install/scout_mini_description/share/scout_mini_description/local_setup.sh
[0.080s] -- Up-to-date symlink: /apollo/ros_ws/install/scout_mini_description/share/scout_mini_description/local_setup.zsh
[0.081s] -- Up-to-date symlink: /apollo/ros_ws/install/scout_mini_description/share/scout_mini_description/local_setup.dsv
[0.082s] -- Symlinking: /apollo/ros_ws/install/scout_mini_description/share/scout_mini_description/package.dsv
[0.096s] -- Up-to-date symlink: /apollo/ros_ws/install/scout_mini_description/share/ament_index/resource_index/packages/scout_mini_description
[0.096s] -- Up-to-date symlink: /apollo/ros_ws/install/scout_mini_description/share/scout_mini_description/cmake/scout_mini_descriptionConfig.cmake
[0.097s] -- Up-to-date symlink: /apollo/ros_ws/install/scout_mini_description/share/scout_mini_description/cmake/scout_mini_descriptionConfig-version.cmake
[0.098s] -- Up-to-date symlink: /apollo/ros_ws/install/scout_mini_description/share/scout_mini_description/package.xml
[0.122s] Invoked command in '/apollo/ros_ws/build/scout_mini_description' returned '0': CMAKE_PREFIX_PATH=${CMAKE_PREFIX_PATH}:/opt/ros/humble /usr/bin/cmake --install /apollo/ros_ws/build/scout_mini_description
