[0.184s] DEBUG:colcon:Command line arguments: ['/usr/bin/colcon', 'build', '--symlink-install']
[0.184s] DEBUG:colcon:Parsed command line arguments: Namespace(log_base=None, log_level=None, verb_name='build', build_base='build', install_base='install', merge_install=False, symlink_install=True, test_result_base=None, continue_on_error=False, executor='parallel', parallel_workers=20, event_handlers=None, ignore_user_meta=False, metas=['./colcon.meta'], base_paths=['.'], packages_ignore=None, packages_ignore_regex=None, paths=None, packages_up_to=None, packages_up_to_regex=None, packages_above=None, packages_above_and_dependencies=None, packages_above_depth=None, packages_select_by_dep=None, packages_skip_by_dep=None, packages_skip_up_to=None, packages_select_build_failed=False, packages_skip_build_finished=False, packages_select_test_failures=False, packages_skip_test_passed=False, packages_select=None, packages_skip=None, packages_select_regex=None, packages_skip_regex=None, packages_start=None, packages_end=None, cmake_args=None, cmake_target=None, cmake_target_skip_unavailable=False, cmake_clean_cache=False, cmake_clean_first=False, cmake_force_configure=False, ament_cmake_args=None, catkin_cmake_args=None, catkin_skip_building_tests=False, mixin_files=None, mixin=None, verb_parser=<colcon_mixin.mixin.mixin_argument.MixinArgumentDecorator object at 0x7c2ae6ecb520>, verb_extension=<colcon_core.verb.build.BuildVerb object at 0x7c2ae707ceb0>, main=<bound method BuildVerb.main of <colcon_core.verb.build.BuildVerb object at 0x7c2ae707ceb0>>, mixin_verb=('build',))
[0.385s] Level 1:colcon.colcon_core.package_discovery:discover_packages(colcon_meta) check parameters
[0.385s] Level 1:colcon.colcon_core.package_discovery:discover_packages(recursive) check parameters
[0.386s] Level 1:colcon.colcon_core.package_discovery:discover_packages(ignore) check parameters
[0.386s] Level 1:colcon.colcon_core.package_discovery:discover_packages(path) check parameters
[0.386s] Level 1:colcon.colcon_core.package_discovery:discover_packages(colcon_meta) discover
[0.386s] Level 1:colcon.colcon_core.package_discovery:discover_packages(recursive) discover
[0.386s] INFO:colcon.colcon_core.package_discovery:Crawling recursively for packages in '/apollo/ros_ws'
[0.386s] Level 1:colcon.colcon_core.package_identification:_identify(.) by extensions ['ignore', 'ignore_ament_install']
[0.386s] Level 1:colcon.colcon_core.package_identification:_identify(.) by extension 'ignore'
[0.386s] Level 1:colcon.colcon_core.package_identification:_identify(.) by extension 'ignore_ament_install'
[0.386s] Level 1:colcon.colcon_core.package_identification:_identify(.) by extensions ['colcon_pkg']
[0.386s] Level 1:colcon.colcon_core.package_identification:_identify(.) by extension 'colcon_pkg'
[0.386s] Level 1:colcon.colcon_core.package_identification:_identify(.) by extensions ['colcon_meta']
[0.386s] Level 1:colcon.colcon_core.package_identification:_identify(.) by extension 'colcon_meta'
[0.386s] Level 1:colcon.colcon_core.package_identification:_identify(.) by extensions ['ros']
[0.386s] Level 1:colcon.colcon_core.package_identification:_identify(.) by extension 'ros'
[0.397s] Level 1:colcon.colcon_core.package_identification:_identify(.) by extensions ['cmake', 'python']
[0.397s] Level 1:colcon.colcon_core.package_identification:_identify(.) by extension 'cmake'
[0.398s] Level 1:colcon.colcon_core.package_identification:_identify(.) by extension 'python'
[0.398s] Level 1:colcon.colcon_core.package_identification:_identify(.) by extensions ['python_setup_py']
[0.398s] Level 1:colcon.colcon_core.package_identification:_identify(.) by extension 'python_setup_py'
[0.398s] Level 1:colcon.colcon_core.package_identification:_identify(build) by extensions ['ignore', 'ignore_ament_install']
[0.398s] Level 1:colcon.colcon_core.package_identification:_identify(build) by extension 'ignore'
[0.398s] Level 1:colcon.colcon_core.package_identification:_identify(build) ignored
[0.398s] Level 1:colcon.colcon_core.package_identification:_identify(install) by extensions ['ignore', 'ignore_ament_install']
[0.398s] Level 1:colcon.colcon_core.package_identification:_identify(install) by extension 'ignore'
[0.398s] Level 1:colcon.colcon_core.package_identification:_identify(install) ignored
[0.398s] Level 1:colcon.colcon_core.package_identification:_identify(log) by extensions ['ignore', 'ignore_ament_install']
[0.398s] Level 1:colcon.colcon_core.package_identification:_identify(log) by extension 'ignore'
[0.398s] Level 1:colcon.colcon_core.package_identification:_identify(log) ignored
[0.398s] Level 1:colcon.colcon_core.package_identification:_identify(src) by extensions ['ignore', 'ignore_ament_install']
[0.398s] Level 1:colcon.colcon_core.package_identification:_identify(src) by extension 'ignore'
[0.398s] Level 1:colcon.colcon_core.package_identification:_identify(src) by extension 'ignore_ament_install'
[0.398s] Level 1:colcon.colcon_core.package_identification:_identify(src) by extensions ['colcon_pkg']
[0.398s] Level 1:colcon.colcon_core.package_identification:_identify(src) by extension 'colcon_pkg'
[0.398s] Level 1:colcon.colcon_core.package_identification:_identify(src) by extensions ['colcon_meta']
[0.398s] Level 1:colcon.colcon_core.package_identification:_identify(src) by extension 'colcon_meta'
[0.398s] Level 1:colcon.colcon_core.package_identification:_identify(src) by extensions ['ros']
[0.398s] Level 1:colcon.colcon_core.package_identification:_identify(src) by extension 'ros'
[0.398s] Level 1:colcon.colcon_core.package_identification:_identify(src) by extensions ['cmake', 'python']
[0.398s] Level 1:colcon.colcon_core.package_identification:_identify(src) by extension 'cmake'
[0.398s] Level 1:colcon.colcon_core.package_identification:_identify(src) by extension 'python'
[0.398s] Level 1:colcon.colcon_core.package_identification:_identify(src) by extensions ['python_setup_py']
[0.398s] Level 1:colcon.colcon_core.package_identification:_identify(src) by extension 'python_setup_py'
[0.398s] Level 1:colcon.colcon_core.package_identification:_identify(src/scout_mini_base) by extensions ['ignore', 'ignore_ament_install']
[0.399s] Level 1:colcon.colcon_core.package_identification:_identify(src/scout_mini_base) by extension 'ignore'
[0.399s] Level 1:colcon.colcon_core.package_identification:_identify(src/scout_mini_base) by extension 'ignore_ament_install'
[0.399s] Level 1:colcon.colcon_core.package_identification:_identify(src/scout_mini_base) by extensions ['colcon_pkg']
[0.399s] Level 1:colcon.colcon_core.package_identification:_identify(src/scout_mini_base) by extension 'colcon_pkg'
[0.399s] Level 1:colcon.colcon_core.package_identification:_identify(src/scout_mini_base) by extensions ['colcon_meta']
[0.399s] Level 1:colcon.colcon_core.package_identification:_identify(src/scout_mini_base) by extension 'colcon_meta'
[0.399s] Level 1:colcon.colcon_core.package_identification:_identify(src/scout_mini_base) by extensions ['ros']
[0.399s] Level 1:colcon.colcon_core.package_identification:_identify(src/scout_mini_base) by extension 'ros'
[0.400s] DEBUG:colcon.colcon_core.package_identification:Package 'src/scout_mini_base' with type 'ros.ament_cmake' and name 'scout_mini_base'
[0.401s] Level 1:colcon.colcon_core.package_identification:_identify(src/scout_mini_description) by extensions ['ignore', 'ignore_ament_install']
[0.401s] Level 1:colcon.colcon_core.package_identification:_identify(src/scout_mini_description) by extension 'ignore'
[0.401s] Level 1:colcon.colcon_core.package_identification:_identify(src/scout_mini_description) by extension 'ignore_ament_install'
[0.401s] Level 1:colcon.colcon_core.package_identification:_identify(src/scout_mini_description) by extensions ['colcon_pkg']
[0.401s] Level 1:colcon.colcon_core.package_identification:_identify(src/scout_mini_description) by extension 'colcon_pkg'
[0.401s] Level 1:colcon.colcon_core.package_identification:_identify(src/scout_mini_description) by extensions ['colcon_meta']
[0.401s] Level 1:colcon.colcon_core.package_identification:_identify(src/scout_mini_description) by extension 'colcon_meta'
[0.401s] Level 1:colcon.colcon_core.package_identification:_identify(src/scout_mini_description) by extensions ['ros']
[0.401s] Level 1:colcon.colcon_core.package_identification:_identify(src/scout_mini_description) by extension 'ros'
[0.401s] DEBUG:colcon.colcon_core.package_identification:Package 'src/scout_mini_description' with type 'ros.ament_cmake' and name 'scout_mini_description'
[0.401s] Level 1:colcon.colcon_core.package_identification:_identify(src/scout_mini_hardware) by extensions ['ignore', 'ignore_ament_install']
[0.401s] Level 1:colcon.colcon_core.package_identification:_identify(src/scout_mini_hardware) by extension 'ignore'
[0.401s] Level 1:colcon.colcon_core.package_identification:_identify(src/scout_mini_hardware) by extension 'ignore_ament_install'
[0.401s] Level 1:colcon.colcon_core.package_identification:_identify(src/scout_mini_hardware) by extensions ['colcon_pkg']
[0.401s] Level 1:colcon.colcon_core.package_identification:_identify(src/scout_mini_hardware) by extension 'colcon_pkg'
[0.401s] Level 1:colcon.colcon_core.package_identification:_identify(src/scout_mini_hardware) by extensions ['colcon_meta']
[0.402s] Level 1:colcon.colcon_core.package_identification:_identify(src/scout_mini_hardware) by extension 'colcon_meta'
[0.402s] Level 1:colcon.colcon_core.package_identification:_identify(src/scout_mini_hardware) by extensions ['ros']
[0.402s] Level 1:colcon.colcon_core.package_identification:_identify(src/scout_mini_hardware) by extension 'ros'
[0.402s] DEBUG:colcon.colcon_core.package_identification:Package 'src/scout_mini_hardware' with type 'ros.ament_cmake' and name 'scout_mini_hardware'
[0.402s] Level 1:colcon.colcon_core.package_identification:_identify(src/scout_mini_msgs) by extensions ['ignore', 'ignore_ament_install']
[0.402s] Level 1:colcon.colcon_core.package_identification:_identify(src/scout_mini_msgs) by extension 'ignore'
[0.402s] Level 1:colcon.colcon_core.package_identification:_identify(src/scout_mini_msgs) by extension 'ignore_ament_install'
[0.402s] Level 1:colcon.colcon_core.package_identification:_identify(src/scout_mini_msgs) by extensions ['colcon_pkg']
[0.402s] Level 1:colcon.colcon_core.package_identification:_identify(src/scout_mini_msgs) by extension 'colcon_pkg'
[0.402s] Level 1:colcon.colcon_core.package_identification:_identify(src/scout_mini_msgs) by extensions ['colcon_meta']
[0.403s] Level 1:colcon.colcon_core.package_identification:_identify(src/scout_mini_msgs) by extension 'colcon_meta'
[0.403s] Level 1:colcon.colcon_core.package_identification:_identify(src/scout_mini_msgs) by extensions ['ros']
[0.403s] Level 1:colcon.colcon_core.package_identification:_identify(src/scout_mini_msgs) by extension 'ros'
[0.403s] DEBUG:colcon.colcon_core.package_identification:Package 'src/scout_mini_msgs' with type 'ros.ament_cmake' and name 'scout_mini_msgs'
[0.403s] Level 1:colcon.colcon_core.package_identification:_identify(src/scout_mini_ros2) by extensions ['ignore', 'ignore_ament_install']
[0.403s] Level 1:colcon.colcon_core.package_identification:_identify(src/scout_mini_ros2) by extension 'ignore'
[0.403s] Level 1:colcon.colcon_core.package_identification:_identify(src/scout_mini_ros2) by extension 'ignore_ament_install'
[0.403s] Level 1:colcon.colcon_core.package_identification:_identify(src/scout_mini_ros2) by extensions ['colcon_pkg']
[0.403s] Level 1:colcon.colcon_core.package_identification:_identify(src/scout_mini_ros2) by extension 'colcon_pkg'
[0.403s] Level 1:colcon.colcon_core.package_identification:_identify(src/scout_mini_ros2) by extensions ['colcon_meta']
[0.403s] Level 1:colcon.colcon_core.package_identification:_identify(src/scout_mini_ros2) by extension 'colcon_meta'
[0.403s] Level 1:colcon.colcon_core.package_identification:_identify(src/scout_mini_ros2) by extensions ['ros']
[0.403s] Level 1:colcon.colcon_core.package_identification:_identify(src/scout_mini_ros2) by extension 'ros'
[0.404s] DEBUG:colcon.colcon_core.package_identification:Package 'src/scout_mini_ros2' with type 'ros.ament_cmake' and name 'scout_mini_ros2'
[0.404s] Level 1:colcon.colcon_core.package_discovery:discover_packages(recursive) using defaults
[0.404s] Level 1:colcon.colcon_core.package_discovery:discover_packages(ignore) discover
[0.404s] Level 1:colcon.colcon_core.package_discovery:discover_packages(ignore) using defaults
[0.404s] Level 1:colcon.colcon_core.package_discovery:discover_packages(path) discover
[0.404s] Level 1:colcon.colcon_core.package_discovery:discover_packages(path) using defaults
[0.434s] Level 5:colcon.colcon_core.verb:set package 'scout_mini_base' build argument 'cmake_args' from command line to 'None'
[0.434s] Level 5:colcon.colcon_core.verb:set package 'scout_mini_base' build argument 'cmake_target' from command line to 'None'
[0.434s] Level 5:colcon.colcon_core.verb:set package 'scout_mini_base' build argument 'cmake_target_skip_unavailable' from command line to 'False'
[0.434s] Level 5:colcon.colcon_core.verb:set package 'scout_mini_base' build argument 'cmake_clean_cache' from command line to 'False'
[0.434s] Level 5:colcon.colcon_core.verb:set package 'scout_mini_base' build argument 'cmake_clean_first' from command line to 'False'
[0.434s] Level 5:colcon.colcon_core.verb:set package 'scout_mini_base' build argument 'cmake_force_configure' from command line to 'False'
[0.434s] Level 5:colcon.colcon_core.verb:set package 'scout_mini_base' build argument 'ament_cmake_args' from command line to 'None'
[0.434s] Level 5:colcon.colcon_core.verb:set package 'scout_mini_base' build argument 'catkin_cmake_args' from command line to 'None'
[0.434s] Level 5:colcon.colcon_core.verb:set package 'scout_mini_base' build argument 'catkin_skip_building_tests' from command line to 'False'
[0.434s] DEBUG:colcon.colcon_core.verb:Building package 'scout_mini_base' with the following arguments: {'ament_cmake_args': None, 'build_base': '/apollo/ros_ws/build/scout_mini_base', 'catkin_cmake_args': None, 'catkin_skip_building_tests': False, 'cmake_args': None, 'cmake_clean_cache': False, 'cmake_clean_first': False, 'cmake_force_configure': False, 'cmake_target': None, 'cmake_target_skip_unavailable': False, 'install_base': '/apollo/ros_ws/install/scout_mini_base', 'merge_install': False, 'path': '/apollo/ros_ws/src/scout_mini_base', 'symlink_install': True, 'test_result_base': None}
[0.434s] Level 5:colcon.colcon_core.verb:set package 'scout_mini_description' build argument 'cmake_args' from command line to 'None'
[0.434s] Level 5:colcon.colcon_core.verb:set package 'scout_mini_description' build argument 'cmake_target' from command line to 'None'
[0.434s] Level 5:colcon.colcon_core.verb:set package 'scout_mini_description' build argument 'cmake_target_skip_unavailable' from command line to 'False'
[0.434s] Level 5:colcon.colcon_core.verb:set package 'scout_mini_description' build argument 'cmake_clean_cache' from command line to 'False'
[0.434s] Level 5:colcon.colcon_core.verb:set package 'scout_mini_description' build argument 'cmake_clean_first' from command line to 'False'
[0.434s] Level 5:colcon.colcon_core.verb:set package 'scout_mini_description' build argument 'cmake_force_configure' from command line to 'False'
[0.434s] Level 5:colcon.colcon_core.verb:set package 'scout_mini_description' build argument 'ament_cmake_args' from command line to 'None'
[0.434s] Level 5:colcon.colcon_core.verb:set package 'scout_mini_description' build argument 'catkin_cmake_args' from command line to 'None'
[0.434s] Level 5:colcon.colcon_core.verb:set package 'scout_mini_description' build argument 'catkin_skip_building_tests' from command line to 'False'
[0.434s] DEBUG:colcon.colcon_core.verb:Building package 'scout_mini_description' with the following arguments: {'ament_cmake_args': None, 'build_base': '/apollo/ros_ws/build/scout_mini_description', 'catkin_cmake_args': None, 'catkin_skip_building_tests': False, 'cmake_args': None, 'cmake_clean_cache': False, 'cmake_clean_first': False, 'cmake_force_configure': False, 'cmake_target': None, 'cmake_target_skip_unavailable': False, 'install_base': '/apollo/ros_ws/install/scout_mini_description', 'merge_install': False, 'path': '/apollo/ros_ws/src/scout_mini_description', 'symlink_install': True, 'test_result_base': None}
[0.435s] Level 5:colcon.colcon_core.verb:set package 'scout_mini_msgs' build argument 'cmake_args' from command line to 'None'
[0.435s] Level 5:colcon.colcon_core.verb:set package 'scout_mini_msgs' build argument 'cmake_target' from command line to 'None'
[0.435s] Level 5:colcon.colcon_core.verb:set package 'scout_mini_msgs' build argument 'cmake_target_skip_unavailable' from command line to 'False'
[0.435s] Level 5:colcon.colcon_core.verb:set package 'scout_mini_msgs' build argument 'cmake_clean_cache' from command line to 'False'
[0.435s] Level 5:colcon.colcon_core.verb:set package 'scout_mini_msgs' build argument 'cmake_clean_first' from command line to 'False'
[0.435s] Level 5:colcon.colcon_core.verb:set package 'scout_mini_msgs' build argument 'cmake_force_configure' from command line to 'False'
[0.435s] Level 5:colcon.colcon_core.verb:set package 'scout_mini_msgs' build argument 'ament_cmake_args' from command line to 'None'
[0.435s] Level 5:colcon.colcon_core.verb:set package 'scout_mini_msgs' build argument 'catkin_cmake_args' from command line to 'None'
[0.435s] Level 5:colcon.colcon_core.verb:set package 'scout_mini_msgs' build argument 'catkin_skip_building_tests' from command line to 'False'
[0.435s] DEBUG:colcon.colcon_core.verb:Building package 'scout_mini_msgs' with the following arguments: {'ament_cmake_args': None, 'build_base': '/apollo/ros_ws/build/scout_mini_msgs', 'catkin_cmake_args': None, 'catkin_skip_building_tests': False, 'cmake_args': None, 'cmake_clean_cache': False, 'cmake_clean_first': False, 'cmake_force_configure': False, 'cmake_target': None, 'cmake_target_skip_unavailable': False, 'install_base': '/apollo/ros_ws/install/scout_mini_msgs', 'merge_install': False, 'path': '/apollo/ros_ws/src/scout_mini_msgs', 'symlink_install': True, 'test_result_base': None}
[0.435s] Level 5:colcon.colcon_core.verb:set package 'scout_mini_hardware' build argument 'cmake_args' from command line to 'None'
[0.435s] Level 5:colcon.colcon_core.verb:set package 'scout_mini_hardware' build argument 'cmake_target' from command line to 'None'
[0.435s] Level 5:colcon.colcon_core.verb:set package 'scout_mini_hardware' build argument 'cmake_target_skip_unavailable' from command line to 'False'
[0.435s] Level 5:colcon.colcon_core.verb:set package 'scout_mini_hardware' build argument 'cmake_clean_cache' from command line to 'False'
[0.435s] Level 5:colcon.colcon_core.verb:set package 'scout_mini_hardware' build argument 'cmake_clean_first' from command line to 'False'
[0.435s] Level 5:colcon.colcon_core.verb:set package 'scout_mini_hardware' build argument 'cmake_force_configure' from command line to 'False'
[0.435s] Level 5:colcon.colcon_core.verb:set package 'scout_mini_hardware' build argument 'ament_cmake_args' from command line to 'None'
[0.435s] Level 5:colcon.colcon_core.verb:set package 'scout_mini_hardware' build argument 'catkin_cmake_args' from command line to 'None'
[0.435s] Level 5:colcon.colcon_core.verb:set package 'scout_mini_hardware' build argument 'catkin_skip_building_tests' from command line to 'False'
[0.435s] DEBUG:colcon.colcon_core.verb:Building package 'scout_mini_hardware' with the following arguments: {'ament_cmake_args': None, 'build_base': '/apollo/ros_ws/build/scout_mini_hardware', 'catkin_cmake_args': None, 'catkin_skip_building_tests': False, 'cmake_args': None, 'cmake_clean_cache': False, 'cmake_clean_first': False, 'cmake_force_configure': False, 'cmake_target': None, 'cmake_target_skip_unavailable': False, 'install_base': '/apollo/ros_ws/install/scout_mini_hardware', 'merge_install': False, 'path': '/apollo/ros_ws/src/scout_mini_hardware', 'symlink_install': True, 'test_result_base': None}
[0.435s] Level 5:colcon.colcon_core.verb:set package 'scout_mini_ros2' build argument 'cmake_args' from command line to 'None'
[0.435s] Level 5:colcon.colcon_core.verb:set package 'scout_mini_ros2' build argument 'cmake_target' from command line to 'None'
[0.435s] Level 5:colcon.colcon_core.verb:set package 'scout_mini_ros2' build argument 'cmake_target_skip_unavailable' from command line to 'False'
[0.435s] Level 5:colcon.colcon_core.verb:set package 'scout_mini_ros2' build argument 'cmake_clean_cache' from command line to 'False'
[0.435s] Level 5:colcon.colcon_core.verb:set package 'scout_mini_ros2' build argument 'cmake_clean_first' from command line to 'False'
[0.435s] Level 5:colcon.colcon_core.verb:set package 'scout_mini_ros2' build argument 'cmake_force_configure' from command line to 'False'
[0.435s] Level 5:colcon.colcon_core.verb:set package 'scout_mini_ros2' build argument 'ament_cmake_args' from command line to 'None'
[0.435s] Level 5:colcon.colcon_core.verb:set package 'scout_mini_ros2' build argument 'catkin_cmake_args' from command line to 'None'
[0.435s] Level 5:colcon.colcon_core.verb:set package 'scout_mini_ros2' build argument 'catkin_skip_building_tests' from command line to 'False'
[0.435s] DEBUG:colcon.colcon_core.verb:Building package 'scout_mini_ros2' with the following arguments: {'ament_cmake_args': None, 'build_base': '/apollo/ros_ws/build/scout_mini_ros2', 'catkin_cmake_args': None, 'catkin_skip_building_tests': False, 'cmake_args': None, 'cmake_clean_cache': False, 'cmake_clean_first': False, 'cmake_force_configure': False, 'cmake_target': None, 'cmake_target_skip_unavailable': False, 'install_base': '/apollo/ros_ws/install/scout_mini_ros2', 'merge_install': False, 'path': '/apollo/ros_ws/src/scout_mini_ros2', 'symlink_install': True, 'test_result_base': None}
[0.436s] INFO:colcon.colcon_core.executor:Executing jobs using 'parallel' executor
[0.436s] DEBUG:colcon.colcon_parallel_executor.executor.parallel:run_until_complete
[0.436s] INFO:colcon.colcon_ros.task.ament_cmake.build:Building ROS package in '/apollo/ros_ws/src/scout_mini_msgs' with build type 'ament_cmake'
[0.437s] INFO:colcon.colcon_cmake.task.cmake.build:Building CMake package in '/apollo/ros_ws/src/scout_mini_msgs'
[0.442s] INFO:colcon.colcon_core.plugin_system:Skipping extension 'colcon_core.shell.bat': Not used on non-Windows systems
[0.443s] INFO:colcon.colcon_core.shell:Skip shell extension 'powershell' for command environment: Not usable outside of PowerShell
[0.443s] DEBUG:colcon.colcon_core.shell:Skip shell extension 'dsv' for command environment
[0.450s] INFO:colcon.colcon_ros.task.ament_cmake.build:Building ROS package in '/apollo/ros_ws/src/scout_mini_base' with build type 'ament_cmake'
[0.451s] INFO:colcon.colcon_cmake.task.cmake.build:Building CMake package in '/apollo/ros_ws/src/scout_mini_base'
[0.451s] INFO:colcon.colcon_core.shell:Skip shell extension 'powershell' for command environment: Not usable outside of PowerShell
[0.451s] DEBUG:colcon.colcon_core.shell:Skip shell extension 'dsv' for command environment
[0.454s] INFO:colcon.colcon_ros.task.ament_cmake.build:Building ROS package in '/apollo/ros_ws/src/scout_mini_description' with build type 'ament_cmake'
[0.454s] INFO:colcon.colcon_cmake.task.cmake.build:Building CMake package in '/apollo/ros_ws/src/scout_mini_description'
[0.454s] INFO:colcon.colcon_core.shell:Skip shell extension 'powershell' for command environment: Not usable outside of PowerShell
[0.454s] DEBUG:colcon.colcon_core.shell:Skip shell extension 'dsv' for command environment
[0.462s] DEBUG:colcon.colcon_core.event_handler.log_command:Invoking command in '/apollo/ros_ws/build/scout_mini_msgs': CMAKE_PREFIX_PATH=${CMAKE_PREFIX_PATH}:/opt/ros/humble /usr/bin/cmake --build /apollo/ros_ws/build/scout_mini_msgs -- -j20 -l20
[0.464s] DEBUG:colcon.colcon_core.event_handler.log_command:Invoking command in '/apollo/ros_ws/build/scout_mini_base': CMAKE_PREFIX_PATH=${CMAKE_PREFIX_PATH}:/opt/ros/humble /usr/bin/cmake --build /apollo/ros_ws/build/scout_mini_base -- -j20 -l20
[0.471s] DEBUG:colcon.colcon_core.event_handler.log_command:Invoking command in '/apollo/ros_ws/build/scout_mini_description': CMAKE_PREFIX_PATH=${CMAKE_PREFIX_PATH}:/opt/ros/humble /usr/bin/cmake --build /apollo/ros_ws/build/scout_mini_description -- -j20 -l20
[0.532s] DEBUG:colcon.colcon_core.event_handler.log_command:Invoked command in '/apollo/ros_ws/build/scout_mini_base' returned '0': CMAKE_PREFIX_PATH=${CMAKE_PREFIX_PATH}:/opt/ros/humble /usr/bin/cmake --build /apollo/ros_ws/build/scout_mini_base -- -j20 -l20
[0.542s] DEBUG:colcon.colcon_core.event_handler.log_command:Invoking command in '/apollo/ros_ws/build/scout_mini_base': CMAKE_PREFIX_PATH=${CMAKE_PREFIX_PATH}:/opt/ros/humble /usr/bin/cmake --install /apollo/ros_ws/build/scout_mini_base
[0.543s] DEBUG:colcon.colcon_core.event_handler.log_command:Invoked command in '/apollo/ros_ws/build/scout_mini_description' returned '0': CMAKE_PREFIX_PATH=${CMAKE_PREFIX_PATH}:/opt/ros/humble /usr/bin/cmake --build /apollo/ros_ws/build/scout_mini_description -- -j20 -l20
[0.545s] DEBUG:colcon.colcon_core.event_handler.log_command:Invoking command in '/apollo/ros_ws/build/scout_mini_description': CMAKE_PREFIX_PATH=${CMAKE_PREFIX_PATH}:/opt/ros/humble /usr/bin/cmake --install /apollo/ros_ws/build/scout_mini_description
[0.592s] Level 1:colcon.colcon_core.environment:create_environment_scripts_only(scout_mini_description)
[0.593s] DEBUG:colcon.colcon_core.event_handler.log_command:Invoked command in '/apollo/ros_ws/build/scout_mini_description' returned '0': CMAKE_PREFIX_PATH=${CMAKE_PREFIX_PATH}:/opt/ros/humble /usr/bin/cmake --install /apollo/ros_ws/build/scout_mini_description
[0.608s] Level 1:colcon.colcon_core.environment:checking '/apollo/ros_ws/install/scout_mini_description' for CMake module files
[0.609s] Level 1:colcon.colcon_core.environment:checking '/apollo/ros_ws/install/scout_mini_description' for CMake config files
[0.610s] Level 1:colcon.colcon_core.shell:create_environment_hook('scout_mini_description', 'cmake_prefix_path')
[0.611s] INFO:colcon.colcon_core.shell:Creating environment hook '/apollo/ros_ws/install/scout_mini_description/share/scout_mini_description/hook/cmake_prefix_path.ps1'
[0.613s] INFO:colcon.colcon_core.shell:Creating environment descriptor '/apollo/ros_ws/install/scout_mini_description/share/scout_mini_description/hook/cmake_prefix_path.dsv'
[0.615s] INFO:colcon.colcon_core.shell:Creating environment hook '/apollo/ros_ws/install/scout_mini_description/share/scout_mini_description/hook/cmake_prefix_path.sh'
[0.617s] Level 1:colcon.colcon_core.environment:checking '/apollo/ros_ws/install/scout_mini_description/bin'
[0.617s] Level 1:colcon.colcon_core.environment:checking '/apollo/ros_ws/install/scout_mini_description/lib/pkgconfig/scout_mini_description.pc'
[0.621s] Level 1:colcon.colcon_core.environment:checking '/apollo/ros_ws/install/scout_mini_description/lib/python3.10/site-packages'
[0.621s] Level 1:colcon.colcon_core.environment:checking '/apollo/ros_ws/install/scout_mini_description/bin'
[0.622s] INFO:colcon.colcon_core.shell:Creating package script '/apollo/ros_ws/install/scout_mini_description/share/scout_mini_description/package.ps1'
[0.623s] INFO:colcon.colcon_core.shell:Creating package descriptor '/apollo/ros_ws/install/scout_mini_description/share/scout_mini_description/package.dsv'
[0.625s] INFO:colcon.colcon_core.shell:Creating package script '/apollo/ros_ws/install/scout_mini_description/share/scout_mini_description/package.sh'
[0.627s] INFO:colcon.colcon_core.shell:Creating package script '/apollo/ros_ws/install/scout_mini_description/share/scout_mini_description/package.bash'
[0.628s] INFO:colcon.colcon_core.shell:Creating package script '/apollo/ros_ws/install/scout_mini_description/share/scout_mini_description/package.zsh'
[0.629s] Level 1:colcon.colcon_core.environment:create_file_with_runtime_dependencies(/apollo/ros_ws/install/scout_mini_description/share/colcon-core/packages/scout_mini_description)
[0.629s] Level 1:colcon.colcon_core.environment:create_environment_scripts_only(scout_mini_description)
[0.629s] Level 1:colcon.colcon_core.environment:checking '/apollo/ros_ws/install/scout_mini_description' for CMake module files
[0.630s] Level 1:colcon.colcon_core.environment:checking '/apollo/ros_ws/install/scout_mini_description' for CMake config files
[0.630s] Level 1:colcon.colcon_core.shell:create_environment_hook('scout_mini_description', 'cmake_prefix_path')
[0.630s] INFO:colcon.colcon_core.shell:Creating environment hook '/apollo/ros_ws/install/scout_mini_description/share/scout_mini_description/hook/cmake_prefix_path.ps1'
[0.630s] INFO:colcon.colcon_core.shell:Creating environment descriptor '/apollo/ros_ws/install/scout_mini_description/share/scout_mini_description/hook/cmake_prefix_path.dsv'
[0.630s] INFO:colcon.colcon_core.shell:Creating environment hook '/apollo/ros_ws/install/scout_mini_description/share/scout_mini_description/hook/cmake_prefix_path.sh'
[0.631s] Level 1:colcon.colcon_core.environment:checking '/apollo/ros_ws/install/scout_mini_description/bin'
[0.631s] Level 1:colcon.colcon_core.environment:checking '/apollo/ros_ws/install/scout_mini_description/lib/pkgconfig/scout_mini_description.pc'
[0.631s] Level 1:colcon.colcon_core.environment:checking '/apollo/ros_ws/install/scout_mini_description/lib/python3.10/site-packages'
[0.631s] Level 1:colcon.colcon_core.environment:checking '/apollo/ros_ws/install/scout_mini_description/bin'
[0.631s] INFO:colcon.colcon_core.shell:Creating package script '/apollo/ros_ws/install/scout_mini_description/share/scout_mini_description/package.ps1'
[0.632s] INFO:colcon.colcon_core.shell:Creating package descriptor '/apollo/ros_ws/install/scout_mini_description/share/scout_mini_description/package.dsv'
[0.632s] INFO:colcon.colcon_core.shell:Creating package script '/apollo/ros_ws/install/scout_mini_description/share/scout_mini_description/package.sh'
[0.632s] INFO:colcon.colcon_core.shell:Creating package script '/apollo/ros_ws/install/scout_mini_description/share/scout_mini_description/package.bash'
[0.632s] INFO:colcon.colcon_core.shell:Creating package script '/apollo/ros_ws/install/scout_mini_description/share/scout_mini_description/package.zsh'
[0.633s] Level 1:colcon.colcon_core.environment:create_file_with_runtime_dependencies(/apollo/ros_ws/install/scout_mini_description/share/colcon-core/packages/scout_mini_description)
[0.633s] Level 1:colcon.colcon_core.environment:create_environment_scripts_only(scout_mini_base)
[0.634s] Level 1:colcon.colcon_core.environment:checking '/apollo/ros_ws/install/scout_mini_base' for CMake module files
[0.634s] DEBUG:colcon.colcon_core.event_handler.log_command:Invoked command in '/apollo/ros_ws/build/scout_mini_base' returned '0': CMAKE_PREFIX_PATH=${CMAKE_PREFIX_PATH}:/opt/ros/humble /usr/bin/cmake --install /apollo/ros_ws/build/scout_mini_base
[0.634s] Level 1:colcon.colcon_core.environment:checking '/apollo/ros_ws/install/scout_mini_base' for CMake config files
[0.634s] Level 1:colcon.colcon_core.shell:create_environment_hook('scout_mini_base', 'cmake_prefix_path')
[0.634s] INFO:colcon.colcon_core.shell:Creating environment hook '/apollo/ros_ws/install/scout_mini_base/share/scout_mini_base/hook/cmake_prefix_path.ps1'
[0.635s] INFO:colcon.colcon_core.shell:Creating environment descriptor '/apollo/ros_ws/install/scout_mini_base/share/scout_mini_base/hook/cmake_prefix_path.dsv'
[0.635s] INFO:colcon.colcon_core.shell:Creating environment hook '/apollo/ros_ws/install/scout_mini_base/share/scout_mini_base/hook/cmake_prefix_path.sh'
[0.635s] Level 1:colcon.colcon_core.environment:checking '/apollo/ros_ws/install/scout_mini_base/bin'
[0.635s] Level 1:colcon.colcon_core.environment:checking '/apollo/ros_ws/install/scout_mini_base/lib/pkgconfig/scout_mini_base.pc'
[0.635s] Level 1:colcon.colcon_core.environment:checking '/apollo/ros_ws/install/scout_mini_base/lib/python3.10/site-packages'
[0.636s] Level 1:colcon.colcon_core.environment:checking '/apollo/ros_ws/install/scout_mini_base/bin'
[0.636s] INFO:colcon.colcon_core.shell:Creating package script '/apollo/ros_ws/install/scout_mini_base/share/scout_mini_base/package.ps1'
[0.636s] INFO:colcon.colcon_core.shell:Creating package descriptor '/apollo/ros_ws/install/scout_mini_base/share/scout_mini_base/package.dsv'
[0.636s] INFO:colcon.colcon_core.shell:Creating package script '/apollo/ros_ws/install/scout_mini_base/share/scout_mini_base/package.sh'
[0.637s] INFO:colcon.colcon_core.shell:Creating package script '/apollo/ros_ws/install/scout_mini_base/share/scout_mini_base/package.bash'
[0.637s] INFO:colcon.colcon_core.shell:Creating package script '/apollo/ros_ws/install/scout_mini_base/share/scout_mini_base/package.zsh'
[0.637s] Level 1:colcon.colcon_core.environment:create_file_with_runtime_dependencies(/apollo/ros_ws/install/scout_mini_base/share/colcon-core/packages/scout_mini_base)
[0.637s] Level 1:colcon.colcon_core.environment:create_environment_scripts_only(scout_mini_base)
[0.638s] Level 1:colcon.colcon_core.environment:checking '/apollo/ros_ws/install/scout_mini_base' for CMake module files
[0.638s] Level 1:colcon.colcon_core.environment:checking '/apollo/ros_ws/install/scout_mini_base' for CMake config files
[0.638s] Level 1:colcon.colcon_core.shell:create_environment_hook('scout_mini_base', 'cmake_prefix_path')
[0.638s] INFO:colcon.colcon_core.shell:Creating environment hook '/apollo/ros_ws/install/scout_mini_base/share/scout_mini_base/hook/cmake_prefix_path.ps1'
[0.638s] INFO:colcon.colcon_core.shell:Creating environment descriptor '/apollo/ros_ws/install/scout_mini_base/share/scout_mini_base/hook/cmake_prefix_path.dsv'
[0.639s] INFO:colcon.colcon_core.shell:Creating environment hook '/apollo/ros_ws/install/scout_mini_base/share/scout_mini_base/hook/cmake_prefix_path.sh'
[0.639s] Level 1:colcon.colcon_core.environment:checking '/apollo/ros_ws/install/scout_mini_base/bin'
[0.639s] Level 1:colcon.colcon_core.environment:checking '/apollo/ros_ws/install/scout_mini_base/lib/pkgconfig/scout_mini_base.pc'
[0.639s] Level 1:colcon.colcon_core.environment:checking '/apollo/ros_ws/install/scout_mini_base/lib/python3.10/site-packages'
[0.639s] Level 1:colcon.colcon_core.environment:checking '/apollo/ros_ws/install/scout_mini_base/bin'
[0.639s] INFO:colcon.colcon_core.shell:Creating package script '/apollo/ros_ws/install/scout_mini_base/share/scout_mini_base/package.ps1'
[0.640s] INFO:colcon.colcon_core.shell:Creating package descriptor '/apollo/ros_ws/install/scout_mini_base/share/scout_mini_base/package.dsv'
[0.640s] INFO:colcon.colcon_core.shell:Creating package script '/apollo/ros_ws/install/scout_mini_base/share/scout_mini_base/package.sh'
[0.640s] INFO:colcon.colcon_core.shell:Creating package script '/apollo/ros_ws/install/scout_mini_base/share/scout_mini_base/package.bash'
[0.641s] INFO:colcon.colcon_core.shell:Creating package script '/apollo/ros_ws/install/scout_mini_base/share/scout_mini_base/package.zsh'
[0.641s] Level 1:colcon.colcon_core.environment:create_file_with_runtime_dependencies(/apollo/ros_ws/install/scout_mini_base/share/colcon-core/packages/scout_mini_base)
[0.781s] DEBUG:colcon.colcon_core.event_handler.log_command:Invoked command in '/apollo/ros_ws/build/scout_mini_msgs' returned '0': CMAKE_PREFIX_PATH=${CMAKE_PREFIX_PATH}:/opt/ros/humble /usr/bin/cmake --build /apollo/ros_ws/build/scout_mini_msgs -- -j20 -l20
[0.782s] DEBUG:colcon.colcon_core.event_handler.log_command:Invoking command in '/apollo/ros_ws/build/scout_mini_msgs': CMAKE_PREFIX_PATH=${CMAKE_PREFIX_PATH}:/opt/ros/humble /usr/bin/cmake --install /apollo/ros_ws/build/scout_mini_msgs
[0.837s] Level 1:colcon.colcon_core.environment:create_environment_scripts_only(scout_mini_msgs)
[0.837s] Level 1:colcon.colcon_core.environment:checking '/apollo/ros_ws/install/scout_mini_msgs' for CMake module files
[0.838s] DEBUG:colcon.colcon_core.event_handler.log_command:Invoked command in '/apollo/ros_ws/build/scout_mini_msgs' returned '0': CMAKE_PREFIX_PATH=${CMAKE_PREFIX_PATH}:/opt/ros/humble /usr/bin/cmake --install /apollo/ros_ws/build/scout_mini_msgs
[0.838s] Level 1:colcon.colcon_core.environment:checking '/apollo/ros_ws/install/scout_mini_msgs' for CMake config files
[0.838s] Level 1:colcon.colcon_core.shell:create_environment_hook('scout_mini_msgs', 'cmake_prefix_path')
[0.839s] INFO:colcon.colcon_core.shell:Creating environment hook '/apollo/ros_ws/install/scout_mini_msgs/share/scout_mini_msgs/hook/cmake_prefix_path.ps1'
[0.839s] INFO:colcon.colcon_core.shell:Creating environment descriptor '/apollo/ros_ws/install/scout_mini_msgs/share/scout_mini_msgs/hook/cmake_prefix_path.dsv'
[0.839s] INFO:colcon.colcon_core.shell:Creating environment hook '/apollo/ros_ws/install/scout_mini_msgs/share/scout_mini_msgs/hook/cmake_prefix_path.sh'
[0.840s] Level 1:colcon.colcon_core.environment:checking '/apollo/ros_ws/install/scout_mini_msgs/lib'
[0.840s] Level 1:colcon.colcon_core.shell:create_environment_hook('scout_mini_msgs', 'ld_library_path_lib')
[0.840s] INFO:colcon.colcon_core.shell:Creating environment hook '/apollo/ros_ws/install/scout_mini_msgs/share/scout_mini_msgs/hook/ld_library_path_lib.ps1'
[0.840s] INFO:colcon.colcon_core.shell:Creating environment descriptor '/apollo/ros_ws/install/scout_mini_msgs/share/scout_mini_msgs/hook/ld_library_path_lib.dsv'
[0.840s] INFO:colcon.colcon_core.shell:Creating environment hook '/apollo/ros_ws/install/scout_mini_msgs/share/scout_mini_msgs/hook/ld_library_path_lib.sh'
[0.841s] Level 1:colcon.colcon_core.environment:checking '/apollo/ros_ws/install/scout_mini_msgs/bin'
[0.841s] Level 1:colcon.colcon_core.environment:checking '/apollo/ros_ws/install/scout_mini_msgs/lib/pkgconfig/scout_mini_msgs.pc'
[0.841s] Level 1:colcon.colcon_core.environment:checking '/apollo/ros_ws/install/scout_mini_msgs/lib/python3.10/site-packages'
[0.841s] Level 1:colcon.colcon_core.environment:checking '/apollo/ros_ws/install/scout_mini_msgs/bin'
[0.841s] INFO:colcon.colcon_core.shell:Creating package script '/apollo/ros_ws/install/scout_mini_msgs/share/scout_mini_msgs/package.ps1'
[0.841s] INFO:colcon.colcon_core.shell:Creating package descriptor '/apollo/ros_ws/install/scout_mini_msgs/share/scout_mini_msgs/package.dsv'
[0.842s] INFO:colcon.colcon_core.shell:Creating package script '/apollo/ros_ws/install/scout_mini_msgs/share/scout_mini_msgs/package.sh'
[0.842s] INFO:colcon.colcon_core.shell:Creating package script '/apollo/ros_ws/install/scout_mini_msgs/share/scout_mini_msgs/package.bash'
[0.842s] INFO:colcon.colcon_core.shell:Creating package script '/apollo/ros_ws/install/scout_mini_msgs/share/scout_mini_msgs/package.zsh'
[0.842s] Level 1:colcon.colcon_core.environment:create_file_with_runtime_dependencies(/apollo/ros_ws/install/scout_mini_msgs/share/colcon-core/packages/scout_mini_msgs)
[0.843s] Level 1:colcon.colcon_core.environment:create_environment_scripts_only(scout_mini_msgs)
[0.843s] Level 1:colcon.colcon_core.environment:checking '/apollo/ros_ws/install/scout_mini_msgs' for CMake module files
[0.843s] Level 1:colcon.colcon_core.environment:checking '/apollo/ros_ws/install/scout_mini_msgs' for CMake config files
[0.844s] Level 1:colcon.colcon_core.shell:create_environment_hook('scout_mini_msgs', 'cmake_prefix_path')
[0.844s] INFO:colcon.colcon_core.shell:Creating environment hook '/apollo/ros_ws/install/scout_mini_msgs/share/scout_mini_msgs/hook/cmake_prefix_path.ps1'
[0.844s] INFO:colcon.colcon_core.shell:Creating environment descriptor '/apollo/ros_ws/install/scout_mini_msgs/share/scout_mini_msgs/hook/cmake_prefix_path.dsv'
[0.845s] INFO:colcon.colcon_core.shell:Creating environment hook '/apollo/ros_ws/install/scout_mini_msgs/share/scout_mini_msgs/hook/cmake_prefix_path.sh'
[0.845s] Level 1:colcon.colcon_core.environment:checking '/apollo/ros_ws/install/scout_mini_msgs/lib'
[0.845s] Level 1:colcon.colcon_core.shell:create_environment_hook('scout_mini_msgs', 'ld_library_path_lib')
[0.845s] INFO:colcon.colcon_core.shell:Creating environment hook '/apollo/ros_ws/install/scout_mini_msgs/share/scout_mini_msgs/hook/ld_library_path_lib.ps1'
[0.845s] INFO:colcon.colcon_core.shell:Creating environment descriptor '/apollo/ros_ws/install/scout_mini_msgs/share/scout_mini_msgs/hook/ld_library_path_lib.dsv'
[0.846s] INFO:colcon.colcon_core.shell:Creating environment hook '/apollo/ros_ws/install/scout_mini_msgs/share/scout_mini_msgs/hook/ld_library_path_lib.sh'
[0.846s] Level 1:colcon.colcon_core.environment:checking '/apollo/ros_ws/install/scout_mini_msgs/bin'
[0.846s] Level 1:colcon.colcon_core.environment:checking '/apollo/ros_ws/install/scout_mini_msgs/lib/pkgconfig/scout_mini_msgs.pc'
[0.846s] Level 1:colcon.colcon_core.environment:checking '/apollo/ros_ws/install/scout_mini_msgs/lib/python3.10/site-packages'
[0.846s] Level 1:colcon.colcon_core.environment:checking '/apollo/ros_ws/install/scout_mini_msgs/bin'
[0.846s] INFO:colcon.colcon_core.shell:Creating package script '/apollo/ros_ws/install/scout_mini_msgs/share/scout_mini_msgs/package.ps1'
[0.847s] INFO:colcon.colcon_core.shell:Creating package descriptor '/apollo/ros_ws/install/scout_mini_msgs/share/scout_mini_msgs/package.dsv'
[0.847s] INFO:colcon.colcon_core.shell:Creating package script '/apollo/ros_ws/install/scout_mini_msgs/share/scout_mini_msgs/package.sh'
[0.853s] INFO:colcon.colcon_core.shell:Creating package script '/apollo/ros_ws/install/scout_mini_msgs/share/scout_mini_msgs/package.bash'
[0.854s] INFO:colcon.colcon_core.shell:Creating package script '/apollo/ros_ws/install/scout_mini_msgs/share/scout_mini_msgs/package.zsh'
[0.854s] Level 1:colcon.colcon_core.environment:create_file_with_runtime_dependencies(/apollo/ros_ws/install/scout_mini_msgs/share/colcon-core/packages/scout_mini_msgs)
[0.854s] INFO:colcon.colcon_ros.task.ament_cmake.build:Building ROS package in '/apollo/ros_ws/src/scout_mini_hardware' with build type 'ament_cmake'
[0.854s] INFO:colcon.colcon_cmake.task.cmake.build:Building CMake package in '/apollo/ros_ws/src/scout_mini_hardware'
[0.854s] INFO:colcon.colcon_core.shell:Skip shell extension 'powershell' for command environment: Not usable outside of PowerShell
[0.854s] DEBUG:colcon.colcon_core.shell:Skip shell extension 'dsv' for command environment
[0.865s] DEBUG:colcon.colcon_core.event_handler.log_command:Invoking command in '/apollo/ros_ws/build/scout_mini_hardware': CMAKE_PREFIX_PATH=/apollo/ros_ws/install/scout_mini_msgs:/apollo/ros_ws/install/scout_mini_ros2:/apollo/ros_ws/install/scout_mini_hardware:/apollo/ros_ws/install/scout_mini_description:/apollo/ros_ws/install/scout_mini_base:/opt/ros/humble LD_LIBRARY_PATH=/apollo/ros_ws/install/scout_mini_msgs/lib:/apollo/ros_ws/install/scout_mini_hardware/lib:/usr/lib/x86_64-linux-gnu/gazebo-11/plugins:/opt/ros/humble/opt/rviz_ogre_vendor/lib:/opt/ros/humble/lib/x86_64-linux-gnu:/opt/ros/humble/lib /usr/bin/cmake --build /apollo/ros_ws/build/scout_mini_hardware -- -j20 -l20
[0.974s] DEBUG:colcon.colcon_core.event_handler.log_command:Invoked command in '/apollo/ros_ws/build/scout_mini_hardware' returned '0': CMAKE_PREFIX_PATH=/apollo/ros_ws/install/scout_mini_msgs:/apollo/ros_ws/install/scout_mini_ros2:/apollo/ros_ws/install/scout_mini_hardware:/apollo/ros_ws/install/scout_mini_description:/apollo/ros_ws/install/scout_mini_base:/opt/ros/humble LD_LIBRARY_PATH=/apollo/ros_ws/install/scout_mini_msgs/lib:/apollo/ros_ws/install/scout_mini_hardware/lib:/usr/lib/x86_64-linux-gnu/gazebo-11/plugins:/opt/ros/humble/opt/rviz_ogre_vendor/lib:/opt/ros/humble/lib/x86_64-linux-gnu:/opt/ros/humble/lib /usr/bin/cmake --build /apollo/ros_ws/build/scout_mini_hardware -- -j20 -l20
[0.976s] DEBUG:colcon.colcon_core.event_handler.log_command:Invoking command in '/apollo/ros_ws/build/scout_mini_hardware': CMAKE_PREFIX_PATH=/apollo/ros_ws/install/scout_mini_msgs:/apollo/ros_ws/install/scout_mini_ros2:/apollo/ros_ws/install/scout_mini_hardware:/apollo/ros_ws/install/scout_mini_description:/apollo/ros_ws/install/scout_mini_base:/opt/ros/humble LD_LIBRARY_PATH=/apollo/ros_ws/install/scout_mini_msgs/lib:/apollo/ros_ws/install/scout_mini_hardware/lib:/usr/lib/x86_64-linux-gnu/gazebo-11/plugins:/opt/ros/humble/opt/rviz_ogre_vendor/lib:/opt/ros/humble/lib/x86_64-linux-gnu:/opt/ros/humble/lib /usr/bin/cmake --install /apollo/ros_ws/build/scout_mini_hardware
[1.012s] Level 1:colcon.colcon_core.environment:create_environment_scripts_only(scout_mini_hardware)
[1.013s] Level 1:colcon.colcon_core.environment:checking '/apollo/ros_ws/install/scout_mini_hardware' for CMake module files
[1.013s] DEBUG:colcon.colcon_core.event_handler.log_command:Invoked command in '/apollo/ros_ws/build/scout_mini_hardware' returned '0': CMAKE_PREFIX_PATH=/apollo/ros_ws/install/scout_mini_msgs:/apollo/ros_ws/install/scout_mini_ros2:/apollo/ros_ws/install/scout_mini_hardware:/apollo/ros_ws/install/scout_mini_description:/apollo/ros_ws/install/scout_mini_base:/opt/ros/humble LD_LIBRARY_PATH=/apollo/ros_ws/install/scout_mini_msgs/lib:/apollo/ros_ws/install/scout_mini_hardware/lib:/usr/lib/x86_64-linux-gnu/gazebo-11/plugins:/opt/ros/humble/opt/rviz_ogre_vendor/lib:/opt/ros/humble/lib/x86_64-linux-gnu:/opt/ros/humble/lib /usr/bin/cmake --install /apollo/ros_ws/build/scout_mini_hardware
[1.013s] Level 1:colcon.colcon_core.environment:checking '/apollo/ros_ws/install/scout_mini_hardware' for CMake config files
[1.014s] Level 1:colcon.colcon_core.shell:create_environment_hook('scout_mini_hardware', 'cmake_prefix_path')
[1.014s] INFO:colcon.colcon_core.shell:Creating environment hook '/apollo/ros_ws/install/scout_mini_hardware/share/scout_mini_hardware/hook/cmake_prefix_path.ps1'
[1.014s] INFO:colcon.colcon_core.shell:Creating environment descriptor '/apollo/ros_ws/install/scout_mini_hardware/share/scout_mini_hardware/hook/cmake_prefix_path.dsv'
[1.015s] INFO:colcon.colcon_core.shell:Creating environment hook '/apollo/ros_ws/install/scout_mini_hardware/share/scout_mini_hardware/hook/cmake_prefix_path.sh'
[1.015s] Level 1:colcon.colcon_core.environment:checking '/apollo/ros_ws/install/scout_mini_hardware/lib'
[1.015s] Level 1:colcon.colcon_core.shell:create_environment_hook('scout_mini_hardware', 'ld_library_path_lib')
[1.016s] INFO:colcon.colcon_core.shell:Creating environment hook '/apollo/ros_ws/install/scout_mini_hardware/share/scout_mini_hardware/hook/ld_library_path_lib.ps1'
[1.016s] INFO:colcon.colcon_core.shell:Creating environment descriptor '/apollo/ros_ws/install/scout_mini_hardware/share/scout_mini_hardware/hook/ld_library_path_lib.dsv'
[1.016s] INFO:colcon.colcon_core.shell:Creating environment hook '/apollo/ros_ws/install/scout_mini_hardware/share/scout_mini_hardware/hook/ld_library_path_lib.sh'
[1.016s] Level 1:colcon.colcon_core.environment:checking '/apollo/ros_ws/install/scout_mini_hardware/bin'
[1.017s] Level 1:colcon.colcon_core.environment:checking '/apollo/ros_ws/install/scout_mini_hardware/lib/pkgconfig/scout_mini_hardware.pc'
[1.017s] Level 1:colcon.colcon_core.environment:checking '/apollo/ros_ws/install/scout_mini_hardware/lib/python3.10/site-packages'
[1.017s] Level 1:colcon.colcon_core.environment:checking '/apollo/ros_ws/install/scout_mini_hardware/bin'
[1.017s] INFO:colcon.colcon_core.shell:Creating package script '/apollo/ros_ws/install/scout_mini_hardware/share/scout_mini_hardware/package.ps1'
[1.017s] INFO:colcon.colcon_core.shell:Creating package descriptor '/apollo/ros_ws/install/scout_mini_hardware/share/scout_mini_hardware/package.dsv'
[1.018s] INFO:colcon.colcon_core.shell:Creating package script '/apollo/ros_ws/install/scout_mini_hardware/share/scout_mini_hardware/package.sh'
[1.018s] INFO:colcon.colcon_core.shell:Creating package script '/apollo/ros_ws/install/scout_mini_hardware/share/scout_mini_hardware/package.bash'
[1.018s] INFO:colcon.colcon_core.shell:Creating package script '/apollo/ros_ws/install/scout_mini_hardware/share/scout_mini_hardware/package.zsh'
[1.019s] Level 1:colcon.colcon_core.environment:create_file_with_runtime_dependencies(/apollo/ros_ws/install/scout_mini_hardware/share/colcon-core/packages/scout_mini_hardware)
[1.019s] Level 1:colcon.colcon_core.environment:create_environment_scripts_only(scout_mini_hardware)
[1.019s] Level 1:colcon.colcon_core.environment:checking '/apollo/ros_ws/install/scout_mini_hardware' for CMake module files
[1.019s] Level 1:colcon.colcon_core.environment:checking '/apollo/ros_ws/install/scout_mini_hardware' for CMake config files
[1.019s] Level 1:colcon.colcon_core.shell:create_environment_hook('scout_mini_hardware', 'cmake_prefix_path')
[1.019s] INFO:colcon.colcon_core.shell:Creating environment hook '/apollo/ros_ws/install/scout_mini_hardware/share/scout_mini_hardware/hook/cmake_prefix_path.ps1'
[1.020s] INFO:colcon.colcon_core.shell:Creating environment descriptor '/apollo/ros_ws/install/scout_mini_hardware/share/scout_mini_hardware/hook/cmake_prefix_path.dsv'
[1.020s] INFO:colcon.colcon_core.shell:Creating environment hook '/apollo/ros_ws/install/scout_mini_hardware/share/scout_mini_hardware/hook/cmake_prefix_path.sh'
[1.020s] Level 1:colcon.colcon_core.environment:checking '/apollo/ros_ws/install/scout_mini_hardware/lib'
[1.020s] Level 1:colcon.colcon_core.shell:create_environment_hook('scout_mini_hardware', 'ld_library_path_lib')
[1.020s] INFO:colcon.colcon_core.shell:Creating environment hook '/apollo/ros_ws/install/scout_mini_hardware/share/scout_mini_hardware/hook/ld_library_path_lib.ps1'
[1.021s] INFO:colcon.colcon_core.shell:Creating environment descriptor '/apollo/ros_ws/install/scout_mini_hardware/share/scout_mini_hardware/hook/ld_library_path_lib.dsv'
[1.021s] INFO:colcon.colcon_core.shell:Creating environment hook '/apollo/ros_ws/install/scout_mini_hardware/share/scout_mini_hardware/hook/ld_library_path_lib.sh'
[1.021s] Level 1:colcon.colcon_core.environment:checking '/apollo/ros_ws/install/scout_mini_hardware/bin'
[1.021s] Level 1:colcon.colcon_core.environment:checking '/apollo/ros_ws/install/scout_mini_hardware/lib/pkgconfig/scout_mini_hardware.pc'
[1.021s] Level 1:colcon.colcon_core.environment:checking '/apollo/ros_ws/install/scout_mini_hardware/lib/python3.10/site-packages'
[1.021s] Level 1:colcon.colcon_core.environment:checking '/apollo/ros_ws/install/scout_mini_hardware/bin'
[1.022s] INFO:colcon.colcon_core.shell:Creating package script '/apollo/ros_ws/install/scout_mini_hardware/share/scout_mini_hardware/package.ps1'
[1.022s] INFO:colcon.colcon_core.shell:Creating package descriptor '/apollo/ros_ws/install/scout_mini_hardware/share/scout_mini_hardware/package.dsv'
[1.022s] INFO:colcon.colcon_core.shell:Creating package script '/apollo/ros_ws/install/scout_mini_hardware/share/scout_mini_hardware/package.sh'
[1.023s] INFO:colcon.colcon_core.shell:Creating package script '/apollo/ros_ws/install/scout_mini_hardware/share/scout_mini_hardware/package.bash'
[1.023s] INFO:colcon.colcon_core.shell:Creating package script '/apollo/ros_ws/install/scout_mini_hardware/share/scout_mini_hardware/package.zsh'
[1.023s] Level 1:colcon.colcon_core.environment:create_file_with_runtime_dependencies(/apollo/ros_ws/install/scout_mini_hardware/share/colcon-core/packages/scout_mini_hardware)
[1.023s] INFO:colcon.colcon_ros.task.ament_cmake.build:Building ROS package in '/apollo/ros_ws/src/scout_mini_ros2' with build type 'ament_cmake'
[1.023s] INFO:colcon.colcon_cmake.task.cmake.build:Building CMake package in '/apollo/ros_ws/src/scout_mini_ros2'
[1.023s] INFO:colcon.colcon_core.shell:Skip shell extension 'powershell' for command environment: Not usable outside of PowerShell
[1.023s] DEBUG:colcon.colcon_core.shell:Skip shell extension 'dsv' for command environment
[1.036s] DEBUG:colcon.colcon_core.event_handler.log_command:Invoking command in '/apollo/ros_ws/build/scout_mini_ros2': CMAKE_PREFIX_PATH=/apollo/ros_ws/install/scout_mini_hardware:/apollo/ros_ws/install/scout_mini_msgs:/apollo/ros_ws/install/scout_mini_description:/apollo/ros_ws/install/scout_mini_base:/apollo/ros_ws/install/scout_mini_ros2:/opt/ros/humble /usr/bin/cmake --build /apollo/ros_ws/build/scout_mini_ros2 -- -j20 -l20
[1.091s] DEBUG:colcon.colcon_core.event_handler.log_command:Invoked command in '/apollo/ros_ws/build/scout_mini_ros2' returned '0': CMAKE_PREFIX_PATH=/apollo/ros_ws/install/scout_mini_hardware:/apollo/ros_ws/install/scout_mini_msgs:/apollo/ros_ws/install/scout_mini_description:/apollo/ros_ws/install/scout_mini_base:/apollo/ros_ws/install/scout_mini_ros2:/opt/ros/humble /usr/bin/cmake --build /apollo/ros_ws/build/scout_mini_ros2 -- -j20 -l20
[1.093s] DEBUG:colcon.colcon_core.event_handler.log_command:Invoking command in '/apollo/ros_ws/build/scout_mini_ros2': CMAKE_PREFIX_PATH=/apollo/ros_ws/install/scout_mini_hardware:/apollo/ros_ws/install/scout_mini_msgs:/apollo/ros_ws/install/scout_mini_description:/apollo/ros_ws/install/scout_mini_base:/apollo/ros_ws/install/scout_mini_ros2:/opt/ros/humble /usr/bin/cmake --install /apollo/ros_ws/build/scout_mini_ros2
[1.135s] Level 1:colcon.colcon_core.environment:create_environment_scripts_only(scout_mini_ros2)
[1.135s] Level 1:colcon.colcon_core.environment:checking '/apollo/ros_ws/install/scout_mini_ros2' for CMake module files
[1.136s] DEBUG:colcon.colcon_core.event_handler.log_command:Invoked command in '/apollo/ros_ws/build/scout_mini_ros2' returned '0': CMAKE_PREFIX_PATH=/apollo/ros_ws/install/scout_mini_hardware:/apollo/ros_ws/install/scout_mini_msgs:/apollo/ros_ws/install/scout_mini_description:/apollo/ros_ws/install/scout_mini_base:/apollo/ros_ws/install/scout_mini_ros2:/opt/ros/humble /usr/bin/cmake --install /apollo/ros_ws/build/scout_mini_ros2
[1.137s] Level 1:colcon.colcon_core.environment:checking '/apollo/ros_ws/install/scout_mini_ros2' for CMake config files
[1.137s] Level 1:colcon.colcon_core.shell:create_environment_hook('scout_mini_ros2', 'cmake_prefix_path')
[1.138s] INFO:colcon.colcon_core.shell:Creating environment hook '/apollo/ros_ws/install/scout_mini_ros2/share/scout_mini_ros2/hook/cmake_prefix_path.ps1'
[1.139s] INFO:colcon.colcon_core.shell:Creating environment descriptor '/apollo/ros_ws/install/scout_mini_ros2/share/scout_mini_ros2/hook/cmake_prefix_path.dsv'
[1.139s] INFO:colcon.colcon_core.shell:Creating environment hook '/apollo/ros_ws/install/scout_mini_ros2/share/scout_mini_ros2/hook/cmake_prefix_path.sh'
[1.140s] Level 1:colcon.colcon_core.environment:checking '/apollo/ros_ws/install/scout_mini_ros2/bin'
[1.140s] Level 1:colcon.colcon_core.environment:checking '/apollo/ros_ws/install/scout_mini_ros2/lib/pkgconfig/scout_mini_ros2.pc'
[1.141s] Level 1:colcon.colcon_core.environment:checking '/apollo/ros_ws/install/scout_mini_ros2/lib/python3.10/site-packages'
[1.141s] Level 1:colcon.colcon_core.environment:checking '/apollo/ros_ws/install/scout_mini_ros2/bin'
[1.142s] INFO:colcon.colcon_core.shell:Creating package script '/apollo/ros_ws/install/scout_mini_ros2/share/scout_mini_ros2/package.ps1'
[1.142s] INFO:colcon.colcon_core.shell:Creating package descriptor '/apollo/ros_ws/install/scout_mini_ros2/share/scout_mini_ros2/package.dsv'
[1.143s] INFO:colcon.colcon_core.shell:Creating package script '/apollo/ros_ws/install/scout_mini_ros2/share/scout_mini_ros2/package.sh'
[1.144s] INFO:colcon.colcon_core.shell:Creating package script '/apollo/ros_ws/install/scout_mini_ros2/share/scout_mini_ros2/package.bash'
[1.144s] INFO:colcon.colcon_core.shell:Creating package script '/apollo/ros_ws/install/scout_mini_ros2/share/scout_mini_ros2/package.zsh'
[1.145s] Level 1:colcon.colcon_core.environment:create_file_with_runtime_dependencies(/apollo/ros_ws/install/scout_mini_ros2/share/colcon-core/packages/scout_mini_ros2)
[1.145s] Level 1:colcon.colcon_core.environment:create_environment_scripts_only(scout_mini_ros2)
[1.146s] Level 1:colcon.colcon_core.environment:checking '/apollo/ros_ws/install/scout_mini_ros2' for CMake module files
[1.147s] Level 1:colcon.colcon_core.environment:checking '/apollo/ros_ws/install/scout_mini_ros2' for CMake config files
[1.147s] Level 1:colcon.colcon_core.shell:create_environment_hook('scout_mini_ros2', 'cmake_prefix_path')
[1.148s] INFO:colcon.colcon_core.shell:Creating environment hook '/apollo/ros_ws/install/scout_mini_ros2/share/scout_mini_ros2/hook/cmake_prefix_path.ps1'
[1.149s] INFO:colcon.colcon_core.shell:Creating environment descriptor '/apollo/ros_ws/install/scout_mini_ros2/share/scout_mini_ros2/hook/cmake_prefix_path.dsv'
[1.149s] INFO:colcon.colcon_core.shell:Creating environment hook '/apollo/ros_ws/install/scout_mini_ros2/share/scout_mini_ros2/hook/cmake_prefix_path.sh'
[1.150s] Level 1:colcon.colcon_core.environment:checking '/apollo/ros_ws/install/scout_mini_ros2/bin'
[1.151s] Level 1:colcon.colcon_core.environment:checking '/apollo/ros_ws/install/scout_mini_ros2/lib/pkgconfig/scout_mini_ros2.pc'
[1.151s] Level 1:colcon.colcon_core.environment:checking '/apollo/ros_ws/install/scout_mini_ros2/lib/python3.10/site-packages'
[1.151s] Level 1:colcon.colcon_core.environment:checking '/apollo/ros_ws/install/scout_mini_ros2/bin'
[1.152s] INFO:colcon.colcon_core.shell:Creating package script '/apollo/ros_ws/install/scout_mini_ros2/share/scout_mini_ros2/package.ps1'
[1.153s] INFO:colcon.colcon_core.shell:Creating package descriptor '/apollo/ros_ws/install/scout_mini_ros2/share/scout_mini_ros2/package.dsv'
[1.153s] INFO:colcon.colcon_core.shell:Creating package script '/apollo/ros_ws/install/scout_mini_ros2/share/scout_mini_ros2/package.sh'
[1.154s] INFO:colcon.colcon_core.shell:Creating package script '/apollo/ros_ws/install/scout_mini_ros2/share/scout_mini_ros2/package.bash'
[1.154s] INFO:colcon.colcon_core.shell:Creating package script '/apollo/ros_ws/install/scout_mini_ros2/share/scout_mini_ros2/package.zsh'
[1.155s] Level 1:colcon.colcon_core.environment:create_file_with_runtime_dependencies(/apollo/ros_ws/install/scout_mini_ros2/share/colcon-core/packages/scout_mini_ros2)
[1.155s] DEBUG:colcon.colcon_parallel_executor.executor.parallel:closing loop
[1.155s] DEBUG:colcon.colcon_parallel_executor.executor.parallel:loop closed
[1.156s] DEBUG:colcon.colcon_parallel_executor.executor.parallel:run_until_complete finished with '0'
[1.156s] DEBUG:colcon.colcon_core.event_reactor:joining thread
[1.164s] INFO:colcon.colcon_core.plugin_system:Skipping extension 'colcon_notification.desktop_notification.notify_send': Could not find 'notify-send'
[1.164s] INFO:colcon.colcon_core.plugin_system:Skipping extension 'colcon_notification.desktop_notification.terminal_notifier': Not used on non-Darwin systems
[1.164s] INFO:colcon.colcon_core.plugin_system:Skipping extension 'colcon_notification.desktop_notification.win32': Not used on non-Windows systems
[1.164s] INFO:colcon.colcon_notification.desktop_notification:Sending desktop notification using 'notify2'
[1.168s] DEBUG:colcon.colcon_notification.desktop_notification.notify2:Failed to initialize notify2: org.freedesktop.DBus.Error.Spawn.ExecFailed: /usr/bin/dbus-launch terminated abnormally without any error message
[1.168s] DEBUG:colcon.colcon_core.event_reactor:joined thread
[1.169s] INFO:colcon.colcon_core.shell:Creating prefix script '/apollo/ros_ws/install/local_setup.ps1'
[1.171s] INFO:colcon.colcon_core.shell:Creating prefix util module '/apollo/ros_ws/install/_local_setup_util_ps1.py'
[1.173s] INFO:colcon.colcon_core.shell:Creating prefix chain script '/apollo/ros_ws/install/setup.ps1'
[1.175s] INFO:colcon.colcon_core.shell:Creating prefix script '/apollo/ros_ws/install/local_setup.sh'
[1.176s] INFO:colcon.colcon_core.shell:Creating prefix util module '/apollo/ros_ws/install/_local_setup_util_sh.py'
[1.176s] INFO:colcon.colcon_core.shell:Creating prefix chain script '/apollo/ros_ws/install/setup.sh'
[1.177s] INFO:colcon.colcon_core.shell:Creating prefix script '/apollo/ros_ws/install/local_setup.bash'
[1.178s] INFO:colcon.colcon_core.shell:Creating prefix chain script '/apollo/ros_ws/install/setup.bash'
[1.179s] INFO:colcon.colcon_core.shell:Creating prefix script '/apollo/ros_ws/install/local_setup.zsh'
[1.180s] INFO:colcon.colcon_core.shell:Creating prefix chain script '/apollo/ros_ws/install/setup.zsh'
