[0.310s] Invoking command in '/apollo/ros_ws/build/follow_human': CMAKE_PREFIX_PATH=${CMAKE_PREFIX_PATH}:/apollo/ros_ws/install/task1:/apollo/ros_ws/install/scout_mini_simulation:/apollo/dev_ws/install/my_package:/opt/ros/humble /usr/bin/cmake /apollo/ros_ws/src/follow_human -DCMAKE_INSTALL_PREFIX=/apollo/ros_ws/install/follow_human
[1.385s] -- The C compiler identification is GNU 11.4.0
[1.927s] -- The CXX compiler identification is GNU 11.4.0
[2.044s] -- Detecting C compiler ABI info
[3.310s] -- Detecting C compiler ABI info - done
[3.334s] -- Check for working C compiler: /usr/bin/cc - skipped
[3.337s] -- Detecting C compile features
[3.338s] -- Detecting C compile features - done
[3.407s] -- Detecting CXX compiler ABI info
[4.647s] -- Detecting CXX compiler ABI info - done
[4.673s] -- Check for working CXX compiler: /usr/bin/c++ - skipped
[4.674s] -- Detecting CXX compile features
[4.675s] -- Detecting CXX compile features - done
[4.821s] -- Found ament_cmake: 1.3.11 (/opt/ros/humble/share/ament_cmake/cmake)
[6.374s] -- Found Python3: /usr/bin/python3 (found version "3.10.12") found components: Interpreter 
[8.128s] -- Found rclpy: 3.3.15 (/opt/ros/humble/share/rclpy/cmake)
[8.199s] -- Found std_msgs: 4.2.4 (/opt/ros/humble/share/std_msgs/cmake)
[8.964s] -- Found rosidl_generator_c: 3.1.6 (/opt/ros/humble/share/rosidl_generator_c/cmake)
[9.136s] -- Found rosidl_adapter: 3.1.6 (/opt/ros/humble/share/rosidl_adapter/cmake)
[9.288s] -- Found rosidl_generator_cpp: 3.1.6 (/opt/ros/humble/share/rosidl_generator_cpp/cmake)
[9.466s] -- Using all available rosidl_typesupport_c: rosidl_typesupport_fastrtps_c;rosidl_typesupport_introspection_c
[9.705s] -- Using all available rosidl_typesupport_cpp: rosidl_typesupport_fastrtps_cpp;rosidl_typesupport_introspection_cpp
[9.961s] -- Found rosidl_default_generators: 1.2.0 (/opt/ros/humble/share/rosidl_default_generators/cmake)
[12.331s] -- Found ament_cmake_ros: 0.10.0 (/opt/ros/humble/share/ament_cmake_ros/cmake)
[16.247s] -- Using all available rosidl_typesupport_c: rosidl_typesupport_fastrtps_c;rosidl_typesupport_introspection_c
[17.671s] -- Using all available rosidl_typesupport_cpp: rosidl_typesupport_fastrtps_cpp;rosidl_typesupport_introspection_cpp
[17.975s] -- Found PythonInterp: /usr/bin/python3 (found suitable version "3.10.12", minimum required is "3.6") 
[18.062s] -- Found python_cmake_module: 0.10.0 (/opt/ros/humble/share/python_cmake_module/cmake)
[18.496s] -- Found PythonLibs: /usr/lib/x86_64-linux-gnu/libpython3.10.so (found suitable version "3.10.12", minimum required is "3.5") 
[18.496s] -- Using PYTHON_EXECUTABLE: /usr/bin/python3
[18.497s] -- Using PYTHON_INCLUDE_DIRS: /usr/include/python3.10
[18.498s] -- Using PYTHON_LIBRARIES: /usr/lib/x86_64-linux-gnu/libpython3.10.so
[18.685s] -- Found PythonExtra: .so  
[20.142s] -- Configuring done
[22.072s] -- Generating done
[22.792s] -- Build files have been written to: /apollo/ros_ws/build/follow_human
[22.793s] Invoked command in '/apollo/ros_ws/build/follow_human' returned '0': CMAKE_PREFIX_PATH=${CMAKE_PREFIX_PATH}:/apollo/ros_ws/install/task1:/apollo/ros_ws/install/scout_mini_simulation:/apollo/dev_ws/install/my_package:/opt/ros/humble /usr/bin/cmake /apollo/ros_ws/src/follow_human -DCMAKE_INSTALL_PREFIX=/apollo/ros_ws/install/follow_human
[22.803s] Invoking command in '/apollo/ros_ws/build/follow_human': CMAKE_PREFIX_PATH=${CMAKE_PREFIX_PATH}:/apollo/ros_ws/install/task1:/apollo/ros_ws/install/scout_mini_simulation:/apollo/dev_ws/install/my_package:/opt/ros/humble /usr/bin/cmake --build /apollo/ros_ws/build/follow_human -- -j12 -l12
[23.362s] [  2%] [34m[1mGenerating C code for ROS interfaces[0m
[23.499s] [  5%] [34m[1mGenerating C++ code for ROS interfaces[0m
[23.533s] [  5%] Built target ament_cmake_python_copy_follow_human
[24.356s] [  5%] Built target follow_human__cpp
[24.400s] [  7%] [32mBuilding C object CMakeFiles/follow_human__rosidl_generator_c.dir/rosidl_generator_c/follow_human/msg/detail/tracked_object__functions.c.o[0m
[24.430s] [ 10%] [32mBuilding C object CMakeFiles/follow_human__rosidl_generator_c.dir/rosidl_generator_c/follow_human/msg/detail/depth_estimation__functions.c.o[0m
[24.453s] [ 12%] [34m[1mGenerating C++ type support dispatch for ROS interfaces[0m
[24.462s] [ 15%] [34m[1mGenerating C++ type support for eProsima Fast-RTPS[0m
[24.472s] [ 17%] [34m[1mGenerating C++ introspection for ROS interfaces[0m
[24.768s] running egg_info
[24.770s] creating follow_human.egg-info
[24.772s] writing follow_human.egg-info/PKG-INFO
[24.778s] writing dependency_links to follow_human.egg-info/dependency_links.txt
[24.785s] writing top-level names to follow_human.egg-info/top_level.txt
[24.791s] writing manifest file 'follow_human.egg-info/SOURCES.txt'
[24.805s] [ 20%] [32m[1mLinking C shared library libfollow_human__rosidl_generator_c.so[0m
[24.815s] reading manifest file 'follow_human.egg-info/SOURCES.txt'
[24.846s] writing manifest file 'follow_human.egg-info/SOURCES.txt'
[24.917s] [ 20%] Built target ament_cmake_python_build_follow_human_egg
[25.087s] [ 25%] [32mBuilding CXX object CMakeFiles/follow_human__rosidl_typesupport_cpp.dir/rosidl_typesupport_cpp/follow_human/msg/tracked_object__type_support.cpp.o[0m
[25.089s] [ 25%] [32mBuilding CXX object CMakeFiles/follow_human__rosidl_typesupport_cpp.dir/rosidl_typesupport_cpp/follow_human/msg/depth_estimation__type_support.cpp.o[0m
[25.131s] [ 25%] Built target follow_human__rosidl_generator_c
[25.164s] [ 28%] [32mBuilding CXX object CMakeFiles/follow_human__rosidl_typesupport_introspection_cpp.dir/rosidl_typesupport_introspection_cpp/follow_human/msg/detail/tracked_object__type_support.cpp.o[0m
[25.191s] [ 30%] [32mBuilding CXX object CMakeFiles/follow_human__rosidl_typesupport_introspection_cpp.dir/rosidl_typesupport_introspection_cpp/follow_human/msg/detail/depth_estimation__type_support.cpp.o[0m
[25.233s] [ 33%] [32mBuilding CXX object CMakeFiles/follow_human__rosidl_typesupport_fastrtps_cpp.dir/rosidl_typesupport_fastrtps_cpp/follow_human/msg/detail/dds_fastrtps/tracked_object__type_support.cpp.o[0m
[25.244s] [ 38%] [32mBuilding CXX object CMakeFiles/follow_human__rosidl_typesupport_fastrtps_cpp.dir/rosidl_typesupport_fastrtps_cpp/follow_human/msg/detail/dds_fastrtps/depth_estimation__type_support.cpp.o[0m
[25.247s] [ 38%] [34m[1mGenerating C type support dispatch for ROS interfaces[0m
[25.267s] [ 41%] [34m[1mGenerating C type support for eProsima Fast-RTPS[0m
[25.274s] [ 43%] [34m[1mGenerating C introspection for ROS interfaces[0m
[25.813s] [ 46%] [32m[1mLinking CXX shared library libfollow_human__rosidl_typesupport_cpp.so[0m
[26.052s] [ 48%] [32mBuilding CXX object CMakeFiles/follow_human__rosidl_typesupport_c.dir/rosidl_typesupport_c/follow_human/msg/tracked_object__type_support.cpp.o[0m
[26.058s] [ 51%] [32mBuilding CXX object CMakeFiles/follow_human__rosidl_typesupport_c.dir/rosidl_typesupport_c/follow_human/msg/depth_estimation__type_support.cpp.o[0m
[26.128s] [ 56%] Built target follow_human__rosidl_typesupport_cpp
[26.131s] [ 56%] [32mBuilding CXX object CMakeFiles/follow_human__rosidl_typesupport_fastrtps_c.dir/rosidl_typesupport_fastrtps_c/follow_human/msg/detail/tracked_object__type_support_c.cpp.o[0m
[26.133s] [ 56%] [32mBuilding CXX object CMakeFiles/follow_human__rosidl_typesupport_fastrtps_c.dir/rosidl_typesupport_fastrtps_c/follow_human/msg/detail/depth_estimation__type_support_c.cpp.o[0m
[26.188s] [ 58%] [32m[1mLinking CXX shared library libfollow_human__rosidl_typesupport_introspection_cpp.so[0m
[26.235s] [ 61%] [32m[1mLinking CXX shared library libfollow_human__rosidl_typesupport_fastrtps_cpp.so[0m
[26.244s] [ 64%] [32mBuilding C object CMakeFiles/follow_human__rosidl_typesupport_introspection_c.dir/rosidl_typesupport_introspection_c/follow_human/msg/detail/tracked_object__type_support.c.o[0m
[26.266s] [ 66%] [32mBuilding C object CMakeFiles/follow_human__rosidl_typesupport_introspection_c.dir/rosidl_typesupport_introspection_c/follow_human/msg/detail/depth_estimation__type_support.c.o[0m
[26.312s] [ 69%] [32m[1mLinking CXX shared library libfollow_human__rosidl_typesupport_c.so[0m
[26.591s] [ 69%] Built target follow_human__rosidl_typesupport_introspection_cpp
[26.687s] [ 69%] Built target follow_human__rosidl_typesupport_fastrtps_cpp
[26.692s] [ 69%] Built target follow_human__rosidl_typesupport_c
[26.711s] [ 71%] [32m[1mLinking C shared library libfollow_human__rosidl_typesupport_introspection_c.so[0m
[26.957s] [ 74%] [32m[1mLinking CXX shared library libfollow_human__rosidl_typesupport_fastrtps_c.so[0m
[27.083s] [ 74%] Built target follow_human__rosidl_typesupport_introspection_c
[27.419s] [ 74%] Built target follow_human__rosidl_typesupport_fastrtps_c
[27.817s] [ 74%] Built target follow_human
[28.218s] [ 76%] [34m[1mGenerating Python code for ROS interfaces[0m
[29.315s] [ 76%] Built target follow_human__py
[29.695s] [ 79%] [32mBuilding C object CMakeFiles/follow_human__rosidl_generator_py.dir/rosidl_generator_py/follow_human/msg/_tracked_object_s.c.o[0m
[29.709s] [ 82%] [32mBuilding C object CMakeFiles/follow_human__rosidl_generator_py.dir/rosidl_generator_py/follow_human/msg/_depth_estimation_s.c.o[0m
[30.251s] [ 84%] [32m[1mLinking C shared library rosidl_generator_py/follow_human/libfollow_human__rosidl_generator_py.so[0m
[30.745s] [ 84%] Built target follow_human__rosidl_generator_py
[30.911s] [ 87%] [32mBuilding C object CMakeFiles/follow_human__rosidl_typesupport_c__pyext.dir/rosidl_generator_py/follow_human/_follow_human_s.ep.rosidl_typesupport_c.c.o[0m
[30.925s] [ 89%] [32mBuilding C object CMakeFiles/follow_human__rosidl_typesupport_introspection_c__pyext.dir/rosidl_generator_py/follow_human/_follow_human_s.ep.rosidl_typesupport_introspection_c.c.o[0m
[30.961s] [ 92%] [32mBuilding C object CMakeFiles/follow_human__rosidl_typesupport_fastrtps_c__pyext.dir/rosidl_generator_py/follow_human/_follow_human_s.ep.rosidl_typesupport_fastrtps_c.c.o[0m
[31.468s] [ 94%] [32m[1mLinking C shared library rosidl_generator_py/follow_human/follow_human_s__rosidl_typesupport_c.cpython-310-x86_64-linux-gnu.so[0m
[31.514s] [ 97%] [32m[1mLinking C shared library rosidl_generator_py/follow_human/follow_human_s__rosidl_typesupport_introspection_c.cpython-310-x86_64-linux-gnu.so[0m
[31.609s] [100%] [32m[1mLinking C shared library rosidl_generator_py/follow_human/follow_human_s__rosidl_typesupport_fastrtps_c.cpython-310-x86_64-linux-gnu.so[0m
[31.796s] [100%] Built target follow_human__rosidl_typesupport_c__pyext
[31.854s] [100%] Built target follow_human__rosidl_typesupport_introspection_c__pyext
[31.926s] [100%] Built target follow_human__rosidl_typesupport_fastrtps_c__pyext
[32.172s] Invoked command in '/apollo/ros_ws/build/follow_human' returned '0': CMAKE_PREFIX_PATH=${CMAKE_PREFIX_PATH}:/apollo/ros_ws/install/task1:/apollo/ros_ws/install/scout_mini_simulation:/apollo/dev_ws/install/my_package:/opt/ros/humble /usr/bin/cmake --build /apollo/ros_ws/build/follow_human -- -j12 -l12
[32.275s] Invoking command in '/apollo/ros_ws/build/follow_human': CMAKE_PREFIX_PATH=${CMAKE_PREFIX_PATH}:/apollo/ros_ws/install/task1:/apollo/ros_ws/install/scout_mini_simulation:/apollo/dev_ws/install/my_package:/opt/ros/humble /usr/bin/cmake --install /apollo/ros_ws/build/follow_human
[32.354s] -- Install configuration: ""
[32.403s] -- Installing: /apollo/ros_ws/install/follow_human/share/ament_index/resource_index/rosidl_interfaces/follow_human
[32.500s] -- Installing: /apollo/ros_ws/install/follow_human/include/follow_human/follow_human
[32.529s] -- Installing: /apollo/ros_ws/install/follow_human/include/follow_human/follow_human/msg
[32.574s] -- Installing: /apollo/ros_ws/install/follow_human/include/follow_human/follow_human/msg/depth_estimation.h
[32.662s] -- Installing: /apollo/ros_ws/install/follow_human/include/follow_human/follow_human/msg/detail
[32.720s] -- Installing: /apollo/ros_ws/install/follow_human/include/follow_human/follow_human/msg/detail/depth_estimation__functions.c
[32.847s] -- Installing: /apollo/ros_ws/install/follow_human/include/follow_human/follow_human/msg/detail/depth_estimation__functions.h
[32.963s] -- Installing: /apollo/ros_ws/install/follow_human/include/follow_human/follow_human/msg/detail/depth_estimation__struct.h
[33.074s] -- Installing: /apollo/ros_ws/install/follow_human/include/follow_human/follow_human/msg/detail/depth_estimation__type_support.h
[33.173s] -- Installing: /apollo/ros_ws/install/follow_human/include/follow_human/follow_human/msg/detail/tracked_object__functions.c
[33.283s] -- Installing: /apollo/ros_ws/install/follow_human/include/follow_human/follow_human/msg/detail/tracked_object__functions.h
[33.367s] -- Installing: /apollo/ros_ws/install/follow_human/include/follow_human/follow_human/msg/detail/tracked_object__struct.h
[33.472s] -- Installing: /apollo/ros_ws/install/follow_human/include/follow_human/follow_human/msg/detail/tracked_object__type_support.h
[33.573s] -- Installing: /apollo/ros_ws/install/follow_human/include/follow_human/follow_human/msg/rosidl_generator_c__visibility_control.h
[33.653s] -- Installing: /apollo/ros_ws/install/follow_human/include/follow_human/follow_human/msg/tracked_object.h
[33.756s] -- Installing: /apollo/ros_ws/install/follow_human/share/follow_human/environment/library_path.sh
[33.819s] -- Installing: /apollo/ros_ws/install/follow_human/share/follow_human/environment/library_path.dsv
[33.905s] -- Installing: /apollo/ros_ws/install/follow_human/lib/libfollow_human__rosidl_generator_c.so
[34.010s] -- Set runtime path of "/apollo/ros_ws/install/follow_human/lib/libfollow_human__rosidl_generator_c.so" to ""
[34.022s] -- Up-to-date: /apollo/ros_ws/install/follow_human/include/follow_human/follow_human
[34.045s] -- Up-to-date: /apollo/ros_ws/install/follow_human/include/follow_human/follow_human/msg
[34.074s] -- Up-to-date: /apollo/ros_ws/install/follow_human/include/follow_human/follow_human/msg/detail
[34.111s] -- Installing: /apollo/ros_ws/install/follow_human/include/follow_human/follow_human/msg/detail/depth_estimation__rosidl_typesupport_fastrtps_c.h
[34.216s] -- Installing: /apollo/ros_ws/install/follow_human/include/follow_human/follow_human/msg/detail/tracked_object__rosidl_typesupport_fastrtps_c.h
[34.331s] -- Installing: /apollo/ros_ws/install/follow_human/include/follow_human/follow_human/msg/rosidl_typesupport_fastrtps_c__visibility_control.h
[34.435s] -- Installing: /apollo/ros_ws/install/follow_human/lib/libfollow_human__rosidl_typesupport_fastrtps_c.so
[34.524s] -- Set runtime path of "/apollo/ros_ws/install/follow_human/lib/libfollow_human__rosidl_typesupport_fastrtps_c.so" to ""
[34.536s] -- Up-to-date: /apollo/ros_ws/install/follow_human/include/follow_human/follow_human
[34.562s] -- Up-to-date: /apollo/ros_ws/install/follow_human/include/follow_human/follow_human/msg
[34.596s] -- Installing: /apollo/ros_ws/install/follow_human/include/follow_human/follow_human/msg/depth_estimation.hpp
[34.692s] -- Up-to-date: /apollo/ros_ws/install/follow_human/include/follow_human/follow_human/msg/detail
[34.732s] -- Installing: /apollo/ros_ws/install/follow_human/include/follow_human/follow_human/msg/detail/depth_estimation__builder.hpp
[34.847s] -- Installing: /apollo/ros_ws/install/follow_human/include/follow_human/follow_human/msg/detail/depth_estimation__struct.hpp
[34.969s] -- Installing: /apollo/ros_ws/install/follow_human/include/follow_human/follow_human/msg/detail/depth_estimation__traits.hpp
[35.076s] -- Installing: /apollo/ros_ws/install/follow_human/include/follow_human/follow_human/msg/detail/depth_estimation__type_support.hpp
[35.153s] -- Installing: /apollo/ros_ws/install/follow_human/include/follow_human/follow_human/msg/detail/tracked_object__builder.hpp
[35.248s] -- Installing: /apollo/ros_ws/install/follow_human/include/follow_human/follow_human/msg/detail/tracked_object__struct.hpp
[35.380s] -- Installing: /apollo/ros_ws/install/follow_human/include/follow_human/follow_human/msg/detail/tracked_object__traits.hpp
[35.540s] -- Installing: /apollo/ros_ws/install/follow_human/include/follow_human/follow_human/msg/detail/tracked_object__type_support.hpp
[35.681s] -- Installing: /apollo/ros_ws/install/follow_human/include/follow_human/follow_human/msg/rosidl_generator_cpp__visibility_control.hpp
[35.795s] -- Installing: /apollo/ros_ws/install/follow_human/include/follow_human/follow_human/msg/tracked_object.hpp
[35.896s] -- Up-to-date: /apollo/ros_ws/install/follow_human/include/follow_human/follow_human
[35.926s] -- Up-to-date: /apollo/ros_ws/install/follow_human/include/follow_human/follow_human/msg
[35.959s] -- Up-to-date: /apollo/ros_ws/install/follow_human/include/follow_human/follow_human/msg/detail
[35.993s] -- Installing: /apollo/ros_ws/install/follow_human/include/follow_human/follow_human/msg/detail/dds_fastrtps
[36.055s] -- Installing: /apollo/ros_ws/install/follow_human/include/follow_human/follow_human/msg/detail/depth_estimation__rosidl_typesupport_fastrtps_cpp.hpp
[36.175s] -- Installing: /apollo/ros_ws/install/follow_human/include/follow_human/follow_human/msg/detail/tracked_object__rosidl_typesupport_fastrtps_cpp.hpp
[36.286s] -- Installing: /apollo/ros_ws/install/follow_human/include/follow_human/follow_human/msg/rosidl_typesupport_fastrtps_cpp__visibility_control.h
[36.392s] -- Installing: /apollo/ros_ws/install/follow_human/lib/libfollow_human__rosidl_typesupport_fastrtps_cpp.so
[36.503s] -- Set runtime path of "/apollo/ros_ws/install/follow_human/lib/libfollow_human__rosidl_typesupport_fastrtps_cpp.so" to ""
[36.515s] -- Up-to-date: /apollo/ros_ws/install/follow_human/include/follow_human/follow_human
[36.544s] -- Up-to-date: /apollo/ros_ws/install/follow_human/include/follow_human/follow_human/msg
[36.579s] -- Up-to-date: /apollo/ros_ws/install/follow_human/include/follow_human/follow_human/msg/detail
[36.620s] -- Installing: /apollo/ros_ws/install/follow_human/include/follow_human/follow_human/msg/detail/depth_estimation__rosidl_typesupport_introspection_c.h
[36.743s] -- Installing: /apollo/ros_ws/install/follow_human/include/follow_human/follow_human/msg/detail/depth_estimation__type_support.c
[36.859s] -- Installing: /apollo/ros_ws/install/follow_human/include/follow_human/follow_human/msg/detail/tracked_object__rosidl_typesupport_introspection_c.h
[36.985s] -- Installing: /apollo/ros_ws/install/follow_human/include/follow_human/follow_human/msg/detail/tracked_object__type_support.c
[37.094s] -- Installing: /apollo/ros_ws/install/follow_human/include/follow_human/follow_human/msg/rosidl_typesupport_introspection_c__visibility_control.h
[37.188s] -- Installing: /apollo/ros_ws/install/follow_human/lib/libfollow_human__rosidl_typesupport_introspection_c.so
[37.289s] -- Set runtime path of "/apollo/ros_ws/install/follow_human/lib/libfollow_human__rosidl_typesupport_introspection_c.so" to ""
[37.305s] -- Installing: /apollo/ros_ws/install/follow_human/lib/libfollow_human__rosidl_typesupport_c.so
[37.403s] -- Set runtime path of "/apollo/ros_ws/install/follow_human/lib/libfollow_human__rosidl_typesupport_c.so" to ""
[37.415s] -- Up-to-date: /apollo/ros_ws/install/follow_human/include/follow_human/follow_human
[37.440s] -- Up-to-date: /apollo/ros_ws/install/follow_human/include/follow_human/follow_human/msg
[37.469s] -- Up-to-date: /apollo/ros_ws/install/follow_human/include/follow_human/follow_human/msg/detail
[37.506s] -- Installing: /apollo/ros_ws/install/follow_human/include/follow_human/follow_human/msg/detail/depth_estimation__rosidl_typesupport_introspection_cpp.hpp
[37.602s] -- Installing: /apollo/ros_ws/install/follow_human/include/follow_human/follow_human/msg/detail/depth_estimation__type_support.cpp
[37.695s] -- Installing: /apollo/ros_ws/install/follow_human/include/follow_human/follow_human/msg/detail/tracked_object__rosidl_typesupport_introspection_cpp.hpp
[37.811s] -- Installing: /apollo/ros_ws/install/follow_human/include/follow_human/follow_human/msg/detail/tracked_object__type_support.cpp
[37.912s] -- Installing: /apollo/ros_ws/install/follow_human/lib/libfollow_human__rosidl_typesupport_introspection_cpp.so
[38.006s] -- Set runtime path of "/apollo/ros_ws/install/follow_human/lib/libfollow_human__rosidl_typesupport_introspection_cpp.so" to ""
[38.021s] -- Installing: /apollo/ros_ws/install/follow_human/lib/libfollow_human__rosidl_typesupport_cpp.so
[38.114s] -- Set runtime path of "/apollo/ros_ws/install/follow_human/lib/libfollow_human__rosidl_typesupport_cpp.so" to ""
[38.133s] -- Installing: /apollo/ros_ws/install/follow_human/share/follow_human/environment/pythonpath.sh
[38.210s] -- Installing: /apollo/ros_ws/install/follow_human/share/follow_human/environment/pythonpath.dsv
[38.283s] -- Installing: /apollo/ros_ws/install/follow_human/local/lib/python3.10/dist-packages/follow_human-0.0.1-py3.10.egg-info
[38.330s] -- Installing: /apollo/ros_ws/install/follow_human/local/lib/python3.10/dist-packages/follow_human-0.0.1-py3.10.egg-info/dependency_links.txt
[38.435s] -- Installing: /apollo/ros_ws/install/follow_human/local/lib/python3.10/dist-packages/follow_human-0.0.1-py3.10.egg-info/PKG-INFO
[38.536s] -- Installing: /apollo/ros_ws/install/follow_human/local/lib/python3.10/dist-packages/follow_human-0.0.1-py3.10.egg-info/SOURCES.txt
[38.614s] -- Installing: /apollo/ros_ws/install/follow_human/local/lib/python3.10/dist-packages/follow_human-0.0.1-py3.10.egg-info/top_level.txt
[38.719s] -- Installing: /apollo/ros_ws/install/follow_human/local/lib/python3.10/dist-packages/follow_human
[38.761s] -- Installing: /apollo/ros_ws/install/follow_human/local/lib/python3.10/dist-packages/follow_human/follow_human_s__rosidl_typesupport_c.cpython-310-x86_64-linux-gnu.so
[38.841s] -- Installing: /apollo/ros_ws/install/follow_human/local/lib/python3.10/dist-packages/follow_human/follow_human_s__rosidl_typesupport_fastrtps_c.cpython-310-x86_64-linux-gnu.so
[38.929s] -- Installing: /apollo/ros_ws/install/follow_human/local/lib/python3.10/dist-packages/follow_human/follow_human_s__rosidl_typesupport_introspection_c.cpython-310-x86_64-linux-gnu.so
[39.020s] -- Installing: /apollo/ros_ws/install/follow_human/local/lib/python3.10/dist-packages/follow_human/libfollow_human__rosidl_generator_py.so
[39.104s] -- Installing: /apollo/ros_ws/install/follow_human/local/lib/python3.10/dist-packages/follow_human/msg
[39.163s] -- Installing: /apollo/ros_ws/install/follow_human/local/lib/python3.10/dist-packages/follow_human/msg/_depth_estimation.py
[39.268s] -- Installing: /apollo/ros_ws/install/follow_human/local/lib/python3.10/dist-packages/follow_human/msg/_depth_estimation_s.c
[39.378s] -- Installing: /apollo/ros_ws/install/follow_human/local/lib/python3.10/dist-packages/follow_human/msg/_tracked_object.py
[39.492s] -- Installing: /apollo/ros_ws/install/follow_human/local/lib/python3.10/dist-packages/follow_human/msg/_tracked_object_s.c
[39.601s] -- Installing: /apollo/ros_ws/install/follow_human/local/lib/python3.10/dist-packages/follow_human/msg/__init__.py
[39.715s] -- Installing: /apollo/ros_ws/install/follow_human/local/lib/python3.10/dist-packages/follow_human/_follow_human_s.ep.rosidl_typesupport_c.c
[39.785s] -- Installing: /apollo/ros_ws/install/follow_human/local/lib/python3.10/dist-packages/follow_human/_follow_human_s.ep.rosidl_typesupport_fastrtps_c.c
[39.894s] -- Installing: /apollo/ros_ws/install/follow_human/local/lib/python3.10/dist-packages/follow_human/_follow_human_s.ep.rosidl_typesupport_introspection_c.c
[39.972s] -- Installing: /apollo/ros_ws/install/follow_human/local/lib/python3.10/dist-packages/follow_human/__init__.py
[40.899s] Listing '/apollo/ros_ws/install/follow_human/local/lib/python3.10/dist-packages/follow_human'...
[40.899s] Compiling '/apollo/ros_ws/install/follow_human/local/lib/python3.10/dist-packages/follow_human/__init__.py'...
[40.900s] Listing '/apollo/ros_ws/install/follow_human/local/lib/python3.10/dist-packages/follow_human/msg'...
[40.902s] Compiling '/apollo/ros_ws/install/follow_human/local/lib/python3.10/dist-packages/follow_human/msg/__init__.py'...
[40.903s] Compiling '/apollo/ros_ws/install/follow_human/local/lib/python3.10/dist-packages/follow_human/msg/_depth_estimation.py'...
[40.903s] Compiling '/apollo/ros_ws/install/follow_human/local/lib/python3.10/dist-packages/follow_human/msg/_tracked_object.py'...
[40.971s] -- Installing: /apollo/ros_ws/install/follow_human/local/lib/python3.10/dist-packages/follow_human/follow_human_s__rosidl_typesupport_fastrtps_c.cpython-310-x86_64-linux-gnu.so
[41.123s] -- Set runtime path of "/apollo/ros_ws/install/follow_human/local/lib/python3.10/dist-packages/follow_human/follow_human_s__rosidl_typesupport_fastrtps_c.cpython-310-x86_64-linux-gnu.so" to ""
[41.181s] -- Installing: /apollo/ros_ws/install/follow_human/local/lib/python3.10/dist-packages/follow_human/follow_human_s__rosidl_typesupport_introspection_c.cpython-310-x86_64-linux-gnu.so
[41.324s] -- Set runtime path of "/apollo/ros_ws/install/follow_human/local/lib/python3.10/dist-packages/follow_human/follow_human_s__rosidl_typesupport_introspection_c.cpython-310-x86_64-linux-gnu.so" to ""
[41.392s] -- Installing: /apollo/ros_ws/install/follow_human/local/lib/python3.10/dist-packages/follow_human/follow_human_s__rosidl_typesupport_c.cpython-310-x86_64-linux-gnu.so
[41.540s] -- Set runtime path of "/apollo/ros_ws/install/follow_human/local/lib/python3.10/dist-packages/follow_human/follow_human_s__rosidl_typesupport_c.cpython-310-x86_64-linux-gnu.so" to ""
[41.562s] -- Installing: /apollo/ros_ws/install/follow_human/lib/libfollow_human__rosidl_generator_py.so
[41.639s] -- Set runtime path of "/apollo/ros_ws/install/follow_human/lib/libfollow_human__rosidl_generator_py.so" to ""
[41.672s] -- Installing: /apollo/ros_ws/install/follow_human/share/follow_human/msg/TrackedObject.idl
[41.781s] -- Installing: /apollo/ros_ws/install/follow_human/share/follow_human/msg/DepthEstimation.idl
[41.901s] -- Installing: /apollo/ros_ws/install/follow_human/share/follow_human/msg/TrackedObject.msg
[41.995s] -- Installing: /apollo/ros_ws/install/follow_human/share/follow_human/msg/DepthEstimation.msg
[42.094s] -- Installing: /apollo/ros_ws/install/follow_human/lib/follow_human/depth_estimation.py
[42.173s] -- Installing: /apollo/ros_ws/install/follow_human/lib/follow_human/tracking_node.py
[42.280s] -- Installing: /apollo/ros_ws/install/follow_human/share/ament_index/resource_index/package_run_dependencies/follow_human
[42.409s] -- Installing: /apollo/ros_ws/install/follow_human/share/ament_index/resource_index/parent_prefix_path/follow_human
[42.504s] -- Installing: /apollo/ros_ws/install/follow_human/share/follow_human/environment/ament_prefix_path.sh
[42.574s] -- Installing: /apollo/ros_ws/install/follow_human/share/follow_human/environment/ament_prefix_path.dsv
[42.648s] -- Installing: /apollo/ros_ws/install/follow_human/share/follow_human/environment/path.sh
[42.720s] -- Installing: /apollo/ros_ws/install/follow_human/share/follow_human/environment/path.dsv
[42.798s] -- Installing: /apollo/ros_ws/install/follow_human/share/follow_human/local_setup.bash
[42.868s] -- Installing: /apollo/ros_ws/install/follow_human/share/follow_human/local_setup.sh
[42.938s] -- Installing: /apollo/ros_ws/install/follow_human/share/follow_human/local_setup.zsh
[43.004s] -- Installing: /apollo/ros_ws/install/follow_human/share/follow_human/local_setup.dsv
[43.077s] -- Installing: /apollo/ros_ws/install/follow_human/share/follow_human/package.dsv
[43.173s] -- Installing: /apollo/ros_ws/install/follow_human/share/ament_index/resource_index/packages/follow_human
[43.297s] -- Installing: /apollo/ros_ws/install/follow_human/share/follow_human/cmake/export_follow_human__rosidl_generator_cExport.cmake
[43.401s] -- Installing: /apollo/ros_ws/install/follow_human/share/follow_human/cmake/export_follow_human__rosidl_generator_cExport-noconfig.cmake
[43.507s] -- Installing: /apollo/ros_ws/install/follow_human/share/follow_human/cmake/export_follow_human__rosidl_typesupport_fastrtps_cExport.cmake
[43.610s] -- Installing: /apollo/ros_ws/install/follow_human/share/follow_human/cmake/export_follow_human__rosidl_typesupport_fastrtps_cExport-noconfig.cmake
[43.713s] -- Installing: /apollo/ros_ws/install/follow_human/share/follow_human/cmake/export_follow_human__rosidl_generator_cppExport.cmake
[43.818s] -- Installing: /apollo/ros_ws/install/follow_human/share/follow_human/cmake/export_follow_human__rosidl_typesupport_fastrtps_cppExport.cmake
[43.921s] -- Installing: /apollo/ros_ws/install/follow_human/share/follow_human/cmake/export_follow_human__rosidl_typesupport_fastrtps_cppExport-noconfig.cmake
[44.023s] -- Installing: /apollo/ros_ws/install/follow_human/share/follow_human/cmake/follow_human__rosidl_typesupport_introspection_cExport.cmake
[44.120s] -- Installing: /apollo/ros_ws/install/follow_human/share/follow_human/cmake/follow_human__rosidl_typesupport_introspection_cExport-noconfig.cmake
[44.222s] -- Installing: /apollo/ros_ws/install/follow_human/share/follow_human/cmake/follow_human__rosidl_typesupport_cExport.cmake
[44.328s] -- Installing: /apollo/ros_ws/install/follow_human/share/follow_human/cmake/follow_human__rosidl_typesupport_cExport-noconfig.cmake
[44.476s] -- Installing: /apollo/ros_ws/install/follow_human/share/follow_human/cmake/follow_human__rosidl_typesupport_introspection_cppExport.cmake
[44.589s] -- Installing: /apollo/ros_ws/install/follow_human/share/follow_human/cmake/follow_human__rosidl_typesupport_introspection_cppExport-noconfig.cmake
[44.692s] -- Installing: /apollo/ros_ws/install/follow_human/share/follow_human/cmake/follow_human__rosidl_typesupport_cppExport.cmake
[44.765s] -- Installing: /apollo/ros_ws/install/follow_human/share/follow_human/cmake/follow_human__rosidl_typesupport_cppExport-noconfig.cmake
[44.883s] -- Installing: /apollo/ros_ws/install/follow_human/share/follow_human/cmake/export_follow_human__rosidl_generator_pyExport.cmake
[44.984s] -- Installing: /apollo/ros_ws/install/follow_human/share/follow_human/cmake/export_follow_human__rosidl_generator_pyExport-noconfig.cmake
[45.055s] -- Installing: /apollo/ros_ws/install/follow_human/share/follow_human/cmake/rosidl_cmake-extras.cmake
[45.129s] -- Installing: /apollo/ros_ws/install/follow_human/share/follow_human/cmake/ament_cmake_export_dependencies-extras.cmake
[45.205s] -- Installing: /apollo/ros_ws/install/follow_human/share/follow_human/cmake/ament_cmake_export_include_directories-extras.cmake
[45.275s] -- Installing: /apollo/ros_ws/install/follow_human/share/follow_human/cmake/ament_cmake_export_libraries-extras.cmake
[45.351s] -- Installing: /apollo/ros_ws/install/follow_human/share/follow_human/cmake/ament_cmake_export_targets-extras.cmake
[45.408s] -- Installing: /apollo/ros_ws/install/follow_human/share/follow_human/cmake/rosidl_cmake_export_typesupport_targets-extras.cmake
[45.493s] -- Installing: /apollo/ros_ws/install/follow_human/share/follow_human/cmake/rosidl_cmake_export_typesupport_libraries-extras.cmake
[45.575s] -- Installing: /apollo/ros_ws/install/follow_human/share/follow_human/cmake/follow_humanConfig.cmake
[45.648s] -- Installing: /apollo/ros_ws/install/follow_human/share/follow_human/cmake/follow_humanConfig-version.cmake
[45.726s] -- Installing: /apollo/ros_ws/install/follow_human/share/follow_human/package.xml
[45.794s] Invoked command in '/apollo/ros_ws/build/follow_human' returned '0': CMAKE_PREFIX_PATH=${CMAKE_PREFIX_PATH}:/apollo/ros_ws/install/task1:/apollo/ros_ws/install/scout_mini_simulation:/apollo/dev_ws/install/my_package:/opt/ros/humble /usr/bin/cmake --install /apollo/ros_ws/build/follow_human
