[0.016s] Invoking command in '/apollo/ros_ws/build/scout_mini_base': CMAKE_PREFIX_PATH=${CMAKE_PREFIX_PATH}:/opt/ros/humble /usr/bin/cmake --build /apollo/ros_ws/build/scout_mini_base -- -j20 -l20
[0.054s] Invoked command in '/apollo/ros_ws/build/scout_mini_base' returned '0': CMAKE_PREFIX_PATH=${CMAKE_PREFIX_PATH}:/opt/ros/humble /usr/bin/cmake --build /apollo/ros_ws/build/scout_mini_base -- -j20 -l20
[0.060s] Invoking command in '/apollo/ros_ws/build/scout_mini_base': CMAKE_PREFIX_PATH=${CMAKE_PREFIX_PATH}:/opt/ros/humble /usr/bin/cmake --install /apollo/ros_ws/build/scout_mini_base
[0.069s] -- Install configuration: ""
[0.070s] -- Execute custom install script
[0.071s] -- Up-to-date symlink: /apollo/ros_ws/install/scout_mini_base/share/scout_mini_base/config/scout_mini.yaml
[0.072s] -- Up-to-date symlink: /apollo/ros_ws/install/scout_mini_base/share/scout_mini_base/launch/base_launch.py
[0.072s] -- Up-to-date symlink: /apollo/ros_ws/install/scout_mini_base/share/ament_index/resource_index/package_run_dependencies/scout_mini_base
[0.073s] -- Up-to-date symlink: /apollo/ros_ws/install/scout_mini_base/share/ament_index/resource_index/parent_prefix_path/scout_mini_base
[0.073s] -- Up-to-date symlink: /apollo/ros_ws/install/scout_mini_base/share/scout_mini_base/environment/ament_prefix_path.sh
[0.073s] -- Up-to-date symlink: /apollo/ros_ws/install/scout_mini_base/share/scout_mini_base/environment/ament_prefix_path.dsv
[0.074s] -- Up-to-date symlink: /apollo/ros_ws/install/scout_mini_base/share/scout_mini_base/environment/path.sh
[0.074s] -- Up-to-date symlink: /apollo/ros_ws/install/scout_mini_base/share/scout_mini_base/environment/path.dsv
[0.075s] -- Up-to-date symlink: /apollo/ros_ws/install/scout_mini_base/share/scout_mini_base/local_setup.bash
[0.075s] -- Up-to-date symlink: /apollo/ros_ws/install/scout_mini_base/share/scout_mini_base/local_setup.sh
[0.076s] -- Up-to-date symlink: /apollo/ros_ws/install/scout_mini_base/share/scout_mini_base/local_setup.zsh
[0.076s] -- Up-to-date symlink: /apollo/ros_ws/install/scout_mini_base/share/scout_mini_base/local_setup.dsv
[0.076s] -- Symlinking: /apollo/ros_ws/install/scout_mini_base/share/scout_mini_base/package.dsv
[0.093s] -- Up-to-date symlink: /apollo/ros_ws/install/scout_mini_base/share/ament_index/resource_index/packages/scout_mini_base
[0.093s] -- Up-to-date symlink: /apollo/ros_ws/install/scout_mini_base/share/scout_mini_base/cmake/scout_mini_baseConfig.cmake
[0.094s] -- Up-to-date symlink: /apollo/ros_ws/install/scout_mini_base/share/scout_mini_base/cmake/scout_mini_baseConfig-version.cmake
[0.094s] -- Up-to-date symlink: /apollo/ros_ws/install/scout_mini_base/share/scout_mini_base/package.xml
[0.098s] Invoked command in '/apollo/ros_ws/build/scout_mini_base' returned '0': CMAKE_PREFIX_PATH=${CMAKE_PREFIX_PATH}:/opt/ros/humble /usr/bin/cmake --install /apollo/ros_ws/build/scout_mini_base
