[0.559s] DEBUG:colcon:Command line arguments: ['/usr/bin/colcon', 'build', '--packages-select', 'apollo_intro']
[0.559s] DEBUG:colcon:Parsed command line arguments: Namespace(log_base=None, log_level=None, verb_name='build', build_base='build', install_base='install', merge_install=False, symlink_install=False, test_result_base=None, continue_on_error=False, executor='parallel', parallel_workers=12, event_handlers=None, ignore_user_meta=False, metas=['./colcon.meta'], base_paths=['.'], packages_ignore=None, packages_ignore_regex=None, paths=None, packages_up_to=None, packages_up_to_regex=None, packages_above=None, packages_above_and_dependencies=None, packages_above_depth=None, packages_select_by_dep=None, packages_skip_by_dep=None, packages_skip_up_to=None, packages_select_build_failed=False, packages_skip_build_finished=False, packages_select_test_failures=False, packages_skip_test_passed=False, packages_select=['apollo_intro'], packages_skip=None, packages_select_regex=None, packages_skip_regex=None, packages_start=None, packages_end=None, cmake_args=None, cmake_target=None, cmake_target_skip_unavailable=False, cmake_clean_cache=False, cmake_clean_first=False, cmake_force_configure=False, ament_cmake_args=None, catkin_cmake_args=None, catkin_skip_building_tests=False, mixin_files=None, mixin=None, verb_parser=<colcon_mixin.mixin.mixin_argument.MixinArgumentDecorator object at 0x72fc118f4e80>, verb_extension=<colcon_core.verb.build.BuildVerb object at 0x72fc11a72320>, main=<bound method BuildVerb.main of <colcon_core.verb.build.BuildVerb object at 0x72fc11a72320>>, mixin_verb=('build',))
[0.902s] Level 1:colcon.colcon_core.package_discovery:discover_packages(colcon_meta) check parameters
[0.902s] Level 1:colcon.colcon_core.package_discovery:discover_packages(recursive) check parameters
[0.902s] Level 1:colcon.colcon_core.package_discovery:discover_packages(ignore) check parameters
[0.902s] Level 1:colcon.colcon_core.package_discovery:discover_packages(path) check parameters
[0.903s] Level 1:colcon.colcon_core.package_discovery:discover_packages(colcon_meta) discover
[0.903s] Level 1:colcon.colcon_core.package_discovery:discover_packages(recursive) discover
[0.903s] INFO:colcon.colcon_core.package_discovery:Crawling recursively for packages in '/apollo/intro_ws/src/apollo_intro'
[0.904s] Level 1:colcon.colcon_core.package_identification:_identify(.) by extensions ['ignore', 'ignore_ament_install']
[0.904s] Level 1:colcon.colcon_core.package_identification:_identify(.) by extension 'ignore'
[0.904s] Level 1:colcon.colcon_core.package_identification:_identify(.) by extension 'ignore_ament_install'
[0.905s] Level 1:colcon.colcon_core.package_identification:_identify(.) by extensions ['colcon_pkg']
[0.905s] Level 1:colcon.colcon_core.package_identification:_identify(.) by extension 'colcon_pkg'
[0.905s] Level 1:colcon.colcon_core.package_identification:_identify(.) by extensions ['colcon_meta']
[0.905s] Level 1:colcon.colcon_core.package_identification:_identify(.) by extension 'colcon_meta'
[0.905s] Level 1:colcon.colcon_core.package_identification:_identify(.) by extensions ['ros']
[0.905s] Level 1:colcon.colcon_core.package_identification:_identify(.) by extension 'ros'
[0.930s] DEBUG:colcon.colcon_core.package_identification:Package '.' with type 'ros.ament_python' and name 'apollo_intro'
[0.930s] Level 1:colcon.colcon_core.package_discovery:discover_packages(recursive) using defaults
[0.930s] Level 1:colcon.colcon_core.package_discovery:discover_packages(ignore) discover
[0.931s] Level 1:colcon.colcon_core.package_discovery:discover_packages(ignore) using defaults
[0.931s] Level 1:colcon.colcon_core.package_discovery:discover_packages(path) discover
[0.931s] Level 1:colcon.colcon_core.package_discovery:discover_packages(path) using defaults
[1.016s] Level 5:colcon.colcon_core.verb:set package 'apollo_intro' build argument 'cmake_args' from command line to 'None'
[1.016s] Level 5:colcon.colcon_core.verb:set package 'apollo_intro' build argument 'cmake_target' from command line to 'None'
[1.016s] Level 5:colcon.colcon_core.verb:set package 'apollo_intro' build argument 'cmake_target_skip_unavailable' from command line to 'False'
[1.017s] Level 5:colcon.colcon_core.verb:set package 'apollo_intro' build argument 'cmake_clean_cache' from command line to 'False'
[1.017s] Level 5:colcon.colcon_core.verb:set package 'apollo_intro' build argument 'cmake_clean_first' from command line to 'False'
[1.017s] Level 5:colcon.colcon_core.verb:set package 'apollo_intro' build argument 'cmake_force_configure' from command line to 'False'
[1.017s] Level 5:colcon.colcon_core.verb:set package 'apollo_intro' build argument 'ament_cmake_args' from command line to 'None'
[1.017s] Level 5:colcon.colcon_core.verb:set package 'apollo_intro' build argument 'catkin_cmake_args' from command line to 'None'
[1.017s] Level 5:colcon.colcon_core.verb:set package 'apollo_intro' build argument 'catkin_skip_building_tests' from command line to 'False'
[1.017s] DEBUG:colcon.colcon_core.verb:Building package 'apollo_intro' with the following arguments: {'ament_cmake_args': None, 'build_base': '/apollo/intro_ws/src/apollo_intro/build/apollo_intro', 'catkin_cmake_args': None, 'catkin_skip_building_tests': False, 'cmake_args': None, 'cmake_clean_cache': False, 'cmake_clean_first': False, 'cmake_force_configure': False, 'cmake_target': None, 'cmake_target_skip_unavailable': False, 'install_base': '/apollo/intro_ws/src/apollo_intro/install/apollo_intro', 'merge_install': False, 'path': '/apollo/intro_ws/src/apollo_intro', 'symlink_install': False, 'test_result_base': None}
[1.017s] INFO:colcon.colcon_core.executor:Executing jobs using 'parallel' executor
[1.018s] DEBUG:colcon.colcon_parallel_executor.executor.parallel:run_until_complete
[1.019s] INFO:colcon.colcon_ros.task.ament_python.build:Building ROS package in '/apollo/intro_ws/src/apollo_intro' with build type 'ament_python'
[1.019s] Level 1:colcon.colcon_core.shell:create_environment_hook('apollo_intro', 'ament_prefix_path')
[1.039s] INFO:colcon.colcon_core.plugin_system:Skipping extension 'colcon_core.shell.bat': Not used on non-Windows systems
[1.039s] INFO:colcon.colcon_core.shell:Creating environment hook '/apollo/intro_ws/src/apollo_intro/install/apollo_intro/share/apollo_intro/hook/ament_prefix_path.ps1'
[1.053s] INFO:colcon.colcon_core.shell:Creating environment descriptor '/apollo/intro_ws/src/apollo_intro/install/apollo_intro/share/apollo_intro/hook/ament_prefix_path.dsv'
[1.062s] INFO:colcon.colcon_core.shell:Creating environment hook '/apollo/intro_ws/src/apollo_intro/install/apollo_intro/share/apollo_intro/hook/ament_prefix_path.sh'
[1.071s] INFO:colcon.colcon_core.shell:Skip shell extension 'powershell' for command environment: Not usable outside of PowerShell
[1.072s] DEBUG:colcon.colcon_core.shell:Skip shell extension 'dsv' for command environment
[2.061s] INFO:colcon.colcon_core.task.python.build:Building Python package in '/apollo/intro_ws/src/apollo_intro'
[2.061s] INFO:colcon.colcon_core.shell:Skip shell extension 'powershell' for command environment: Not usable outside of PowerShell
[2.062s] DEBUG:colcon.colcon_core.shell:Skip shell extension 'dsv' for command environment
[4.131s] DEBUG:colcon.colcon_core.event_handler.log_command:Invoking command in '/apollo/intro_ws/src/apollo_intro': PYTHONPATH=/apollo/intro_ws/src/apollo_intro/build/apollo_intro/prefix_override:/usr/lib/python3/dist-packages/colcon_core/task/python/colcon_distutils_commands:/apollo/intro_ws/src/apollo_intro/install/apollo_intro/lib/python3.10/site-packages:${PYTHONPATH} /usr/bin/python3 -W ignore:setup.py install is deprecated -W ignore:easy_install command is deprecated setup.py egg_info --egg-base build/apollo_intro build --build-base /apollo/intro_ws/src/apollo_intro/build/apollo_intro/build install --record /apollo/intro_ws/src/apollo_intro/build/apollo_intro/install.log --single-version-externally-managed install_data
[6.613s] DEBUG:colcon.colcon_core.event_handler.log_command:Invoked command in '/apollo/intro_ws/src/apollo_intro' returned '0': PYTHONPATH=/apollo/intro_ws/src/apollo_intro/build/apollo_intro/prefix_override:/usr/lib/python3/dist-packages/colcon_core/task/python/colcon_distutils_commands:/apollo/intro_ws/src/apollo_intro/install/apollo_intro/lib/python3.10/site-packages:${PYTHONPATH} /usr/bin/python3 -W ignore:setup.py install is deprecated -W ignore:easy_install command is deprecated setup.py egg_info --egg-base build/apollo_intro build --build-base /apollo/intro_ws/src/apollo_intro/build/apollo_intro/build install --record /apollo/intro_ws/src/apollo_intro/build/apollo_intro/install.log --single-version-externally-managed install_data
[6.630s] Level 1:colcon.colcon_core.environment:checking '/apollo/intro_ws/src/apollo_intro/install/apollo_intro' for CMake module files
[6.661s] Level 1:colcon.colcon_core.environment:checking '/apollo/intro_ws/src/apollo_intro/install/apollo_intro' for CMake config files
[6.719s] Level 1:colcon.colcon_core.environment:checking '/apollo/intro_ws/src/apollo_intro/install/apollo_intro/lib'
[6.721s] Level 1:colcon.colcon_core.environment:checking '/apollo/intro_ws/src/apollo_intro/install/apollo_intro/bin'
[6.723s] Level 1:colcon.colcon_core.environment:checking '/apollo/intro_ws/src/apollo_intro/install/apollo_intro/lib/pkgconfig/apollo_intro.pc'
[6.727s] Level 1:colcon.colcon_core.environment:checking '/apollo/intro_ws/src/apollo_intro/install/apollo_intro/lib/python3.10/site-packages'
[6.731s] Level 1:colcon.colcon_core.shell:create_environment_hook('apollo_intro', 'pythonpath')
[6.731s] INFO:colcon.colcon_core.shell:Creating environment hook '/apollo/intro_ws/src/apollo_intro/install/apollo_intro/share/apollo_intro/hook/pythonpath.ps1'
[6.741s] INFO:colcon.colcon_core.shell:Creating environment descriptor '/apollo/intro_ws/src/apollo_intro/install/apollo_intro/share/apollo_intro/hook/pythonpath.dsv'
[6.756s] INFO:colcon.colcon_core.shell:Creating environment hook '/apollo/intro_ws/src/apollo_intro/install/apollo_intro/share/apollo_intro/hook/pythonpath.sh'
[6.767s] Level 1:colcon.colcon_core.environment:checking '/apollo/intro_ws/src/apollo_intro/install/apollo_intro/bin'
[6.768s] Level 1:colcon.colcon_core.environment:create_environment_scripts_only(apollo_intro)
[6.769s] INFO:colcon.colcon_core.shell:Creating package script '/apollo/intro_ws/src/apollo_intro/install/apollo_intro/share/apollo_intro/package.ps1'
[6.780s] INFO:colcon.colcon_core.shell:Creating package descriptor '/apollo/intro_ws/src/apollo_intro/install/apollo_intro/share/apollo_intro/package.dsv'
[6.791s] INFO:colcon.colcon_core.shell:Creating package script '/apollo/intro_ws/src/apollo_intro/install/apollo_intro/share/apollo_intro/package.sh'
[6.800s] INFO:colcon.colcon_core.shell:Creating package script '/apollo/intro_ws/src/apollo_intro/install/apollo_intro/share/apollo_intro/package.bash'
[6.810s] INFO:colcon.colcon_core.shell:Creating package script '/apollo/intro_ws/src/apollo_intro/install/apollo_intro/share/apollo_intro/package.zsh'
[6.822s] Level 1:colcon.colcon_core.environment:create_file_with_runtime_dependencies(/apollo/intro_ws/src/apollo_intro/install/apollo_intro/share/colcon-core/packages/apollo_intro)
[6.833s] DEBUG:colcon.colcon_parallel_executor.executor.parallel:closing loop
[6.833s] DEBUG:colcon.colcon_parallel_executor.executor.parallel:loop closed
[6.833s] DEBUG:colcon.colcon_parallel_executor.executor.parallel:run_until_complete finished with '0'
[6.834s] DEBUG:colcon.colcon_core.event_reactor:joining thread
[6.891s] INFO:colcon.colcon_core.plugin_system:Skipping extension 'colcon_notification.desktop_notification.notify_send': Could not find 'notify-send'
[6.892s] INFO:colcon.colcon_core.plugin_system:Skipping extension 'colcon_notification.desktop_notification.terminal_notifier': Not used on non-Darwin systems
[6.892s] INFO:colcon.colcon_core.plugin_system:Skipping extension 'colcon_notification.desktop_notification.win32': Not used on non-Windows systems
[6.892s] INFO:colcon.colcon_notification.desktop_notification:Sending desktop notification using 'notify2'
[6.906s] DEBUG:colcon.colcon_notification.desktop_notification.notify2:Failed to initialize notify2: org.freedesktop.DBus.Error.Spawn.ExecFailed: /usr/bin/dbus-launch terminated abnormally without any error message
[6.907s] DEBUG:colcon.colcon_core.event_reactor:joined thread
[6.907s] INFO:colcon.colcon_core.shell:Creating prefix script '/apollo/intro_ws/src/apollo_intro/install/local_setup.ps1'
[6.913s] INFO:colcon.colcon_core.shell:Creating prefix util module '/apollo/intro_ws/src/apollo_intro/install/_local_setup_util_ps1.py'
[6.917s] INFO:colcon.colcon_core.shell:Creating prefix chain script '/apollo/intro_ws/src/apollo_intro/install/setup.ps1'
[6.935s] INFO:colcon.colcon_core.shell:Creating prefix script '/apollo/intro_ws/src/apollo_intro/install/local_setup.sh'
[6.938s] INFO:colcon.colcon_core.shell:Creating prefix util module '/apollo/intro_ws/src/apollo_intro/install/_local_setup_util_sh.py'
[6.943s] INFO:colcon.colcon_core.shell:Creating prefix chain script '/apollo/intro_ws/src/apollo_intro/install/setup.sh'
[6.961s] INFO:colcon.colcon_core.shell:Creating prefix script '/apollo/intro_ws/src/apollo_intro/install/local_setup.bash'
[6.965s] INFO:colcon.colcon_core.shell:Creating prefix chain script '/apollo/intro_ws/src/apollo_intro/install/setup.bash'
[6.984s] INFO:colcon.colcon_core.shell:Creating prefix script '/apollo/intro_ws/src/apollo_intro/install/local_setup.zsh'
[6.988s] INFO:colcon.colcon_core.shell:Creating prefix chain script '/apollo/intro_ws/src/apollo_intro/install/setup.zsh'
