-- Found ament_cmake: 1.3.11 (/opt/ros/humble/share/ament_cmake/cmake)
-- Override CMake install command with custom implementation using symlinks instead of copying resources
-- Configuring done
-- Generating done
-- Build files have been written to: /apollo/ros_ws/build/scout_mini_ros2
-- Install configuration: ""
-- Execute custom install script
-- Up-to-date symlink: /apollo/ros_ws/install/scout_mini_ros2/share/ament_index/resource_index/package_run_dependencies/scout_mini_ros2
-- Up-to-date symlink: /apollo/ros_ws/install/scout_mini_ros2/share/ament_index/resource_index/parent_prefix_path/scout_mini_ros2
-- Up-to-date symlink: /apollo/ros_ws/install/scout_mini_ros2/share/scout_mini_ros2/environment/ament_prefix_path.sh
-- Up-to-date symlink: /apollo/ros_ws/install/scout_mini_ros2/share/scout_mini_ros2/environment/ament_prefix_path.dsv
-- Up-to-date symlink: /apollo/ros_ws/install/scout_mini_ros2/share/scout_mini_ros2/environment/path.sh
-- Up-to-date symlink: /apollo/ros_ws/install/scout_mini_ros2/share/scout_mini_ros2/environment/path.dsv
-- Up-to-date symlink: /apollo/ros_ws/install/scout_mini_ros2/share/scout_mini_ros2/local_setup.bash
-- Up-to-date symlink: /apollo/ros_ws/install/scout_mini_ros2/share/scout_mini_ros2/local_setup.sh
-- Up-to-date symlink: /apollo/ros_ws/install/scout_mini_ros2/share/scout_mini_ros2/local_setup.zsh
-- Up-to-date symlink: /apollo/ros_ws/install/scout_mini_ros2/share/scout_mini_ros2/local_setup.dsv
-- Symlinking: /apollo/ros_ws/install/scout_mini_ros2/share/scout_mini_ros2/package.dsv
-- Up-to-date symlink: /apollo/ros_ws/install/scout_mini_ros2/share/ament_index/resource_index/packages/scout_mini_ros2
-- Up-to-date symlink: /apollo/ros_ws/install/scout_mini_ros2/share/scout_mini_ros2/cmake/scout_mini_ros2Config.cmake
-- Up-to-date symlink: /apollo/ros_ws/install/scout_mini_ros2/share/scout_mini_ros2/cmake/scout_mini_ros2Config-version.cmake
-- Up-to-date symlink: /apollo/ros_ws/install/scout_mini_ros2/share/scout_mini_ros2/package.xml
