gmake[2]: Warning: File 'CMakeFiles/scout_object_detector__rosidl_generator_c.dir/compiler_depend.make' has modification time 0.36 s in the future
gmake[2]: warning:  Clock skew detected.  Your build may be incomplete.
gmake[2]: Warning: File 'CMakeFiles/scout_object_detector__rosidl_typesupport_cpp.dir/compiler_depend.make' has modification time 0.26 s in the future
gmake[2]: warning:  Clock skew detected.  Your build may be incomplete.
gmake[2]: Warning: File 'CMakeFiles/scout_object_detector__rosidl_typesupport_introspection_cpp.dir/compiler_depend.make' has modification time 0.24 s in the future
gmake[2]: Warning: File 'CMakeFiles/scout_object_detector__rosidl_typesupport_c.dir/compiler_depend.make' has modification time 0.32 s in the future
gmake[2]: Warning: File 'CMakeFiles/scout_object_detector__rosidl_typesupport_fastrtps_cpp.dir/compiler_depend.make' has modification time 0.23 s in the future
gmake[2]: warning:  Clock skew detected.  Your build may be incomplete.
gmake[2]: warning:  Clock skew detected.  Your build may be incomplete.
gmake[2]: warning:  Clock skew detected.  Your build may be incomplete.
gmake[2]: Warning: File 'CMakeFiles/scout_object_detector__rosidl_typesupport_introspection_c.dir/compiler_depend.make' has modification time 0.3 s in the future
gmake[2]: warning:  Clock skew detected.  Your build may be incomplete.
gmake[2]: Warning: File 'CMakeFiles/scout_object_detector__rosidl_typesupport_fastrtps_c.dir/compiler_depend.make' has modification time 0.24 s in the future
gmake[2]: warning:  Clock skew detected.  Your build may be incomplete.
gmake[2]: Warning: File 'CMakeFiles/scout_object_detector__rosidl_generator_py.dir/compiler_depend.make' has modification time 0.24 s in the future
gmake[2]: warning:  Clock skew detected.  Your build may be incomplete.
gmake[2]: Warning: File 'CMakeFiles/scout_object_detector__rosidl_typesupport_fastrtps_c__pyext.dir/compiler_depend.make' has modification time 0.22 s in the future
gmake[2]: Warning: File 'CMakeFiles/scout_object_detector__rosidl_typesupport_introspection_c__pyext.dir/compiler_depend.make' has modification time 0.2 s in the future
gmake[2]: warning:  Clock skew detected.  Your build may be incomplete.
gmake[2]: warning:  Clock skew detected.  Your build may be incomplete.
gmake[2]: Warning: File 'CMakeFiles/scout_object_detector__rosidl_typesupport_c__pyext.dir/compiler_depend.make' has modification time 0.21 s in the future
gmake[2]: warning:  Clock skew detected.  Your build may be incomplete.
