[0.543s] Invoking command in '/apollo/ros_ws/build/scout_object_detector': CMAKE_PREFIX_PATH=${CMAKE_PREFIX_PATH}:/apollo/dev_ws/install/my_package:/opt/ros/humble /usr/bin/cmake /apollo/ros_ws/src/scout_object_detector -DCMAKE_INSTALL_PREFIX=/apollo/ros_ws/install/scout_object_detector
[0.888s] -- Found ament_cmake: 1.3.11 (/opt/ros/humble/share/ament_cmake/cmake)
[2.043s] -- Override CMake install command with custom implementation using symlinks instead of copying resources
[2.096s] -- Found rclpy: 3.3.15 (/opt/ros/humble/share/rclpy/cmake)
[2.097s] -- Found std_msgs: 4.2.4 (/opt/ros/humble/share/std_msgs/cmake)
[2.145s] -- Found rosidl_generator_c: 3.1.6 (/opt/ros/humble/share/rosidl_generator_c/cmake)
[2.147s] -- Found rosidl_adapter: 3.1.6 (/opt/ros/humble/share/rosidl_adapter/cmake)
[2.151s] -- Found rosidl_generator_cpp: 3.1.6 (/opt/ros/humble/share/rosidl_generator_cpp/cmake)
[2.177s] -- Using all available rosidl_typesupport_c: rosidl_typesupport_fastrtps_c;rosidl_typesupport_introspection_c
[2.202s] -- Using all available rosidl_typesupport_cpp: rosidl_typesupport_fastrtps_cpp;rosidl_typesupport_introspection_cpp
[2.234s] -- Found sensor_msgs: 4.2.4 (/opt/ros/humble/share/sensor_msgs/cmake)
[2.254s] -- Found rosidl_default_generators: 1.2.0 (/opt/ros/humble/share/rosidl_default_generators/cmake)
[5.303s] -- Found ament_cmake_ros: 0.10.0 (/opt/ros/humble/share/ament_cmake_ros/cmake)
[9.879s] -- Using all available rosidl_typesupport_c: rosidl_typesupport_fastrtps_c;rosidl_typesupport_introspection_c
[11.956s] -- Using all available rosidl_typesupport_cpp: rosidl_typesupport_fastrtps_cpp;rosidl_typesupport_introspection_cpp
[12.232s] -- Found python_cmake_module: 0.10.0 (/opt/ros/humble/share/python_cmake_module/cmake)
[12.446s] -- Using PYTHON_EXECUTABLE: /usr/bin/python3
[12.447s] -- Using PYTHON_INCLUDE_DIRS: /usr/include/python3.10
[12.448s] -- Using PYTHON_LIBRARIES: /usr/lib/x86_64-linux-gnu/libpython3.10.so
[13.809s] -- Configuring done
[15.370s] -- Generating done
[15.941s] -- Build files have been written to: /apollo/ros_ws/build/scout_object_detector
[15.948s] Invoked command in '/apollo/ros_ws/build/scout_object_detector' returned '0': CMAKE_PREFIX_PATH=${CMAKE_PREFIX_PATH}:/apollo/dev_ws/install/my_package:/opt/ros/humble /usr/bin/cmake /apollo/ros_ws/src/scout_object_detector -DCMAKE_INSTALL_PREFIX=/apollo/ros_ws/install/scout_object_detector
[15.963s] Invoking command in '/apollo/ros_ws/build/scout_object_detector': CMAKE_PREFIX_PATH=${CMAKE_PREFIX_PATH}:/apollo/dev_ws/install/my_package:/opt/ros/humble /usr/bin/cmake --build /apollo/ros_ws/build/scout_object_detector -- -j12 -l12
[16.513s] [35m[1mConsolidate compiler generated dependencies of target scout_object_detector__rosidl_generator_c[0m
[16.576s] [  3%] Built target scout_object_detector__cpp
[16.596s] [  3%] Built target ament_cmake_python_symlink_scout_object_detector
[16.635s] gmake[2]: Warning: File 'CMakeFiles/scout_object_detector__rosidl_generator_c.dir/compiler_depend.make' has modification time 0.36 s in the future
[16.671s] gmake[2]: warning:  Clock skew detected.  Your build may be incomplete.
[16.682s] [35m[1mConsolidate compiler generated dependencies of target scout_object_detector__rosidl_typesupport_cpp[0m
[16.690s] [35m[1mConsolidate compiler generated dependencies of target scout_object_detector__rosidl_typesupport_introspection_cpp[0m
[16.697s] [35m[1mConsolidate compiler generated dependencies of target scout_object_detector__rosidl_typesupport_fastrtps_cpp[0m
[16.767s] [ 12%] Built target scout_object_detector__rosidl_generator_c
[16.909s] [35m[1mConsolidate compiler generated dependencies of target scout_object_detector__rosidl_typesupport_c[0m
[16.922s] [35m[1mConsolidate compiler generated dependencies of target scout_object_detector__rosidl_typesupport_fastrtps_c[0m
[16.968s] gmake[2]: Warning: File 'CMakeFiles/scout_object_detector__rosidl_typesupport_cpp.dir/compiler_depend.make' has modification time 0.26 s in the future
[16.984s] [35m[1mConsolidate compiler generated dependencies of target scout_object_detector__rosidl_typesupport_introspection_c[0m
[17.001s] gmake[2]: warning:  Clock skew detected.  Your build may be incomplete.
[17.020s] gmake[2]: Warning: File 'CMakeFiles/scout_object_detector__rosidl_typesupport_introspection_cpp.dir/compiler_depend.make' has modification time 0.24 s in the future
[17.046s] gmake[2]: Warning: File 'CMakeFiles/scout_object_detector__rosidl_typesupport_c.dir/compiler_depend.make' has modification time 0.32 s in the future
[17.050s] gmake[2]: Warning: File 'CMakeFiles/scout_object_detector__rosidl_typesupport_fastrtps_cpp.dir/compiler_depend.make' has modification time 0.23 s in the future
[17.058s] gmake[2]: warning:  Clock skew detected.  Your build may be incomplete.
[17.085s] gmake[2]: warning:  Clock skew detected.  Your build may be incomplete.
[17.094s] gmake[2]: warning:  Clock skew detected.  Your build may be incomplete.
[17.116s] [ 22%] Built target scout_object_detector__rosidl_typesupport_cpp
[17.136s] [ 32%] Built target scout_object_detector__rosidl_typesupport_introspection_cpp
[17.151s] gmake[2]: Warning: File 'CMakeFiles/scout_object_detector__rosidl_typesupport_introspection_c.dir/compiler_depend.make' has modification time 0.3 s in the future
[17.170s] [ 41%] Built target scout_object_detector__rosidl_typesupport_c
[17.207s] [ 51%] Built target scout_object_detector__rosidl_typesupport_fastrtps_cpp
[17.210s] gmake[2]: warning:  Clock skew detected.  Your build may be incomplete.
[17.260s] gmake[2]: Warning: File 'CMakeFiles/scout_object_detector__rosidl_typesupport_fastrtps_c.dir/compiler_depend.make' has modification time 0.24 s in the future
[17.303s] gmake[2]: warning:  Clock skew detected.  Your build may be incomplete.
[17.338s] [ 61%] Built target scout_object_detector__rosidl_typesupport_introspection_c
[17.426s] [ 70%] Built target scout_object_detector__rosidl_typesupport_fastrtps_c
[17.726s] [ 70%] Built target scout_object_detector
[18.104s] running egg_info
[18.106s] writing scout_object_detector.egg-info/PKG-INFO
[18.110s] writing dependency_links to scout_object_detector.egg-info/dependency_links.txt
[18.116s] writing top-level names to scout_object_detector.egg-info/top_level.txt
[18.159s] reading manifest file 'scout_object_detector.egg-info/SOURCES.txt'
[18.166s] [ 74%] Built target scout_object_detector__py
[18.197s] writing manifest file 'scout_object_detector.egg-info/SOURCES.txt'
[18.273s] [ 74%] Built target ament_cmake_python_build_scout_object_detector_egg
[18.296s] [35m[1mConsolidate compiler generated dependencies of target scout_object_detector__rosidl_generator_py[0m
[18.473s] gmake[2]: Warning: File 'CMakeFiles/scout_object_detector__rosidl_generator_py.dir/compiler_depend.make' has modification time 0.24 s in the future
[18.488s] gmake[2]: warning:  Clock skew detected.  Your build may be incomplete.
[18.585s] [ 80%] Built target scout_object_detector__rosidl_generator_py
[18.654s] [35m[1mConsolidate compiler generated dependencies of target scout_object_detector__rosidl_typesupport_fastrtps_c__pyext[0m
[18.656s] [35m[1mConsolidate compiler generated dependencies of target scout_object_detector__rosidl_typesupport_introspection_c__pyext[0m
[18.743s] [35m[1mConsolidate compiler generated dependencies of target scout_object_detector__rosidl_typesupport_c__pyext[0m
[18.845s] gmake[2]: Warning: File 'CMakeFiles/scout_object_detector__rosidl_typesupport_fastrtps_c__pyext.dir/compiler_depend.make' has modification time 0.22 s in the future
[18.859s] gmake[2]: Warning: File 'CMakeFiles/scout_object_detector__rosidl_typesupport_introspection_c__pyext.dir/compiler_depend.make' has modification time 0.2 s in the future
[18.878s] gmake[2]: warning:  Clock skew detected.  Your build may be incomplete.
[18.887s] gmake[2]: warning:  Clock skew detected.  Your build may be incomplete.
[18.935s] gmake[2]: Warning: File 'CMakeFiles/scout_object_detector__rosidl_typesupport_c__pyext.dir/compiler_depend.make' has modification time 0.21 s in the future
[18.936s] [ 87%] Built target scout_object_detector__rosidl_typesupport_fastrtps_c__pyext
[18.955s] [ 93%] Built target scout_object_detector__rosidl_typesupport_introspection_c__pyext
[18.971s] gmake[2]: warning:  Clock skew detected.  Your build may be incomplete.
[19.134s] [100%] Built target scout_object_detector__rosidl_typesupport_c__pyext
[19.397s] Invoked command in '/apollo/ros_ws/build/scout_object_detector' returned '0': CMAKE_PREFIX_PATH=${CMAKE_PREFIX_PATH}:/apollo/dev_ws/install/my_package:/opt/ros/humble /usr/bin/cmake --build /apollo/ros_ws/build/scout_object_detector -- -j12 -l12
[19.602s] Invoking command in '/apollo/ros_ws/build/scout_object_detector': CMAKE_PREFIX_PATH=${CMAKE_PREFIX_PATH}:/apollo/dev_ws/install/my_package:/opt/ros/humble /usr/bin/cmake --install /apollo/ros_ws/build/scout_object_detector
[19.716s] -- Install configuration: ""
[19.723s] -- Execute custom install script
[19.754s] -- Up-to-date symlink: /apollo/ros_ws/install/scout_object_detector/share/ament_index/resource_index/rosidl_interfaces/scout_object_detector
[19.809s] -- Up-to-date symlink: /apollo/ros_ws/install/scout_object_detector/include/scout_object_detector/scout_object_detector/msg/detail/yolo_detection__functions.h
[19.833s] -- Up-to-date symlink: /apollo/ros_ws/install/scout_object_detector/include/scout_object_detector/scout_object_detector/msg/detail/yolo_detection__struct.h
[19.862s] -- Up-to-date symlink: /apollo/ros_ws/install/scout_object_detector/include/scout_object_detector/scout_object_detector/msg/detail/yolo_detection__type_support.h
[19.883s] -- Up-to-date symlink: /apollo/ros_ws/install/scout_object_detector/include/scout_object_detector/scout_object_detector/msg/rosidl_generator_c__visibility_control.h
[19.915s] -- Up-to-date symlink: /apollo/ros_ws/install/scout_object_detector/include/scout_object_detector/scout_object_detector/msg/yolo_detection.h
[19.930s] -- Up-to-date symlink: /apollo/ros_ws/install/scout_object_detector/share/scout_object_detector/environment/library_path.sh
[19.969s] -- Up-to-date symlink: /apollo/ros_ws/install/scout_object_detector/share/scout_object_detector/environment/library_path.dsv
[20.128s] -- Up-to-date symlink: /apollo/ros_ws/install/scout_object_detector/include/scout_object_detector/scout_object_detector/msg/detail/yolo_detection__rosidl_typesupport_fastrtps_c.h
[20.151s] -- Up-to-date symlink: /apollo/ros_ws/install/scout_object_detector/include/scout_object_detector/scout_object_detector/msg/rosidl_typesupport_fastrtps_c__visibility_control.h
[20.203s] -- Up-to-date symlink: /apollo/ros_ws/install/scout_object_detector/include/scout_object_detector/scout_object_detector/msg/detail/yolo_detection__builder.hpp
[20.230s] -- Up-to-date symlink: /apollo/ros_ws/install/scout_object_detector/include/scout_object_detector/scout_object_detector/msg/detail/yolo_detection__struct.hpp
[20.264s] -- Up-to-date symlink: /apollo/ros_ws/install/scout_object_detector/include/scout_object_detector/scout_object_detector/msg/detail/yolo_detection__traits.hpp
[20.289s] -- Up-to-date symlink: /apollo/ros_ws/install/scout_object_detector/include/scout_object_detector/scout_object_detector/msg/detail/yolo_detection__type_support.hpp
[20.314s] -- Up-to-date symlink: /apollo/ros_ws/install/scout_object_detector/include/scout_object_detector/scout_object_detector/msg/rosidl_generator_cpp__visibility_control.hpp
[20.333s] -- Up-to-date symlink: /apollo/ros_ws/install/scout_object_detector/include/scout_object_detector/scout_object_detector/msg/yolo_detection.hpp
[20.409s] -- Up-to-date symlink: /apollo/ros_ws/install/scout_object_detector/include/scout_object_detector/scout_object_detector/msg/detail/yolo_detection__rosidl_typesupport_fastrtps_cpp.hpp
[20.428s] -- Up-to-date symlink: /apollo/ros_ws/install/scout_object_detector/include/scout_object_detector/scout_object_detector/msg/rosidl_typesupport_fastrtps_cpp__visibility_control.h
[20.550s] -- Up-to-date symlink: /apollo/ros_ws/install/scout_object_detector/include/scout_object_detector/scout_object_detector/msg/detail/yolo_detection__rosidl_typesupport_introspection_c.h
[20.598s] -- Up-to-date symlink: /apollo/ros_ws/install/scout_object_detector/include/scout_object_detector/scout_object_detector/msg/rosidl_typesupport_introspection_c__visibility_control.h
[20.688s] -- Up-to-date symlink: /apollo/ros_ws/install/scout_object_detector/include/scout_object_detector/scout_object_detector/msg/detail/yolo_detection__rosidl_typesupport_introspection_cpp.hpp
[20.710s] -- Up-to-date symlink: /apollo/ros_ws/install/scout_object_detector/share/scout_object_detector/environment/pythonpath.sh
[20.727s] -- Up-to-date symlink: /apollo/ros_ws/install/scout_object_detector/share/scout_object_detector/environment/pythonpath.dsv
[20.767s] -- Up-to-date symlink: /apollo/ros_ws/install/scout_object_detector/local/lib/python3.10/dist-packages/scout_object_detector-0.0.0-py3.10.egg-info/PKG-INFO
[20.790s] -- Up-to-date symlink: /apollo/ros_ws/install/scout_object_detector/local/lib/python3.10/dist-packages/scout_object_detector-0.0.0-py3.10.egg-info/SOURCES.txt
[20.815s] -- Up-to-date symlink: /apollo/ros_ws/install/scout_object_detector/local/lib/python3.10/dist-packages/scout_object_detector-0.0.0-py3.10.egg-info/dependency_links.txt
[20.837s] -- Up-to-date symlink: /apollo/ros_ws/install/scout_object_detector/local/lib/python3.10/dist-packages/scout_object_detector-0.0.0-py3.10.egg-info/top_level.txt
[20.946s] -- Up-to-date symlink: /apollo/ros_ws/install/scout_object_detector/local/lib/python3.10/dist-packages/scout_object_detector/__init__.py
[20.984s] -- Up-to-date symlink: /apollo/ros_ws/install/scout_object_detector/local/lib/python3.10/dist-packages/scout_object_detector/_scout_object_detector_s.ep.rosidl_typesupport_c.c
[21.041s] -- Up-to-date symlink: /apollo/ros_ws/install/scout_object_detector/local/lib/python3.10/dist-packages/scout_object_detector/_scout_object_detector_s.ep.rosidl_typesupport_fastrtps_c.c
[21.110s] -- Up-to-date symlink: /apollo/ros_ws/install/scout_object_detector/local/lib/python3.10/dist-packages/scout_object_detector/_scout_object_detector_s.ep.rosidl_typesupport_introspection_c.c
[21.196s] -- Up-to-date symlink: /apollo/ros_ws/install/scout_object_detector/local/lib/python3.10/dist-packages/scout_object_detector/libscout_object_detector__rosidl_generator_py.so
[21.307s] -- Up-to-date symlink: /apollo/ros_ws/install/scout_object_detector/local/lib/python3.10/dist-packages/scout_object_detector/msg/__init__.py
[21.399s] -- Up-to-date symlink: /apollo/ros_ws/install/scout_object_detector/local/lib/python3.10/dist-packages/scout_object_detector/msg/_yolo_detection.py
[21.431s] -- Up-to-date symlink: /apollo/ros_ws/install/scout_object_detector/local/lib/python3.10/dist-packages/scout_object_detector/msg/_yolo_detection_s.c
[21.467s] -- Up-to-date symlink: /apollo/ros_ws/install/scout_object_detector/local/lib/python3.10/dist-packages/scout_object_detector/scout_object_detector_s__rosidl_typesupport_c.cpython-310-x86_64-linux-gnu.so
[21.545s] -- Up-to-date symlink: /apollo/ros_ws/install/scout_object_detector/local/lib/python3.10/dist-packages/scout_object_detector/scout_object_detector_s__rosidl_typesupport_fastrtps_c.cpython-310-x86_64-linux-gnu.so
[21.618s] -- Up-to-date symlink: /apollo/ros_ws/install/scout_object_detector/local/lib/python3.10/dist-packages/scout_object_detector/scout_object_detector_s__rosidl_typesupport_introspection_c.cpython-310-x86_64-linux-gnu.so
[21.698s] -- Up-to-date symlink: /apollo/ros_ws/install/scout_object_detector/local/lib/python3.10/dist-packages/scout_object_detector/scout_object_detector_s__rosidl_typesupport_fastrtps_c.cpython-310-x86_64-linux-gnu.so
[21.723s] -- Up-to-date symlink: /apollo/ros_ws/install/scout_object_detector/local/lib/python3.10/dist-packages/scout_object_detector/scout_object_detector_s__rosidl_typesupport_introspection_c.cpython-310-x86_64-linux-gnu.so
[21.748s] -- Up-to-date symlink: /apollo/ros_ws/install/scout_object_detector/local/lib/python3.10/dist-packages/scout_object_detector/scout_object_detector_s__rosidl_typesupport_c.cpython-310-x86_64-linux-gnu.so
[21.771s] -- Up-to-date symlink: /apollo/ros_ws/install/scout_object_detector/share/scout_object_detector/msg/YoloDetection.idl
[21.789s] -- Up-to-date symlink: /apollo/ros_ws/install/scout_object_detector/share/scout_object_detector/msg/YoloDetection.msg
[21.829s] -- Up-to-date symlink: /apollo/ros_ws/install/scout_object_detector/share/ament_index/resource_index/package_run_dependencies/scout_object_detector
[21.915s] -- Up-to-date symlink: /apollo/ros_ws/install/scout_object_detector/share/ament_index/resource_index/parent_prefix_path/scout_object_detector
[21.937s] -- Up-to-date symlink: /apollo/ros_ws/install/scout_object_detector/share/scout_object_detector/environment/ament_prefix_path.sh
[22.016s] -- Up-to-date symlink: /apollo/ros_ws/install/scout_object_detector/share/scout_object_detector/environment/ament_prefix_path.dsv
[22.050s] -- Up-to-date symlink: /apollo/ros_ws/install/scout_object_detector/share/scout_object_detector/environment/path.sh
[22.077s] -- Up-to-date symlink: /apollo/ros_ws/install/scout_object_detector/share/scout_object_detector/environment/path.dsv
[22.120s] -- Up-to-date symlink: /apollo/ros_ws/install/scout_object_detector/share/scout_object_detector/local_setup.bash
[22.156s] -- Up-to-date symlink: /apollo/ros_ws/install/scout_object_detector/share/scout_object_detector/local_setup.sh
[22.191s] -- Up-to-date symlink: /apollo/ros_ws/install/scout_object_detector/share/scout_object_detector/local_setup.zsh
[22.223s] -- Up-to-date symlink: /apollo/ros_ws/install/scout_object_detector/share/scout_object_detector/local_setup.dsv
[22.235s] -- Symlinking: /apollo/ros_ws/install/scout_object_detector/share/scout_object_detector/package.dsv
[22.482s] -- Up-to-date symlink: /apollo/ros_ws/install/scout_object_detector/share/ament_index/resource_index/packages/scout_object_detector
[22.533s] -- Up-to-date symlink: /apollo/ros_ws/install/scout_object_detector/share/scout_object_detector/cmake/rosidl_cmake-extras.cmake
[22.581s] -- Up-to-date symlink: /apollo/ros_ws/install/scout_object_detector/share/scout_object_detector/cmake/ament_cmake_export_dependencies-extras.cmake
[22.624s] -- Up-to-date symlink: /apollo/ros_ws/install/scout_object_detector/share/scout_object_detector/cmake/ament_cmake_export_include_directories-extras.cmake
[22.655s] -- Up-to-date symlink: /apollo/ros_ws/install/scout_object_detector/share/scout_object_detector/cmake/ament_cmake_export_libraries-extras.cmake
[22.675s] -- Up-to-date symlink: /apollo/ros_ws/install/scout_object_detector/share/scout_object_detector/cmake/ament_cmake_export_targets-extras.cmake
[22.691s] -- Up-to-date symlink: /apollo/ros_ws/install/scout_object_detector/share/scout_object_detector/cmake/rosidl_cmake_export_typesupport_targets-extras.cmake
[22.706s] -- Up-to-date symlink: /apollo/ros_ws/install/scout_object_detector/share/scout_object_detector/cmake/rosidl_cmake_export_typesupport_libraries-extras.cmake
[22.722s] -- Up-to-date symlink: /apollo/ros_ws/install/scout_object_detector/share/scout_object_detector/cmake/scout_object_detectorConfig.cmake
[22.736s] -- Up-to-date symlink: /apollo/ros_ws/install/scout_object_detector/share/scout_object_detector/cmake/scout_object_detectorConfig-version.cmake
[22.753s] -- Up-to-date symlink: /apollo/ros_ws/install/scout_object_detector/share/scout_object_detector/package.xml
[22.780s] -- Up-to-date: /apollo/ros_ws/install/scout_object_detector/lib/libscout_object_detector__rosidl_generator_c.so
[22.828s] -- Up-to-date: /apollo/ros_ws/install/scout_object_detector/lib/libscout_object_detector__rosidl_typesupport_fastrtps_c.so
[22.881s] -- Up-to-date: /apollo/ros_ws/install/scout_object_detector/lib/libscout_object_detector__rosidl_typesupport_fastrtps_cpp.so
[22.925s] -- Up-to-date: /apollo/ros_ws/install/scout_object_detector/lib/libscout_object_detector__rosidl_typesupport_introspection_c.so
[22.970s] -- Up-to-date: /apollo/ros_ws/install/scout_object_detector/lib/libscout_object_detector__rosidl_typesupport_c.so
[23.012s] -- Up-to-date: /apollo/ros_ws/install/scout_object_detector/lib/libscout_object_detector__rosidl_typesupport_introspection_cpp.so
[23.055s] -- Up-to-date: /apollo/ros_ws/install/scout_object_detector/lib/libscout_object_detector__rosidl_typesupport_cpp.so
[24.194s] Listing '/apollo/ros_ws/install/scout_object_detector/local/lib/python3.10/dist-packages/scout_object_detector'...
[24.195s] Compiling '/apollo/ros_ws/install/scout_object_detector/local/lib/python3.10/dist-packages/scout_object_detector/__init__.py'...
[24.195s] Listing '/apollo/ros_ws/install/scout_object_detector/local/lib/python3.10/dist-packages/scout_object_detector/msg'...
[24.299s] -- Up-to-date: /apollo/ros_ws/install/scout_object_detector/lib/libscout_object_detector__rosidl_generator_py.so
[24.377s] -- Up-to-date: /apollo/ros_ws/install/scout_object_detector/lib/scout_object_detector/object_detection_node
[24.407s] -- Up-to-date: /apollo/ros_ws/install/scout_object_detector/lib/scout_object_detector/detection_node
[24.465s] -- Up-to-date: /apollo/ros_ws/install/scout_object_detector/share/scout_object_detector/cmake/export_scout_object_detector__rosidl_generator_cExport.cmake
[24.506s] -- Up-to-date: /apollo/ros_ws/install/scout_object_detector/share/scout_object_detector/cmake/export_scout_object_detector__rosidl_generator_cExport-noconfig.cmake
[24.562s] -- Up-to-date: /apollo/ros_ws/install/scout_object_detector/share/scout_object_detector/cmake/export_scout_object_detector__rosidl_typesupport_fastrtps_cExport.cmake
[24.600s] -- Up-to-date: /apollo/ros_ws/install/scout_object_detector/share/scout_object_detector/cmake/export_scout_object_detector__rosidl_typesupport_fastrtps_cExport-noconfig.cmake
[24.659s] -- Up-to-date: /apollo/ros_ws/install/scout_object_detector/share/scout_object_detector/cmake/export_scout_object_detector__rosidl_generator_cppExport.cmake
[24.718s] -- Up-to-date: /apollo/ros_ws/install/scout_object_detector/share/scout_object_detector/cmake/export_scout_object_detector__rosidl_typesupport_fastrtps_cppExport.cmake
[24.750s] -- Up-to-date: /apollo/ros_ws/install/scout_object_detector/share/scout_object_detector/cmake/export_scout_object_detector__rosidl_typesupport_fastrtps_cppExport-noconfig.cmake
[24.777s] -- Up-to-date: /apollo/ros_ws/install/scout_object_detector/share/scout_object_detector/cmake/scout_object_detector__rosidl_typesupport_introspection_cExport.cmake
[24.801s] -- Up-to-date: /apollo/ros_ws/install/scout_object_detector/share/scout_object_detector/cmake/scout_object_detector__rosidl_typesupport_introspection_cExport-noconfig.cmake
[24.827s] -- Up-to-date: /apollo/ros_ws/install/scout_object_detector/share/scout_object_detector/cmake/scout_object_detector__rosidl_typesupport_cExport.cmake
[24.848s] -- Up-to-date: /apollo/ros_ws/install/scout_object_detector/share/scout_object_detector/cmake/scout_object_detector__rosidl_typesupport_cExport-noconfig.cmake
[24.874s] -- Up-to-date: /apollo/ros_ws/install/scout_object_detector/share/scout_object_detector/cmake/scout_object_detector__rosidl_typesupport_introspection_cppExport.cmake
[24.895s] -- Up-to-date: /apollo/ros_ws/install/scout_object_detector/share/scout_object_detector/cmake/scout_object_detector__rosidl_typesupport_introspection_cppExport-noconfig.cmake
[24.925s] -- Up-to-date: /apollo/ros_ws/install/scout_object_detector/share/scout_object_detector/cmake/scout_object_detector__rosidl_typesupport_cppExport.cmake
[24.946s] -- Up-to-date: /apollo/ros_ws/install/scout_object_detector/share/scout_object_detector/cmake/scout_object_detector__rosidl_typesupport_cppExport-noconfig.cmake
[24.972s] -- Up-to-date: /apollo/ros_ws/install/scout_object_detector/share/scout_object_detector/cmake/export_scout_object_detector__rosidl_generator_pyExport.cmake
[24.996s] -- Up-to-date: /apollo/ros_ws/install/scout_object_detector/share/scout_object_detector/cmake/export_scout_object_detector__rosidl_generator_pyExport-noconfig.cmake
[25.007s] Invoked command in '/apollo/ros_ws/build/scout_object_detector' returned '0': CMAKE_PREFIX_PATH=${CMAKE_PREFIX_PATH}:/apollo/dev_ws/install/my_package:/opt/ros/humble /usr/bin/cmake --install /apollo/ros_ws/build/scout_object_detector
