[0.020s] Invoking command in '/apollo/ros_ws/build/scout_mini_description': CMAKE_PREFIX_PATH=${CMAKE_PREFIX_PATH}:/apollo/dev_ws/install/my_package:/apollo/ros_ws/install/scout_mini_simulation:/apollo/ros_ws/install/auto_break:/opt/ros/humble /usr/bin/cmake --build /apollo/ros_ws/build/scout_mini_description -- -j20 -l20
[0.212s] Invoked command in '/apollo/ros_ws/build/scout_mini_description' returned '0': CMAKE_PREFIX_PATH=${CMAKE_PREFIX_PATH}:/apollo/dev_ws/install/my_package:/apollo/ros_ws/install/scout_mini_simulation:/apollo/ros_ws/install/auto_break:/opt/ros/humble /usr/bin/cmake --build /apollo/ros_ws/build/scout_mini_description -- -j20 -l20
[0.212s] Invoking command in '/apollo/ros_ws/build/scout_mini_description': CMAKE_PREFIX_PATH=${CMAKE_PREFIX_PATH}:/apollo/dev_ws/install/my_package:/apollo/ros_ws/install/scout_mini_simulation:/apollo/ros_ws/install/auto_break:/opt/ros/humble /usr/bin/cmake --install /apollo/ros_ws/build/scout_mini_description
[0.219s] -- Install configuration: ""
[0.221s] -- Execute custom install script
[0.221s] -- Up-to-date symlink: /apollo/ros_ws/install/scout_mini_description/share/scout_mini_description/launch/description_launch.py
[0.221s] -- Up-to-date symlink: /apollo/ros_ws/install/scout_mini_description/share/scout_mini_description/launch/rviz2_launch.py
[0.221s] -- Up-to-date symlink: /apollo/ros_ws/install/scout_mini_description/share/scout_mini_description/meshes/body.dae
[0.221s] -- Up-to-date symlink: /apollo/ros_ws/install/scout_mini_description/share/scout_mini_description/meshes/wheel.dae
[0.221s] -- Up-to-date symlink: /apollo/ros_ws/install/scout_mini_description/share/scout_mini_description/rviz/scout_mini.rviz
[0.221s] -- Up-to-date symlink: /apollo/ros_ws/install/scout_mini_description/share/scout_mini_description/urdf/scout_mini.urdf
[0.221s] -- Up-to-date symlink: /apollo/ros_ws/install/scout_mini_description/share/scout_mini_description/urdf/scout_mini.urdf.xacro
[0.221s] -- Up-to-date symlink: /apollo/ros_ws/install/scout_mini_description/share/ament_index/resource_index/package_run_dependencies/scout_mini_description
[0.221s] -- Up-to-date symlink: /apollo/ros_ws/install/scout_mini_description/share/ament_index/resource_index/parent_prefix_path/scout_mini_description
[0.222s] -- Up-to-date symlink: /apollo/ros_ws/install/scout_mini_description/share/scout_mini_description/environment/ament_prefix_path.sh
[0.222s] -- Up-to-date symlink: /apollo/ros_ws/install/scout_mini_description/share/scout_mini_description/environment/ament_prefix_path.dsv
[0.222s] -- Up-to-date symlink: /apollo/ros_ws/install/scout_mini_description/share/scout_mini_description/environment/path.sh
[0.222s] -- Up-to-date symlink: /apollo/ros_ws/install/scout_mini_description/share/scout_mini_description/environment/path.dsv
[0.222s] -- Up-to-date symlink: /apollo/ros_ws/install/scout_mini_description/share/scout_mini_description/local_setup.bash
[0.225s] -- Up-to-date symlink: /apollo/ros_ws/install/scout_mini_description/share/scout_mini_description/local_setup.sh
[0.225s] -- Up-to-date symlink: /apollo/ros_ws/install/scout_mini_description/share/scout_mini_description/local_setup.zsh
[0.225s] -- Up-to-date symlink: /apollo/ros_ws/install/scout_mini_description/share/scout_mini_description/local_setup.dsv
[0.226s] -- Symlinking: /apollo/ros_ws/install/scout_mini_description/share/scout_mini_description/package.dsv
[0.234s] -- Up-to-date symlink: /apollo/ros_ws/install/scout_mini_description/share/ament_index/resource_index/packages/scout_mini_description
[0.234s] -- Up-to-date symlink: /apollo/ros_ws/install/scout_mini_description/share/scout_mini_description/cmake/scout_mini_descriptionConfig.cmake
[0.234s] -- Up-to-date symlink: /apollo/ros_ws/install/scout_mini_description/share/scout_mini_description/cmake/scout_mini_descriptionConfig-version.cmake
[0.235s] -- Up-to-date symlink: /apollo/ros_ws/install/scout_mini_description/share/scout_mini_description/package.xml
[0.245s] Invoked command in '/apollo/ros_ws/build/scout_mini_description' returned '0': CMAKE_PREFIX_PATH=${CMAKE_PREFIX_PATH}:/apollo/dev_ws/install/my_package:/apollo/ros_ws/install/scout_mini_simulation:/apollo/ros_ws/install/auto_break:/opt/ros/humble /usr/bin/cmake --install /apollo/ros_ws/build/scout_mini_description
