[0.691s] DEBUG:colcon:Command line arguments: ['/usr/bin/colcon', 'build', '--packages-select', 'test_detector']
[0.692s] DEBUG:colcon:Parsed command line arguments: Namespace(log_base=None, log_level=None, verb_name='build', build_base='build', install_base='install', merge_install=False, symlink_install=False, test_result_base=None, continue_on_error=False, executor='parallel', parallel_workers=12, event_handlers=None, ignore_user_meta=False, metas=['./colcon.meta'], base_paths=['.'], packages_ignore=None, packages_ignore_regex=None, paths=None, packages_up_to=None, packages_up_to_regex=None, packages_above=None, packages_above_and_dependencies=None, packages_above_depth=None, packages_select_by_dep=None, packages_skip_by_dep=None, packages_skip_up_to=None, packages_select_build_failed=False, packages_skip_build_finished=False, packages_select_test_failures=False, packages_skip_test_passed=False, packages_select=['test_detector'], packages_skip=None, packages_select_regex=None, packages_skip_regex=None, packages_start=None, packages_end=None, cmake_args=None, cmake_target=None, cmake_target_skip_unavailable=False, cmake_clean_cache=False, cmake_clean_first=False, cmake_force_configure=False, ament_cmake_args=None, catkin_cmake_args=None, catkin_skip_building_tests=False, mixin_files=None, mixin=None, verb_parser=<colcon_mixin.mixin.mixin_argument.MixinArgumentDecorator object at 0x7f69b2c70d60>, verb_extension=<colcon_core.verb.build.BuildVerb object at 0x7f69b2d89bd0>, main=<bound method BuildVerb.main of <colcon_core.verb.build.BuildVerb object at 0x7f69b2d89bd0>>, mixin_verb=('build',))
[1.174s] Level 1:colcon.colcon_core.package_discovery:discover_packages(colcon_meta) check parameters
[1.175s] Level 1:colcon.colcon_core.package_discovery:discover_packages(recursive) check parameters
[1.175s] Level 1:colcon.colcon_core.package_discovery:discover_packages(ignore) check parameters
[1.175s] Level 1:colcon.colcon_core.package_discovery:discover_packages(path) check parameters
[1.175s] Level 1:colcon.colcon_core.package_discovery:discover_packages(colcon_meta) discover
[1.176s] Level 1:colcon.colcon_core.package_discovery:discover_packages(recursive) discover
[1.176s] INFO:colcon.colcon_core.package_discovery:Crawling recursively for packages in '/apollo'
[1.177s] Level 1:colcon.colcon_core.package_identification:_identify(.) by extensions ['ignore', 'ignore_ament_install']
[1.177s] Level 1:colcon.colcon_core.package_identification:_identify(.) by extension 'ignore'
[1.177s] Level 1:colcon.colcon_core.package_identification:_identify(.) by extension 'ignore_ament_install'
[1.178s] Level 1:colcon.colcon_core.package_identification:_identify(.) by extensions ['colcon_pkg']
[1.178s] Level 1:colcon.colcon_core.package_identification:_identify(.) by extension 'colcon_pkg'
[1.178s] Level 1:colcon.colcon_core.package_identification:_identify(.) by extensions ['colcon_meta']
[1.178s] Level 1:colcon.colcon_core.package_identification:_identify(.) by extension 'colcon_meta'
[1.178s] Level 1:colcon.colcon_core.package_identification:_identify(.) by extensions ['ros']
[1.178s] Level 1:colcon.colcon_core.package_identification:_identify(.) by extension 'ros'
[1.195s] Level 1:colcon.colcon_core.package_identification:_identify(.) by extensions ['cmake', 'python']
[1.195s] Level 1:colcon.colcon_core.package_identification:_identify(.) by extension 'cmake'
[1.196s] Level 1:colcon.colcon_core.package_identification:_identify(.) by extension 'python'
[1.196s] Level 1:colcon.colcon_core.package_identification:_identify(.) by extensions ['python_setup_py']
[1.196s] Level 1:colcon.colcon_core.package_identification:_identify(.) by extension 'python_setup_py'
[1.197s] Level 1:colcon.colcon_core.package_identification:_identify(apollo) by extensions ['ignore', 'ignore_ament_install']
[1.198s] Level 1:colcon.colcon_core.package_identification:_identify(apollo) by extension 'ignore'
[1.198s] Level 1:colcon.colcon_core.package_identification:_identify(apollo) by extension 'ignore_ament_install'
[1.199s] Level 1:colcon.colcon_core.package_identification:_identify(apollo) by extensions ['colcon_pkg']
[1.199s] Level 1:colcon.colcon_core.package_identification:_identify(apollo) by extension 'colcon_pkg'
[1.200s] Level 1:colcon.colcon_core.package_identification:_identify(apollo) by extensions ['colcon_meta']
[1.200s] Level 1:colcon.colcon_core.package_identification:_identify(apollo) by extension 'colcon_meta'
[1.201s] Level 1:colcon.colcon_core.package_identification:_identify(apollo) by extensions ['ros']
[1.201s] Level 1:colcon.colcon_core.package_identification:_identify(apollo) by extension 'ros'
[1.203s] Level 1:colcon.colcon_core.package_identification:_identify(apollo) by extensions ['cmake', 'python']
[1.203s] Level 1:colcon.colcon_core.package_identification:_identify(apollo) by extension 'cmake'
[1.204s] Level 1:colcon.colcon_core.package_identification:_identify(apollo) by extension 'python'
[1.204s] Level 1:colcon.colcon_core.package_identification:_identify(apollo) by extensions ['python_setup_py']
[1.204s] Level 1:colcon.colcon_core.package_identification:_identify(apollo) by extension 'python_setup_py'
[1.207s] Level 1:colcon.colcon_core.package_identification:_identify(build) by extensions ['ignore', 'ignore_ament_install']
[1.208s] Level 1:colcon.colcon_core.package_identification:_identify(build) by extension 'ignore'
[1.209s] Level 1:colcon.colcon_core.package_identification:_identify(build) ignored
[1.211s] Level 1:colcon.colcon_core.package_identification:_identify(dev_ws) by extensions ['ignore', 'ignore_ament_install']
[1.212s] Level 1:colcon.colcon_core.package_identification:_identify(dev_ws) by extension 'ignore'
[1.213s] Level 1:colcon.colcon_core.package_identification:_identify(dev_ws) by extension 'ignore_ament_install'
[1.214s] Level 1:colcon.colcon_core.package_identification:_identify(dev_ws) by extensions ['colcon_pkg']
[1.215s] Level 1:colcon.colcon_core.package_identification:_identify(dev_ws) by extension 'colcon_pkg'
[1.216s] Level 1:colcon.colcon_core.package_identification:_identify(dev_ws) by extensions ['colcon_meta']
[1.216s] Level 1:colcon.colcon_core.package_identification:_identify(dev_ws) by extension 'colcon_meta'
[1.217s] Level 1:colcon.colcon_core.package_identification:_identify(dev_ws) by extensions ['ros']
[1.218s] Level 1:colcon.colcon_core.package_identification:_identify(dev_ws) by extension 'ros'
[1.221s] Level 1:colcon.colcon_core.package_identification:_identify(dev_ws) by extensions ['cmake', 'python']
[1.222s] Level 1:colcon.colcon_core.package_identification:_identify(dev_ws) by extension 'cmake'
[1.223s] Level 1:colcon.colcon_core.package_identification:_identify(dev_ws) by extension 'python'
[1.223s] Level 1:colcon.colcon_core.package_identification:_identify(dev_ws) by extensions ['python_setup_py']
[1.224s] Level 1:colcon.colcon_core.package_identification:_identify(dev_ws) by extension 'python_setup_py'
[1.229s] Level 1:colcon.colcon_core.package_identification:_identify(dev_ws/build) by extensions ['ignore', 'ignore_ament_install']
[1.230s] Level 1:colcon.colcon_core.package_identification:_identify(dev_ws/build) by extension 'ignore'
[1.232s] Level 1:colcon.colcon_core.package_identification:_identify(dev_ws/build) ignored
[1.237s] Level 1:colcon.colcon_core.package_identification:_identify(dev_ws/install) by extensions ['ignore', 'ignore_ament_install']
[1.237s] Level 1:colcon.colcon_core.package_identification:_identify(dev_ws/install) by extension 'ignore'
[1.239s] Level 1:colcon.colcon_core.package_identification:_identify(dev_ws/install) ignored
[1.244s] Level 1:colcon.colcon_core.package_identification:_identify(dev_ws/log) by extensions ['ignore', 'ignore_ament_install']
[1.245s] Level 1:colcon.colcon_core.package_identification:_identify(dev_ws/log) by extension 'ignore'
[1.247s] Level 1:colcon.colcon_core.package_identification:_identify(dev_ws/log) ignored
[1.252s] Level 1:colcon.colcon_core.package_identification:_identify(dev_ws/src) by extensions ['ignore', 'ignore_ament_install']
[1.253s] Level 1:colcon.colcon_core.package_identification:_identify(dev_ws/src) by extension 'ignore'
[1.254s] Level 1:colcon.colcon_core.package_identification:_identify(dev_ws/src) by extension 'ignore_ament_install'
[1.258s] Level 1:colcon.colcon_core.package_identification:_identify(dev_ws/src) by extensions ['colcon_pkg']
[1.258s] Level 1:colcon.colcon_core.package_identification:_identify(dev_ws/src) by extension 'colcon_pkg'
[1.260s] Level 1:colcon.colcon_core.package_identification:_identify(dev_ws/src) by extensions ['colcon_meta']
[1.260s] Level 1:colcon.colcon_core.package_identification:_identify(dev_ws/src) by extension 'colcon_meta'
[1.263s] Level 1:colcon.colcon_core.package_identification:_identify(dev_ws/src) by extensions ['ros']
[1.263s] Level 1:colcon.colcon_core.package_identification:_identify(dev_ws/src) by extension 'ros'
[1.271s] Level 1:colcon.colcon_core.package_identification:_identify(dev_ws/src) by extensions ['cmake', 'python']
[1.271s] Level 1:colcon.colcon_core.package_identification:_identify(dev_ws/src) by extension 'cmake'
[1.273s] Level 1:colcon.colcon_core.package_identification:_identify(dev_ws/src) by extension 'python'
[1.274s] Level 1:colcon.colcon_core.package_identification:_identify(dev_ws/src) by extensions ['python_setup_py']
[1.275s] Level 1:colcon.colcon_core.package_identification:_identify(dev_ws/src) by extension 'python_setup_py'
[1.284s] Level 1:colcon.colcon_core.package_identification:_identify(dev_ws/src/my_package) by extensions ['ignore', 'ignore_ament_install']
[1.284s] Level 1:colcon.colcon_core.package_identification:_identify(dev_ws/src/my_package) by extension 'ignore'
[1.286s] Level 1:colcon.colcon_core.package_identification:_identify(dev_ws/src/my_package) by extension 'ignore_ament_install'
[1.291s] Level 1:colcon.colcon_core.package_identification:_identify(dev_ws/src/my_package) by extensions ['colcon_pkg']
[1.291s] Level 1:colcon.colcon_core.package_identification:_identify(dev_ws/src/my_package) by extension 'colcon_pkg'
[1.293s] Level 1:colcon.colcon_core.package_identification:_identify(dev_ws/src/my_package) by extensions ['colcon_meta']
[1.294s] Level 1:colcon.colcon_core.package_identification:_identify(dev_ws/src/my_package) by extension 'colcon_meta'
[1.299s] Level 1:colcon.colcon_core.package_identification:_identify(dev_ws/src/my_package) by extensions ['ros']
[1.299s] Level 1:colcon.colcon_core.package_identification:_identify(dev_ws/src/my_package) by extension 'ros'
[1.327s] DEBUG:colcon.colcon_core.package_identification:Package 'dev_ws/src/my_package' with type 'ros.ament_python' and name 'my_package'
[1.332s] Level 1:colcon.colcon_core.package_identification:_identify(example_ws) by extensions ['ignore', 'ignore_ament_install']
[1.332s] Level 1:colcon.colcon_core.package_identification:_identify(example_ws) by extension 'ignore'
[1.333s] Level 1:colcon.colcon_core.package_identification:_identify(example_ws) by extension 'ignore_ament_install'
[1.335s] Level 1:colcon.colcon_core.package_identification:_identify(example_ws) by extensions ['colcon_pkg']
[1.336s] Level 1:colcon.colcon_core.package_identification:_identify(example_ws) by extension 'colcon_pkg'
[1.337s] Level 1:colcon.colcon_core.package_identification:_identify(example_ws) by extensions ['colcon_meta']
[1.337s] Level 1:colcon.colcon_core.package_identification:_identify(example_ws) by extension 'colcon_meta'
[1.339s] Level 1:colcon.colcon_core.package_identification:_identify(example_ws) by extensions ['ros']
[1.339s] Level 1:colcon.colcon_core.package_identification:_identify(example_ws) by extension 'ros'
[1.344s] Level 1:colcon.colcon_core.package_identification:_identify(example_ws) by extensions ['cmake', 'python']
[1.345s] Level 1:colcon.colcon_core.package_identification:_identify(example_ws) by extension 'cmake'
[1.347s] Level 1:colcon.colcon_core.package_identification:_identify(example_ws) by extension 'python'
[1.349s] Level 1:colcon.colcon_core.package_identification:_identify(example_ws) by extensions ['python_setup_py']
[1.349s] Level 1:colcon.colcon_core.package_identification:_identify(example_ws) by extension 'python_setup_py'
[1.358s] Level 1:colcon.colcon_core.package_identification:_identify(example_ws/build) by extensions ['ignore', 'ignore_ament_install']
[1.358s] Level 1:colcon.colcon_core.package_identification:_identify(example_ws/build) by extension 'ignore'
[1.361s] Level 1:colcon.colcon_core.package_identification:_identify(example_ws/build) ignored
[1.366s] Level 1:colcon.colcon_core.package_identification:_identify(example_ws/install) by extensions ['ignore', 'ignore_ament_install']
[1.367s] Level 1:colcon.colcon_core.package_identification:_identify(example_ws/install) by extension 'ignore'
[1.369s] Level 1:colcon.colcon_core.package_identification:_identify(example_ws/install) ignored
[1.374s] Level 1:colcon.colcon_core.package_identification:_identify(example_ws/log) by extensions ['ignore', 'ignore_ament_install']
[1.375s] Level 1:colcon.colcon_core.package_identification:_identify(example_ws/log) by extension 'ignore'
[1.377s] Level 1:colcon.colcon_core.package_identification:_identify(example_ws/log) ignored
[1.381s] Level 1:colcon.colcon_core.package_identification:_identify(install) by extensions ['ignore', 'ignore_ament_install']
[1.382s] Level 1:colcon.colcon_core.package_identification:_identify(install) by extension 'ignore'
[1.383s] Level 1:colcon.colcon_core.package_identification:_identify(install) ignored
[1.389s] Level 1:colcon.colcon_core.package_identification:_identify(log) by extensions ['ignore', 'ignore_ament_install']
[1.389s] Level 1:colcon.colcon_core.package_identification:_identify(log) by extension 'ignore'
[1.390s] Level 1:colcon.colcon_core.package_identification:_identify(log) ignored
[1.393s] Level 1:colcon.colcon_core.package_identification:_identify(ros_ws) by extensions ['ignore', 'ignore_ament_install']
[1.394s] Level 1:colcon.colcon_core.package_identification:_identify(ros_ws) by extension 'ignore'
[1.395s] Level 1:colcon.colcon_core.package_identification:_identify(ros_ws) by extension 'ignore_ament_install'
[1.396s] Level 1:colcon.colcon_core.package_identification:_identify(ros_ws) by extensions ['colcon_pkg']
[1.396s] Level 1:colcon.colcon_core.package_identification:_identify(ros_ws) by extension 'colcon_pkg'
[1.397s] Level 1:colcon.colcon_core.package_identification:_identify(ros_ws) by extensions ['colcon_meta']
[1.397s] Level 1:colcon.colcon_core.package_identification:_identify(ros_ws) by extension 'colcon_meta'
[1.399s] Level 1:colcon.colcon_core.package_identification:_identify(ros_ws) by extensions ['ros']
[1.399s] Level 1:colcon.colcon_core.package_identification:_identify(ros_ws) by extension 'ros'
[1.402s] Level 1:colcon.colcon_core.package_identification:_identify(ros_ws) by extensions ['cmake', 'python']
[1.403s] Level 1:colcon.colcon_core.package_identification:_identify(ros_ws) by extension 'cmake'
[1.404s] Level 1:colcon.colcon_core.package_identification:_identify(ros_ws) by extension 'python'
[1.405s] Level 1:colcon.colcon_core.package_identification:_identify(ros_ws) by extensions ['python_setup_py']
[1.405s] Level 1:colcon.colcon_core.package_identification:_identify(ros_ws) by extension 'python_setup_py'
[1.411s] Level 1:colcon.colcon_core.package_identification:_identify(ros_ws/build) by extensions ['ignore', 'ignore_ament_install']
[1.411s] Level 1:colcon.colcon_core.package_identification:_identify(ros_ws/build) by extension 'ignore'
[1.413s] Level 1:colcon.colcon_core.package_identification:_identify(ros_ws/build) ignored
[1.419s] Level 1:colcon.colcon_core.package_identification:_identify(ros_ws/install) by extensions ['ignore', 'ignore_ament_install']
[1.419s] Level 1:colcon.colcon_core.package_identification:_identify(ros_ws/install) by extension 'ignore'
[1.421s] Level 1:colcon.colcon_core.package_identification:_identify(ros_ws/install) ignored
[1.430s] Level 1:colcon.colcon_core.package_identification:_identify(ros_ws/log) by extensions ['ignore', 'ignore_ament_install']
[1.430s] Level 1:colcon.colcon_core.package_identification:_identify(ros_ws/log) by extension 'ignore'
[1.433s] Level 1:colcon.colcon_core.package_identification:_identify(ros_ws/log) ignored
[1.437s] Level 1:colcon.colcon_core.package_identification:_identify(ros_ws/src) by extensions ['ignore', 'ignore_ament_install']
[1.438s] Level 1:colcon.colcon_core.package_identification:_identify(ros_ws/src) by extension 'ignore'
[1.439s] Level 1:colcon.colcon_core.package_identification:_identify(ros_ws/src) by extension 'ignore_ament_install'
[1.442s] Level 1:colcon.colcon_core.package_identification:_identify(ros_ws/src) by extensions ['colcon_pkg']
[1.442s] Level 1:colcon.colcon_core.package_identification:_identify(ros_ws/src) by extension 'colcon_pkg'
[1.443s] Level 1:colcon.colcon_core.package_identification:_identify(ros_ws/src) by extensions ['colcon_meta']
[1.444s] Level 1:colcon.colcon_core.package_identification:_identify(ros_ws/src) by extension 'colcon_meta'
[1.447s] Level 1:colcon.colcon_core.package_identification:_identify(ros_ws/src) by extensions ['ros']
[1.448s] Level 1:colcon.colcon_core.package_identification:_identify(ros_ws/src) by extension 'ros'
[1.455s] Level 1:colcon.colcon_core.package_identification:_identify(ros_ws/src) by extensions ['cmake', 'python']
[1.456s] Level 1:colcon.colcon_core.package_identification:_identify(ros_ws/src) by extension 'cmake'
[1.457s] Level 1:colcon.colcon_core.package_identification:_identify(ros_ws/src) by extension 'python'
[1.459s] Level 1:colcon.colcon_core.package_identification:_identify(ros_ws/src) by extensions ['python_setup_py']
[1.459s] Level 1:colcon.colcon_core.package_identification:_identify(ros_ws/src) by extension 'python_setup_py'
[1.469s] Level 1:colcon.colcon_core.package_identification:_identify(ros_ws/src/scout_mini_base) by extensions ['ignore', 'ignore_ament_install']
[1.469s] Level 1:colcon.colcon_core.package_identification:_identify(ros_ws/src/scout_mini_base) by extension 'ignore'
[1.473s] Level 1:colcon.colcon_core.package_identification:_identify(ros_ws/src/scout_mini_base) by extension 'ignore_ament_install'
[1.479s] Level 1:colcon.colcon_core.package_identification:_identify(ros_ws/src/scout_mini_base) by extensions ['colcon_pkg']
[1.480s] Level 1:colcon.colcon_core.package_identification:_identify(ros_ws/src/scout_mini_base) by extension 'colcon_pkg'
[1.482s] Level 1:colcon.colcon_core.package_identification:_identify(ros_ws/src/scout_mini_base) by extensions ['colcon_meta']
[1.483s] Level 1:colcon.colcon_core.package_identification:_identify(ros_ws/src/scout_mini_base) by extension 'colcon_meta'
[1.490s] Level 1:colcon.colcon_core.package_identification:_identify(ros_ws/src/scout_mini_base) by extensions ['ros']
[1.491s] Level 1:colcon.colcon_core.package_identification:_identify(ros_ws/src/scout_mini_base) by extension 'ros'
[1.521s] DEBUG:colcon.colcon_core.package_identification:Package 'ros_ws/src/scout_mini_base' with type 'ros.ament_cmake' and name 'scout_mini_base'
[1.532s] Level 1:colcon.colcon_core.package_identification:_identify(ros_ws/src/scout_mini_description) by extensions ['ignore', 'ignore_ament_install']
[1.533s] Level 1:colcon.colcon_core.package_identification:_identify(ros_ws/src/scout_mini_description) by extension 'ignore'
[1.537s] Level 1:colcon.colcon_core.package_identification:_identify(ros_ws/src/scout_mini_description) by extension 'ignore_ament_install'
[1.543s] Level 1:colcon.colcon_core.package_identification:_identify(ros_ws/src/scout_mini_description) by extensions ['colcon_pkg']
[1.543s] Level 1:colcon.colcon_core.package_identification:_identify(ros_ws/src/scout_mini_description) by extension 'colcon_pkg'
[1.547s] Level 1:colcon.colcon_core.package_identification:_identify(ros_ws/src/scout_mini_description) by extensions ['colcon_meta']
[1.547s] Level 1:colcon.colcon_core.package_identification:_identify(ros_ws/src/scout_mini_description) by extension 'colcon_meta'
[1.552s] Level 1:colcon.colcon_core.package_identification:_identify(ros_ws/src/scout_mini_description) by extensions ['ros']
[1.552s] Level 1:colcon.colcon_core.package_identification:_identify(ros_ws/src/scout_mini_description) by extension 'ros'
[1.573s] DEBUG:colcon.colcon_core.package_identification:Package 'ros_ws/src/scout_mini_description' with type 'ros.ament_cmake' and name 'scout_mini_description'
[1.580s] Level 1:colcon.colcon_core.package_identification:_identify(ros_ws/src/scout_mini_hardware) by extensions ['ignore', 'ignore_ament_install']
[1.581s] Level 1:colcon.colcon_core.package_identification:_identify(ros_ws/src/scout_mini_hardware) by extension 'ignore'
[1.582s] Level 1:colcon.colcon_core.package_identification:_identify(ros_ws/src/scout_mini_hardware) by extension 'ignore_ament_install'
[1.586s] Level 1:colcon.colcon_core.package_identification:_identify(ros_ws/src/scout_mini_hardware) by extensions ['colcon_pkg']
[1.587s] Level 1:colcon.colcon_core.package_identification:_identify(ros_ws/src/scout_mini_hardware) by extension 'colcon_pkg'
[1.589s] Level 1:colcon.colcon_core.package_identification:_identify(ros_ws/src/scout_mini_hardware) by extensions ['colcon_meta']
[1.589s] Level 1:colcon.colcon_core.package_identification:_identify(ros_ws/src/scout_mini_hardware) by extension 'colcon_meta'
[1.593s] Level 1:colcon.colcon_core.package_identification:_identify(ros_ws/src/scout_mini_hardware) by extensions ['ros']
[1.593s] Level 1:colcon.colcon_core.package_identification:_identify(ros_ws/src/scout_mini_hardware) by extension 'ros'
[1.614s] DEBUG:colcon.colcon_core.package_identification:Package 'ros_ws/src/scout_mini_hardware' with type 'ros.ament_cmake' and name 'scout_mini_hardware'
[1.623s] Level 1:colcon.colcon_core.package_identification:_identify(ros_ws/src/scout_mini_msgs) by extensions ['ignore', 'ignore_ament_install']
[1.623s] Level 1:colcon.colcon_core.package_identification:_identify(ros_ws/src/scout_mini_msgs) by extension 'ignore'
[1.625s] Level 1:colcon.colcon_core.package_identification:_identify(ros_ws/src/scout_mini_msgs) by extension 'ignore_ament_install'
[1.629s] Level 1:colcon.colcon_core.package_identification:_identify(ros_ws/src/scout_mini_msgs) by extensions ['colcon_pkg']
[1.629s] Level 1:colcon.colcon_core.package_identification:_identify(ros_ws/src/scout_mini_msgs) by extension 'colcon_pkg'
[1.631s] Level 1:colcon.colcon_core.package_identification:_identify(ros_ws/src/scout_mini_msgs) by extensions ['colcon_meta']
[1.631s] Level 1:colcon.colcon_core.package_identification:_identify(ros_ws/src/scout_mini_msgs) by extension 'colcon_meta'
[1.635s] Level 1:colcon.colcon_core.package_identification:_identify(ros_ws/src/scout_mini_msgs) by extensions ['ros']
[1.635s] Level 1:colcon.colcon_core.package_identification:_identify(ros_ws/src/scout_mini_msgs) by extension 'ros'
[1.652s] DEBUG:colcon.colcon_core.package_identification:Package 'ros_ws/src/scout_mini_msgs' with type 'ros.ament_cmake' and name 'scout_mini_msgs'
[1.658s] Level 1:colcon.colcon_core.package_identification:_identify(ros_ws/src/scout_mini_ros2) by extensions ['ignore', 'ignore_ament_install']
[1.658s] Level 1:colcon.colcon_core.package_identification:_identify(ros_ws/src/scout_mini_ros2) by extension 'ignore'
[1.659s] Level 1:colcon.colcon_core.package_identification:_identify(ros_ws/src/scout_mini_ros2) by extension 'ignore_ament_install'
[1.661s] Level 1:colcon.colcon_core.package_identification:_identify(ros_ws/src/scout_mini_ros2) by extensions ['colcon_pkg']
[1.661s] Level 1:colcon.colcon_core.package_identification:_identify(ros_ws/src/scout_mini_ros2) by extension 'colcon_pkg'
[1.663s] Level 1:colcon.colcon_core.package_identification:_identify(ros_ws/src/scout_mini_ros2) by extensions ['colcon_meta']
[1.663s] Level 1:colcon.colcon_core.package_identification:_identify(ros_ws/src/scout_mini_ros2) by extension 'colcon_meta'
[1.665s] Level 1:colcon.colcon_core.package_identification:_identify(ros_ws/src/scout_mini_ros2) by extensions ['ros']
[1.665s] Level 1:colcon.colcon_core.package_identification:_identify(ros_ws/src/scout_mini_ros2) by extension 'ros'
[1.684s] DEBUG:colcon.colcon_core.package_identification:Package 'ros_ws/src/scout_mini_ros2' with type 'ros.ament_cmake' and name 'scout_mini_ros2'
[1.690s] Level 1:colcon.colcon_core.package_identification:_identify(ros_ws/src/scout_mini_simulation) by extensions ['ignore', 'ignore_ament_install']
[1.691s] Level 1:colcon.colcon_core.package_identification:_identify(ros_ws/src/scout_mini_simulation) by extension 'ignore'
[1.693s] Level 1:colcon.colcon_core.package_identification:_identify(ros_ws/src/scout_mini_simulation) by extension 'ignore_ament_install'
[1.696s] Level 1:colcon.colcon_core.package_identification:_identify(ros_ws/src/scout_mini_simulation) by extensions ['colcon_pkg']
[1.696s] Level 1:colcon.colcon_core.package_identification:_identify(ros_ws/src/scout_mini_simulation) by extension 'colcon_pkg'
[1.697s] Level 1:colcon.colcon_core.package_identification:_identify(ros_ws/src/scout_mini_simulation) by extensions ['colcon_meta']
[1.698s] Level 1:colcon.colcon_core.package_identification:_identify(ros_ws/src/scout_mini_simulation) by extension 'colcon_meta'
[1.700s] Level 1:colcon.colcon_core.package_identification:_identify(ros_ws/src/scout_mini_simulation) by extensions ['ros']
[1.700s] Level 1:colcon.colcon_core.package_identification:_identify(ros_ws/src/scout_mini_simulation) by extension 'ros'
[1.712s] DEBUG:colcon.colcon_core.package_identification:Package 'ros_ws/src/scout_mini_simulation' with type 'ros.ament_python' and name 'scout_mini_simulation'
[1.718s] Level 1:colcon.colcon_core.package_identification:_identify(ros_ws/src/scout_object_detector) by extensions ['ignore', 'ignore_ament_install']
[1.719s] Level 1:colcon.colcon_core.package_identification:_identify(ros_ws/src/scout_object_detector) by extension 'ignore'
[1.721s] Level 1:colcon.colcon_core.package_identification:_identify(ros_ws/src/scout_object_detector) by extension 'ignore_ament_install'
[1.724s] Level 1:colcon.colcon_core.package_identification:_identify(ros_ws/src/scout_object_detector) by extensions ['colcon_pkg']
[1.724s] Level 1:colcon.colcon_core.package_identification:_identify(ros_ws/src/scout_object_detector) by extension 'colcon_pkg'
[1.726s] Level 1:colcon.colcon_core.package_identification:_identify(ros_ws/src/scout_object_detector) by extensions ['colcon_meta']
[1.726s] Level 1:colcon.colcon_core.package_identification:_identify(ros_ws/src/scout_object_detector) by extension 'colcon_meta'
[1.730s] Level 1:colcon.colcon_core.package_identification:_identify(ros_ws/src/scout_object_detector) by extensions ['ros']
[1.730s] Level 1:colcon.colcon_core.package_identification:_identify(ros_ws/src/scout_object_detector) by extension 'ros'
[1.744s] DEBUG:colcon.colcon_core.package_identification:Package 'ros_ws/src/scout_object_detector' with type 'ros.ament_cmake' and name 'test_detector'
[1.748s] Level 1:colcon.colcon_core.package_identification:_identify(ros_ws/src/task1) by extensions ['ignore', 'ignore_ament_install']
[1.748s] Level 1:colcon.colcon_core.package_identification:_identify(ros_ws/src/task1) by extension 'ignore'
[1.749s] Level 1:colcon.colcon_core.package_identification:_identify(ros_ws/src/task1) by extension 'ignore_ament_install'
[1.753s] Level 1:colcon.colcon_core.package_identification:_identify(ros_ws/src/task1) by extensions ['colcon_pkg']
[1.753s] Level 1:colcon.colcon_core.package_identification:_identify(ros_ws/src/task1) by extension 'colcon_pkg'
[1.755s] Level 1:colcon.colcon_core.package_identification:_identify(ros_ws/src/task1) by extensions ['colcon_meta']
[1.755s] Level 1:colcon.colcon_core.package_identification:_identify(ros_ws/src/task1) by extension 'colcon_meta'
[1.757s] Level 1:colcon.colcon_core.package_identification:_identify(ros_ws/src/task1) by extensions ['ros']
[1.757s] Level 1:colcon.colcon_core.package_identification:_identify(ros_ws/src/task1) by extension 'ros'
[1.780s] DEBUG:colcon.colcon_core.package_identification:Package 'ros_ws/src/task1' with type 'ros.ament_python' and name 'task1'
[1.781s] Level 1:colcon.colcon_core.package_discovery:discover_packages(recursive) using defaults
[1.781s] Level 1:colcon.colcon_core.package_discovery:discover_packages(ignore) discover
[1.781s] Level 1:colcon.colcon_core.package_discovery:discover_packages(ignore) using defaults
[1.781s] Level 1:colcon.colcon_core.package_discovery:discover_packages(path) discover
[1.782s] Level 1:colcon.colcon_core.package_discovery:discover_packages(path) using defaults
[2.012s] INFO:colcon.colcon_core.package_selection:Skipping not selected package 'my_package' in 'dev_ws/src/my_package'
[2.012s] INFO:colcon.colcon_core.package_selection:Skipping not selected package 'scout_mini_base' in 'ros_ws/src/scout_mini_base'
[2.013s] INFO:colcon.colcon_core.package_selection:Skipping not selected package 'scout_mini_description' in 'ros_ws/src/scout_mini_description'
[2.013s] INFO:colcon.colcon_core.package_selection:Skipping not selected package 'scout_mini_msgs' in 'ros_ws/src/scout_mini_msgs'
[2.013s] INFO:colcon.colcon_core.package_selection:Skipping not selected package 'task1' in 'ros_ws/src/task1'
[2.014s] INFO:colcon.colcon_core.package_selection:Skipping not selected package 'scout_mini_hardware' in 'ros_ws/src/scout_mini_hardware'
[2.014s] INFO:colcon.colcon_core.package_selection:Skipping not selected package 'scout_mini_simulation' in 'ros_ws/src/scout_mini_simulation'
[2.015s] INFO:colcon.colcon_core.package_selection:Skipping not selected package 'scout_mini_ros2' in 'ros_ws/src/scout_mini_ros2'
[2.016s] Level 5:colcon.colcon_core.verb:set package 'test_detector' build argument 'cmake_args' from command line to 'None'
[2.016s] Level 5:colcon.colcon_core.verb:set package 'test_detector' build argument 'cmake_target' from command line to 'None'
[2.017s] Level 5:colcon.colcon_core.verb:set package 'test_detector' build argument 'cmake_target_skip_unavailable' from command line to 'False'
[2.017s] Level 5:colcon.colcon_core.verb:set package 'test_detector' build argument 'cmake_clean_cache' from command line to 'False'
[2.018s] Level 5:colcon.colcon_core.verb:set package 'test_detector' build argument 'cmake_clean_first' from command line to 'False'
[2.019s] Level 5:colcon.colcon_core.verb:set package 'test_detector' build argument 'cmake_force_configure' from command line to 'False'
[2.019s] Level 5:colcon.colcon_core.verb:set package 'test_detector' build argument 'ament_cmake_args' from command line to 'None'
[2.019s] Level 5:colcon.colcon_core.verb:set package 'test_detector' build argument 'catkin_cmake_args' from command line to 'None'
[2.020s] Level 5:colcon.colcon_core.verb:set package 'test_detector' build argument 'catkin_skip_building_tests' from command line to 'False'
[2.020s] DEBUG:colcon.colcon_core.verb:Building package 'test_detector' with the following arguments: {'ament_cmake_args': None, 'build_base': '/apollo/build/test_detector', 'catkin_cmake_args': None, 'catkin_skip_building_tests': False, 'cmake_args': None, 'cmake_clean_cache': False, 'cmake_clean_first': False, 'cmake_force_configure': False, 'cmake_target': None, 'cmake_target_skip_unavailable': False, 'install_base': '/apollo/install/test_detector', 'merge_install': False, 'path': '/apollo/ros_ws/src/scout_object_detector', 'symlink_install': False, 'test_result_base': None}
[2.020s] INFO:colcon.colcon_core.executor:Executing jobs using 'parallel' executor
[2.022s] DEBUG:colcon.colcon_parallel_executor.executor.parallel:run_until_complete
[2.023s] INFO:colcon.colcon_ros.task.ament_cmake.build:Building ROS package in '/apollo/ros_ws/src/scout_object_detector' with build type 'ament_cmake'
[2.023s] INFO:colcon.colcon_cmake.task.cmake.build:Building CMake package in '/apollo/ros_ws/src/scout_object_detector'
[2.064s] INFO:colcon.colcon_core.plugin_system:Skipping extension 'colcon_core.shell.bat': Not used on non-Windows systems
[2.065s] INFO:colcon.colcon_core.shell:Skip shell extension 'powershell' for command environment: Not usable outside of PowerShell
[2.065s] DEBUG:colcon.colcon_core.shell:Skip shell extension 'dsv' for command environment
[2.384s] DEBUG:colcon.colcon_core.event_handler.log_command:Invoking command in '/apollo/build/test_detector': CMAKE_PREFIX_PATH=${CMAKE_PREFIX_PATH}:/apollo/dev_ws/install/my_package:/opt/ros/humble /usr/bin/cmake /apollo/ros_ws/src/scout_object_detector -DCMAKE_INSTALL_PREFIX=/apollo/install/test_detector
[34.701s] DEBUG:colcon.colcon_core.event_handler.log_command:Invoked command in '/apollo/build/test_detector' returned '0': CMAKE_PREFIX_PATH=${CMAKE_PREFIX_PATH}:/apollo/dev_ws/install/my_package:/opt/ros/humble /usr/bin/cmake /apollo/ros_ws/src/scout_object_detector -DCMAKE_INSTALL_PREFIX=/apollo/install/test_detector
[34.715s] DEBUG:colcon.colcon_core.event_handler.log_command:Invoking command in '/apollo/build/test_detector': CMAKE_PREFIX_PATH=${CMAKE_PREFIX_PATH}:/apollo/dev_ws/install/my_package:/opt/ros/humble /usr/bin/cmake --build /apollo/build/test_detector -- -j12 -l12
[49.407s] DEBUG:colcon.colcon_core.event_handler.log_command:Invoked command in '/apollo/build/test_detector' returned '0': CMAKE_PREFIX_PATH=${CMAKE_PREFIX_PATH}:/apollo/dev_ws/install/my_package:/opt/ros/humble /usr/bin/cmake --build /apollo/build/test_detector -- -j12 -l12
[49.610s] DEBUG:colcon.colcon_core.event_handler.log_command:Invoking command in '/apollo/build/test_detector': CMAKE_PREFIX_PATH=${CMAKE_PREFIX_PATH}:/apollo/dev_ws/install/my_package:/opt/ros/humble /usr/bin/cmake --install /apollo/build/test_detector
[61.703s] Level 1:colcon.colcon_core.environment:create_environment_scripts_only(test_detector)
[61.704s] DEBUG:colcon.colcon_core.event_handler.log_command:Invoked command in '/apollo/build/test_detector' returned '0': CMAKE_PREFIX_PATH=${CMAKE_PREFIX_PATH}:/apollo/dev_ws/install/my_package:/opt/ros/humble /usr/bin/cmake --install /apollo/build/test_detector
[61.720s] Level 1:colcon.colcon_core.environment:checking '/apollo/install/test_detector' for CMake module files
[61.949s] Level 1:colcon.colcon_core.environment:checking '/apollo/install/test_detector' for CMake config files
[62.134s] Level 1:colcon.colcon_core.shell:create_environment_hook('test_detector', 'cmake_prefix_path')
[62.135s] INFO:colcon.colcon_core.shell:Creating environment hook '/apollo/install/test_detector/share/test_detector/hook/cmake_prefix_path.ps1'
[62.153s] INFO:colcon.colcon_core.shell:Creating environment descriptor '/apollo/install/test_detector/share/test_detector/hook/cmake_prefix_path.dsv'
[62.172s] INFO:colcon.colcon_core.shell:Creating environment hook '/apollo/install/test_detector/share/test_detector/hook/cmake_prefix_path.sh'
[62.187s] Level 1:colcon.colcon_core.environment:checking '/apollo/install/test_detector/lib'
[62.192s] Level 1:colcon.colcon_core.shell:create_environment_hook('test_detector', 'ld_library_path_lib')
[62.192s] INFO:colcon.colcon_core.shell:Creating environment hook '/apollo/install/test_detector/share/test_detector/hook/ld_library_path_lib.ps1'
[62.205s] INFO:colcon.colcon_core.shell:Creating environment descriptor '/apollo/install/test_detector/share/test_detector/hook/ld_library_path_lib.dsv'
[62.219s] INFO:colcon.colcon_core.shell:Creating environment hook '/apollo/install/test_detector/share/test_detector/hook/ld_library_path_lib.sh'
[62.234s] Level 1:colcon.colcon_core.environment:checking '/apollo/install/test_detector/bin'
[62.236s] Level 1:colcon.colcon_core.environment:checking '/apollo/install/test_detector/lib/pkgconfig/test_detector.pc'
[62.246s] Level 1:colcon.colcon_core.environment:checking '/apollo/install/test_detector/lib/python3.10/site-packages'
[62.248s] Level 1:colcon.colcon_core.environment:checking '/apollo/install/test_detector/bin'
[62.249s] INFO:colcon.colcon_core.shell:Creating package script '/apollo/install/test_detector/share/test_detector/package.ps1'
[62.260s] INFO:colcon.colcon_core.shell:Creating package descriptor '/apollo/install/test_detector/share/test_detector/package.dsv'
[62.268s] INFO:colcon.colcon_core.shell:Creating package script '/apollo/install/test_detector/share/test_detector/package.sh'
[62.281s] INFO:colcon.colcon_core.shell:Creating package script '/apollo/install/test_detector/share/test_detector/package.bash'
[62.294s] INFO:colcon.colcon_core.shell:Creating package script '/apollo/install/test_detector/share/test_detector/package.zsh'
[62.309s] Level 1:colcon.colcon_core.environment:create_file_with_runtime_dependencies(/apollo/install/test_detector/share/colcon-core/packages/test_detector)
[62.342s] Level 1:colcon.colcon_core.environment:create_environment_scripts_only(test_detector)
[62.343s] Level 1:colcon.colcon_core.environment:checking '/apollo/install/test_detector' for CMake module files
[62.586s] Level 1:colcon.colcon_core.environment:checking '/apollo/install/test_detector' for CMake config files
[62.786s] Level 1:colcon.colcon_core.shell:create_environment_hook('test_detector', 'cmake_prefix_path')
[62.786s] INFO:colcon.colcon_core.shell:Creating environment hook '/apollo/install/test_detector/share/test_detector/hook/cmake_prefix_path.ps1'
[62.802s] INFO:colcon.colcon_core.shell:Creating environment descriptor '/apollo/install/test_detector/share/test_detector/hook/cmake_prefix_path.dsv'
[62.813s] INFO:colcon.colcon_core.shell:Creating environment hook '/apollo/install/test_detector/share/test_detector/hook/cmake_prefix_path.sh'
[62.825s] Level 1:colcon.colcon_core.environment:checking '/apollo/install/test_detector/lib'
[62.828s] Level 1:colcon.colcon_core.shell:create_environment_hook('test_detector', 'ld_library_path_lib')
[62.828s] INFO:colcon.colcon_core.shell:Creating environment hook '/apollo/install/test_detector/share/test_detector/hook/ld_library_path_lib.ps1'
[62.841s] INFO:colcon.colcon_core.shell:Creating environment descriptor '/apollo/install/test_detector/share/test_detector/hook/ld_library_path_lib.dsv'
[62.857s] INFO:colcon.colcon_core.shell:Creating environment hook '/apollo/install/test_detector/share/test_detector/hook/ld_library_path_lib.sh'
[62.872s] Level 1:colcon.colcon_core.environment:checking '/apollo/install/test_detector/bin'
[62.874s] Level 1:colcon.colcon_core.environment:checking '/apollo/install/test_detector/lib/pkgconfig/test_detector.pc'
[62.877s] Level 1:colcon.colcon_core.environment:checking '/apollo/install/test_detector/lib/python3.10/site-packages'
[62.879s] Level 1:colcon.colcon_core.environment:checking '/apollo/install/test_detector/bin'
[62.881s] INFO:colcon.colcon_core.shell:Creating package script '/apollo/install/test_detector/share/test_detector/package.ps1'
[62.894s] INFO:colcon.colcon_core.shell:Creating package descriptor '/apollo/install/test_detector/share/test_detector/package.dsv'
[62.907s] INFO:colcon.colcon_core.shell:Creating package script '/apollo/install/test_detector/share/test_detector/package.sh'
[62.919s] INFO:colcon.colcon_core.shell:Creating package script '/apollo/install/test_detector/share/test_detector/package.bash'
[62.933s] INFO:colcon.colcon_core.shell:Creating package script '/apollo/install/test_detector/share/test_detector/package.zsh'
[62.948s] Level 1:colcon.colcon_core.environment:create_file_with_runtime_dependencies(/apollo/install/test_detector/share/colcon-core/packages/test_detector)
[62.960s] DEBUG:colcon.colcon_parallel_executor.executor.parallel:closing loop
[62.960s] DEBUG:colcon.colcon_parallel_executor.executor.parallel:loop closed
[62.960s] DEBUG:colcon.colcon_parallel_executor.executor.parallel:run_until_complete finished with '0'
[62.961s] DEBUG:colcon.colcon_core.event_reactor:joining thread
[63.031s] INFO:colcon.colcon_core.plugin_system:Skipping extension 'colcon_notification.desktop_notification.notify_send': Could not find 'notify-send'
[63.032s] INFO:colcon.colcon_core.plugin_system:Skipping extension 'colcon_notification.desktop_notification.terminal_notifier': Not used on non-Darwin systems
[63.032s] INFO:colcon.colcon_core.plugin_system:Skipping extension 'colcon_notification.desktop_notification.win32': Not used on non-Windows systems
[63.032s] INFO:colcon.colcon_notification.desktop_notification:Sending desktop notification using 'notify2'
[63.037s] DEBUG:colcon.colcon_notification.desktop_notification.notify2:Failed to initialize notify2: org.freedesktop.DBus.Error.Spawn.ExecFailed: /usr/bin/dbus-launch terminated abnormally without any error message
[63.038s] DEBUG:colcon.colcon_core.event_reactor:joined thread
[63.038s] INFO:colcon.colcon_core.shell:Creating prefix script '/apollo/install/local_setup.ps1'
[63.046s] INFO:colcon.colcon_core.shell:Creating prefix util module '/apollo/install/_local_setup_util_ps1.py'
[63.054s] INFO:colcon.colcon_core.shell:Creating prefix chain script '/apollo/install/setup.ps1'
[63.087s] INFO:colcon.colcon_core.shell:Creating prefix script '/apollo/install/local_setup.sh'
[63.090s] INFO:colcon.colcon_core.shell:Creating prefix util module '/apollo/install/_local_setup_util_sh.py'
[63.094s] INFO:colcon.colcon_core.shell:Creating prefix chain script '/apollo/install/setup.sh'
[63.110s] INFO:colcon.colcon_core.shell:Creating prefix script '/apollo/install/local_setup.bash'
[63.114s] INFO:colcon.colcon_core.shell:Creating prefix chain script '/apollo/install/setup.bash'
[63.131s] INFO:colcon.colcon_core.shell:Creating prefix script '/apollo/install/local_setup.zsh'
[63.134s] INFO:colcon.colcon_core.shell:Creating prefix chain script '/apollo/install/setup.zsh'
