[0.639s] DEBUG:colcon:Command line arguments: ['/usr/bin/colcon', 'build', '--packages-select', 'apollo_intro']
[0.639s] DEBUG:colcon:Parsed command line arguments: Namespace(log_base=None, log_level=None, verb_name='build', build_base='build', install_base='install', merge_install=False, symlink_install=False, test_result_base=None, continue_on_error=False, executor='parallel', parallel_workers=12, event_handlers=None, ignore_user_meta=False, metas=['./colcon.meta'], base_paths=['.'], packages_ignore=None, packages_ignore_regex=None, paths=None, packages_up_to=None, packages_up_to_regex=None, packages_above=None, packages_above_and_dependencies=None, packages_above_depth=None, packages_select_by_dep=None, packages_skip_by_dep=None, packages_skip_up_to=None, packages_select_build_failed=False, packages_skip_build_finished=False, packages_select_test_failures=False, packages_skip_test_passed=False, packages_select=['apollo_intro'], packages_skip=None, packages_select_regex=None, packages_skip_regex=None, packages_start=None, packages_end=None, cmake_args=None, cmake_target=None, cmake_target_skip_unavailable=False, cmake_clean_cache=False, cmake_clean_first=False, cmake_force_configure=False, ament_cmake_args=None, catkin_cmake_args=None, catkin_skip_building_tests=False, mixin_files=None, mixin=None, verb_parser=<colcon_mixin.mixin.mixin_argument.MixinArgumentDecorator object at 0x7b998a4bd510>, verb_extension=<colcon_core.verb.build.BuildVerb object at 0x7b998a5be410>, main=<bound method BuildVerb.main of <colcon_core.verb.build.BuildVerb object at 0x7b998a5be410>>, mixin_verb=('build',))
[1.125s] Level 1:colcon.colcon_core.package_discovery:discover_packages(colcon_meta) check parameters
[1.125s] Level 1:colcon.colcon_core.package_discovery:discover_packages(recursive) check parameters
[1.125s] Level 1:colcon.colcon_core.package_discovery:discover_packages(ignore) check parameters
[1.125s] Level 1:colcon.colcon_core.package_discovery:discover_packages(path) check parameters
[1.126s] Level 1:colcon.colcon_core.package_discovery:discover_packages(colcon_meta) discover
[1.126s] Level 1:colcon.colcon_core.package_discovery:discover_packages(recursive) discover
[1.126s] INFO:colcon.colcon_core.package_discovery:Crawling recursively for packages in '/apollo/intro_ws'
[1.128s] Level 1:colcon.colcon_core.package_identification:_identify(.) by extensions ['ignore', 'ignore_ament_install']
[1.128s] Level 1:colcon.colcon_core.package_identification:_identify(.) by extension 'ignore'
[1.128s] Level 1:colcon.colcon_core.package_identification:_identify(.) by extension 'ignore_ament_install'
[1.129s] Level 1:colcon.colcon_core.package_identification:_identify(.) by extensions ['colcon_pkg']
[1.129s] Level 1:colcon.colcon_core.package_identification:_identify(.) by extension 'colcon_pkg'
[1.129s] Level 1:colcon.colcon_core.package_identification:_identify(.) by extensions ['colcon_meta']
[1.130s] Level 1:colcon.colcon_core.package_identification:_identify(.) by extension 'colcon_meta'
[1.130s] Level 1:colcon.colcon_core.package_identification:_identify(.) by extensions ['ros']
[1.130s] Level 1:colcon.colcon_core.package_identification:_identify(.) by extension 'ros'
[1.154s] Level 1:colcon.colcon_core.package_identification:_identify(.) by extensions ['cmake', 'python']
[1.154s] Level 1:colcon.colcon_core.package_identification:_identify(.) by extension 'cmake'
[1.155s] Level 1:colcon.colcon_core.package_identification:_identify(.) by extension 'python'
[1.155s] Level 1:colcon.colcon_core.package_identification:_identify(.) by extensions ['python_setup_py']
[1.155s] Level 1:colcon.colcon_core.package_identification:_identify(.) by extension 'python_setup_py'
[1.158s] Level 1:colcon.colcon_core.package_identification:_identify(build) by extensions ['ignore', 'ignore_ament_install']
[1.158s] Level 1:colcon.colcon_core.package_identification:_identify(build) by extension 'ignore'
[1.160s] Level 1:colcon.colcon_core.package_identification:_identify(build) ignored
[1.162s] Level 1:colcon.colcon_core.package_identification:_identify(install) by extensions ['ignore', 'ignore_ament_install']
[1.163s] Level 1:colcon.colcon_core.package_identification:_identify(install) by extension 'ignore'
[1.164s] Level 1:colcon.colcon_core.package_identification:_identify(install) ignored
[1.169s] Level 1:colcon.colcon_core.package_identification:_identify(log) by extensions ['ignore', 'ignore_ament_install']
[1.169s] Level 1:colcon.colcon_core.package_identification:_identify(log) by extension 'ignore'
[1.171s] Level 1:colcon.colcon_core.package_identification:_identify(log) ignored
[1.173s] Level 1:colcon.colcon_core.package_identification:_identify(src) by extensions ['ignore', 'ignore_ament_install']
[1.173s] Level 1:colcon.colcon_core.package_identification:_identify(src) by extension 'ignore'
[1.174s] Level 1:colcon.colcon_core.package_identification:_identify(src) by extension 'ignore_ament_install'
[1.176s] Level 1:colcon.colcon_core.package_identification:_identify(src) by extensions ['colcon_pkg']
[1.176s] Level 1:colcon.colcon_core.package_identification:_identify(src) by extension 'colcon_pkg'
[1.177s] Level 1:colcon.colcon_core.package_identification:_identify(src) by extensions ['colcon_meta']
[1.177s] Level 1:colcon.colcon_core.package_identification:_identify(src) by extension 'colcon_meta'
[1.178s] Level 1:colcon.colcon_core.package_identification:_identify(src) by extensions ['ros']
[1.178s] Level 1:colcon.colcon_core.package_identification:_identify(src) by extension 'ros'
[1.182s] Level 1:colcon.colcon_core.package_identification:_identify(src) by extensions ['cmake', 'python']
[1.182s] Level 1:colcon.colcon_core.package_identification:_identify(src) by extension 'cmake'
[1.183s] Level 1:colcon.colcon_core.package_identification:_identify(src) by extension 'python'
[1.184s] Level 1:colcon.colcon_core.package_identification:_identify(src) by extensions ['python_setup_py']
[1.184s] Level 1:colcon.colcon_core.package_identification:_identify(src) by extension 'python_setup_py'
[1.189s] Level 1:colcon.colcon_core.package_identification:_identify(src/apollo_intro) by extensions ['ignore', 'ignore_ament_install']
[1.189s] Level 1:colcon.colcon_core.package_identification:_identify(src/apollo_intro) by extension 'ignore'
[1.190s] Level 1:colcon.colcon_core.package_identification:_identify(src/apollo_intro) by extension 'ignore_ament_install'
[1.192s] Level 1:colcon.colcon_core.package_identification:_identify(src/apollo_intro) by extensions ['colcon_pkg']
[1.193s] Level 1:colcon.colcon_core.package_identification:_identify(src/apollo_intro) by extension 'colcon_pkg'
[1.194s] Level 1:colcon.colcon_core.package_identification:_identify(src/apollo_intro) by extensions ['colcon_meta']
[1.194s] Level 1:colcon.colcon_core.package_identification:_identify(src/apollo_intro) by extension 'colcon_meta'
[1.196s] Level 1:colcon.colcon_core.package_identification:_identify(src/apollo_intro) by extensions ['ros']
[1.197s] Level 1:colcon.colcon_core.package_identification:_identify(src/apollo_intro) by extension 'ros'
[1.215s] DEBUG:colcon.colcon_core.package_identification:Package 'src/apollo_intro' with type 'ros.ament_python' and name 'apollo_intro'
[1.220s] Level 1:colcon.colcon_core.package_identification:_identify(src/build) by extensions ['ignore', 'ignore_ament_install']
[1.221s] Level 1:colcon.colcon_core.package_identification:_identify(src/build) by extension 'ignore'
[1.223s] Level 1:colcon.colcon_core.package_identification:_identify(src/build) ignored
[1.228s] Level 1:colcon.colcon_core.package_identification:_identify(src/install) by extensions ['ignore', 'ignore_ament_install']
[1.229s] Level 1:colcon.colcon_core.package_identification:_identify(src/install) by extension 'ignore'
[1.230s] Level 1:colcon.colcon_core.package_identification:_identify(src/install) ignored
[1.238s] Level 1:colcon.colcon_core.package_identification:_identify(src/log) by extensions ['ignore', 'ignore_ament_install']
[1.239s] Level 1:colcon.colcon_core.package_identification:_identify(src/log) by extension 'ignore'
[1.241s] Level 1:colcon.colcon_core.package_identification:_identify(src/log) ignored
[1.241s] Level 1:colcon.colcon_core.package_discovery:discover_packages(recursive) using defaults
[1.241s] Level 1:colcon.colcon_core.package_discovery:discover_packages(ignore) discover
[1.241s] Level 1:colcon.colcon_core.package_discovery:discover_packages(ignore) using defaults
[1.242s] Level 1:colcon.colcon_core.package_discovery:discover_packages(path) discover
[1.242s] Level 1:colcon.colcon_core.package_discovery:discover_packages(path) using defaults
[1.397s] Level 5:colcon.colcon_core.verb:set package 'apollo_intro' build argument 'cmake_args' from command line to 'None'
[1.397s] Level 5:colcon.colcon_core.verb:set package 'apollo_intro' build argument 'cmake_target' from command line to 'None'
[1.398s] Level 5:colcon.colcon_core.verb:set package 'apollo_intro' build argument 'cmake_target_skip_unavailable' from command line to 'False'
[1.398s] Level 5:colcon.colcon_core.verb:set package 'apollo_intro' build argument 'cmake_clean_cache' from command line to 'False'
[1.398s] Level 5:colcon.colcon_core.verb:set package 'apollo_intro' build argument 'cmake_clean_first' from command line to 'False'
[1.398s] Level 5:colcon.colcon_core.verb:set package 'apollo_intro' build argument 'cmake_force_configure' from command line to 'False'
[1.398s] Level 5:colcon.colcon_core.verb:set package 'apollo_intro' build argument 'ament_cmake_args' from command line to 'None'
[1.398s] Level 5:colcon.colcon_core.verb:set package 'apollo_intro' build argument 'catkin_cmake_args' from command line to 'None'
[1.399s] Level 5:colcon.colcon_core.verb:set package 'apollo_intro' build argument 'catkin_skip_building_tests' from command line to 'False'
[1.399s] DEBUG:colcon.colcon_core.verb:Building package 'apollo_intro' with the following arguments: {'ament_cmake_args': None, 'build_base': '/apollo/intro_ws/build/apollo_intro', 'catkin_cmake_args': None, 'catkin_skip_building_tests': False, 'cmake_args': None, 'cmake_clean_cache': False, 'cmake_clean_first': False, 'cmake_force_configure': False, 'cmake_target': None, 'cmake_target_skip_unavailable': False, 'install_base': '/apollo/intro_ws/install/apollo_intro', 'merge_install': False, 'path': '/apollo/intro_ws/src/apollo_intro', 'symlink_install': False, 'test_result_base': None}
[1.399s] INFO:colcon.colcon_core.executor:Executing jobs using 'parallel' executor
[1.400s] DEBUG:colcon.colcon_parallel_executor.executor.parallel:run_until_complete
[1.400s] INFO:colcon.colcon_ros.task.ament_python.build:Building ROS package in '/apollo/intro_ws/src/apollo_intro' with build type 'ament_python'
[1.401s] Level 1:colcon.colcon_core.shell:create_environment_hook('apollo_intro', 'ament_prefix_path')
[1.425s] INFO:colcon.colcon_core.plugin_system:Skipping extension 'colcon_core.shell.bat': Not used on non-Windows systems
[1.426s] INFO:colcon.colcon_core.shell:Creating environment hook '/apollo/intro_ws/install/apollo_intro/share/apollo_intro/hook/ament_prefix_path.ps1'
[1.441s] INFO:colcon.colcon_core.shell:Creating environment descriptor '/apollo/intro_ws/install/apollo_intro/share/apollo_intro/hook/ament_prefix_path.dsv'
[1.453s] INFO:colcon.colcon_core.shell:Creating environment hook '/apollo/intro_ws/install/apollo_intro/share/apollo_intro/hook/ament_prefix_path.sh'
[1.466s] INFO:colcon.colcon_core.shell:Skip shell extension 'powershell' for command environment: Not usable outside of PowerShell
[1.466s] DEBUG:colcon.colcon_core.shell:Skip shell extension 'dsv' for command environment
[2.913s] INFO:colcon.colcon_core.task.python.build:Building Python package in '/apollo/intro_ws/src/apollo_intro'
[2.913s] INFO:colcon.colcon_core.shell:Skip shell extension 'powershell' for command environment: Not usable outside of PowerShell
[2.914s] DEBUG:colcon.colcon_core.shell:Skip shell extension 'dsv' for command environment
[5.356s] DEBUG:colcon.colcon_core.event_handler.log_command:Invoking command in '/apollo/intro_ws/src/apollo_intro': PYTHONPATH=/apollo/intro_ws/build/apollo_intro/prefix_override:/usr/lib/python3/dist-packages/colcon_core/task/python/colcon_distutils_commands:/apollo/intro_ws/install/apollo_intro/lib/python3.10/site-packages:${PYTHONPATH} /usr/bin/python3 -W ignore:setup.py install is deprecated -W ignore:easy_install command is deprecated setup.py egg_info --egg-base ../../build/apollo_intro build --build-base /apollo/intro_ws/build/apollo_intro/build install --record /apollo/intro_ws/build/apollo_intro/install.log --single-version-externally-managed install_data
[7.654s] DEBUG:colcon.colcon_core.event_handler.log_command:Invoked command in '/apollo/intro_ws/src/apollo_intro' returned '0': PYTHONPATH=/apollo/intro_ws/build/apollo_intro/prefix_override:/usr/lib/python3/dist-packages/colcon_core/task/python/colcon_distutils_commands:/apollo/intro_ws/install/apollo_intro/lib/python3.10/site-packages:${PYTHONPATH} /usr/bin/python3 -W ignore:setup.py install is deprecated -W ignore:easy_install command is deprecated setup.py egg_info --egg-base ../../build/apollo_intro build --build-base /apollo/intro_ws/build/apollo_intro/build install --record /apollo/intro_ws/build/apollo_intro/install.log --single-version-externally-managed install_data
[7.678s] Level 1:colcon.colcon_core.environment:checking '/apollo/intro_ws/install/apollo_intro' for CMake module files
[7.708s] Level 1:colcon.colcon_core.environment:checking '/apollo/intro_ws/install/apollo_intro' for CMake config files
[7.777s] Level 1:colcon.colcon_core.environment:checking '/apollo/intro_ws/install/apollo_intro/lib'
[7.780s] Level 1:colcon.colcon_core.environment:checking '/apollo/intro_ws/install/apollo_intro/bin'
[7.781s] Level 1:colcon.colcon_core.environment:checking '/apollo/intro_ws/install/apollo_intro/lib/pkgconfig/apollo_intro.pc'
[7.782s] Level 1:colcon.colcon_core.environment:checking '/apollo/intro_ws/install/apollo_intro/lib/python3.10/site-packages'
[7.785s] Level 1:colcon.colcon_core.shell:create_environment_hook('apollo_intro', 'pythonpath')
[7.785s] INFO:colcon.colcon_core.shell:Creating environment hook '/apollo/intro_ws/install/apollo_intro/share/apollo_intro/hook/pythonpath.ps1'
[7.796s] INFO:colcon.colcon_core.shell:Creating environment descriptor '/apollo/intro_ws/install/apollo_intro/share/apollo_intro/hook/pythonpath.dsv'
[7.810s] INFO:colcon.colcon_core.shell:Creating environment hook '/apollo/intro_ws/install/apollo_intro/share/apollo_intro/hook/pythonpath.sh'
[7.821s] Level 1:colcon.colcon_core.environment:checking '/apollo/intro_ws/install/apollo_intro/bin'
[7.823s] Level 1:colcon.colcon_core.environment:create_environment_scripts_only(apollo_intro)
[7.823s] INFO:colcon.colcon_core.shell:Creating package script '/apollo/intro_ws/install/apollo_intro/share/apollo_intro/package.ps1'
[7.835s] INFO:colcon.colcon_core.shell:Creating package descriptor '/apollo/intro_ws/install/apollo_intro/share/apollo_intro/package.dsv'
[7.844s] INFO:colcon.colcon_core.shell:Creating package script '/apollo/intro_ws/install/apollo_intro/share/apollo_intro/package.sh'
[7.856s] INFO:colcon.colcon_core.shell:Creating package script '/apollo/intro_ws/install/apollo_intro/share/apollo_intro/package.bash'
[7.868s] INFO:colcon.colcon_core.shell:Creating package script '/apollo/intro_ws/install/apollo_intro/share/apollo_intro/package.zsh'
[7.876s] Level 1:colcon.colcon_core.environment:create_file_with_runtime_dependencies(/apollo/intro_ws/install/apollo_intro/share/colcon-core/packages/apollo_intro)
[7.890s] DEBUG:colcon.colcon_parallel_executor.executor.parallel:closing loop
[7.890s] DEBUG:colcon.colcon_parallel_executor.executor.parallel:loop closed
[7.890s] DEBUG:colcon.colcon_parallel_executor.executor.parallel:run_until_complete finished with '0'
[7.891s] DEBUG:colcon.colcon_core.event_reactor:joining thread
[7.954s] INFO:colcon.colcon_core.plugin_system:Skipping extension 'colcon_notification.desktop_notification.notify_send': Could not find 'notify-send'
[7.954s] INFO:colcon.colcon_core.plugin_system:Skipping extension 'colcon_notification.desktop_notification.terminal_notifier': Not used on non-Darwin systems
[7.955s] INFO:colcon.colcon_core.plugin_system:Skipping extension 'colcon_notification.desktop_notification.win32': Not used on non-Windows systems
[7.955s] INFO:colcon.colcon_notification.desktop_notification:Sending desktop notification using 'notify2'
[7.957s] DEBUG:colcon.colcon_notification.desktop_notification.notify2:Failed to initialize notify2: org.freedesktop.DBus.Error.Spawn.ExecFailed: /usr/bin/dbus-launch terminated abnormally without any error message
[7.958s] DEBUG:colcon.colcon_core.event_reactor:joined thread
[7.960s] INFO:colcon.colcon_core.shell:Creating prefix script '/apollo/intro_ws/install/local_setup.ps1'
[7.965s] INFO:colcon.colcon_core.shell:Creating prefix util module '/apollo/intro_ws/install/_local_setup_util_ps1.py'
[7.972s] INFO:colcon.colcon_core.shell:Creating prefix chain script '/apollo/intro_ws/install/setup.ps1'
[8.004s] INFO:colcon.colcon_core.shell:Creating prefix script '/apollo/intro_ws/install/local_setup.sh'
[8.009s] INFO:colcon.colcon_core.shell:Creating prefix util module '/apollo/intro_ws/install/_local_setup_util_sh.py'
[8.013s] INFO:colcon.colcon_core.shell:Creating prefix chain script '/apollo/intro_ws/install/setup.sh'
[8.044s] INFO:colcon.colcon_core.shell:Creating prefix script '/apollo/intro_ws/install/local_setup.bash'
[8.049s] INFO:colcon.colcon_core.shell:Creating prefix chain script '/apollo/intro_ws/install/setup.bash'
[8.085s] INFO:colcon.colcon_core.shell:Creating prefix script '/apollo/intro_ws/install/local_setup.zsh'
[8.091s] INFO:colcon.colcon_core.shell:Creating prefix chain script '/apollo/intro_ws/install/setup.zsh'
