[3.759s] Invoking command in '/apollo/intro_ws/src/apollo_intro': PYTHONPATH=/apollo/intro_ws/build/apollo_intro/prefix_override:/usr/lib/python3/dist-packages/colcon_core/task/python/colcon_distutils_commands:/apollo/intro_ws/install/apollo_intro/lib/python3.10/site-packages:${PYTHONPATH} /usr/bin/python3 -W ignore:setup.py install is deprecated -W ignore:easy_install command is deprecated setup.py egg_info --egg-base ../../build/apollo_intro build --build-base /apollo/intro_ws/build/apollo_intro/build install --record /apollo/intro_ws/build/apollo_intro/install.log --single-version-externally-managed install_data
[5.122s] running egg_info
[5.127s] writing ../../build/apollo_intro/apollo_intro.egg-info/PKG-INFO
[5.135s] writing dependency_links to ../../build/apollo_intro/apollo_intro.egg-info/dependency_links.txt
[5.140s] writing entry points to ../../build/apollo_intro/apollo_intro.egg-info/entry_points.txt
[5.144s] writing requirements to ../../build/apollo_intro/apollo_intro.egg-info/requires.txt
[5.147s] writing top-level names to ../../build/apollo_intro/apollo_intro.egg-info/top_level.txt
[5.175s] reading manifest file '../../build/apollo_intro/apollo_intro.egg-info/SOURCES.txt'
[5.226s] writing manifest file '../../build/apollo_intro/apollo_intro.egg-info/SOURCES.txt'
[5.229s] running build
[5.229s] running build_py
[5.248s] copying apollo_intro/task.py -> /apollo/intro_ws/build/apollo_intro/build/lib/apollo_intro
[5.278s] running install
[5.279s] running install_lib
[5.317s] copying /apollo/intro_ws/build/apollo_intro/build/lib/apollo_intro/task.py -> /apollo/intro_ws/install/apollo_intro/lib/python3.10/site-packages/apollo_intro
[5.373s] byte-compiling /apollo/intro_ws/install/apollo_intro/lib/python3.10/site-packages/apollo_intro/practice_task.py to practice_task.cpython-310.pyc
[5.386s] Sorry: IndentationError: expected an indented block after function definition on line 27 (practice_task.py, line 36)
[5.390s] byte-compiling /apollo/intro_ws/install/apollo_intro/lib/python3.10/site-packages/apollo_intro/task.py to task.cpython-310.pyc
[5.428s] running install_data
[5.452s] running install_egg_info
[5.465s] removing '/apollo/intro_ws/install/apollo_intro/lib/python3.10/site-packages/apollo_intro-0.0.0-py3.10.egg-info' (and everything under it)
[5.506s] Copying ../../build/apollo_intro/apollo_intro.egg-info to /apollo/intro_ws/install/apollo_intro/lib/python3.10/site-packages/apollo_intro-0.0.0-py3.10.egg-info
[5.682s] running install_scripts
[5.808s] Installing practice_task script to /apollo/intro_ws/install/apollo_intro/lib/apollo_intro
[5.817s] Installing walkthrough script to /apollo/intro_ws/install/apollo_intro/lib/apollo_intro
[5.825s] writing list of installed files to '/apollo/intro_ws/build/apollo_intro/install.log'
[5.848s] Invoked command in '/apollo/intro_ws/src/apollo_intro' returned '0': PYTHONPATH=/apollo/intro_ws/build/apollo_intro/prefix_override:/usr/lib/python3/dist-packages/colcon_core/task/python/colcon_distutils_commands:/apollo/intro_ws/install/apollo_intro/lib/python3.10/site-packages:${PYTHONPATH} /usr/bin/python3 -W ignore:setup.py install is deprecated -W ignore:easy_install command is deprecated setup.py egg_info --egg-base ../../build/apollo_intro build --build-base /apollo/intro_ws/build/apollo_intro/build install --record /apollo/intro_ws/build/apollo_intro/install.log --single-version-externally-managed install_data
