[0.184s] Invoking command in '/apollo/ros_ws/src/scout_mini_localization/build/scout_mini_localization': CMAKE_PREFIX_PATH=${CMAKE_PREFIX_PATH}:/apollo/dev_ws/install/my_package:/opt/ros/humble /usr/bin/cmake --build /apollo/ros_ws/src/scout_mini_localization/build/scout_mini_localization -- -j12 -l12
[0.638s] Invoked command in '/apollo/ros_ws/src/scout_mini_localization/build/scout_mini_localization' returned '0': CMAKE_PREFIX_PATH=${CMAKE_PREFIX_PATH}:/apollo/dev_ws/install/my_package:/opt/ros/humble /usr/bin/cmake --build /apollo/ros_ws/src/scout_mini_localization/build/scout_mini_localization -- -j12 -l12
[0.740s] Invoking command in '/apollo/ros_ws/src/scout_mini_localization/build/scout_mini_localization': CMAKE_PREFIX_PATH=${CMAKE_PREFIX_PATH}:/apollo/dev_ws/install/my_package:/opt/ros/humble /usr/bin/cmake --install /apollo/ros_ws/src/scout_mini_localization/build/scout_mini_localization
[0.814s] -- Install configuration: ""
[0.820s] -- Up-to-date: /apollo/ros_ws/src/scout_mini_localization/install/scout_mini_localization/share/scout_mini_localization/launch
[0.836s] -- Up-to-date: /apollo/ros_ws/src/scout_mini_localization/install/scout_mini_localization/share/scout_mini_localization/launch/localization_launch.py
[0.846s] -- Up-to-date: /apollo/ros_ws/src/scout_mini_localization/install/scout_mini_localization/share/scout_mini_localization/config
[0.859s] -- Up-to-date: /apollo/ros_ws/src/scout_mini_localization/install/scout_mini_localization/share/scout_mini_localization/config/amcl.yaml
[0.868s] -- Up-to-date: /apollo/ros_ws/src/scout_mini_localization/install/scout_mini_localization/share/scout_mini_localization/maps
[0.884s] -- Installing: /apollo/ros_ws/src/scout_mini_localization/install/scout_mini_localization/share/scout_mini_localization/maps/4th_floor.pgm
[1.105s] -- Installing: /apollo/ros_ws/src/scout_mini_localization/install/scout_mini_localization/share/scout_mini_localization/maps/4th_floor.yaml
[1.168s] -- Up-to-date: /apollo/ros_ws/src/scout_mini_localization/install/scout_mini_localization/share/ament_index/resource_index/package_run_dependencies/scout_mini_localization
[1.193s] -- Up-to-date: /apollo/ros_ws/src/scout_mini_localization/install/scout_mini_localization/share/ament_index/resource_index/parent_prefix_path/scout_mini_localization
[1.204s] -- Up-to-date: /apollo/ros_ws/src/scout_mini_localization/install/scout_mini_localization/share/scout_mini_localization/environment/ament_prefix_path.sh
[1.221s] -- Up-to-date: /apollo/ros_ws/src/scout_mini_localization/install/scout_mini_localization/share/scout_mini_localization/environment/ament_prefix_path.dsv
[1.233s] -- Up-to-date: /apollo/ros_ws/src/scout_mini_localization/install/scout_mini_localization/share/scout_mini_localization/environment/path.sh
[1.248s] -- Up-to-date: /apollo/ros_ws/src/scout_mini_localization/install/scout_mini_localization/share/scout_mini_localization/environment/path.dsv
[1.262s] -- Up-to-date: /apollo/ros_ws/src/scout_mini_localization/install/scout_mini_localization/share/scout_mini_localization/local_setup.bash
[1.277s] -- Up-to-date: /apollo/ros_ws/src/scout_mini_localization/install/scout_mini_localization/share/scout_mini_localization/local_setup.sh
[1.291s] -- Up-to-date: /apollo/ros_ws/src/scout_mini_localization/install/scout_mini_localization/share/scout_mini_localization/local_setup.zsh
[1.305s] -- Up-to-date: /apollo/ros_ws/src/scout_mini_localization/install/scout_mini_localization/share/scout_mini_localization/local_setup.dsv
[1.322s] -- Installing: /apollo/ros_ws/src/scout_mini_localization/install/scout_mini_localization/share/scout_mini_localization/package.dsv
[1.379s] -- Up-to-date: /apollo/ros_ws/src/scout_mini_localization/install/scout_mini_localization/share/ament_index/resource_index/packages/scout_mini_localization
[1.397s] -- Up-to-date: /apollo/ros_ws/src/scout_mini_localization/install/scout_mini_localization/share/scout_mini_localization/cmake/scout_mini_localizationConfig.cmake
[1.409s] -- Up-to-date: /apollo/ros_ws/src/scout_mini_localization/install/scout_mini_localization/share/scout_mini_localization/cmake/scout_mini_localizationConfig-version.cmake
[1.425s] -- Up-to-date: /apollo/ros_ws/src/scout_mini_localization/install/scout_mini_localization/share/scout_mini_localization/package.xml
[1.436s] Invoked command in '/apollo/ros_ws/src/scout_mini_localization/build/scout_mini_localization' returned '0': CMAKE_PREFIX_PATH=${CMAKE_PREFIX_PATH}:/apollo/dev_ws/install/my_package:/opt/ros/humble /usr/bin/cmake --install /apollo/ros_ws/src/scout_mini_localization/build/scout_mini_localization
