[0.690s] Invoking command in '/apollo/ros_ws/build/scout_mini_description': CMAKE_PREFIX_PATH=${CMAKE_PREFIX_PATH}:/apollo/dev_ws/install/my_package:/opt/ros/humble /usr/bin/cmake /apollo/ros_ws/src/scout_mini_description -DAMENT_CMAKE_SYMLINK_INSTALL=1 -DCMAKE_INSTALL_PREFIX=/apollo/ros_ws/install/scout_mini_description
[1.305s] -- The C compiler identification is GNU 11.4.0
[1.735s] -- The CXX compiler identification is GNU 11.4.0
[1.850s] -- Detecting C compiler ABI info
[3.020s] -- Detecting C compiler ABI info - done
[3.062s] -- Check for working C compiler: /usr/bin/cc - skipped
[3.065s] -- Detecting C compile features
[3.067s] -- Detecting C compile features - done
[3.166s] -- Detecting CXX compiler ABI info
[4.374s] -- Detecting CXX compiler ABI info - done
[4.416s] -- Check for working CXX compiler: /usr/bin/c++ - skipped
[4.418s] -- Detecting CXX compile features
[4.420s] -- Detecting CXX compile features - done
[4.581s] -- Found ament_cmake: 1.3.11 (/opt/ros/humble/share/ament_cmake/cmake)
[6.275s] -- Found Python3: /usr/bin/python3 (found version "3.10.12") found components: Interpreter 
[6.938s] -- Override CMake install command with custom implementation using symlinks instead of copying resources
[8.193s] -- Found urdf: 2.6.1 (/opt/ros/humble/share/urdf/cmake)
[9.267s] -- Found rviz2: 11.2.16 (/opt/ros/humble/share/rviz2/cmake)
[9.326s] -- Found robot_state_publisher: 3.0.3 (/opt/ros/humble/share/robot_state_publisher/cmake)
[9.863s] -- Found rosidl_generator_c: 3.1.6 (/opt/ros/humble/share/rosidl_generator_c/cmake)
[9.978s] -- Found rosidl_adapter: 3.1.6 (/opt/ros/humble/share/rosidl_adapter/cmake)
[10.133s] -- Found rosidl_generator_cpp: 3.1.6 (/opt/ros/humble/share/rosidl_generator_cpp/cmake)
[10.282s] -- Using all available rosidl_typesupport_c: rosidl_typesupport_fastrtps_c;rosidl_typesupport_introspection_c
[10.439s] -- Using all available rosidl_typesupport_cpp: rosidl_typesupport_fastrtps_cpp;rosidl_typesupport_introspection_cpp
[11.279s] -- Found eigen3_cmake_module: 0.1.1 (/opt/ros/humble/share/eigen3_cmake_module/cmake)
[11.281s] -- Found Eigen3: TRUE (found version "3.4.0") 
[11.283s] -- Ensuring Eigen3 include directory is part of orocos-kdl CMake target
[12.222s] -- Found rmw_implementation_cmake: 6.1.2 (/opt/ros/humble/share/rmw_implementation_cmake/cmake)
[12.360s] -- Found rmw_fastrtps_cpp: 6.2.7 (/opt/ros/humble/share/rmw_fastrtps_cpp/cmake)
[12.958s] -- Found TinyXML2 via Config file: TinyXML2_DIR-NOTFOUND
[13.556s] -- Found OpenSSL: /usr/lib/x86_64-linux-gnu/libcrypto.so (found version "3.0.2")  
[13.558s] -- Found TinyXML2 via Config file: TinyXML2_DIR-NOTFOUND
[13.683s] -- Found FastRTPS: /opt/ros/humble/include  
[13.686s] -- Found TinyXML2 via Config file: TinyXML2_DIR-NOTFOUND
[13.707s] -- Found TinyXML2 via Config file: TinyXML2_DIR-NOTFOUND
[13.775s] -- Using RMW implementation 'rmw_fastrtps_cpp' as default
[14.295s] -- Looking for pthread.h
[15.420s] -- Looking for pthread.h - found
[15.440s] -- Performing Test CMAKE_HAVE_LIBC_PTHREAD
[16.769s] -- Performing Test CMAKE_HAVE_LIBC_PTHREAD - Success
[16.777s] -- Found Threads: TRUE  
[20.749s] -- Configuring done
[21.397s] -- Generating done
[21.646s] -- Build files have been written to: /apollo/ros_ws/build/scout_mini_description
[21.656s] Invoked command in '/apollo/ros_ws/build/scout_mini_description' returned '0': CMAKE_PREFIX_PATH=${CMAKE_PREFIX_PATH}:/apollo/dev_ws/install/my_package:/opt/ros/humble /usr/bin/cmake /apollo/ros_ws/src/scout_mini_description -DAMENT_CMAKE_SYMLINK_INSTALL=1 -DCMAKE_INSTALL_PREFIX=/apollo/ros_ws/install/scout_mini_description
[21.671s] Invoking command in '/apollo/ros_ws/build/scout_mini_description': CMAKE_PREFIX_PATH=${CMAKE_PREFIX_PATH}:/apollo/dev_ws/install/my_package:/opt/ros/humble /usr/bin/cmake --build /apollo/ros_ws/build/scout_mini_description -- -j12 -l12
[22.036s] Invoked command in '/apollo/ros_ws/build/scout_mini_description' returned '0': CMAKE_PREFIX_PATH=${CMAKE_PREFIX_PATH}:/apollo/dev_ws/install/my_package:/opt/ros/humble /usr/bin/cmake --build /apollo/ros_ws/build/scout_mini_description -- -j12 -l12
[22.070s] Invoking command in '/apollo/ros_ws/build/scout_mini_description': CMAKE_PREFIX_PATH=${CMAKE_PREFIX_PATH}:/apollo/dev_ws/install/my_package:/opt/ros/humble /usr/bin/cmake --install /apollo/ros_ws/build/scout_mini_description
[22.139s] -- Install configuration: ""
[22.156s] -- Execute custom install script
[22.219s] -- Symlinking: /apollo/ros_ws/install/scout_mini_description/share/scout_mini_description/launch/description_launch.py
[22.360s] -- Symlinking: /apollo/ros_ws/install/scout_mini_description/share/scout_mini_description/launch/rviz2_launch.py
[22.488s] -- Symlinking: /apollo/ros_ws/install/scout_mini_description/share/scout_mini_description/meshes/body.dae
[22.573s] -- Symlinking: /apollo/ros_ws/install/scout_mini_description/share/scout_mini_description/meshes/wheel.dae
[22.728s] -- Symlinking: /apollo/ros_ws/install/scout_mini_description/share/scout_mini_description/rviz/scout_mini.rviz
[23.016s] -- Symlinking: /apollo/ros_ws/install/scout_mini_description/share/scout_mini_description/urdf/scout_mini.urdf
[23.178s] -- Symlinking: /apollo/ros_ws/install/scout_mini_description/share/scout_mini_description/urdf/scout_mini.urdf.xacro
[23.292s] -- Symlinking: /apollo/ros_ws/install/scout_mini_description/share/ament_index/resource_index/package_run_dependencies/scout_mini_description
[23.419s] -- Symlinking: /apollo/ros_ws/install/scout_mini_description/share/ament_index/resource_index/parent_prefix_path/scout_mini_description
[23.542s] -- Symlinking: /apollo/ros_ws/install/scout_mini_description/share/scout_mini_description/environment/ament_prefix_path.sh
[23.709s] -- Symlinking: /apollo/ros_ws/install/scout_mini_description/share/scout_mini_description/environment/ament_prefix_path.dsv
[23.797s] -- Symlinking: /apollo/ros_ws/install/scout_mini_description/share/scout_mini_description/environment/path.sh
[23.927s] -- Symlinking: /apollo/ros_ws/install/scout_mini_description/share/scout_mini_description/environment/path.dsv
[24.062s] -- Symlinking: /apollo/ros_ws/install/scout_mini_description/share/scout_mini_description/local_setup.bash
[24.196s] -- Symlinking: /apollo/ros_ws/install/scout_mini_description/share/scout_mini_description/local_setup.sh
[24.298s] -- Symlinking: /apollo/ros_ws/install/scout_mini_description/share/scout_mini_description/local_setup.zsh
[24.410s] -- Symlinking: /apollo/ros_ws/install/scout_mini_description/share/scout_mini_description/local_setup.dsv
[24.513s] -- Symlinking: /apollo/ros_ws/install/scout_mini_description/share/scout_mini_description/package.dsv
[24.640s] -- Symlinking: /apollo/ros_ws/install/scout_mini_description/share/ament_index/resource_index/packages/scout_mini_description
[24.831s] -- Symlinking: /apollo/ros_ws/install/scout_mini_description/share/scout_mini_description/cmake/scout_mini_descriptionConfig.cmake
[24.994s] -- Symlinking: /apollo/ros_ws/install/scout_mini_description/share/scout_mini_description/cmake/scout_mini_descriptionConfig-version.cmake
[25.122s] -- Symlinking: /apollo/ros_ws/install/scout_mini_description/share/scout_mini_description/package.xml
[25.230s] Invoked command in '/apollo/ros_ws/build/scout_mini_description' returned '0': CMAKE_PREFIX_PATH=${CMAKE_PREFIX_PATH}:/apollo/dev_ws/install/my_package:/opt/ros/humble /usr/bin/cmake --install /apollo/ros_ws/build/scout_mini_description
