[0.267s] Invoking command in '/apollo/ros_ws/build/follow_human': CMAKE_PREFIX_PATH=${CMAKE_PREFIX_PATH}:/apollo/dev_ws/install/my_package:/opt/ros/humble /usr/bin/cmake --build /apollo/ros_ws/build/follow_human -- -j12 -l12
[0.846s] -- Found ament_cmake: 1.3.11 (/opt/ros/humble/share/ament_cmake/cmake)
[2.113s] -- Found rclpy: 3.3.15 (/opt/ros/humble/share/rclpy/cmake)
[2.114s] -- Found std_msgs: 4.2.4 (/opt/ros/humble/share/std_msgs/cmake)
[2.175s] -- Found rosidl_generator_c: 3.1.6 (/opt/ros/humble/share/rosidl_generator_c/cmake)
[2.176s] -- Found rosidl_adapter: 3.1.6 (/opt/ros/humble/share/rosidl_adapter/cmake)
[2.184s] -- Found rosidl_generator_cpp: 3.1.6 (/opt/ros/humble/share/rosidl_generator_cpp/cmake)
[2.207s] -- Using all available rosidl_typesupport_c: rosidl_typesupport_fastrtps_c;rosidl_typesupport_introspection_c
[2.231s] -- Using all available rosidl_typesupport_cpp: rosidl_typesupport_fastrtps_cpp;rosidl_typesupport_introspection_cpp
[2.264s] -- Found rosidl_default_generators: 1.2.0 (/opt/ros/humble/share/rosidl_default_generators/cmake)
[5.393s] -- Found ament_cmake_ros: 0.10.0 (/opt/ros/humble/share/ament_cmake_ros/cmake)
[10.062s] -- Using all available rosidl_typesupport_c: rosidl_typesupport_fastrtps_c;rosidl_typesupport_introspection_c
[11.633s] -- Using all available rosidl_typesupport_cpp: rosidl_typesupport_fastrtps_cpp;rosidl_typesupport_introspection_cpp
[11.902s] -- Found python_cmake_module: 0.10.0 (/opt/ros/humble/share/python_cmake_module/cmake)
[12.152s] -- Using PYTHON_EXECUTABLE: /usr/bin/python3
[12.152s] -- Using PYTHON_INCLUDE_DIRS: /usr/include/python3.10
[12.153s] -- Using PYTHON_LIBRARIES: /usr/lib/x86_64-linux-gnu/libpython3.10.so
[13.072s] -- Configuring done
[15.263s] -- Generating done
[16.053s] -- Build files have been written to: /apollo/ros_ws/build/follow_human
[16.425s] [35m[1mConsolidate compiler generated dependencies of target follow_human__rosidl_generator_c[0m
[16.562s] gmake[2]: Warning: File 'CMakeFiles/follow_human__rosidl_generator_c.dir/compiler_depend.make' has modification time 0.012 s in the future
[16.602s] [  2%] Built target follow_human__cpp
[16.615s] gmake[2]: warning:  Clock skew detected.  Your build may be incomplete.
[16.707s] [ 12%] Built target follow_human__rosidl_generator_c
[16.737s] [35m[1mConsolidate compiler generated dependencies of target follow_human__rosidl_typesupport_cpp[0m
[16.800s] [35m[1mConsolidate compiler generated dependencies of target follow_human__rosidl_typesupport_fastrtps_cpp[0m
[16.827s] [35m[1mConsolidate compiler generated dependencies of target follow_human__rosidl_typesupport_introspection_cpp[0m
[16.875s] [35m[1mConsolidate compiler generated dependencies of target follow_human__rosidl_typesupport_c[0m
[16.895s] [35m[1mConsolidate compiler generated dependencies of target follow_human__rosidl_typesupport_fastrtps_c[0m
[16.938s] [35m[1mConsolidate compiler generated dependencies of target follow_human__rosidl_typesupport_introspection_c[0m
[17.197s] [ 17%] Built target ament_cmake_python_copy_follow_human
[17.208s] [ 23%] Built target follow_human__rosidl_typesupport_c
[17.267s] [ 33%] Built target follow_human__rosidl_typesupport_cpp
[17.290s] [ 43%] Built target follow_human__rosidl_typesupport_introspection_c
[17.348s] [ 64%] Built target follow_human__rosidl_typesupport_introspection_cpp
[17.349s] [ 64%] Built target follow_human__rosidl_typesupport_fastrtps_cpp
[17.504s] [ 74%] Built target follow_human__rosidl_typesupport_fastrtps_c
[17.898s] [ 74%] Built target follow_human
[18.335s] [ 76%] Built target follow_human__py
[18.567s] [35m[1mConsolidate compiler generated dependencies of target follow_human__rosidl_generator_py[0m
[18.569s] running egg_info
[18.572s] writing follow_human.egg-info/PKG-INFO
[18.578s] writing dependency_links to follow_human.egg-info/dependency_links.txt
[18.585s] writing top-level names to follow_human.egg-info/top_level.txt
[18.625s] reading manifest file 'follow_human.egg-info/SOURCES.txt'
[18.662s] writing manifest file 'follow_human.egg-info/SOURCES.txt'
[18.820s] gmake[2]: Warning: File 'CMakeFiles/follow_human__rosidl_generator_py.dir/compiler_depend.make' has modification time 0.082 s in the future
[18.838s] [ 76%] Built target ament_cmake_python_build_follow_human_egg
[18.871s] gmake[2]: warning:  Clock skew detected.  Your build may be incomplete.
[19.067s] [ 84%] Built target follow_human__rosidl_generator_py
[19.139s] [35m[1mConsolidate compiler generated dependencies of target follow_human__rosidl_typesupport_c__pyext[0m
[19.139s] [35m[1mConsolidate compiler generated dependencies of target follow_human__rosidl_typesupport_fastrtps_c__pyext[0m
[19.178s] [35m[1mConsolidate compiler generated dependencies of target follow_human__rosidl_typesupport_introspection_c__pyext[0m
[19.337s] gmake[2]: Warning: File 'CMakeFiles/follow_human__rosidl_typesupport_c__pyext.dir/compiler_depend.make' has modification time 0.16 s in the future
[19.351s] gmake[2]: Warning: File 'CMakeFiles/follow_human__rosidl_typesupport_fastrtps_c__pyext.dir/compiler_depend.make' has modification time 0.15 s in the future
[19.380s] gmake[2]: warning:  Clock skew detected.  Your build may be incomplete.
[19.394s] gmake[2]: warning:  Clock skew detected.  Your build may be incomplete.
[19.415s] gmake[2]: Warning: File 'CMakeFiles/follow_human__rosidl_typesupport_introspection_c__pyext.dir/compiler_depend.make' has modification time 0.13 s in the future
[19.438s] [ 89%] Built target follow_human__rosidl_typesupport_c__pyext
[19.446s] [ 94%] Built target follow_human__rosidl_typesupport_fastrtps_c__pyext
[19.461s] gmake[2]: warning:  Clock skew detected.  Your build may be incomplete.
[19.618s] [100%] Built target follow_human__rosidl_typesupport_introspection_c__pyext
[19.913s] Invoked command in '/apollo/ros_ws/build/follow_human' returned '0': CMAKE_PREFIX_PATH=${CMAKE_PREFIX_PATH}:/apollo/dev_ws/install/my_package:/opt/ros/humble /usr/bin/cmake --build /apollo/ros_ws/build/follow_human -- -j12 -l12
[20.060s] Invoking command in '/apollo/ros_ws/build/follow_human': CMAKE_PREFIX_PATH=${CMAKE_PREFIX_PATH}:/apollo/dev_ws/install/my_package:/opt/ros/humble /usr/bin/cmake --install /apollo/ros_ws/build/follow_human
[20.182s] -- Install configuration: ""
[20.215s] -- Up-to-date: /apollo/ros_ws/install/follow_human/share/ament_index/resource_index/rosidl_interfaces/follow_human
[20.236s] -- Up-to-date: /apollo/ros_ws/install/follow_human/include/follow_human/follow_human
[20.263s] -- Up-to-date: /apollo/ros_ws/install/follow_human/include/follow_human/follow_human/msg
[20.297s] -- Up-to-date: /apollo/ros_ws/install/follow_human/include/follow_human/follow_human/msg/depth_estimation.h
[20.322s] -- Up-to-date: /apollo/ros_ws/install/follow_human/include/follow_human/follow_human/msg/detail
[20.365s] -- Up-to-date: /apollo/ros_ws/install/follow_human/include/follow_human/follow_human/msg/detail/depth_estimation__functions.c
[20.392s] -- Up-to-date: /apollo/ros_ws/install/follow_human/include/follow_human/follow_human/msg/detail/depth_estimation__functions.h
[20.418s] -- Up-to-date: /apollo/ros_ws/install/follow_human/include/follow_human/follow_human/msg/detail/depth_estimation__struct.h
[20.458s] -- Up-to-date: /apollo/ros_ws/install/follow_human/include/follow_human/follow_human/msg/detail/depth_estimation__type_support.h
[20.500s] -- Up-to-date: /apollo/ros_ws/install/follow_human/include/follow_human/follow_human/msg/detail/tracked_object__functions.c
[20.532s] -- Up-to-date: /apollo/ros_ws/install/follow_human/include/follow_human/follow_human/msg/detail/tracked_object__functions.h
[20.563s] -- Up-to-date: /apollo/ros_ws/install/follow_human/include/follow_human/follow_human/msg/detail/tracked_object__struct.h
[20.594s] -- Up-to-date: /apollo/ros_ws/install/follow_human/include/follow_human/follow_human/msg/detail/tracked_object__type_support.h
[20.622s] -- Up-to-date: /apollo/ros_ws/install/follow_human/include/follow_human/follow_human/msg/rosidl_generator_c__visibility_control.h
[20.647s] -- Up-to-date: /apollo/ros_ws/install/follow_human/include/follow_human/follow_human/msg/tracked_object.h
[20.667s] -- Up-to-date: /apollo/ros_ws/install/follow_human/share/follow_human/environment/library_path.sh
[20.692s] -- Installing: /apollo/ros_ws/install/follow_human/share/follow_human/environment/library_path.dsv
[20.789s] -- Up-to-date: /apollo/ros_ws/install/follow_human/lib/libfollow_human__rosidl_generator_c.so
[20.835s] -- Up-to-date: /apollo/ros_ws/install/follow_human/include/follow_human/follow_human
[20.851s] -- Up-to-date: /apollo/ros_ws/install/follow_human/include/follow_human/follow_human/msg
[20.868s] -- Up-to-date: /apollo/ros_ws/install/follow_human/include/follow_human/follow_human/msg/detail
[20.917s] -- Up-to-date: /apollo/ros_ws/install/follow_human/include/follow_human/follow_human/msg/detail/depth_estimation__rosidl_typesupport_fastrtps_c.h
[20.950s] -- Up-to-date: /apollo/ros_ws/install/follow_human/include/follow_human/follow_human/msg/detail/tracked_object__rosidl_typesupport_fastrtps_c.h
[20.977s] -- Up-to-date: /apollo/ros_ws/install/follow_human/include/follow_human/follow_human/msg/rosidl_typesupport_fastrtps_c__visibility_control.h
[21.024s] -- Up-to-date: /apollo/ros_ws/install/follow_human/lib/libfollow_human__rosidl_typesupport_fastrtps_c.so
[21.067s] -- Up-to-date: /apollo/ros_ws/install/follow_human/include/follow_human/follow_human
[21.092s] -- Up-to-date: /apollo/ros_ws/install/follow_human/include/follow_human/follow_human/msg
[21.112s] -- Up-to-date: /apollo/ros_ws/install/follow_human/include/follow_human/follow_human/msg/depth_estimation.hpp
[21.128s] -- Up-to-date: /apollo/ros_ws/install/follow_human/include/follow_human/follow_human/msg/detail
[21.175s] -- Up-to-date: /apollo/ros_ws/install/follow_human/include/follow_human/follow_human/msg/detail/depth_estimation__builder.hpp
[21.216s] -- Up-to-date: /apollo/ros_ws/install/follow_human/include/follow_human/follow_human/msg/detail/depth_estimation__struct.hpp
[21.252s] -- Up-to-date: /apollo/ros_ws/install/follow_human/include/follow_human/follow_human/msg/detail/depth_estimation__traits.hpp
[21.282s] -- Up-to-date: /apollo/ros_ws/install/follow_human/include/follow_human/follow_human/msg/detail/depth_estimation__type_support.hpp
[21.319s] -- Up-to-date: /apollo/ros_ws/install/follow_human/include/follow_human/follow_human/msg/detail/tracked_object__builder.hpp
[21.352s] -- Up-to-date: /apollo/ros_ws/install/follow_human/include/follow_human/follow_human/msg/detail/tracked_object__struct.hpp
[21.383s] -- Up-to-date: /apollo/ros_ws/install/follow_human/include/follow_human/follow_human/msg/detail/tracked_object__traits.hpp
[21.415s] -- Up-to-date: /apollo/ros_ws/install/follow_human/include/follow_human/follow_human/msg/detail/tracked_object__type_support.hpp
[21.441s] -- Up-to-date: /apollo/ros_ws/install/follow_human/include/follow_human/follow_human/msg/rosidl_generator_cpp__visibility_control.hpp
[21.467s] -- Up-to-date: /apollo/ros_ws/install/follow_human/include/follow_human/follow_human/msg/tracked_object.hpp
[21.484s] -- Up-to-date: /apollo/ros_ws/install/follow_human/include/follow_human/follow_human
[21.511s] -- Up-to-date: /apollo/ros_ws/install/follow_human/include/follow_human/follow_human/msg
[21.541s] -- Up-to-date: /apollo/ros_ws/install/follow_human/include/follow_human/follow_human/msg/detail
[21.576s] -- Up-to-date: /apollo/ros_ws/install/follow_human/include/follow_human/follow_human/msg/detail/dds_fastrtps
[21.621s] -- Up-to-date: /apollo/ros_ws/install/follow_human/include/follow_human/follow_human/msg/detail/depth_estimation__rosidl_typesupport_fastrtps_cpp.hpp
[21.652s] -- Up-to-date: /apollo/ros_ws/install/follow_human/include/follow_human/follow_human/msg/detail/tracked_object__rosidl_typesupport_fastrtps_cpp.hpp
[21.684s] -- Up-to-date: /apollo/ros_ws/install/follow_human/include/follow_human/follow_human/msg/rosidl_typesupport_fastrtps_cpp__visibility_control.h
[21.736s] -- Up-to-date: /apollo/ros_ws/install/follow_human/lib/libfollow_human__rosidl_typesupport_fastrtps_cpp.so
[21.779s] -- Up-to-date: /apollo/ros_ws/install/follow_human/include/follow_human/follow_human
[21.804s] -- Up-to-date: /apollo/ros_ws/install/follow_human/include/follow_human/follow_human/msg
[21.834s] -- Up-to-date: /apollo/ros_ws/install/follow_human/include/follow_human/follow_human/msg/detail
[21.874s] -- Up-to-date: /apollo/ros_ws/install/follow_human/include/follow_human/follow_human/msg/detail/depth_estimation__rosidl_typesupport_introspection_c.h
[21.907s] -- Up-to-date: /apollo/ros_ws/install/follow_human/include/follow_human/follow_human/msg/detail/depth_estimation__type_support.c
[21.944s] -- Up-to-date: /apollo/ros_ws/install/follow_human/include/follow_human/follow_human/msg/detail/tracked_object__rosidl_typesupport_introspection_c.h
[21.976s] -- Up-to-date: /apollo/ros_ws/install/follow_human/include/follow_human/follow_human/msg/detail/tracked_object__type_support.c
[22.003s] -- Up-to-date: /apollo/ros_ws/install/follow_human/include/follow_human/follow_human/msg/rosidl_typesupport_introspection_c__visibility_control.h
[22.047s] -- Up-to-date: /apollo/ros_ws/install/follow_human/lib/libfollow_human__rosidl_typesupport_introspection_c.so
[22.101s] -- Up-to-date: /apollo/ros_ws/install/follow_human/lib/libfollow_human__rosidl_typesupport_c.so
[22.146s] -- Up-to-date: /apollo/ros_ws/install/follow_human/include/follow_human/follow_human
[22.180s] -- Up-to-date: /apollo/ros_ws/install/follow_human/include/follow_human/follow_human/msg
[22.218s] -- Up-to-date: /apollo/ros_ws/install/follow_human/include/follow_human/follow_human/msg/detail
[22.260s] -- Up-to-date: /apollo/ros_ws/install/follow_human/include/follow_human/follow_human/msg/detail/depth_estimation__rosidl_typesupport_introspection_cpp.hpp
[22.292s] -- Up-to-date: /apollo/ros_ws/install/follow_human/include/follow_human/follow_human/msg/detail/depth_estimation__type_support.cpp
[22.325s] -- Up-to-date: /apollo/ros_ws/install/follow_human/include/follow_human/follow_human/msg/detail/tracked_object__rosidl_typesupport_introspection_cpp.hpp
[22.357s] -- Up-to-date: /apollo/ros_ws/install/follow_human/include/follow_human/follow_human/msg/detail/tracked_object__type_support.cpp
[22.408s] -- Up-to-date: /apollo/ros_ws/install/follow_human/lib/libfollow_human__rosidl_typesupport_introspection_cpp.so
[22.473s] -- Up-to-date: /apollo/ros_ws/install/follow_human/lib/libfollow_human__rosidl_typesupport_cpp.so
[22.518s] -- Up-to-date: /apollo/ros_ws/install/follow_human/share/follow_human/environment/pythonpath.sh
[22.542s] -- Installing: /apollo/ros_ws/install/follow_human/share/follow_human/environment/pythonpath.dsv
[22.620s] -- Up-to-date: /apollo/ros_ws/install/follow_human/local/lib/python3.10/dist-packages/follow_human-0.0.1-py3.10.egg-info
[22.655s] -- Installing: /apollo/ros_ws/install/follow_human/local/lib/python3.10/dist-packages/follow_human-0.0.1-py3.10.egg-info/dependency_links.txt
[22.742s] -- Installing: /apollo/ros_ws/install/follow_human/local/lib/python3.10/dist-packages/follow_human-0.0.1-py3.10.egg-info/PKG-INFO
[22.855s] -- Installing: /apollo/ros_ws/install/follow_human/local/lib/python3.10/dist-packages/follow_human-0.0.1-py3.10.egg-info/SOURCES.txt
[22.937s] -- Installing: /apollo/ros_ws/install/follow_human/local/lib/python3.10/dist-packages/follow_human-0.0.1-py3.10.egg-info/top_level.txt
[23.037s] -- Up-to-date: /apollo/ros_ws/install/follow_human/local/lib/python3.10/dist-packages/follow_human
[23.075s] -- Up-to-date: /apollo/ros_ws/install/follow_human/local/lib/python3.10/dist-packages/follow_human/follow_human_s__rosidl_typesupport_c.cpython-310-x86_64-linux-gnu.so
[23.107s] -- Up-to-date: /apollo/ros_ws/install/follow_human/local/lib/python3.10/dist-packages/follow_human/follow_human_s__rosidl_typesupport_fastrtps_c.cpython-310-x86_64-linux-gnu.so
[23.135s] -- Up-to-date: /apollo/ros_ws/install/follow_human/local/lib/python3.10/dist-packages/follow_human/follow_human_s__rosidl_typesupport_introspection_c.cpython-310-x86_64-linux-gnu.so
[23.163s] -- Up-to-date: /apollo/ros_ws/install/follow_human/local/lib/python3.10/dist-packages/follow_human/libfollow_human__rosidl_generator_py.so
[23.189s] -- Up-to-date: /apollo/ros_ws/install/follow_human/local/lib/python3.10/dist-packages/follow_human/msg
[23.236s] -- Up-to-date: /apollo/ros_ws/install/follow_human/local/lib/python3.10/dist-packages/follow_human/msg/_depth_estimation.py
[23.267s] -- Up-to-date: /apollo/ros_ws/install/follow_human/local/lib/python3.10/dist-packages/follow_human/msg/_depth_estimation_s.c
[23.298s] -- Up-to-date: /apollo/ros_ws/install/follow_human/local/lib/python3.10/dist-packages/follow_human/msg/_tracked_object.py
[23.330s] -- Up-to-date: /apollo/ros_ws/install/follow_human/local/lib/python3.10/dist-packages/follow_human/msg/_tracked_object_s.c
[23.361s] -- Up-to-date: /apollo/ros_ws/install/follow_human/local/lib/python3.10/dist-packages/follow_human/msg/__init__.py
[23.387s] -- Up-to-date: /apollo/ros_ws/install/follow_human/local/lib/python3.10/dist-packages/follow_human/_follow_human_s.ep.rosidl_typesupport_c.c
[23.404s] -- Up-to-date: /apollo/ros_ws/install/follow_human/local/lib/python3.10/dist-packages/follow_human/_follow_human_s.ep.rosidl_typesupport_fastrtps_c.c
[23.418s] -- Up-to-date: /apollo/ros_ws/install/follow_human/local/lib/python3.10/dist-packages/follow_human/_follow_human_s.ep.rosidl_typesupport_introspection_c.c
[23.446s] -- Installing: /apollo/ros_ws/install/follow_human/local/lib/python3.10/dist-packages/follow_human/__init__.py
[24.281s] Listing '/apollo/ros_ws/install/follow_human/local/lib/python3.10/dist-packages/follow_human'...
[24.282s] Compiling '/apollo/ros_ws/install/follow_human/local/lib/python3.10/dist-packages/follow_human/__init__.py'...
[24.282s] Listing '/apollo/ros_ws/install/follow_human/local/lib/python3.10/dist-packages/follow_human/msg'...
[24.333s] -- Up-to-date: /apollo/ros_ws/install/follow_human/local/lib/python3.10/dist-packages/follow_human/follow_human_s__rosidl_typesupport_fastrtps_c.cpython-310-x86_64-linux-gnu.so
[24.448s] -- Up-to-date: /apollo/ros_ws/install/follow_human/local/lib/python3.10/dist-packages/follow_human/follow_human_s__rosidl_typesupport_introspection_c.cpython-310-x86_64-linux-gnu.so
[24.578s] -- Up-to-date: /apollo/ros_ws/install/follow_human/local/lib/python3.10/dist-packages/follow_human/follow_human_s__rosidl_typesupport_c.cpython-310-x86_64-linux-gnu.so
[24.702s] -- Up-to-date: /apollo/ros_ws/install/follow_human/lib/libfollow_human__rosidl_generator_py.so
[24.768s] -- Up-to-date: /apollo/ros_ws/install/follow_human/share/follow_human/msg/TrackedObject.idl
[24.783s] -- Up-to-date: /apollo/ros_ws/install/follow_human/share/follow_human/msg/DepthEstimation.idl
[24.815s] -- Up-to-date: /apollo/ros_ws/install/follow_human/share/follow_human/msg/TrackedObject.msg
[24.851s] -- Up-to-date: /apollo/ros_ws/install/follow_human/share/follow_human/msg/DepthEstimation.msg
[24.887s] -- Installing: /apollo/ros_ws/install/follow_human/lib/follow_human/depth_estimation.py
[24.963s] -- Installing: /apollo/ros_ws/install/follow_human/lib/follow_human/tracking_node.py
[25.073s] -- Installing: /apollo/ros_ws/install/follow_human/share/ament_index/resource_index/package_run_dependencies/follow_human
[25.201s] -- Installing: /apollo/ros_ws/install/follow_human/share/ament_index/resource_index/parent_prefix_path/follow_human
[25.300s] -- Up-to-date: /apollo/ros_ws/install/follow_human/share/follow_human/environment/ament_prefix_path.sh
[25.316s] -- Installing: /apollo/ros_ws/install/follow_human/share/follow_human/environment/ament_prefix_path.dsv
[25.375s] -- Up-to-date: /apollo/ros_ws/install/follow_human/share/follow_human/environment/path.sh
[25.402s] -- Installing: /apollo/ros_ws/install/follow_human/share/follow_human/environment/path.dsv
[25.487s] -- Up-to-date: /apollo/ros_ws/install/follow_human/share/follow_human/local_setup.bash
[25.506s] -- Up-to-date: /apollo/ros_ws/install/follow_human/share/follow_human/local_setup.sh
[25.520s] -- Up-to-date: /apollo/ros_ws/install/follow_human/share/follow_human/local_setup.zsh
[25.544s] -- Installing: /apollo/ros_ws/install/follow_human/share/follow_human/local_setup.dsv
[25.623s] -- Installing: /apollo/ros_ws/install/follow_human/share/follow_human/package.dsv
[25.713s] -- Up-to-date: /apollo/ros_ws/install/follow_human/share/ament_index/resource_index/packages/follow_human
[25.775s] -- Up-to-date: /apollo/ros_ws/install/follow_human/share/follow_human/cmake/export_follow_human__rosidl_generator_cExport.cmake
[25.815s] -- Up-to-date: /apollo/ros_ws/install/follow_human/share/follow_human/cmake/export_follow_human__rosidl_generator_cExport-noconfig.cmake
[25.875s] -- Up-to-date: /apollo/ros_ws/install/follow_human/share/follow_human/cmake/export_follow_human__rosidl_typesupport_fastrtps_cExport.cmake
[25.916s] -- Up-to-date: /apollo/ros_ws/install/follow_human/share/follow_human/cmake/export_follow_human__rosidl_typesupport_fastrtps_cExport-noconfig.cmake
[25.976s] -- Up-to-date: /apollo/ros_ws/install/follow_human/share/follow_human/cmake/export_follow_human__rosidl_generator_cppExport.cmake
[26.028s] -- Up-to-date: /apollo/ros_ws/install/follow_human/share/follow_human/cmake/export_follow_human__rosidl_typesupport_fastrtps_cppExport.cmake
[26.067s] -- Up-to-date: /apollo/ros_ws/install/follow_human/share/follow_human/cmake/export_follow_human__rosidl_typesupport_fastrtps_cppExport-noconfig.cmake
[26.123s] -- Up-to-date: /apollo/ros_ws/install/follow_human/share/follow_human/cmake/follow_human__rosidl_typesupport_introspection_cExport.cmake
[26.159s] -- Up-to-date: /apollo/ros_ws/install/follow_human/share/follow_human/cmake/follow_human__rosidl_typesupport_introspection_cExport-noconfig.cmake
[26.220s] -- Up-to-date: /apollo/ros_ws/install/follow_human/share/follow_human/cmake/follow_human__rosidl_typesupport_cExport.cmake
[26.262s] -- Up-to-date: /apollo/ros_ws/install/follow_human/share/follow_human/cmake/follow_human__rosidl_typesupport_cExport-noconfig.cmake
[26.319s] -- Up-to-date: /apollo/ros_ws/install/follow_human/share/follow_human/cmake/follow_human__rosidl_typesupport_introspection_cppExport.cmake
[26.355s] -- Up-to-date: /apollo/ros_ws/install/follow_human/share/follow_human/cmake/follow_human__rosidl_typesupport_introspection_cppExport-noconfig.cmake
[26.410s] -- Up-to-date: /apollo/ros_ws/install/follow_human/share/follow_human/cmake/follow_human__rosidl_typesupport_cppExport.cmake
[26.444s] -- Up-to-date: /apollo/ros_ws/install/follow_human/share/follow_human/cmake/follow_human__rosidl_typesupport_cppExport-noconfig.cmake
[26.501s] -- Up-to-date: /apollo/ros_ws/install/follow_human/share/follow_human/cmake/export_follow_human__rosidl_generator_pyExport.cmake
[26.537s] -- Up-to-date: /apollo/ros_ws/install/follow_human/share/follow_human/cmake/export_follow_human__rosidl_generator_pyExport-noconfig.cmake
[26.563s] -- Up-to-date: /apollo/ros_ws/install/follow_human/share/follow_human/cmake/rosidl_cmake-extras.cmake
[26.588s] -- Up-to-date: /apollo/ros_ws/install/follow_human/share/follow_human/cmake/ament_cmake_export_dependencies-extras.cmake
[26.613s] -- Up-to-date: /apollo/ros_ws/install/follow_human/share/follow_human/cmake/ament_cmake_export_include_directories-extras.cmake
[26.635s] -- Up-to-date: /apollo/ros_ws/install/follow_human/share/follow_human/cmake/ament_cmake_export_libraries-extras.cmake
[26.664s] -- Up-to-date: /apollo/ros_ws/install/follow_human/share/follow_human/cmake/ament_cmake_export_targets-extras.cmake
[26.694s] -- Up-to-date: /apollo/ros_ws/install/follow_human/share/follow_human/cmake/rosidl_cmake_export_typesupport_targets-extras.cmake
[26.725s] -- Up-to-date: /apollo/ros_ws/install/follow_human/share/follow_human/cmake/rosidl_cmake_export_typesupport_libraries-extras.cmake
[26.757s] -- Up-to-date: /apollo/ros_ws/install/follow_human/share/follow_human/cmake/follow_humanConfig.cmake
[26.778s] -- Up-to-date: /apollo/ros_ws/install/follow_human/share/follow_human/cmake/follow_humanConfig-version.cmake
[26.807s] -- Installing: /apollo/ros_ws/install/follow_human/share/follow_human/package.xml
[26.891s] Invoked command in '/apollo/ros_ws/build/follow_human' returned '0': CMAKE_PREFIX_PATH=${CMAKE_PREFIX_PATH}:/apollo/dev_ws/install/my_package:/opt/ros/humble /usr/bin/cmake --install /apollo/ros_ws/build/follow_human
