[0.205s] Invoking command in '/apollo/ros_ws/build/scout_object_detector': CMAKE_PREFIX_PATH=${CMAKE_PREFIX_PATH}:/apollo/dev_ws/install/my_package:/opt/ros/humble /usr/bin/cmake /apollo/ros_ws/src/scout_object_detector -DAMENT_CMAKE_SYMLINK_INSTALL=1 -DCMAKE_INSTALL_PREFIX=/apollo/ros_ws/install/scout_object_detector
[0.705s] -- The C compiler identification is GNU 11.4.0
[0.996s] -- The CXX compiler identification is GNU 11.4.0
[1.067s] -- Detecting C compiler ABI info
[1.734s] -- Detecting C compiler ABI info - done
[1.757s] -- Check for working C compiler: /usr/bin/cc - skipped
[1.758s] -- Detecting C compile features
[1.759s] -- Detecting C compile features - done
[1.796s] -- Detecting CXX compiler ABI info
[2.482s] -- Detecting CXX compiler ABI info - done
[2.504s] -- Check for working CXX compiler: /usr/bin/c++ - skipped
[2.505s] -- Detecting CXX compile features
[2.505s] -- Detecting CXX compile features - done
[2.617s] -- Found ament_cmake: 1.3.11 (/opt/ros/humble/share/ament_cmake/cmake)
[3.612s] -- Found Python3: /usr/bin/python3 (found version "3.10.12") found components: Interpreter 
[3.988s] -- Override CMake install command with custom implementation using symlinks instead of copying resources
[5.073s] -- Found rclpy: 3.3.15 (/opt/ros/humble/share/rclpy/cmake)
[5.147s] -- Found std_msgs: 4.2.4 (/opt/ros/humble/share/std_msgs/cmake)
[5.786s] -- Found rosidl_generator_c: 3.1.6 (/opt/ros/humble/share/rosidl_generator_c/cmake)
[5.939s] -- Found rosidl_adapter: 3.1.6 (/opt/ros/humble/share/rosidl_adapter/cmake)
[6.075s] -- Found rosidl_generator_cpp: 3.1.6 (/opt/ros/humble/share/rosidl_generator_cpp/cmake)
[6.243s] -- Using all available rosidl_typesupport_c: rosidl_typesupport_fastrtps_c;rosidl_typesupport_introspection_c
[6.489s] -- Using all available rosidl_typesupport_cpp: rosidl_typesupport_fastrtps_cpp;rosidl_typesupport_introspection_cpp
[6.742s] -- Found sensor_msgs: 4.2.4 (/opt/ros/humble/share/sensor_msgs/cmake)
[6.911s] -- Found rosidl_default_generators: 1.2.0 (/opt/ros/humble/share/rosidl_default_generators/cmake)
[8.775s] -- Found ament_cmake_ros: 0.10.0 (/opt/ros/humble/share/ament_cmake_ros/cmake)
[11.888s] -- Using all available rosidl_typesupport_c: rosidl_typesupport_fastrtps_c;rosidl_typesupport_introspection_c
[12.911s] -- Using all available rosidl_typesupport_cpp: rosidl_typesupport_fastrtps_cpp;rosidl_typesupport_introspection_cpp
[13.092s] -- Found PythonInterp: /usr/bin/python3 (found suitable version "3.10.12", minimum required is "3.6") 
[13.147s] -- Found python_cmake_module: 0.10.0 (/opt/ros/humble/share/python_cmake_module/cmake)
[13.307s] -- Found PythonLibs: /usr/lib/x86_64-linux-gnu/libpython3.10.so (found suitable version "3.10.12", minimum required is "3.5") 
[13.308s] -- Using PYTHON_EXECUTABLE: /usr/bin/python3
[13.309s] -- Using PYTHON_INCLUDE_DIRS: /usr/include/python3.10
[13.309s] -- Using PYTHON_LIBRARIES: /usr/lib/x86_64-linux-gnu/libpython3.10.so
[13.404s] -- Found PythonExtra: .so  
[15.057s] -- Configuring done
[17.072s] -- Generating done
[17.773s] -- Build files have been written to: /apollo/ros_ws/build/scout_object_detector
[17.780s] Invoked command in '/apollo/ros_ws/build/scout_object_detector' returned '0': CMAKE_PREFIX_PATH=${CMAKE_PREFIX_PATH}:/apollo/dev_ws/install/my_package:/opt/ros/humble /usr/bin/cmake /apollo/ros_ws/src/scout_object_detector -DAMENT_CMAKE_SYMLINK_INSTALL=1 -DCMAKE_INSTALL_PREFIX=/apollo/ros_ws/install/scout_object_detector
[17.796s] Invoking command in '/apollo/ros_ws/build/scout_object_detector': CMAKE_PREFIX_PATH=${CMAKE_PREFIX_PATH}:/apollo/dev_ws/install/my_package:/opt/ros/humble /usr/bin/cmake --build /apollo/ros_ws/build/scout_object_detector -- -j12 -l12
[18.080s] [  3%] [34m[1mGenerating C code for ROS interfaces[0m
[18.133s] [  6%] [34m[1mGenerating C++ code for ROS interfaces[0m
[18.140s] [  6%] Built target ament_cmake_python_symlink_scout_object_detector
[18.663s] [  6%] Built target scout_object_detector__cpp
[18.730s] [ 12%] [34m[1mGenerating C++ introspection for ROS interfaces[0m
[18.731s] [ 12%] [34m[1mGenerating C++ type support dispatch for ROS interfaces[0m
[18.747s] [ 16%] [32mBuilding C object CMakeFiles/scout_object_detector__rosidl_generator_c.dir/rosidl_generator_c/scout_object_detector/msg/detail/yolo_detection__functions.c.o[0m
[18.757s] [ 19%] [34m[1mGenerating C++ type support for eProsima Fast-RTPS[0m
[18.870s] running egg_info
[18.871s] creating scout_object_detector.egg-info
[18.874s] writing scout_object_detector.egg-info/PKG-INFO
[18.879s] writing dependency_links to scout_object_detector.egg-info/dependency_links.txt
[18.886s] writing top-level names to scout_object_detector.egg-info/top_level.txt
[18.891s] writing manifest file 'scout_object_detector.egg-info/SOURCES.txt'
[18.919s] reading manifest file 'scout_object_detector.egg-info/SOURCES.txt'
[18.949s] writing manifest file 'scout_object_detector.egg-info/SOURCES.txt'
[19.010s] [ 19%] Built target ament_cmake_python_build_scout_object_detector_egg
[19.043s] [ 22%] [32m[1mLinking C shared library libscout_object_detector__rosidl_generator_c.so[0m
[19.198s] [ 25%] [32mBuilding CXX object CMakeFiles/scout_object_detector__rosidl_typesupport_cpp.dir/rosidl_typesupport_cpp/scout_object_detector/msg/yolo_detection__type_support.cpp.o[0m
[19.225s] [ 25%] Built target scout_object_detector__rosidl_generator_c
[19.242s] [ 29%] [32mBuilding CXX object CMakeFiles/scout_object_detector__rosidl_typesupport_introspection_cpp.dir/rosidl_typesupport_introspection_cpp/scout_object_detector/msg/detail/yolo_detection__type_support.cpp.o[0m
[19.300s] [ 32%] [34m[1mGenerating C introspection for ROS interfaces[0m
[19.308s] [ 35%] [34m[1mGenerating C type support dispatch for ROS interfaces[0m
[19.322s] [ 38%] [34m[1mGenerating C type support for eProsima Fast-RTPS[0m
[19.353s] [ 41%] [32mBuilding CXX object CMakeFiles/scout_object_detector__rosidl_typesupport_fastrtps_cpp.dir/rosidl_typesupport_fastrtps_cpp/scout_object_detector/msg/detail/dds_fastrtps/yolo_detection__type_support.cpp.o[0m
[19.800s] [ 45%] [32m[1mLinking CXX shared library libscout_object_detector__rosidl_typesupport_cpp.so[0m
[19.861s] [ 48%] [32mBuilding CXX object CMakeFiles/scout_object_detector__rosidl_typesupport_c.dir/rosidl_typesupport_c/scout_object_detector/msg/yolo_detection__type_support.cpp.o[0m
[19.944s] [ 51%] [32mBuilding CXX object CMakeFiles/scout_object_detector__rosidl_typesupport_fastrtps_c.dir/rosidl_typesupport_fastrtps_c/scout_object_detector/msg/detail/yolo_detection__type_support_c.cpp.o[0m
[19.955s] [ 54%] [32mBuilding C object CMakeFiles/scout_object_detector__rosidl_typesupport_introspection_c.dir/rosidl_typesupport_introspection_c/scout_object_detector/msg/detail/yolo_detection__type_support.c.o[0m
[19.975s] [ 54%] Built target scout_object_detector__rosidl_typesupport_cpp
[20.072s] [ 58%] [32m[1mLinking CXX shared library libscout_object_detector__rosidl_typesupport_introspection_cpp.so[0m
[20.095s] [ 61%] [32m[1mLinking CXX shared library libscout_object_detector__rosidl_typesupport_c.so[0m
[20.265s] [ 61%] Built target scout_object_detector__rosidl_typesupport_introspection_cpp
[20.275s] [ 64%] [32m[1mLinking C shared library libscout_object_detector__rosidl_typesupport_introspection_c.so[0m
[20.280s] [ 67%] [32m[1mLinking CXX shared library libscout_object_detector__rosidl_typesupport_fastrtps_cpp.so[0m
[20.292s] [ 67%] Built target scout_object_detector__rosidl_typesupport_c
[20.461s] [ 67%] Built target scout_object_detector__rosidl_typesupport_introspection_c
[20.486s] [ 67%] Built target scout_object_detector__rosidl_typesupport_fastrtps_cpp
[20.725s] [ 70%] [32m[1mLinking CXX shared library libscout_object_detector__rosidl_typesupport_fastrtps_c.so[0m
[20.915s] [ 70%] Built target scout_object_detector__rosidl_typesupport_fastrtps_c
[21.055s] [ 70%] Built target scout_object_detector
[21.208s] [ 74%] [34m[1mGenerating Python code for ROS interfaces[0m
[21.892s] [ 74%] Built target scout_object_detector__py
[22.058s] [ 77%] [32mBuilding C object CMakeFiles/scout_object_detector__rosidl_generator_py.dir/rosidl_generator_py/scout_object_detector/msg/_yolo_detection_s.c.o[0m
[22.460s] [ 80%] [32m[1mLinking C shared library rosidl_generator_py/scout_object_detector/libscout_object_detector__rosidl_generator_py.so[0m
[22.677s] [ 80%] Built target scout_object_detector__rosidl_generator_py
[22.795s] [ 83%] [32mBuilding C object CMakeFiles/scout_object_detector__rosidl_typesupport_c__pyext.dir/rosidl_generator_py/scout_object_detector/_scout_object_detector_s.ep.rosidl_typesupport_c.c.o[0m
[22.808s] [ 87%] [32mBuilding C object CMakeFiles/scout_object_detector__rosidl_typesupport_introspection_c__pyext.dir/rosidl_generator_py/scout_object_detector/_scout_object_detector_s.ep.rosidl_typesupport_introspection_c.c.o[0m
[22.822s] [ 90%] [32mBuilding C object CMakeFiles/scout_object_detector__rosidl_typesupport_fastrtps_c__pyext.dir/rosidl_generator_py/scout_object_detector/_scout_object_detector_s.ep.rosidl_typesupport_fastrtps_c.c.o[0m
[23.210s] [ 93%] [32m[1mLinking C shared library rosidl_generator_py/scout_object_detector/scout_object_detector_s__rosidl_typesupport_c.cpython-310-x86_64-linux-gnu.so[0m
[23.320s] [ 96%] [32m[1mLinking C shared library rosidl_generator_py/scout_object_detector/scout_object_detector_s__rosidl_typesupport_introspection_c.cpython-310-x86_64-linux-gnu.so[0m
[23.334s] [100%] [32m[1mLinking C shared library rosidl_generator_py/scout_object_detector/scout_object_detector_s__rosidl_typesupport_fastrtps_c.cpython-310-x86_64-linux-gnu.so[0m
[23.488s] [100%] Built target scout_object_detector__rosidl_typesupport_introspection_c__pyext
[23.499s] [100%] Built target scout_object_detector__rosidl_typesupport_fastrtps_c__pyext
[23.505s] [100%] Built target scout_object_detector__rosidl_typesupport_c__pyext
[23.656s] Invoked command in '/apollo/ros_ws/build/scout_object_detector' returned '0': CMAKE_PREFIX_PATH=${CMAKE_PREFIX_PATH}:/apollo/dev_ws/install/my_package:/opt/ros/humble /usr/bin/cmake --build /apollo/ros_ws/build/scout_object_detector -- -j12 -l12
[23.700s] Invoking command in '/apollo/ros_ws/build/scout_object_detector': CMAKE_PREFIX_PATH=${CMAKE_PREFIX_PATH}:/apollo/dev_ws/install/my_package:/opt/ros/humble /usr/bin/cmake --install /apollo/ros_ws/build/scout_object_detector
[23.722s] -- Install configuration: ""
[23.733s] -- Execute custom install script
[23.761s] -- Symlinking: /apollo/ros_ws/install/scout_object_detector/share/ament_index/resource_index/rosidl_interfaces/scout_object_detector
[23.904s] -- Symlinking: /apollo/ros_ws/install/scout_object_detector/include/scout_object_detector/scout_object_detector/msg/detail/yolo_detection__functions.h
[23.970s] -- Symlinking: /apollo/ros_ws/install/scout_object_detector/include/scout_object_detector/scout_object_detector/msg/detail/yolo_detection__struct.h
[24.048s] -- Symlinking: /apollo/ros_ws/install/scout_object_detector/include/scout_object_detector/scout_object_detector/msg/detail/yolo_detection__type_support.h
[24.116s] -- Symlinking: /apollo/ros_ws/install/scout_object_detector/include/scout_object_detector/scout_object_detector/msg/rosidl_generator_c__visibility_control.h
[24.189s] -- Symlinking: /apollo/ros_ws/install/scout_object_detector/include/scout_object_detector/scout_object_detector/msg/yolo_detection.h
[24.263s] -- Symlinking: /apollo/ros_ws/install/scout_object_detector/share/scout_object_detector/environment/library_path.sh
[24.324s] -- Symlinking: /apollo/ros_ws/install/scout_object_detector/share/scout_object_detector/environment/library_path.dsv
[24.433s] -- Symlinking: /apollo/ros_ws/install/scout_object_detector/include/scout_object_detector/scout_object_detector/msg/detail/yolo_detection__rosidl_typesupport_fastrtps_c.h
[24.502s] -- Symlinking: /apollo/ros_ws/install/scout_object_detector/include/scout_object_detector/scout_object_detector/msg/rosidl_typesupport_fastrtps_c__visibility_control.h
[24.634s] -- Symlinking: /apollo/ros_ws/install/scout_object_detector/include/scout_object_detector/scout_object_detector/msg/detail/yolo_detection__builder.hpp
[24.704s] -- Symlinking: /apollo/ros_ws/install/scout_object_detector/include/scout_object_detector/scout_object_detector/msg/detail/yolo_detection__struct.hpp
[24.773s] -- Symlinking: /apollo/ros_ws/install/scout_object_detector/include/scout_object_detector/scout_object_detector/msg/detail/yolo_detection__traits.hpp
[24.848s] -- Symlinking: /apollo/ros_ws/install/scout_object_detector/include/scout_object_detector/scout_object_detector/msg/detail/yolo_detection__type_support.hpp
[24.927s] -- Symlinking: /apollo/ros_ws/install/scout_object_detector/include/scout_object_detector/scout_object_detector/msg/rosidl_generator_cpp__visibility_control.hpp
[24.996s] -- Symlinking: /apollo/ros_ws/install/scout_object_detector/include/scout_object_detector/scout_object_detector/msg/yolo_detection.hpp
[25.135s] -- Symlinking: /apollo/ros_ws/install/scout_object_detector/include/scout_object_detector/scout_object_detector/msg/detail/yolo_detection__rosidl_typesupport_fastrtps_cpp.hpp
[25.205s] -- Symlinking: /apollo/ros_ws/install/scout_object_detector/include/scout_object_detector/scout_object_detector/msg/rosidl_typesupport_fastrtps_cpp__visibility_control.h
[25.289s] -- Symlinking: /apollo/ros_ws/install/scout_object_detector/include/scout_object_detector/scout_object_detector/msg/detail/yolo_detection__rosidl_typesupport_introspection_c.h
[25.357s] -- Symlinking: /apollo/ros_ws/install/scout_object_detector/include/scout_object_detector/scout_object_detector/msg/rosidl_typesupport_introspection_c__visibility_control.h
[25.461s] -- Symlinking: /apollo/ros_ws/install/scout_object_detector/include/scout_object_detector/scout_object_detector/msg/detail/yolo_detection__rosidl_typesupport_introspection_cpp.hpp
[25.531s] -- Symlinking: /apollo/ros_ws/install/scout_object_detector/share/scout_object_detector/environment/pythonpath.sh
[25.591s] -- Symlinking: /apollo/ros_ws/install/scout_object_detector/share/scout_object_detector/environment/pythonpath.dsv
[25.696s] -- Symlinking: /apollo/ros_ws/install/scout_object_detector/local/lib/python3.10/dist-packages/scout_object_detector-0.0.0-py3.10.egg-info/PKG-INFO
[25.768s] -- Symlinking: /apollo/ros_ws/install/scout_object_detector/local/lib/python3.10/dist-packages/scout_object_detector-0.0.0-py3.10.egg-info/SOURCES.txt
[25.842s] -- Symlinking: /apollo/ros_ws/install/scout_object_detector/local/lib/python3.10/dist-packages/scout_object_detector-0.0.0-py3.10.egg-info/dependency_links.txt
[25.912s] -- Symlinking: /apollo/ros_ws/install/scout_object_detector/local/lib/python3.10/dist-packages/scout_object_detector-0.0.0-py3.10.egg-info/top_level.txt
[26.142s] -- Symlinking: /apollo/ros_ws/install/scout_object_detector/local/lib/python3.10/dist-packages/scout_object_detector/__init__.py
[26.209s] -- Symlinking: /apollo/ros_ws/install/scout_object_detector/local/lib/python3.10/dist-packages/scout_object_detector/_scout_object_detector_s.ep.rosidl_typesupport_c.c
[26.268s] -- Symlinking: /apollo/ros_ws/install/scout_object_detector/local/lib/python3.10/dist-packages/scout_object_detector/_scout_object_detector_s.ep.rosidl_typesupport_fastrtps_c.c
[26.347s] -- Symlinking: /apollo/ros_ws/install/scout_object_detector/local/lib/python3.10/dist-packages/scout_object_detector/_scout_object_detector_s.ep.rosidl_typesupport_introspection_c.c
[26.419s] -- Symlinking: /apollo/ros_ws/install/scout_object_detector/local/lib/python3.10/dist-packages/scout_object_detector/libscout_object_detector__rosidl_generator_py.so
[26.509s] -- Symlinking: /apollo/ros_ws/install/scout_object_detector/local/lib/python3.10/dist-packages/scout_object_detector/msg/__init__.py
[26.596s] -- Symlinking: /apollo/ros_ws/install/scout_object_detector/local/lib/python3.10/dist-packages/scout_object_detector/msg/_yolo_detection.py
[26.676s] -- Symlinking: /apollo/ros_ws/install/scout_object_detector/local/lib/python3.10/dist-packages/scout_object_detector/msg/_yolo_detection_s.c
[26.750s] -- Symlinking: /apollo/ros_ws/install/scout_object_detector/local/lib/python3.10/dist-packages/scout_object_detector/scout_object_detector_s__rosidl_typesupport_c.cpython-310-x86_64-linux-gnu.so
[26.826s] -- Symlinking: /apollo/ros_ws/install/scout_object_detector/local/lib/python3.10/dist-packages/scout_object_detector/scout_object_detector_s__rosidl_typesupport_fastrtps_c.cpython-310-x86_64-linux-gnu.so
[26.901s] -- Symlinking: /apollo/ros_ws/install/scout_object_detector/local/lib/python3.10/dist-packages/scout_object_detector/scout_object_detector_s__rosidl_typesupport_introspection_c.cpython-310-x86_64-linux-gnu.so
[27.002s] -- Up-to-date symlink: /apollo/ros_ws/install/scout_object_detector/local/lib/python3.10/dist-packages/scout_object_detector/scout_object_detector_s__rosidl_typesupport_fastrtps_c.cpython-310-x86_64-linux-gnu.so
[27.048s] -- Up-to-date symlink: /apollo/ros_ws/install/scout_object_detector/local/lib/python3.10/dist-packages/scout_object_detector/scout_object_detector_s__rosidl_typesupport_introspection_c.cpython-310-x86_64-linux-gnu.so
[27.095s] -- Up-to-date symlink: /apollo/ros_ws/install/scout_object_detector/local/lib/python3.10/dist-packages/scout_object_detector/scout_object_detector_s__rosidl_typesupport_c.cpython-310-x86_64-linux-gnu.so
[27.107s] -- Symlinking: /apollo/ros_ws/install/scout_object_detector/share/scout_object_detector/msg/YoloDetection.idl
[27.164s] -- Symlinking: /apollo/ros_ws/install/scout_object_detector/share/scout_object_detector/msg/YoloDetection.msg
[27.233s] -- Symlinking: /apollo/ros_ws/install/scout_object_detector/share/ament_index/resource_index/package_run_dependencies/scout_object_detector
[27.313s] -- Symlinking: /apollo/ros_ws/install/scout_object_detector/share/ament_index/resource_index/parent_prefix_path/scout_object_detector
[27.380s] -- Symlinking: /apollo/ros_ws/install/scout_object_detector/share/scout_object_detector/environment/ament_prefix_path.sh
[27.426s] -- Symlinking: /apollo/ros_ws/install/scout_object_detector/share/scout_object_detector/environment/ament_prefix_path.dsv
[27.480s] -- Symlinking: /apollo/ros_ws/install/scout_object_detector/share/scout_object_detector/environment/path.sh
[27.542s] -- Symlinking: /apollo/ros_ws/install/scout_object_detector/share/scout_object_detector/environment/path.dsv
[27.602s] -- Symlinking: /apollo/ros_ws/install/scout_object_detector/share/scout_object_detector/local_setup.bash
[27.661s] -- Symlinking: /apollo/ros_ws/install/scout_object_detector/share/scout_object_detector/local_setup.sh
[27.717s] -- Symlinking: /apollo/ros_ws/install/scout_object_detector/share/scout_object_detector/local_setup.zsh
[27.772s] -- Symlinking: /apollo/ros_ws/install/scout_object_detector/share/scout_object_detector/local_setup.dsv
[27.825s] -- Symlinking: /apollo/ros_ws/install/scout_object_detector/share/scout_object_detector/package.dsv
[27.899s] -- Symlinking: /apollo/ros_ws/install/scout_object_detector/share/ament_index/resource_index/packages/scout_object_detector
[27.977s] -- Symlinking: /apollo/ros_ws/install/scout_object_detector/share/scout_object_detector/cmake/rosidl_cmake-extras.cmake
[28.039s] -- Symlinking: /apollo/ros_ws/install/scout_object_detector/share/scout_object_detector/cmake/ament_cmake_export_dependencies-extras.cmake
[28.101s] -- Symlinking: /apollo/ros_ws/install/scout_object_detector/share/scout_object_detector/cmake/ament_cmake_export_include_directories-extras.cmake
[28.162s] -- Symlinking: /apollo/ros_ws/install/scout_object_detector/share/scout_object_detector/cmake/ament_cmake_export_libraries-extras.cmake
[28.215s] -- Symlinking: /apollo/ros_ws/install/scout_object_detector/share/scout_object_detector/cmake/ament_cmake_export_targets-extras.cmake
[28.266s] -- Symlinking: /apollo/ros_ws/install/scout_object_detector/share/scout_object_detector/cmake/rosidl_cmake_export_typesupport_targets-extras.cmake
[28.325s] -- Symlinking: /apollo/ros_ws/install/scout_object_detector/share/scout_object_detector/cmake/rosidl_cmake_export_typesupport_libraries-extras.cmake
[28.386s] -- Symlinking: /apollo/ros_ws/install/scout_object_detector/share/scout_object_detector/cmake/scout_object_detectorConfig.cmake
[28.447s] -- Symlinking: /apollo/ros_ws/install/scout_object_detector/share/scout_object_detector/cmake/scout_object_detectorConfig-version.cmake
[28.508s] -- Symlinking: /apollo/ros_ws/install/scout_object_detector/share/scout_object_detector/package.xml
[28.573s] -- Installing: /apollo/ros_ws/install/scout_object_detector/lib/libscout_object_detector__rosidl_generator_c.so
[28.664s] -- Set runtime path of "/apollo/ros_ws/install/scout_object_detector/lib/libscout_object_detector__rosidl_generator_c.so" to ""
[28.680s] -- Installing: /apollo/ros_ws/install/scout_object_detector/lib/libscout_object_detector__rosidl_typesupport_fastrtps_c.so
[28.775s] -- Set runtime path of "/apollo/ros_ws/install/scout_object_detector/lib/libscout_object_detector__rosidl_typesupport_fastrtps_c.so" to ""
[28.786s] -- Installing: /apollo/ros_ws/install/scout_object_detector/lib/libscout_object_detector__rosidl_typesupport_fastrtps_cpp.so
[28.876s] -- Set runtime path of "/apollo/ros_ws/install/scout_object_detector/lib/libscout_object_detector__rosidl_typesupport_fastrtps_cpp.so" to ""
[28.891s] -- Installing: /apollo/ros_ws/install/scout_object_detector/lib/libscout_object_detector__rosidl_typesupport_introspection_c.so
[28.960s] -- Set runtime path of "/apollo/ros_ws/install/scout_object_detector/lib/libscout_object_detector__rosidl_typesupport_introspection_c.so" to ""
[28.975s] -- Installing: /apollo/ros_ws/install/scout_object_detector/lib/libscout_object_detector__rosidl_typesupport_c.so
[29.044s] -- Set runtime path of "/apollo/ros_ws/install/scout_object_detector/lib/libscout_object_detector__rosidl_typesupport_c.so" to ""
[29.063s] -- Installing: /apollo/ros_ws/install/scout_object_detector/lib/libscout_object_detector__rosidl_typesupport_introspection_cpp.so
[29.156s] -- Set runtime path of "/apollo/ros_ws/install/scout_object_detector/lib/libscout_object_detector__rosidl_typesupport_introspection_cpp.so" to ""
[29.171s] -- Installing: /apollo/ros_ws/install/scout_object_detector/lib/libscout_object_detector__rosidl_typesupport_cpp.so
[29.253s] -- Set runtime path of "/apollo/ros_ws/install/scout_object_detector/lib/libscout_object_detector__rosidl_typesupport_cpp.so" to ""
[30.001s] Listing '/apollo/ros_ws/install/scout_object_detector/local/lib/python3.10/dist-packages/scout_object_detector'...
[30.002s] Compiling '/apollo/ros_ws/install/scout_object_detector/local/lib/python3.10/dist-packages/scout_object_detector/__init__.py'...
[30.002s] Listing '/apollo/ros_ws/install/scout_object_detector/local/lib/python3.10/dist-packages/scout_object_detector/msg'...
[30.003s] Compiling '/apollo/ros_ws/install/scout_object_detector/local/lib/python3.10/dist-packages/scout_object_detector/msg/__init__.py'...
[30.004s] Compiling '/apollo/ros_ws/install/scout_object_detector/local/lib/python3.10/dist-packages/scout_object_detector/msg/_yolo_detection.py'...
[30.025s] -- Installing: /apollo/ros_ws/install/scout_object_detector/lib/libscout_object_detector__rosidl_generator_py.so
[30.118s] -- Set runtime path of "/apollo/ros_ws/install/scout_object_detector/lib/libscout_object_detector__rosidl_generator_py.so" to ""
[30.145s] -- Installing: /apollo/ros_ws/install/scout_object_detector/lib/scout_object_detector/object_detection_node
[30.203s] -- Installing: /apollo/ros_ws/install/scout_object_detector/share/scout_object_detector/cmake/export_scout_object_detector__rosidl_generator_cExport.cmake
[30.300s] -- Installing: /apollo/ros_ws/install/scout_object_detector/share/scout_object_detector/cmake/export_scout_object_detector__rosidl_generator_cExport-noconfig.cmake
[30.389s] -- Installing: /apollo/ros_ws/install/scout_object_detector/share/scout_object_detector/cmake/export_scout_object_detector__rosidl_typesupport_fastrtps_cExport.cmake
[30.479s] -- Installing: /apollo/ros_ws/install/scout_object_detector/share/scout_object_detector/cmake/export_scout_object_detector__rosidl_typesupport_fastrtps_cExport-noconfig.cmake
[30.576s] -- Installing: /apollo/ros_ws/install/scout_object_detector/share/scout_object_detector/cmake/export_scout_object_detector__rosidl_generator_cppExport.cmake
[30.663s] -- Installing: /apollo/ros_ws/install/scout_object_detector/share/scout_object_detector/cmake/export_scout_object_detector__rosidl_typesupport_fastrtps_cppExport.cmake
[30.765s] -- Installing: /apollo/ros_ws/install/scout_object_detector/share/scout_object_detector/cmake/export_scout_object_detector__rosidl_typesupport_fastrtps_cppExport-noconfig.cmake
[30.838s] -- Installing: /apollo/ros_ws/install/scout_object_detector/share/scout_object_detector/cmake/scout_object_detector__rosidl_typesupport_introspection_cExport.cmake
[30.937s] -- Installing: /apollo/ros_ws/install/scout_object_detector/share/scout_object_detector/cmake/scout_object_detector__rosidl_typesupport_introspection_cExport-noconfig.cmake
[31.032s] -- Installing: /apollo/ros_ws/install/scout_object_detector/share/scout_object_detector/cmake/scout_object_detector__rosidl_typesupport_cExport.cmake
[31.102s] -- Installing: /apollo/ros_ws/install/scout_object_detector/share/scout_object_detector/cmake/scout_object_detector__rosidl_typesupport_cExport-noconfig.cmake
[31.207s] -- Installing: /apollo/ros_ws/install/scout_object_detector/share/scout_object_detector/cmake/scout_object_detector__rosidl_typesupport_introspection_cppExport.cmake
[31.307s] -- Installing: /apollo/ros_ws/install/scout_object_detector/share/scout_object_detector/cmake/scout_object_detector__rosidl_typesupport_introspection_cppExport-noconfig.cmake
[31.388s] -- Installing: /apollo/ros_ws/install/scout_object_detector/share/scout_object_detector/cmake/scout_object_detector__rosidl_typesupport_cppExport.cmake
[31.486s] -- Installing: /apollo/ros_ws/install/scout_object_detector/share/scout_object_detector/cmake/scout_object_detector__rosidl_typesupport_cppExport-noconfig.cmake
[31.574s] -- Installing: /apollo/ros_ws/install/scout_object_detector/share/scout_object_detector/cmake/export_scout_object_detector__rosidl_generator_pyExport.cmake
[31.672s] -- Installing: /apollo/ros_ws/install/scout_object_detector/share/scout_object_detector/cmake/export_scout_object_detector__rosidl_generator_pyExport-noconfig.cmake
[31.739s] Invoked command in '/apollo/ros_ws/build/scout_object_detector' returned '0': CMAKE_PREFIX_PATH=${CMAKE_PREFIX_PATH}:/apollo/dev_ws/install/my_package:/opt/ros/humble /usr/bin/cmake --install /apollo/ros_ws/build/scout_object_detector
