running egg_info
creating ../../build/auto_break/auto_break.egg-info
writing ../../build/auto_break/auto_break.egg-info/PKG-INFO
writing dependency_links to ../../build/auto_break/auto_break.egg-info/dependency_links.txt
writing entry points to ../../build/auto_break/auto_break.egg-info/entry_points.txt
writing requirements to ../../build/auto_break/auto_break.egg-info/requires.txt
writing top-level names to ../../build/auto_break/auto_break.egg-info/top_level.txt
writing manifest file '../../build/auto_break/auto_break.egg-info/SOURCES.txt'
reading manifest file '../../build/auto_break/auto_break.egg-info/SOURCES.txt'
writing manifest file '../../build/auto_break/auto_break.egg-info/SOURCES.txt'
running build
running build_py
creating /apollo/ros_ws/build/auto_break/build
creating /apollo/ros_ws/build/auto_break/build/lib
creating /apollo/ros_ws/build/auto_break/build/lib/auto_break
copying auto_break/break_if_obstacle.py -> /apollo/ros_ws/build/auto_break/build/lib/auto_break
copying auto_break/__init__.py -> /apollo/ros_ws/build/auto_break/build/lib/auto_break
running install
running install_lib
creating /apollo/ros_ws/install/auto_break/lib/python3.10/site-packages/auto_break
copying /apollo/ros_ws/build/auto_break/build/lib/auto_break/break_if_obstacle.py -> /apollo/ros_ws/install/auto_break/lib/python3.10/site-packages/auto_break
copying /apollo/ros_ws/build/auto_break/build/lib/auto_break/__init__.py -> /apollo/ros_ws/install/auto_break/lib/python3.10/site-packages/auto_break
byte-compiling /apollo/ros_ws/install/auto_break/lib/python3.10/site-packages/auto_break/break_if_obstacle.py to break_if_obstacle.cpython-310.pyc
byte-compiling /apollo/ros_ws/install/auto_break/lib/python3.10/site-packages/auto_break/__init__.py to __init__.cpython-310.pyc
running install_data
creating /apollo/ros_ws/install/auto_break/share/ament_index
creating /apollo/ros_ws/install/auto_break/share/ament_index/resource_index
creating /apollo/ros_ws/install/auto_break/share/ament_index/resource_index/packages
copying resource/auto_break -> /apollo/ros_ws/install/auto_break/share/ament_index/resource_index/packages
copying package.xml -> /apollo/ros_ws/install/auto_break/share/auto_break
running install_egg_info
Copying ../../build/auto_break/auto_break.egg-info to /apollo/ros_ws/install/auto_break/lib/python3.10/site-packages/auto_break-0.1.0-py3.10.egg-info
running install_scripts
Installing auto_break script to /apollo/ros_ws/install/auto_break/lib/auto_break
writing list of installed files to '/apollo/ros_ws/build/auto_break/install.log'
