[0.389s] Invoking command in '/apollo/ros_ws/src/auto_break': PYTHONPATH=/apollo/ros_ws/build/auto_break/prefix_override:/usr/lib/python3/dist-packages/colcon_core/task/python/colcon_distutils_commands:/apollo/ros_ws/install/auto_break/lib/python3.10/site-packages:${PYTHONPATH} /usr/bin/python3 -W ignore:setup.py install is deprecated -W ignore:easy_install command is deprecated setup.py egg_info --egg-base ../../build/auto_break build --build-base /apollo/ros_ws/build/auto_break/build install --record /apollo/ros_ws/build/auto_break/install.log --single-version-externally-managed install_data
[0.527s] running egg_info
[0.527s] creating ../../build/auto_break/auto_break.egg-info
[0.527s] writing ../../build/auto_break/auto_break.egg-info/PKG-INFO
[0.528s] writing dependency_links to ../../build/auto_break/auto_break.egg-info/dependency_links.txt
[0.528s] writing entry points to ../../build/auto_break/auto_break.egg-info/entry_points.txt
[0.528s] writing requirements to ../../build/auto_break/auto_break.egg-info/requires.txt
[0.528s] writing top-level names to ../../build/auto_break/auto_break.egg-info/top_level.txt
[0.528s] writing manifest file '../../build/auto_break/auto_break.egg-info/SOURCES.txt'
[0.529s] reading manifest file '../../build/auto_break/auto_break.egg-info/SOURCES.txt'
[0.529s] writing manifest file '../../build/auto_break/auto_break.egg-info/SOURCES.txt'
[0.529s] running build
[0.529s] running build_py
[0.529s] creating /apollo/ros_ws/build/auto_break/build
[0.529s] creating /apollo/ros_ws/build/auto_break/build/lib
[0.529s] creating /apollo/ros_ws/build/auto_break/build/lib/auto_break
[0.529s] copying auto_break/break_if_obstacle.py -> /apollo/ros_ws/build/auto_break/build/lib/auto_break
[0.529s] copying auto_break/__init__.py -> /apollo/ros_ws/build/auto_break/build/lib/auto_break
[0.529s] running install
[0.530s] running install_lib
[0.530s] creating /apollo/ros_ws/install/auto_break/lib/python3.10/site-packages/auto_break
[0.530s] copying /apollo/ros_ws/build/auto_break/build/lib/auto_break/break_if_obstacle.py -> /apollo/ros_ws/install/auto_break/lib/python3.10/site-packages/auto_break
[0.530s] copying /apollo/ros_ws/build/auto_break/build/lib/auto_break/__init__.py -> /apollo/ros_ws/install/auto_break/lib/python3.10/site-packages/auto_break
[0.531s] byte-compiling /apollo/ros_ws/install/auto_break/lib/python3.10/site-packages/auto_break/break_if_obstacle.py to break_if_obstacle.cpython-310.pyc
[0.532s] byte-compiling /apollo/ros_ws/install/auto_break/lib/python3.10/site-packages/auto_break/__init__.py to __init__.cpython-310.pyc
[0.532s] running install_data
[0.532s] creating /apollo/ros_ws/install/auto_break/share/ament_index
[0.532s] creating /apollo/ros_ws/install/auto_break/share/ament_index/resource_index
[0.532s] creating /apollo/ros_ws/install/auto_break/share/ament_index/resource_index/packages
[0.532s] copying resource/auto_break -> /apollo/ros_ws/install/auto_break/share/ament_index/resource_index/packages
[0.532s] copying package.xml -> /apollo/ros_ws/install/auto_break/share/auto_break
[0.532s] running install_egg_info
[0.533s] Copying ../../build/auto_break/auto_break.egg-info to /apollo/ros_ws/install/auto_break/lib/python3.10/site-packages/auto_break-0.1.0-py3.10.egg-info
[0.533s] running install_scripts
[0.547s] Installing auto_break script to /apollo/ros_ws/install/auto_break/lib/auto_break
[0.548s] writing list of installed files to '/apollo/ros_ws/build/auto_break/install.log'
[0.563s] Invoked command in '/apollo/ros_ws/src/auto_break' returned '0': PYTHONPATH=/apollo/ros_ws/build/auto_break/prefix_override:/usr/lib/python3/dist-packages/colcon_core/task/python/colcon_distutils_commands:/apollo/ros_ws/install/auto_break/lib/python3.10/site-packages:${PYTHONPATH} /usr/bin/python3 -W ignore:setup.py install is deprecated -W ignore:easy_install command is deprecated setup.py egg_info --egg-base ../../build/auto_break build --build-base /apollo/ros_ws/build/auto_break/build install --record /apollo/ros_ws/build/auto_break/install.log --single-version-externally-managed install_data
