[0.362s] Invoking command in '/apollo/ros_ws/src/scout_mini_simulation': CMAKE_PREFIX_PATH=/apollo/ros_ws/install/scout_mini_description:/apollo/ros_ws/install/scout_mini_base:/apollo/ros_ws/install/scout_mini_ros2:/apollo/ros_ws/install/scout_mini_hardware:/apollo/ros_ws/install/scout_mini_msgs PYTHONPATH=/apollo/ros_ws/build/scout_mini_simulation/prefix_override:/usr/lib/python3/dist-packages/colcon_core/task/python/colcon_distutils_commands:/apollo/ros_ws/install/scout_mini_simulation/lib/python3.10/site-packages:${PYTHONPATH} /usr/bin/python3 -W ignore:setup.py install is deprecated -W ignore:easy_install command is deprecated setup.py egg_info --egg-base ../../build/scout_mini_simulation build --build-base /apollo/ros_ws/build/scout_mini_simulation/build install --record /apollo/ros_ws/build/scout_mini_simulation/install.log --single-version-externally-managed install_data
[0.495s] running egg_info
[0.496s] writing ../../build/scout_mini_simulation/scout_mini_simulation.egg-info/PKG-INFO
[0.496s] writing dependency_links to ../../build/scout_mini_simulation/scout_mini_simulation.egg-info/dependency_links.txt
[0.496s] writing entry points to ../../build/scout_mini_simulation/scout_mini_simulation.egg-info/entry_points.txt
[0.496s] writing requirements to ../../build/scout_mini_simulation/scout_mini_simulation.egg-info/requires.txt
[0.496s] writing top-level names to ../../build/scout_mini_simulation/scout_mini_simulation.egg-info/top_level.txt
[0.497s] reading manifest file '../../build/scout_mini_simulation/scout_mini_simulation.egg-info/SOURCES.txt'
[0.498s] writing manifest file '../../build/scout_mini_simulation/scout_mini_simulation.egg-info/SOURCES.txt'
[0.498s] running build
[0.498s] running build_py
[0.498s] running install
[0.498s] running install_lib
[0.499s] running install_data
[0.499s] running install_egg_info
[0.500s] removing '/apollo/ros_ws/install/scout_mini_simulation/lib/python3.10/site-packages/scout_mini_simulation-0.0.0-py3.10.egg-info' (and everything under it)
[0.500s] Copying ../../build/scout_mini_simulation/scout_mini_simulation.egg-info to /apollo/ros_ws/install/scout_mini_simulation/lib/python3.10/site-packages/scout_mini_simulation-0.0.0-py3.10.egg-info
[0.500s] running install_scripts
[0.514s] writing list of installed files to '/apollo/ros_ws/build/scout_mini_simulation/install.log'
[0.527s] Invoked command in '/apollo/ros_ws/src/scout_mini_simulation' returned '0': CMAKE_PREFIX_PATH=/apollo/ros_ws/install/scout_mini_description:/apollo/ros_ws/install/scout_mini_base:/apollo/ros_ws/install/scout_mini_ros2:/apollo/ros_ws/install/scout_mini_hardware:/apollo/ros_ws/install/scout_mini_msgs PYTHONPATH=/apollo/ros_ws/build/scout_mini_simulation/prefix_override:/usr/lib/python3/dist-packages/colcon_core/task/python/colcon_distutils_commands:/apollo/ros_ws/install/scout_mini_simulation/lib/python3.10/site-packages:${PYTHONPATH} /usr/bin/python3 -W ignore:setup.py install is deprecated -W ignore:easy_install command is deprecated setup.py egg_info --egg-base ../../build/scout_mini_simulation build --build-base /apollo/ros_ws/build/scout_mini_simulation/build install --record /apollo/ros_ws/build/scout_mini_simulation/install.log --single-version-externally-managed install_data
