[0.011s] Invoking command in '/apollo/ros_ws/build/scout_mini_msgs': CMAKE_PREFIX_PATH=${CMAKE_PREFIX_PATH}:/opt/ros/humble /usr/bin/cmake /apollo/ros_ws/src/scout_mini_msgs -DAMENT_CMAKE_SYMLINK_INSTALL=1 -DCMAKE_INSTALL_PREFIX=/apollo/ros_ws/install/scout_mini_msgs
[0.067s] -- The C compiler identification is GNU 11.4.0
[0.108s] -- The CXX compiler identification is GNU 11.4.0
[0.114s] -- Detecting C compiler ABI info
[0.175s] -- Detecting C compiler ABI info - done
[0.180s] -- Check for working C compiler: /usr/bin/cc - skipped
[0.180s] -- Detecting C compile features
[0.180s] -- Detecting C compile features - done
[0.182s] -- Detecting CXX compiler ABI info
[0.253s] -- Detecting CXX compiler ABI info - done
[0.258s] -- Check for working CXX compiler: /usr/bin/c++ - skipped
[0.258s] -- Detecting CXX compile features
[0.259s] -- Detecting CXX compile features - done
[0.270s] -- Found ament_cmake: 1.3.11 (/opt/ros/humble/share/ament_cmake/cmake)
[0.391s] -- Found Python3: /usr/bin/python3 (found version "3.10.12") found components: Interpreter 
[0.439s] -- Override CMake install command with custom implementation using symlinks instead of copying resources
[0.472s] -- Found rosidl_default_generators: 1.2.0 (/opt/ros/humble/share/rosidl_default_generators/cmake)
[0.477s] -- Using all available rosidl_typesupport_c: rosidl_typesupport_fastrtps_c;rosidl_typesupport_introspection_c
[0.485s] -- Found rosidl_adapter: 3.1.6 (/opt/ros/humble/share/rosidl_adapter/cmake)
[0.520s] -- Using all available rosidl_typesupport_cpp: rosidl_typesupport_fastrtps_cpp;rosidl_typesupport_introspection_cpp
[0.549s] -- Found builtin_interfaces: 1.2.1 (/opt/ros/humble/share/builtin_interfaces/cmake)
[0.561s] -- Found std_msgs: 4.2.4 (/opt/ros/humble/share/std_msgs/cmake)
[0.778s] -- Found ament_cmake_ros: 0.10.0 (/opt/ros/humble/share/ament_cmake_ros/cmake)
[0.945s] -- Using all available rosidl_typesupport_c: rosidl_typesupport_fastrtps_c;rosidl_typesupport_introspection_c
[1.171s] -- Using all available rosidl_typesupport_cpp: rosidl_typesupport_fastrtps_cpp;rosidl_typesupport_introspection_cpp
[1.188s] -- Found PythonInterp: /usr/bin/python3 (found suitable version "3.10.12", minimum required is "3.6") 
[1.192s] -- Found python_cmake_module: 0.10.0 (/opt/ros/humble/share/python_cmake_module/cmake)
[1.213s] -- Found PythonLibs: /usr/lib/x86_64-linux-gnu/libpython3.10.so (found suitable version "3.10.12", minimum required is "3.5") 
[1.213s] -- Using PYTHON_EXECUTABLE: /usr/bin/python3
[1.213s] -- Using PYTHON_INCLUDE_DIRS: /usr/include/python3.10
[1.213s] -- Using PYTHON_LIBRARIES: /usr/lib/x86_64-linux-gnu/libpython3.10.so
[1.228s] -- Found PythonExtra: .so  
[1.270s] -- Configuring done
[1.294s] -- Generating done
[1.301s] -- Build files have been written to: /apollo/ros_ws/build/scout_mini_msgs
[1.305s] Invoked command in '/apollo/ros_ws/build/scout_mini_msgs' returned '0': CMAKE_PREFIX_PATH=${CMAKE_PREFIX_PATH}:/opt/ros/humble /usr/bin/cmake /apollo/ros_ws/src/scout_mini_msgs -DAMENT_CMAKE_SYMLINK_INSTALL=1 -DCMAKE_INSTALL_PREFIX=/apollo/ros_ws/install/scout_mini_msgs
[1.306s] Invoking command in '/apollo/ros_ws/build/scout_mini_msgs': CMAKE_PREFIX_PATH=${CMAKE_PREFIX_PATH}:/opt/ros/humble /usr/bin/cmake --build /apollo/ros_ws/build/scout_mini_msgs -- -j20 -l20
[1.353s] [  1%] [34m[1mGenerating C code for ROS interfaces[0m
[1.369s] [  2%] [34m[1mGenerating C++ code for ROS interfaces[0m
[1.380s] [  2%] Built target ament_cmake_python_symlink_scout_mini_msgs
[1.527s] running egg_info
[1.527s] creating scout_mini_msgs.egg-info
[1.527s] writing scout_mini_msgs.egg-info/PKG-INFO
[1.527s] writing dependency_links to scout_mini_msgs.egg-info/dependency_links.txt
[1.527s] writing top-level names to scout_mini_msgs.egg-info/top_level.txt
[1.528s] writing manifest file 'scout_mini_msgs.egg-info/SOURCES.txt'
[1.529s] reading manifest file 'scout_mini_msgs.egg-info/SOURCES.txt'
[1.529s] writing manifest file 'scout_mini_msgs.egg-info/SOURCES.txt'
[1.550s] [  2%] Built target ament_cmake_python_build_scout_mini_msgs_egg
[1.778s] [  2%] Built target scout_mini_msgs__cpp
[1.788s] [  4%] [34m[1mGenerating C++ type support for eProsima Fast-RTPS[0m
[1.791s] [  5%] [34m[1mGenerating C++ type support dispatch for ROS interfaces[0m
[1.791s] [  7%] [34m[1mGenerating C++ introspection for ROS interfaces[0m
[1.813s] [  8%] [32mBuilding C object CMakeFiles/scout_mini_msgs__rosidl_generator_c.dir/rosidl_generator_c/scout_mini_msgs/msg/detail/driver_state__functions.c.o[0m
[1.813s] [  9%] [32mBuilding C object CMakeFiles/scout_mini_msgs__rosidl_generator_c.dir/rosidl_generator_c/scout_mini_msgs/msg/detail/fault_state__functions.c.o[0m
[1.814s] [ 11%] [32mBuilding C object CMakeFiles/scout_mini_msgs__rosidl_generator_c.dir/rosidl_generator_c/scout_mini_msgs/msg/detail/light_state__functions.c.o[0m
[1.815s] [ 12%] [32mBuilding C object CMakeFiles/scout_mini_msgs__rosidl_generator_c.dir/rosidl_generator_c/scout_mini_msgs/msg/detail/motor_state__functions.c.o[0m
[1.815s] [ 14%] [32mBuilding C object CMakeFiles/scout_mini_msgs__rosidl_generator_c.dir/rosidl_generator_c/scout_mini_msgs/msg/detail/robot_state__functions.c.o[0m
[1.818s] [ 15%] [32mBuilding C object CMakeFiles/scout_mini_msgs__rosidl_generator_c.dir/rosidl_generator_c/scout_mini_msgs/msg/detail/light_command__functions.c.o[0m
[1.863s] [ 16%] [32m[1mLinking C shared library libscout_mini_msgs__rosidl_generator_c.so[0m
[1.899s] [ 16%] Built target scout_mini_msgs__rosidl_generator_c
[1.911s] [ 18%] [34m[1mGenerating C type support for eProsima Fast-RTPS[0m
[1.911s] [ 21%] [34m[1mGenerating C introspection for ROS interfaces[0m
[1.911s] [ 21%] [34m[1mGenerating C type support dispatch for ROS interfaces[0m
[2.175s] [ 22%] [32mBuilding CXX object CMakeFiles/scout_mini_msgs__rosidl_typesupport_cpp.dir/rosidl_typesupport_cpp/scout_mini_msgs/msg/driver_state__type_support.cpp.o[0m
[2.177s] [ 25%] [32mBuilding CXX object CMakeFiles/scout_mini_msgs__rosidl_typesupport_cpp.dir/rosidl_typesupport_cpp/scout_mini_msgs/msg/fault_state__type_support.cpp.o[0m
[2.178s] [ 26%] [32mBuilding CXX object CMakeFiles/scout_mini_msgs__rosidl_typesupport_cpp.dir/rosidl_typesupport_cpp/scout_mini_msgs/msg/light_state__type_support.cpp.o[0m
[2.178s] [ 28%] [32mBuilding CXX object CMakeFiles/scout_mini_msgs__rosidl_typesupport_cpp.dir/rosidl_typesupport_cpp/scout_mini_msgs/msg/motor_state__type_support.cpp.o[0m
[2.178s] [ 29%] [32mBuilding CXX object CMakeFiles/scout_mini_msgs__rosidl_typesupport_cpp.dir/rosidl_typesupport_cpp/scout_mini_msgs/msg/robot_state__type_support.cpp.o[0m
[2.179s] [ 25%] [32mBuilding CXX object CMakeFiles/scout_mini_msgs__rosidl_typesupport_cpp.dir/rosidl_typesupport_cpp/scout_mini_msgs/msg/light_command__type_support.cpp.o[0m
[2.213s] [ 30%] [32mBuilding CXX object CMakeFiles/scout_mini_msgs__rosidl_typesupport_introspection_cpp.dir/rosidl_typesupport_introspection_cpp/scout_mini_msgs/msg/detail/light_state__type_support.cpp.o[0m
[2.213s] [ 32%] [32mBuilding CXX object CMakeFiles/scout_mini_msgs__rosidl_typesupport_introspection_cpp.dir/rosidl_typesupport_introspection_cpp/scout_mini_msgs/msg/detail/motor_state__type_support.cpp.o[0m
[2.215s] [ 33%] [32mBuilding CXX object CMakeFiles/scout_mini_msgs__rosidl_typesupport_introspection_cpp.dir/rosidl_typesupport_introspection_cpp/scout_mini_msgs/msg/detail/driver_state__type_support.cpp.o[0m
[2.215s] [ 36%] [32mBuilding CXX object CMakeFiles/scout_mini_msgs__rosidl_typesupport_introspection_cpp.dir/rosidl_typesupport_introspection_cpp/scout_mini_msgs/msg/detail/light_command__type_support.cpp.o[0m
[2.215s] [ 35%] [32mBuilding CXX object CMakeFiles/scout_mini_msgs__rosidl_typesupport_introspection_cpp.dir/rosidl_typesupport_introspection_cpp/scout_mini_msgs/msg/detail/fault_state__type_support.cpp.o[0m
[2.217s] [ 38%] [32mBuilding CXX object CMakeFiles/scout_mini_msgs__rosidl_typesupport_introspection_cpp.dir/rosidl_typesupport_introspection_cpp/scout_mini_msgs/msg/detail/robot_state__type_support.cpp.o[0m
[2.254s] [ 42%] [32mBuilding CXX object CMakeFiles/scout_mini_msgs__rosidl_typesupport_fastrtps_cpp.dir/rosidl_typesupport_fastrtps_cpp/scout_mini_msgs/msg/detail/dds_fastrtps/light_command__type_support.cpp.o[0m
[2.254s] [ 42%] [32mBuilding CXX object CMakeFiles/scout_mini_msgs__rosidl_typesupport_fastrtps_cpp.dir/rosidl_typesupport_fastrtps_cpp/scout_mini_msgs/msg/detail/dds_fastrtps/fault_state__type_support.cpp.o[0m
[2.254s] [ 42%] [32mBuilding CXX object CMakeFiles/scout_mini_msgs__rosidl_typesupport_fastrtps_cpp.dir/rosidl_typesupport_fastrtps_cpp/scout_mini_msgs/msg/detail/dds_fastrtps/driver_state__type_support.cpp.o[0m
[2.255s] [ 43%] [32mBuilding CXX object CMakeFiles/scout_mini_msgs__rosidl_typesupport_fastrtps_cpp.dir/rosidl_typesupport_fastrtps_cpp/scout_mini_msgs/msg/detail/dds_fastrtps/motor_state__type_support.cpp.o[0m
[2.255s] [ 45%] [32mBuilding CXX object CMakeFiles/scout_mini_msgs__rosidl_typesupport_fastrtps_cpp.dir/rosidl_typesupport_fastrtps_cpp/scout_mini_msgs/msg/detail/dds_fastrtps/light_state__type_support.cpp.o[0m
[2.388s] [ 46%] [32mBuilding CXX object CMakeFiles/scout_mini_msgs__rosidl_typesupport_c.dir/rosidl_typesupport_c/scout_mini_msgs/msg/driver_state__type_support.cpp.o[0m
[2.425s] [ 47%] [32mBuilding CXX object CMakeFiles/scout_mini_msgs__rosidl_typesupport_c.dir/rosidl_typesupport_c/scout_mini_msgs/msg/fault_state__type_support.cpp.o[0m
[2.461s] [ 49%] [32mBuilding CXX object CMakeFiles/scout_mini_msgs__rosidl_typesupport_c.dir/rosidl_typesupport_c/scout_mini_msgs/msg/light_command__type_support.cpp.o[0m
[2.494s] [ 50%] [32mBuilding CXX object CMakeFiles/scout_mini_msgs__rosidl_typesupport_fastrtps_cpp.dir/rosidl_typesupport_fastrtps_cpp/scout_mini_msgs/msg/detail/dds_fastrtps/robot_state__type_support.cpp.o[0m
[2.495s] [ 52%] [32mBuilding CXX object CMakeFiles/scout_mini_msgs__rosidl_typesupport_c.dir/rosidl_typesupport_c/scout_mini_msgs/msg/light_state__type_support.cpp.o[0m
[2.495s] [ 53%] [32mBuilding CXX object CMakeFiles/scout_mini_msgs__rosidl_typesupport_c.dir/rosidl_typesupport_c/scout_mini_msgs/msg/motor_state__type_support.cpp.o[0m
[2.508s] [ 54%] [32mBuilding C object CMakeFiles/scout_mini_msgs__rosidl_typesupport_introspection_c.dir/rosidl_typesupport_introspection_c/scout_mini_msgs/msg/detail/driver_state__type_support.c.o[0m
[2.534s] [ 56%] [32mBuilding CXX object CMakeFiles/scout_mini_msgs__rosidl_typesupport_c.dir/rosidl_typesupport_c/scout_mini_msgs/msg/robot_state__type_support.cpp.o[0m
[2.534s] [ 57%] [32mBuilding C object CMakeFiles/scout_mini_msgs__rosidl_typesupport_introspection_c.dir/rosidl_typesupport_introspection_c/scout_mini_msgs/msg/detail/fault_state__type_support.c.o[0m
[2.564s] [ 60%] [32mBuilding CXX object CMakeFiles/scout_mini_msgs__rosidl_typesupport_fastrtps_c.dir/rosidl_typesupport_fastrtps_c/scout_mini_msgs/msg/detail/driver_state__type_support_c.cpp.o[0m
[2.564s] [ 60%] [32mBuilding C object CMakeFiles/scout_mini_msgs__rosidl_typesupport_introspection_c.dir/rosidl_typesupport_introspection_c/scout_mini_msgs/msg/detail/light_command__type_support.c.o[0m
[2.569s] [ 61%] [32m[1mLinking CXX shared library libscout_mini_msgs__rosidl_typesupport_c.so[0m
[2.576s] [ 63%] [32mBuilding C object CMakeFiles/scout_mini_msgs__rosidl_typesupport_introspection_c.dir/rosidl_typesupport_introspection_c/scout_mini_msgs/msg/detail/light_state__type_support.c.o[0m
[2.598s] [ 64%] [32mBuilding CXX object CMakeFiles/scout_mini_msgs__rosidl_typesupport_fastrtps_c.dir/rosidl_typesupport_fastrtps_c/scout_mini_msgs/msg/detail/fault_state__type_support_c.cpp.o[0m
[2.598s] [ 66%] [32mBuilding C object CMakeFiles/scout_mini_msgs__rosidl_typesupport_introspection_c.dir/rosidl_typesupport_introspection_c/scout_mini_msgs/msg/detail/motor_state__type_support.c.o[0m
[2.605s] [ 67%] [32mBuilding C object CMakeFiles/scout_mini_msgs__rosidl_typesupport_introspection_c.dir/rosidl_typesupport_introspection_c/scout_mini_msgs/msg/detail/robot_state__type_support.c.o[0m
[2.615s] [ 69%] [32mBuilding CXX object CMakeFiles/scout_mini_msgs__rosidl_typesupport_fastrtps_c.dir/rosidl_typesupport_fastrtps_c/scout_mini_msgs/msg/detail/light_command__type_support_c.cpp.o[0m
[2.621s] [ 70%] [32m[1mLinking CXX shared library libscout_mini_msgs__rosidl_typesupport_cpp.so[0m
[2.621s] [ 70%] Built target scout_mini_msgs__rosidl_typesupport_c
[2.631s] [ 71%] [32mBuilding CXX object CMakeFiles/scout_mini_msgs__rosidl_typesupport_fastrtps_c.dir/rosidl_typesupport_fastrtps_c/scout_mini_msgs/msg/detail/light_state__type_support_c.cpp.o[0m
[2.636s] [ 73%] [32mBuilding CXX object CMakeFiles/scout_mini_msgs__rosidl_typesupport_fastrtps_c.dir/rosidl_typesupport_fastrtps_c/scout_mini_msgs/msg/detail/motor_state__type_support_c.cpp.o[0m
[2.666s] [ 74%] [32mBuilding CXX object CMakeFiles/scout_mini_msgs__rosidl_typesupport_fastrtps_c.dir/rosidl_typesupport_fastrtps_c/scout_mini_msgs/msg/detail/robot_state__type_support_c.cpp.o[0m
[2.669s] [ 76%] [32m[1mLinking C shared library libscout_mini_msgs__rosidl_typesupport_introspection_c.so[0m
[2.687s] [ 76%] Built target scout_mini_msgs__rosidl_typesupport_cpp
[2.719s] [ 76%] Built target scout_mini_msgs__rosidl_typesupport_introspection_c
[2.838s] [ 77%] [32m[1mLinking CXX shared library libscout_mini_msgs__rosidl_typesupport_introspection_cpp.so[0m
[2.877s] [ 78%] [32m[1mLinking CXX shared library libscout_mini_msgs__rosidl_typesupport_fastrtps_cpp.so[0m
[2.902s] [ 78%] Built target scout_mini_msgs__rosidl_typesupport_introspection_cpp
[2.945s] [ 78%] Built target scout_mini_msgs__rosidl_typesupport_fastrtps_cpp
[2.999s] [ 80%] [32m[1mLinking CXX shared library libscout_mini_msgs__rosidl_typesupport_fastrtps_c.so[0m
[3.068s] [ 80%] Built target scout_mini_msgs__rosidl_typesupport_fastrtps_c
[3.103s] [ 80%] Built target scout_mini_msgs
[3.141s] [ 81%] [34m[1mGenerating Python code for ROS interfaces[0m
[3.802s] [ 81%] Built target scout_mini_msgs__py
[3.823s] [ 83%] [32mBuilding C object CMakeFiles/scout_mini_msgs__rosidl_generator_py.dir/rosidl_generator_py/scout_mini_msgs/msg/_driver_state_s.c.o[0m
[3.823s] [ 84%] [32mBuilding C object CMakeFiles/scout_mini_msgs__rosidl_generator_py.dir/rosidl_generator_py/scout_mini_msgs/msg/_light_command_s.c.o[0m
[3.824s] [ 85%] [32mBuilding C object CMakeFiles/scout_mini_msgs__rosidl_generator_py.dir/rosidl_generator_py/scout_mini_msgs/msg/_light_state_s.c.o[0m
[3.824s] [ 87%] [32mBuilding C object CMakeFiles/scout_mini_msgs__rosidl_generator_py.dir/rosidl_generator_py/scout_mini_msgs/msg/_motor_state_s.c.o[0m
[3.824s] [ 88%] [32mBuilding C object CMakeFiles/scout_mini_msgs__rosidl_generator_py.dir/rosidl_generator_py/scout_mini_msgs/msg/_robot_state_s.c.o[0m
[3.826s] [ 90%] [32mBuilding C object CMakeFiles/scout_mini_msgs__rosidl_generator_py.dir/rosidl_generator_py/scout_mini_msgs/msg/_fault_state_s.c.o[0m
[3.913s] [ 91%] [32m[1mLinking C shared library rosidl_generator_py/scout_mini_msgs/libscout_mini_msgs__rosidl_generator_py.so[0m
[3.957s] [ 91%] Built target scout_mini_msgs__rosidl_generator_py
[3.989s] [ 92%] [32mBuilding C object CMakeFiles/scout_mini_msgs__rosidl_typesupport_fastrtps_c__pyext.dir/rosidl_generator_py/scout_mini_msgs/_scout_mini_msgs_s.ep.rosidl_typesupport_fastrtps_c.c.o[0m
[3.989s] [ 94%] [32mBuilding C object CMakeFiles/scout_mini_msgs__rosidl_typesupport_introspection_c__pyext.dir/rosidl_generator_py/scout_mini_msgs/_scout_mini_msgs_s.ep.rosidl_typesupport_introspection_c.c.o[0m
[3.990s] [ 95%] [32mBuilding C object CMakeFiles/scout_mini_msgs__rosidl_typesupport_c__pyext.dir/rosidl_generator_py/scout_mini_msgs/_scout_mini_msgs_s.ep.rosidl_typesupport_c.c.o[0m
[4.068s] [ 97%] [32m[1mLinking C shared library rosidl_generator_py/scout_mini_msgs/scout_mini_msgs_s__rosidl_typesupport_c.cpython-310-x86_64-linux-gnu.so[0m
[4.069s] [ 98%] [32m[1mLinking C shared library rosidl_generator_py/scout_mini_msgs/scout_mini_msgs_s__rosidl_typesupport_introspection_c.cpython-310-x86_64-linux-gnu.so[0m
[4.071s] [100%] [32m[1mLinking C shared library rosidl_generator_py/scout_mini_msgs/scout_mini_msgs_s__rosidl_typesupport_fastrtps_c.cpython-310-x86_64-linux-gnu.so[0m
[4.107s] [100%] Built target scout_mini_msgs__rosidl_typesupport_c__pyext
[4.107s] [100%] Built target scout_mini_msgs__rosidl_typesupport_introspection_c__pyext
[4.116s] [100%] Built target scout_mini_msgs__rosidl_typesupport_fastrtps_c__pyext
[4.130s] Invoked command in '/apollo/ros_ws/build/scout_mini_msgs' returned '0': CMAKE_PREFIX_PATH=${CMAKE_PREFIX_PATH}:/opt/ros/humble /usr/bin/cmake --build /apollo/ros_ws/build/scout_mini_msgs -- -j20 -l20
[4.131s] Invoking command in '/apollo/ros_ws/build/scout_mini_msgs': CMAKE_PREFIX_PATH=${CMAKE_PREFIX_PATH}:/opt/ros/humble /usr/bin/cmake --install /apollo/ros_ws/build/scout_mini_msgs
[4.145s] -- Install configuration: ""
[4.146s] -- Execute custom install script
[4.146s] -- Symlinking: /apollo/ros_ws/install/scout_mini_msgs/share/ament_index/resource_index/rosidl_interfaces/scout_mini_msgs
[4.161s] -- Symlinking: /apollo/ros_ws/install/scout_mini_msgs/include/scout_mini_msgs/scout_mini_msgs/msg/detail/driver_state__functions.h
[4.172s] -- Symlinking: /apollo/ros_ws/install/scout_mini_msgs/include/scout_mini_msgs/scout_mini_msgs/msg/detail/driver_state__struct.h
[4.186s] -- Symlinking: /apollo/ros_ws/install/scout_mini_msgs/include/scout_mini_msgs/scout_mini_msgs/msg/detail/driver_state__type_support.h
[4.198s] -- Symlinking: /apollo/ros_ws/install/scout_mini_msgs/include/scout_mini_msgs/scout_mini_msgs/msg/detail/fault_state__functions.h
[4.212s] -- Symlinking: /apollo/ros_ws/install/scout_mini_msgs/include/scout_mini_msgs/scout_mini_msgs/msg/detail/fault_state__struct.h
[4.225s] -- Symlinking: /apollo/ros_ws/install/scout_mini_msgs/include/scout_mini_msgs/scout_mini_msgs/msg/detail/fault_state__type_support.h
[4.238s] -- Symlinking: /apollo/ros_ws/install/scout_mini_msgs/include/scout_mini_msgs/scout_mini_msgs/msg/detail/light_command__functions.h
[4.250s] -- Symlinking: /apollo/ros_ws/install/scout_mini_msgs/include/scout_mini_msgs/scout_mini_msgs/msg/detail/light_command__struct.h
[4.261s] -- Symlinking: /apollo/ros_ws/install/scout_mini_msgs/include/scout_mini_msgs/scout_mini_msgs/msg/detail/light_command__type_support.h
[4.272s] -- Symlinking: /apollo/ros_ws/install/scout_mini_msgs/include/scout_mini_msgs/scout_mini_msgs/msg/detail/light_state__functions.h
[4.286s] -- Symlinking: /apollo/ros_ws/install/scout_mini_msgs/include/scout_mini_msgs/scout_mini_msgs/msg/detail/light_state__struct.h
[4.300s] -- Symlinking: /apollo/ros_ws/install/scout_mini_msgs/include/scout_mini_msgs/scout_mini_msgs/msg/detail/light_state__type_support.h
[4.312s] -- Symlinking: /apollo/ros_ws/install/scout_mini_msgs/include/scout_mini_msgs/scout_mini_msgs/msg/detail/motor_state__functions.h
[4.327s] -- Symlinking: /apollo/ros_ws/install/scout_mini_msgs/include/scout_mini_msgs/scout_mini_msgs/msg/detail/motor_state__struct.h
[4.343s] -- Symlinking: /apollo/ros_ws/install/scout_mini_msgs/include/scout_mini_msgs/scout_mini_msgs/msg/detail/motor_state__type_support.h
[4.356s] -- Symlinking: /apollo/ros_ws/install/scout_mini_msgs/include/scout_mini_msgs/scout_mini_msgs/msg/detail/robot_state__functions.h
[4.370s] -- Symlinking: /apollo/ros_ws/install/scout_mini_msgs/include/scout_mini_msgs/scout_mini_msgs/msg/detail/robot_state__struct.h
[4.383s] -- Symlinking: /apollo/ros_ws/install/scout_mini_msgs/include/scout_mini_msgs/scout_mini_msgs/msg/detail/robot_state__type_support.h
[4.398s] -- Symlinking: /apollo/ros_ws/install/scout_mini_msgs/include/scout_mini_msgs/scout_mini_msgs/msg/driver_state.h
[4.410s] -- Symlinking: /apollo/ros_ws/install/scout_mini_msgs/include/scout_mini_msgs/scout_mini_msgs/msg/fault_state.h
[4.424s] -- Symlinking: /apollo/ros_ws/install/scout_mini_msgs/include/scout_mini_msgs/scout_mini_msgs/msg/light_command.h
[4.437s] -- Symlinking: /apollo/ros_ws/install/scout_mini_msgs/include/scout_mini_msgs/scout_mini_msgs/msg/light_state.h
[4.451s] -- Symlinking: /apollo/ros_ws/install/scout_mini_msgs/include/scout_mini_msgs/scout_mini_msgs/msg/motor_state.h
[4.464s] -- Symlinking: /apollo/ros_ws/install/scout_mini_msgs/include/scout_mini_msgs/scout_mini_msgs/msg/robot_state.h
[4.476s] -- Symlinking: /apollo/ros_ws/install/scout_mini_msgs/include/scout_mini_msgs/scout_mini_msgs/msg/rosidl_generator_c__visibility_control.h
[4.492s] -- Symlinking: /apollo/ros_ws/install/scout_mini_msgs/share/scout_mini_msgs/environment/library_path.sh
[4.503s] -- Symlinking: /apollo/ros_ws/install/scout_mini_msgs/share/scout_mini_msgs/environment/library_path.dsv
[4.517s] -- Symlinking: /apollo/ros_ws/install/scout_mini_msgs/include/scout_mini_msgs/scout_mini_msgs/msg/detail/driver_state__rosidl_typesupport_fastrtps_c.h
[4.531s] -- Symlinking: /apollo/ros_ws/install/scout_mini_msgs/include/scout_mini_msgs/scout_mini_msgs/msg/detail/fault_state__rosidl_typesupport_fastrtps_c.h
[4.546s] -- Symlinking: /apollo/ros_ws/install/scout_mini_msgs/include/scout_mini_msgs/scout_mini_msgs/msg/detail/light_command__rosidl_typesupport_fastrtps_c.h
[4.560s] -- Symlinking: /apollo/ros_ws/install/scout_mini_msgs/include/scout_mini_msgs/scout_mini_msgs/msg/detail/light_state__rosidl_typesupport_fastrtps_c.h
[4.575s] -- Symlinking: /apollo/ros_ws/install/scout_mini_msgs/include/scout_mini_msgs/scout_mini_msgs/msg/detail/motor_state__rosidl_typesupport_fastrtps_c.h
[4.591s] -- Symlinking: /apollo/ros_ws/install/scout_mini_msgs/include/scout_mini_msgs/scout_mini_msgs/msg/detail/robot_state__rosidl_typesupport_fastrtps_c.h
[4.606s] -- Symlinking: /apollo/ros_ws/install/scout_mini_msgs/include/scout_mini_msgs/scout_mini_msgs/msg/rosidl_typesupport_fastrtps_c__visibility_control.h
[4.618s] -- Symlinking: /apollo/ros_ws/install/scout_mini_msgs/include/scout_mini_msgs/scout_mini_msgs/msg/detail/driver_state__rosidl_typesupport_introspection_c.h
[4.634s] -- Symlinking: /apollo/ros_ws/install/scout_mini_msgs/include/scout_mini_msgs/scout_mini_msgs/msg/detail/fault_state__rosidl_typesupport_introspection_c.h
[4.651s] -- Symlinking: /apollo/ros_ws/install/scout_mini_msgs/include/scout_mini_msgs/scout_mini_msgs/msg/detail/light_command__rosidl_typesupport_introspection_c.h
[4.664s] -- Symlinking: /apollo/ros_ws/install/scout_mini_msgs/include/scout_mini_msgs/scout_mini_msgs/msg/detail/light_state__rosidl_typesupport_introspection_c.h
[4.679s] -- Symlinking: /apollo/ros_ws/install/scout_mini_msgs/include/scout_mini_msgs/scout_mini_msgs/msg/detail/motor_state__rosidl_typesupport_introspection_c.h
[4.694s] -- Symlinking: /apollo/ros_ws/install/scout_mini_msgs/include/scout_mini_msgs/scout_mini_msgs/msg/detail/robot_state__rosidl_typesupport_introspection_c.h
[4.707s] -- Symlinking: /apollo/ros_ws/install/scout_mini_msgs/include/scout_mini_msgs/scout_mini_msgs/msg/rosidl_typesupport_introspection_c__visibility_control.h
[4.719s] -- Symlinking: /apollo/ros_ws/install/scout_mini_msgs/include/scout_mini_msgs/scout_mini_msgs/msg/detail/driver_state__builder.hpp
[4.734s] -- Symlinking: /apollo/ros_ws/install/scout_mini_msgs/include/scout_mini_msgs/scout_mini_msgs/msg/detail/driver_state__struct.hpp
[4.747s] -- Symlinking: /apollo/ros_ws/install/scout_mini_msgs/include/scout_mini_msgs/scout_mini_msgs/msg/detail/driver_state__traits.hpp
[4.760s] -- Symlinking: /apollo/ros_ws/install/scout_mini_msgs/include/scout_mini_msgs/scout_mini_msgs/msg/detail/driver_state__type_support.hpp
[4.773s] -- Symlinking: /apollo/ros_ws/install/scout_mini_msgs/include/scout_mini_msgs/scout_mini_msgs/msg/detail/fault_state__builder.hpp
[4.788s] -- Symlinking: /apollo/ros_ws/install/scout_mini_msgs/include/scout_mini_msgs/scout_mini_msgs/msg/detail/fault_state__struct.hpp
[4.802s] -- Symlinking: /apollo/ros_ws/install/scout_mini_msgs/include/scout_mini_msgs/scout_mini_msgs/msg/detail/fault_state__traits.hpp
[4.815s] -- Symlinking: /apollo/ros_ws/install/scout_mini_msgs/include/scout_mini_msgs/scout_mini_msgs/msg/detail/fault_state__type_support.hpp
[4.830s] -- Symlinking: /apollo/ros_ws/install/scout_mini_msgs/include/scout_mini_msgs/scout_mini_msgs/msg/detail/light_command__builder.hpp
[4.843s] -- Symlinking: /apollo/ros_ws/install/scout_mini_msgs/include/scout_mini_msgs/scout_mini_msgs/msg/detail/light_command__struct.hpp
[4.857s] -- Symlinking: /apollo/ros_ws/install/scout_mini_msgs/include/scout_mini_msgs/scout_mini_msgs/msg/detail/light_command__traits.hpp
[4.870s] -- Symlinking: /apollo/ros_ws/install/scout_mini_msgs/include/scout_mini_msgs/scout_mini_msgs/msg/detail/light_command__type_support.hpp
[4.883s] -- Symlinking: /apollo/ros_ws/install/scout_mini_msgs/include/scout_mini_msgs/scout_mini_msgs/msg/detail/light_state__builder.hpp
[4.896s] -- Symlinking: /apollo/ros_ws/install/scout_mini_msgs/include/scout_mini_msgs/scout_mini_msgs/msg/detail/light_state__struct.hpp
[4.909s] -- Symlinking: /apollo/ros_ws/install/scout_mini_msgs/include/scout_mini_msgs/scout_mini_msgs/msg/detail/light_state__traits.hpp
[4.922s] -- Symlinking: /apollo/ros_ws/install/scout_mini_msgs/include/scout_mini_msgs/scout_mini_msgs/msg/detail/light_state__type_support.hpp
[4.934s] -- Symlinking: /apollo/ros_ws/install/scout_mini_msgs/include/scout_mini_msgs/scout_mini_msgs/msg/detail/motor_state__builder.hpp
[4.947s] -- Symlinking: /apollo/ros_ws/install/scout_mini_msgs/include/scout_mini_msgs/scout_mini_msgs/msg/detail/motor_state__struct.hpp
[4.961s] -- Symlinking: /apollo/ros_ws/install/scout_mini_msgs/include/scout_mini_msgs/scout_mini_msgs/msg/detail/motor_state__traits.hpp
[4.977s] -- Symlinking: /apollo/ros_ws/install/scout_mini_msgs/include/scout_mini_msgs/scout_mini_msgs/msg/detail/motor_state__type_support.hpp
[4.991s] -- Symlinking: /apollo/ros_ws/install/scout_mini_msgs/include/scout_mini_msgs/scout_mini_msgs/msg/detail/robot_state__builder.hpp
[5.003s] -- Symlinking: /apollo/ros_ws/install/scout_mini_msgs/include/scout_mini_msgs/scout_mini_msgs/msg/detail/robot_state__struct.hpp
[5.020s] -- Symlinking: /apollo/ros_ws/install/scout_mini_msgs/include/scout_mini_msgs/scout_mini_msgs/msg/detail/robot_state__traits.hpp
[5.030s] -- Symlinking: /apollo/ros_ws/install/scout_mini_msgs/include/scout_mini_msgs/scout_mini_msgs/msg/detail/robot_state__type_support.hpp
[5.045s] -- Symlinking: /apollo/ros_ws/install/scout_mini_msgs/include/scout_mini_msgs/scout_mini_msgs/msg/driver_state.hpp
[5.061s] -- Symlinking: /apollo/ros_ws/install/scout_mini_msgs/include/scout_mini_msgs/scout_mini_msgs/msg/fault_state.hpp
[5.071s] -- Symlinking: /apollo/ros_ws/install/scout_mini_msgs/include/scout_mini_msgs/scout_mini_msgs/msg/light_command.hpp
[5.082s] -- Symlinking: /apollo/ros_ws/install/scout_mini_msgs/include/scout_mini_msgs/scout_mini_msgs/msg/light_state.hpp
[5.094s] -- Symlinking: /apollo/ros_ws/install/scout_mini_msgs/include/scout_mini_msgs/scout_mini_msgs/msg/motor_state.hpp
[5.106s] -- Symlinking: /apollo/ros_ws/install/scout_mini_msgs/include/scout_mini_msgs/scout_mini_msgs/msg/robot_state.hpp
[5.121s] -- Symlinking: /apollo/ros_ws/install/scout_mini_msgs/include/scout_mini_msgs/scout_mini_msgs/msg/rosidl_generator_cpp__visibility_control.hpp
[5.136s] -- Symlinking: /apollo/ros_ws/install/scout_mini_msgs/include/scout_mini_msgs/scout_mini_msgs/msg/detail/driver_state__rosidl_typesupport_fastrtps_cpp.hpp
[5.151s] -- Symlinking: /apollo/ros_ws/install/scout_mini_msgs/include/scout_mini_msgs/scout_mini_msgs/msg/detail/fault_state__rosidl_typesupport_fastrtps_cpp.hpp
[5.165s] -- Symlinking: /apollo/ros_ws/install/scout_mini_msgs/include/scout_mini_msgs/scout_mini_msgs/msg/detail/light_command__rosidl_typesupport_fastrtps_cpp.hpp
[5.183s] -- Symlinking: /apollo/ros_ws/install/scout_mini_msgs/include/scout_mini_msgs/scout_mini_msgs/msg/detail/light_state__rosidl_typesupport_fastrtps_cpp.hpp
[5.198s] -- Symlinking: /apollo/ros_ws/install/scout_mini_msgs/include/scout_mini_msgs/scout_mini_msgs/msg/detail/motor_state__rosidl_typesupport_fastrtps_cpp.hpp
[5.210s] -- Symlinking: /apollo/ros_ws/install/scout_mini_msgs/include/scout_mini_msgs/scout_mini_msgs/msg/detail/robot_state__rosidl_typesupport_fastrtps_cpp.hpp
[5.225s] -- Symlinking: /apollo/ros_ws/install/scout_mini_msgs/include/scout_mini_msgs/scout_mini_msgs/msg/rosidl_typesupport_fastrtps_cpp__visibility_control.h
[5.239s] -- Symlinking: /apollo/ros_ws/install/scout_mini_msgs/include/scout_mini_msgs/scout_mini_msgs/msg/detail/driver_state__rosidl_typesupport_introspection_cpp.hpp
[5.253s] -- Symlinking: /apollo/ros_ws/install/scout_mini_msgs/include/scout_mini_msgs/scout_mini_msgs/msg/detail/fault_state__rosidl_typesupport_introspection_cpp.hpp
[5.266s] -- Symlinking: /apollo/ros_ws/install/scout_mini_msgs/include/scout_mini_msgs/scout_mini_msgs/msg/detail/light_command__rosidl_typesupport_introspection_cpp.hpp
[5.280s] -- Symlinking: /apollo/ros_ws/install/scout_mini_msgs/include/scout_mini_msgs/scout_mini_msgs/msg/detail/light_state__rosidl_typesupport_introspection_cpp.hpp
[5.296s] -- Symlinking: /apollo/ros_ws/install/scout_mini_msgs/include/scout_mini_msgs/scout_mini_msgs/msg/detail/motor_state__rosidl_typesupport_introspection_cpp.hpp
[5.311s] -- Symlinking: /apollo/ros_ws/install/scout_mini_msgs/include/scout_mini_msgs/scout_mini_msgs/msg/detail/robot_state__rosidl_typesupport_introspection_cpp.hpp
[5.326s] -- Symlinking: /apollo/ros_ws/install/scout_mini_msgs/share/scout_mini_msgs/environment/pythonpath.sh
[5.339s] -- Symlinking: /apollo/ros_ws/install/scout_mini_msgs/share/scout_mini_msgs/environment/pythonpath.dsv
[5.352s] -- Symlinking: /apollo/ros_ws/install/scout_mini_msgs/local/lib/python3.10/dist-packages/scout_mini_msgs-0.1.0-py3.10.egg-info/PKG-INFO
[5.366s] -- Symlinking: /apollo/ros_ws/install/scout_mini_msgs/local/lib/python3.10/dist-packages/scout_mini_msgs-0.1.0-py3.10.egg-info/SOURCES.txt
[5.380s] -- Symlinking: /apollo/ros_ws/install/scout_mini_msgs/local/lib/python3.10/dist-packages/scout_mini_msgs-0.1.0-py3.10.egg-info/dependency_links.txt
[5.393s] -- Symlinking: /apollo/ros_ws/install/scout_mini_msgs/local/lib/python3.10/dist-packages/scout_mini_msgs-0.1.0-py3.10.egg-info/top_level.txt
[5.403s] -- Symlinking: /apollo/ros_ws/install/scout_mini_msgs/local/lib/python3.10/dist-packages/scout_mini_msgs/__init__.py
[5.416s] -- Symlinking: /apollo/ros_ws/install/scout_mini_msgs/local/lib/python3.10/dist-packages/scout_mini_msgs/_scout_mini_msgs_s.ep.rosidl_typesupport_c.c
[5.427s] -- Symlinking: /apollo/ros_ws/install/scout_mini_msgs/local/lib/python3.10/dist-packages/scout_mini_msgs/_scout_mini_msgs_s.ep.rosidl_typesupport_fastrtps_c.c
[5.439s] -- Symlinking: /apollo/ros_ws/install/scout_mini_msgs/local/lib/python3.10/dist-packages/scout_mini_msgs/_scout_mini_msgs_s.ep.rosidl_typesupport_introspection_c.c
[5.451s] -- Symlinking: /apollo/ros_ws/install/scout_mini_msgs/local/lib/python3.10/dist-packages/scout_mini_msgs/libscout_mini_msgs__rosidl_generator_py.so
[5.466s] -- Symlinking: /apollo/ros_ws/install/scout_mini_msgs/local/lib/python3.10/dist-packages/scout_mini_msgs/msg/__init__.py
[5.480s] -- Symlinking: /apollo/ros_ws/install/scout_mini_msgs/local/lib/python3.10/dist-packages/scout_mini_msgs/msg/_driver_state.py
[5.491s] -- Symlinking: /apollo/ros_ws/install/scout_mini_msgs/local/lib/python3.10/dist-packages/scout_mini_msgs/msg/_driver_state_s.c
[5.501s] -- Symlinking: /apollo/ros_ws/install/scout_mini_msgs/local/lib/python3.10/dist-packages/scout_mini_msgs/msg/_fault_state.py
[5.514s] -- Symlinking: /apollo/ros_ws/install/scout_mini_msgs/local/lib/python3.10/dist-packages/scout_mini_msgs/msg/_fault_state_s.c
[5.528s] -- Symlinking: /apollo/ros_ws/install/scout_mini_msgs/local/lib/python3.10/dist-packages/scout_mini_msgs/msg/_light_command.py
[5.543s] -- Symlinking: /apollo/ros_ws/install/scout_mini_msgs/local/lib/python3.10/dist-packages/scout_mini_msgs/msg/_light_command_s.c
[5.556s] -- Symlinking: /apollo/ros_ws/install/scout_mini_msgs/local/lib/python3.10/dist-packages/scout_mini_msgs/msg/_light_state.py
[5.569s] -- Symlinking: /apollo/ros_ws/install/scout_mini_msgs/local/lib/python3.10/dist-packages/scout_mini_msgs/msg/_light_state_s.c
[5.579s] -- Symlinking: /apollo/ros_ws/install/scout_mini_msgs/local/lib/python3.10/dist-packages/scout_mini_msgs/msg/_motor_state.py
[5.590s] -- Symlinking: /apollo/ros_ws/install/scout_mini_msgs/local/lib/python3.10/dist-packages/scout_mini_msgs/msg/_motor_state_s.c
[5.603s] -- Symlinking: /apollo/ros_ws/install/scout_mini_msgs/local/lib/python3.10/dist-packages/scout_mini_msgs/msg/_robot_state.py
[5.614s] -- Symlinking: /apollo/ros_ws/install/scout_mini_msgs/local/lib/python3.10/dist-packages/scout_mini_msgs/msg/_robot_state_s.c
[5.625s] -- Symlinking: /apollo/ros_ws/install/scout_mini_msgs/local/lib/python3.10/dist-packages/scout_mini_msgs/scout_mini_msgs_s__rosidl_typesupport_c.cpython-310-x86_64-linux-gnu.so
[5.639s] -- Symlinking: /apollo/ros_ws/install/scout_mini_msgs/local/lib/python3.10/dist-packages/scout_mini_msgs/scout_mini_msgs_s__rosidl_typesupport_fastrtps_c.cpython-310-x86_64-linux-gnu.so
[5.657s] -- Symlinking: /apollo/ros_ws/install/scout_mini_msgs/local/lib/python3.10/dist-packages/scout_mini_msgs/scout_mini_msgs_s__rosidl_typesupport_introspection_c.cpython-310-x86_64-linux-gnu.so
[5.669s] -- Up-to-date symlink: /apollo/ros_ws/install/scout_mini_msgs/local/lib/python3.10/dist-packages/scout_mini_msgs/scout_mini_msgs_s__rosidl_typesupport_fastrtps_c.cpython-310-x86_64-linux-gnu.so
[5.669s] -- Up-to-date symlink: /apollo/ros_ws/install/scout_mini_msgs/local/lib/python3.10/dist-packages/scout_mini_msgs/scout_mini_msgs_s__rosidl_typesupport_introspection_c.cpython-310-x86_64-linux-gnu.so
[5.669s] -- Up-to-date symlink: /apollo/ros_ws/install/scout_mini_msgs/local/lib/python3.10/dist-packages/scout_mini_msgs/scout_mini_msgs_s__rosidl_typesupport_c.cpython-310-x86_64-linux-gnu.so
[5.669s] -- Symlinking: /apollo/ros_ws/install/scout_mini_msgs/share/scout_mini_msgs/msg/DriverState.idl
[5.686s] -- Symlinking: /apollo/ros_ws/install/scout_mini_msgs/share/scout_mini_msgs/msg/FaultState.idl
[5.702s] -- Symlinking: /apollo/ros_ws/install/scout_mini_msgs/share/scout_mini_msgs/msg/LightCommand.idl
[5.711s] -- Symlinking: /apollo/ros_ws/install/scout_mini_msgs/share/scout_mini_msgs/msg/LightState.idl
[5.722s] -- Symlinking: /apollo/ros_ws/install/scout_mini_msgs/share/scout_mini_msgs/msg/MotorState.idl
[5.736s] -- Symlinking: /apollo/ros_ws/install/scout_mini_msgs/share/scout_mini_msgs/msg/RobotState.idl
[5.750s] -- Symlinking: /apollo/ros_ws/install/scout_mini_msgs/share/scout_mini_msgs/msg/DriverState.msg
[5.757s] -- Symlinking: /apollo/ros_ws/install/scout_mini_msgs/share/scout_mini_msgs/msg/FaultState.msg
[5.763s] -- Symlinking: /apollo/ros_ws/install/scout_mini_msgs/share/scout_mini_msgs/msg/LightCommand.msg
[5.773s] -- Symlinking: /apollo/ros_ws/install/scout_mini_msgs/share/scout_mini_msgs/msg/LightState.msg
[5.781s] -- Symlinking: /apollo/ros_ws/install/scout_mini_msgs/share/scout_mini_msgs/msg/MotorState.msg
[5.789s] -- Symlinking: /apollo/ros_ws/install/scout_mini_msgs/share/scout_mini_msgs/msg/RobotState.msg
[5.797s] -- Symlinking: /apollo/ros_ws/install/scout_mini_msgs/share/ament_index/resource_index/package_run_dependencies/scout_mini_msgs
[5.807s] -- Symlinking: /apollo/ros_ws/install/scout_mini_msgs/share/ament_index/resource_index/parent_prefix_path/scout_mini_msgs
[5.821s] -- Symlinking: /apollo/ros_ws/install/scout_mini_msgs/share/scout_mini_msgs/environment/ament_prefix_path.sh
[5.833s] -- Symlinking: /apollo/ros_ws/install/scout_mini_msgs/share/scout_mini_msgs/environment/ament_prefix_path.dsv
[5.850s] -- Symlinking: /apollo/ros_ws/install/scout_mini_msgs/share/scout_mini_msgs/environment/path.sh
[5.866s] -- Symlinking: /apollo/ros_ws/install/scout_mini_msgs/share/scout_mini_msgs/environment/path.dsv
[5.879s] -- Symlinking: /apollo/ros_ws/install/scout_mini_msgs/share/scout_mini_msgs/local_setup.bash
[5.895s] -- Symlinking: /apollo/ros_ws/install/scout_mini_msgs/share/scout_mini_msgs/local_setup.sh
[5.910s] -- Symlinking: /apollo/ros_ws/install/scout_mini_msgs/share/scout_mini_msgs/local_setup.zsh
[5.926s] -- Symlinking: /apollo/ros_ws/install/scout_mini_msgs/share/scout_mini_msgs/local_setup.dsv
[5.945s] -- Symlinking: /apollo/ros_ws/install/scout_mini_msgs/share/scout_mini_msgs/package.dsv
[5.957s] -- Symlinking: /apollo/ros_ws/install/scout_mini_msgs/share/ament_index/resource_index/packages/scout_mini_msgs
[5.968s] -- Symlinking: /apollo/ros_ws/install/scout_mini_msgs/share/scout_mini_msgs/cmake/rosidl_cmake-extras.cmake
[5.978s] -- Symlinking: /apollo/ros_ws/install/scout_mini_msgs/share/scout_mini_msgs/cmake/ament_cmake_export_dependencies-extras.cmake
[5.985s] -- Symlinking: /apollo/ros_ws/install/scout_mini_msgs/share/scout_mini_msgs/cmake/ament_cmake_export_include_directories-extras.cmake
[5.992s] -- Symlinking: /apollo/ros_ws/install/scout_mini_msgs/share/scout_mini_msgs/cmake/ament_cmake_export_libraries-extras.cmake
[5.999s] -- Symlinking: /apollo/ros_ws/install/scout_mini_msgs/share/scout_mini_msgs/cmake/ament_cmake_export_targets-extras.cmake
[6.007s] -- Symlinking: /apollo/ros_ws/install/scout_mini_msgs/share/scout_mini_msgs/cmake/rosidl_cmake_export_typesupport_targets-extras.cmake
[6.025s] -- Symlinking: /apollo/ros_ws/install/scout_mini_msgs/share/scout_mini_msgs/cmake/rosidl_cmake_export_typesupport_libraries-extras.cmake
[6.039s] -- Symlinking: /apollo/ros_ws/install/scout_mini_msgs/share/scout_mini_msgs/cmake/scout_mini_msgsConfig.cmake
[6.049s] -- Symlinking: /apollo/ros_ws/install/scout_mini_msgs/share/scout_mini_msgs/cmake/scout_mini_msgsConfig-version.cmake
[6.058s] -- Symlinking: /apollo/ros_ws/install/scout_mini_msgs/share/scout_mini_msgs/package.xml
[6.065s] -- Installing: /apollo/ros_ws/install/scout_mini_msgs/lib/libscout_mini_msgs__rosidl_generator_c.so
[6.065s] -- Set runtime path of "/apollo/ros_ws/install/scout_mini_msgs/lib/libscout_mini_msgs__rosidl_generator_c.so" to ""
[6.065s] -- Installing: /apollo/ros_ws/install/scout_mini_msgs/lib/libscout_mini_msgs__rosidl_typesupport_fastrtps_c.so
[6.065s] -- Set runtime path of "/apollo/ros_ws/install/scout_mini_msgs/lib/libscout_mini_msgs__rosidl_typesupport_fastrtps_c.so" to ""
[6.065s] -- Installing: /apollo/ros_ws/install/scout_mini_msgs/lib/libscout_mini_msgs__rosidl_typesupport_introspection_c.so
[6.065s] -- Set runtime path of "/apollo/ros_ws/install/scout_mini_msgs/lib/libscout_mini_msgs__rosidl_typesupport_introspection_c.so" to ""
[6.065s] -- Installing: /apollo/ros_ws/install/scout_mini_msgs/lib/libscout_mini_msgs__rosidl_typesupport_c.so
[6.066s] -- Set runtime path of "/apollo/ros_ws/install/scout_mini_msgs/lib/libscout_mini_msgs__rosidl_typesupport_c.so" to ""
[6.066s] -- Installing: /apollo/ros_ws/install/scout_mini_msgs/lib/libscout_mini_msgs__rosidl_typesupport_fastrtps_cpp.so
[6.066s] -- Set runtime path of "/apollo/ros_ws/install/scout_mini_msgs/lib/libscout_mini_msgs__rosidl_typesupport_fastrtps_cpp.so" to ""
[6.066s] -- Installing: /apollo/ros_ws/install/scout_mini_msgs/lib/libscout_mini_msgs__rosidl_typesupport_introspection_cpp.so
[6.066s] -- Set runtime path of "/apollo/ros_ws/install/scout_mini_msgs/lib/libscout_mini_msgs__rosidl_typesupport_introspection_cpp.so" to ""
[6.066s] -- Installing: /apollo/ros_ws/install/scout_mini_msgs/lib/libscout_mini_msgs__rosidl_typesupport_cpp.so
[6.066s] -- Set runtime path of "/apollo/ros_ws/install/scout_mini_msgs/lib/libscout_mini_msgs__rosidl_typesupport_cpp.so" to ""
[6.096s] Listing '/apollo/ros_ws/install/scout_mini_msgs/local/lib/python3.10/dist-packages/scout_mini_msgs'...
[6.096s] Compiling '/apollo/ros_ws/install/scout_mini_msgs/local/lib/python3.10/dist-packages/scout_mini_msgs/__init__.py'...
[6.096s] Listing '/apollo/ros_ws/install/scout_mini_msgs/local/lib/python3.10/dist-packages/scout_mini_msgs/msg'...
[6.096s] Compiling '/apollo/ros_ws/install/scout_mini_msgs/local/lib/python3.10/dist-packages/scout_mini_msgs/msg/__init__.py'...
[6.096s] Compiling '/apollo/ros_ws/install/scout_mini_msgs/local/lib/python3.10/dist-packages/scout_mini_msgs/msg/_driver_state.py'...
[6.096s] Compiling '/apollo/ros_ws/install/scout_mini_msgs/local/lib/python3.10/dist-packages/scout_mini_msgs/msg/_fault_state.py'...
[6.096s] Compiling '/apollo/ros_ws/install/scout_mini_msgs/local/lib/python3.10/dist-packages/scout_mini_msgs/msg/_light_command.py'...
[6.096s] Compiling '/apollo/ros_ws/install/scout_mini_msgs/local/lib/python3.10/dist-packages/scout_mini_msgs/msg/_light_state.py'...
[6.096s] Compiling '/apollo/ros_ws/install/scout_mini_msgs/local/lib/python3.10/dist-packages/scout_mini_msgs/msg/_motor_state.py'...
[6.096s] Compiling '/apollo/ros_ws/install/scout_mini_msgs/local/lib/python3.10/dist-packages/scout_mini_msgs/msg/_robot_state.py'...
[6.099s] -- Installing: /apollo/ros_ws/install/scout_mini_msgs/lib/libscout_mini_msgs__rosidl_generator_py.so
[6.099s] -- Set runtime path of "/apollo/ros_ws/install/scout_mini_msgs/lib/libscout_mini_msgs__rosidl_generator_py.so" to ""
[6.099s] -- Installing: /apollo/ros_ws/install/scout_mini_msgs/share/scout_mini_msgs/cmake/export_scout_mini_msgs__rosidl_generator_cExport.cmake
[6.099s] -- Installing: /apollo/ros_ws/install/scout_mini_msgs/share/scout_mini_msgs/cmake/export_scout_mini_msgs__rosidl_generator_cExport-noconfig.cmake
[6.099s] -- Installing: /apollo/ros_ws/install/scout_mini_msgs/share/scout_mini_msgs/cmake/export_scout_mini_msgs__rosidl_typesupport_fastrtps_cExport.cmake
[6.099s] -- Installing: /apollo/ros_ws/install/scout_mini_msgs/share/scout_mini_msgs/cmake/export_scout_mini_msgs__rosidl_typesupport_fastrtps_cExport-noconfig.cmake
[6.099s] -- Installing: /apollo/ros_ws/install/scout_mini_msgs/share/scout_mini_msgs/cmake/scout_mini_msgs__rosidl_typesupport_introspection_cExport.cmake
[6.099s] -- Installing: /apollo/ros_ws/install/scout_mini_msgs/share/scout_mini_msgs/cmake/scout_mini_msgs__rosidl_typesupport_introspection_cExport-noconfig.cmake
[6.099s] -- Installing: /apollo/ros_ws/install/scout_mini_msgs/share/scout_mini_msgs/cmake/scout_mini_msgs__rosidl_typesupport_cExport.cmake
[6.099s] -- Installing: /apollo/ros_ws/install/scout_mini_msgs/share/scout_mini_msgs/cmake/scout_mini_msgs__rosidl_typesupport_cExport-noconfig.cmake
[6.099s] -- Installing: /apollo/ros_ws/install/scout_mini_msgs/share/scout_mini_msgs/cmake/export_scout_mini_msgs__rosidl_generator_cppExport.cmake
[6.100s] -- Installing: /apollo/ros_ws/install/scout_mini_msgs/share/scout_mini_msgs/cmake/export_scout_mini_msgs__rosidl_typesupport_fastrtps_cppExport.cmake
[6.100s] -- Installing: /apollo/ros_ws/install/scout_mini_msgs/share/scout_mini_msgs/cmake/export_scout_mini_msgs__rosidl_typesupport_fastrtps_cppExport-noconfig.cmake
[6.100s] -- Installing: /apollo/ros_ws/install/scout_mini_msgs/share/scout_mini_msgs/cmake/scout_mini_msgs__rosidl_typesupport_introspection_cppExport.cmake
[6.100s] -- Installing: /apollo/ros_ws/install/scout_mini_msgs/share/scout_mini_msgs/cmake/scout_mini_msgs__rosidl_typesupport_introspection_cppExport-noconfig.cmake
[6.100s] -- Installing: /apollo/ros_ws/install/scout_mini_msgs/share/scout_mini_msgs/cmake/scout_mini_msgs__rosidl_typesupport_cppExport.cmake
[6.100s] -- Installing: /apollo/ros_ws/install/scout_mini_msgs/share/scout_mini_msgs/cmake/scout_mini_msgs__rosidl_typesupport_cppExport-noconfig.cmake
[6.100s] -- Installing: /apollo/ros_ws/install/scout_mini_msgs/share/scout_mini_msgs/cmake/export_scout_mini_msgs__rosidl_generator_pyExport.cmake
[6.100s] -- Installing: /apollo/ros_ws/install/scout_mini_msgs/share/scout_mini_msgs/cmake/export_scout_mini_msgs__rosidl_generator_pyExport-noconfig.cmake
[6.102s] Invoked command in '/apollo/ros_ws/build/scout_mini_msgs' returned '0': CMAKE_PREFIX_PATH=${CMAKE_PREFIX_PATH}:/opt/ros/humble /usr/bin/cmake --install /apollo/ros_ws/build/scout_mini_msgs
