[0.011s] Invoking command in '/apollo/ros_ws/build/scout_mini_ros2': CMAKE_PREFIX_PATH=/apollo/ros_ws/install/scout_mini_hardware:/apollo/ros_ws/install/scout_mini_msgs:/apollo/ros_ws/install/scout_mini_description:/apollo/ros_ws/install/scout_mini_base:/apollo/ros_ws/install/scout_mini_ros2:/apollo/ros_ws/install/scout_mini_simulation:/opt/ros/humble /usr/bin/cmake --build /apollo/ros_ws/build/scout_mini_ros2 -- -j20 -l20
[0.046s] Invoked command in '/apollo/ros_ws/build/scout_mini_ros2' returned '0': CMAKE_PREFIX_PATH=/apollo/ros_ws/install/scout_mini_hardware:/apollo/ros_ws/install/scout_mini_msgs:/apollo/ros_ws/install/scout_mini_description:/apollo/ros_ws/install/scout_mini_base:/apollo/ros_ws/install/scout_mini_ros2:/apollo/ros_ws/install/scout_mini_simulation:/opt/ros/humble /usr/bin/cmake --build /apollo/ros_ws/build/scout_mini_ros2 -- -j20 -l20
[0.047s] Invoking command in '/apollo/ros_ws/build/scout_mini_ros2': CMAKE_PREFIX_PATH=/apollo/ros_ws/install/scout_mini_hardware:/apollo/ros_ws/install/scout_mini_msgs:/apollo/ros_ws/install/scout_mini_description:/apollo/ros_ws/install/scout_mini_base:/apollo/ros_ws/install/scout_mini_ros2:/apollo/ros_ws/install/scout_mini_simulation:/opt/ros/humble /usr/bin/cmake --install /apollo/ros_ws/build/scout_mini_ros2
[0.055s] -- Install configuration: ""
[0.055s] -- Execute custom install script
[0.055s] -- Up-to-date symlink: /apollo/ros_ws/install/scout_mini_ros2/share/ament_index/resource_index/package_run_dependencies/scout_mini_ros2
[0.055s] -- Up-to-date symlink: /apollo/ros_ws/install/scout_mini_ros2/share/ament_index/resource_index/parent_prefix_path/scout_mini_ros2
[0.055s] -- Up-to-date symlink: /apollo/ros_ws/install/scout_mini_ros2/share/scout_mini_ros2/environment/ament_prefix_path.sh
[0.055s] -- Up-to-date symlink: /apollo/ros_ws/install/scout_mini_ros2/share/scout_mini_ros2/environment/ament_prefix_path.dsv
[0.055s] -- Up-to-date symlink: /apollo/ros_ws/install/scout_mini_ros2/share/scout_mini_ros2/environment/path.sh
[0.056s] -- Up-to-date symlink: /apollo/ros_ws/install/scout_mini_ros2/share/scout_mini_ros2/environment/path.dsv
[0.056s] -- Up-to-date symlink: /apollo/ros_ws/install/scout_mini_ros2/share/scout_mini_ros2/local_setup.bash
[0.056s] -- Up-to-date symlink: /apollo/ros_ws/install/scout_mini_ros2/share/scout_mini_ros2/local_setup.sh
[0.056s] -- Up-to-date symlink: /apollo/ros_ws/install/scout_mini_ros2/share/scout_mini_ros2/local_setup.zsh
[0.056s] -- Up-to-date symlink: /apollo/ros_ws/install/scout_mini_ros2/share/scout_mini_ros2/local_setup.dsv
[0.056s] -- Symlinking: /apollo/ros_ws/install/scout_mini_ros2/share/scout_mini_ros2/package.dsv
[0.062s] -- Up-to-date symlink: /apollo/ros_ws/install/scout_mini_ros2/share/ament_index/resource_index/packages/scout_mini_ros2
[0.062s] -- Up-to-date symlink: /apollo/ros_ws/install/scout_mini_ros2/share/scout_mini_ros2/cmake/scout_mini_ros2Config.cmake
[0.062s] -- Up-to-date symlink: /apollo/ros_ws/install/scout_mini_ros2/share/scout_mini_ros2/cmake/scout_mini_ros2Config-version.cmake
[0.062s] -- Up-to-date symlink: /apollo/ros_ws/install/scout_mini_ros2/share/scout_mini_ros2/package.xml
[0.064s] Invoked command in '/apollo/ros_ws/build/scout_mini_ros2' returned '0': CMAKE_PREFIX_PATH=/apollo/ros_ws/install/scout_mini_hardware:/apollo/ros_ws/install/scout_mini_msgs:/apollo/ros_ws/install/scout_mini_description:/apollo/ros_ws/install/scout_mini_base:/apollo/ros_ws/install/scout_mini_ros2:/apollo/ros_ws/install/scout_mini_simulation:/opt/ros/humble /usr/bin/cmake --install /apollo/ros_ws/build/scout_mini_ros2
