[0.064s] DEBUG:colcon:Command line arguments: ['/usr/bin/colcon', 'build', '--symlink-install']
[0.064s] DEBUG:colcon:Parsed command line arguments: Namespace(log_base=None, log_level=None, verb_name='build', build_base='build', install_base='install', merge_install=False, symlink_install=True, test_result_base=None, continue_on_error=False, executor='parallel', parallel_workers=20, event_handlers=None, ignore_user_meta=False, metas=['./colcon.meta'], base_paths=['.'], packages_ignore=None, packages_ignore_regex=None, paths=None, packages_up_to=None, packages_up_to_regex=None, packages_above=None, packages_above_and_dependencies=None, packages_above_depth=None, packages_select_by_dep=None, packages_skip_by_dep=None, packages_skip_up_to=None, packages_select_build_failed=False, packages_skip_build_finished=False, packages_select_test_failures=False, packages_skip_test_passed=False, packages_select=None, packages_skip=None, packages_select_regex=None, packages_skip_regex=None, packages_start=None, packages_end=None, cmake_args=None, cmake_target=None, cmake_target_skip_unavailable=False, cmake_clean_cache=False, cmake_clean_first=False, cmake_force_configure=False, ament_cmake_args=None, catkin_cmake_args=None, catkin_skip_building_tests=False, mixin_files=None, mixin=None, verb_parser=<colcon_mixin.mixin.mixin_argument.MixinArgumentDecorator object at 0x7de3c1c43a90>, verb_extension=<colcon_core.verb.build.BuildVerb object at 0x7de3c1de9900>, main=<bound method BuildVerb.main of <colcon_core.verb.build.BuildVerb object at 0x7de3c1de9900>>, mixin_verb=('build',))
[0.146s] Level 1:colcon.colcon_core.package_discovery:discover_packages(colcon_meta) check parameters
[0.146s] Level 1:colcon.colcon_core.package_discovery:discover_packages(recursive) check parameters
[0.146s] Level 1:colcon.colcon_core.package_discovery:discover_packages(ignore) check parameters
[0.146s] Level 1:colcon.colcon_core.package_discovery:discover_packages(path) check parameters
[0.146s] Level 1:colcon.colcon_core.package_discovery:discover_packages(colcon_meta) discover
[0.146s] Level 1:colcon.colcon_core.package_discovery:discover_packages(recursive) discover
[0.146s] INFO:colcon.colcon_core.package_discovery:Crawling recursively for packages in '/apollo/ros_ws'
[0.146s] Level 1:colcon.colcon_core.package_identification:_identify(.) by extensions ['ignore', 'ignore_ament_install']
[0.146s] Level 1:colcon.colcon_core.package_identification:_identify(.) by extension 'ignore'
[0.146s] Level 1:colcon.colcon_core.package_identification:_identify(.) by extension 'ignore_ament_install'
[0.146s] Level 1:colcon.colcon_core.package_identification:_identify(.) by extensions ['colcon_pkg']
[0.146s] Level 1:colcon.colcon_core.package_identification:_identify(.) by extension 'colcon_pkg'
[0.146s] Level 1:colcon.colcon_core.package_identification:_identify(.) by extensions ['colcon_meta']
[0.146s] Level 1:colcon.colcon_core.package_identification:_identify(.) by extension 'colcon_meta'
[0.146s] Level 1:colcon.colcon_core.package_identification:_identify(.) by extensions ['ros']
[0.147s] Level 1:colcon.colcon_core.package_identification:_identify(.) by extension 'ros'
[0.154s] Level 1:colcon.colcon_core.package_identification:_identify(.) by extensions ['cmake', 'python']
[0.154s] Level 1:colcon.colcon_core.package_identification:_identify(.) by extension 'cmake'
[0.154s] Level 1:colcon.colcon_core.package_identification:_identify(.) by extension 'python'
[0.154s] Level 1:colcon.colcon_core.package_identification:_identify(.) by extensions ['python_setup_py']
[0.154s] Level 1:colcon.colcon_core.package_identification:_identify(.) by extension 'python_setup_py'
[0.154s] Level 1:colcon.colcon_core.package_identification:_identify(build) by extensions ['ignore', 'ignore_ament_install']
[0.154s] Level 1:colcon.colcon_core.package_identification:_identify(build) by extension 'ignore'
[0.154s] Level 1:colcon.colcon_core.package_identification:_identify(build) ignored
[0.154s] Level 1:colcon.colcon_core.package_identification:_identify(install) by extensions ['ignore', 'ignore_ament_install']
[0.154s] Level 1:colcon.colcon_core.package_identification:_identify(install) by extension 'ignore'
[0.154s] Level 1:colcon.colcon_core.package_identification:_identify(install) ignored
[0.154s] Level 1:colcon.colcon_core.package_identification:_identify(log) by extensions ['ignore', 'ignore_ament_install']
[0.155s] Level 1:colcon.colcon_core.package_identification:_identify(log) by extension 'ignore'
[0.155s] Level 1:colcon.colcon_core.package_identification:_identify(log) ignored
[0.155s] Level 1:colcon.colcon_core.package_identification:_identify(src) by extensions ['ignore', 'ignore_ament_install']
[0.155s] Level 1:colcon.colcon_core.package_identification:_identify(src) by extension 'ignore'
[0.155s] Level 1:colcon.colcon_core.package_identification:_identify(src) by extension 'ignore_ament_install'
[0.155s] Level 1:colcon.colcon_core.package_identification:_identify(src) by extensions ['colcon_pkg']
[0.155s] Level 1:colcon.colcon_core.package_identification:_identify(src) by extension 'colcon_pkg'
[0.155s] Level 1:colcon.colcon_core.package_identification:_identify(src) by extensions ['colcon_meta']
[0.155s] Level 1:colcon.colcon_core.package_identification:_identify(src) by extension 'colcon_meta'
[0.155s] Level 1:colcon.colcon_core.package_identification:_identify(src) by extensions ['ros']
[0.155s] Level 1:colcon.colcon_core.package_identification:_identify(src) by extension 'ros'
[0.155s] Level 1:colcon.colcon_core.package_identification:_identify(src) by extensions ['cmake', 'python']
[0.155s] Level 1:colcon.colcon_core.package_identification:_identify(src) by extension 'cmake'
[0.155s] Level 1:colcon.colcon_core.package_identification:_identify(src) by extension 'python'
[0.155s] Level 1:colcon.colcon_core.package_identification:_identify(src) by extensions ['python_setup_py']
[0.155s] Level 1:colcon.colcon_core.package_identification:_identify(src) by extension 'python_setup_py'
[0.155s] Level 1:colcon.colcon_core.package_identification:_identify(src/scout_mini_base) by extensions ['ignore', 'ignore_ament_install']
[0.155s] Level 1:colcon.colcon_core.package_identification:_identify(src/scout_mini_base) by extension 'ignore'
[0.155s] Level 1:colcon.colcon_core.package_identification:_identify(src/scout_mini_base) by extension 'ignore_ament_install'
[0.155s] Level 1:colcon.colcon_core.package_identification:_identify(src/scout_mini_base) by extensions ['colcon_pkg']
[0.155s] Level 1:colcon.colcon_core.package_identification:_identify(src/scout_mini_base) by extension 'colcon_pkg'
[0.155s] Level 1:colcon.colcon_core.package_identification:_identify(src/scout_mini_base) by extensions ['colcon_meta']
[0.155s] Level 1:colcon.colcon_core.package_identification:_identify(src/scout_mini_base) by extension 'colcon_meta'
[0.155s] Level 1:colcon.colcon_core.package_identification:_identify(src/scout_mini_base) by extensions ['ros']
[0.155s] Level 1:colcon.colcon_core.package_identification:_identify(src/scout_mini_base) by extension 'ros'
[0.157s] DEBUG:colcon.colcon_core.package_identification:Package 'src/scout_mini_base' with type 'ros.ament_cmake' and name 'scout_mini_base'
[0.157s] Level 1:colcon.colcon_core.package_identification:_identify(src/scout_mini_description) by extensions ['ignore', 'ignore_ament_install']
[0.157s] Level 1:colcon.colcon_core.package_identification:_identify(src/scout_mini_description) by extension 'ignore'
[0.157s] Level 1:colcon.colcon_core.package_identification:_identify(src/scout_mini_description) by extension 'ignore_ament_install'
[0.157s] Level 1:colcon.colcon_core.package_identification:_identify(src/scout_mini_description) by extensions ['colcon_pkg']
[0.157s] Level 1:colcon.colcon_core.package_identification:_identify(src/scout_mini_description) by extension 'colcon_pkg'
[0.157s] Level 1:colcon.colcon_core.package_identification:_identify(src/scout_mini_description) by extensions ['colcon_meta']
[0.157s] Level 1:colcon.colcon_core.package_identification:_identify(src/scout_mini_description) by extension 'colcon_meta'
[0.157s] Level 1:colcon.colcon_core.package_identification:_identify(src/scout_mini_description) by extensions ['ros']
[0.157s] Level 1:colcon.colcon_core.package_identification:_identify(src/scout_mini_description) by extension 'ros'
[0.157s] DEBUG:colcon.colcon_core.package_identification:Package 'src/scout_mini_description' with type 'ros.ament_cmake' and name 'scout_mini_description'
[0.158s] Level 1:colcon.colcon_core.package_identification:_identify(src/scout_mini_hardware) by extensions ['ignore', 'ignore_ament_install']
[0.158s] Level 1:colcon.colcon_core.package_identification:_identify(src/scout_mini_hardware) by extension 'ignore'
[0.158s] Level 1:colcon.colcon_core.package_identification:_identify(src/scout_mini_hardware) by extension 'ignore_ament_install'
[0.158s] Level 1:colcon.colcon_core.package_identification:_identify(src/scout_mini_hardware) by extensions ['colcon_pkg']
[0.158s] Level 1:colcon.colcon_core.package_identification:_identify(src/scout_mini_hardware) by extension 'colcon_pkg'
[0.158s] Level 1:colcon.colcon_core.package_identification:_identify(src/scout_mini_hardware) by extensions ['colcon_meta']
[0.158s] Level 1:colcon.colcon_core.package_identification:_identify(src/scout_mini_hardware) by extension 'colcon_meta'
[0.158s] Level 1:colcon.colcon_core.package_identification:_identify(src/scout_mini_hardware) by extensions ['ros']
[0.158s] Level 1:colcon.colcon_core.package_identification:_identify(src/scout_mini_hardware) by extension 'ros'
[0.158s] DEBUG:colcon.colcon_core.package_identification:Package 'src/scout_mini_hardware' with type 'ros.ament_cmake' and name 'scout_mini_hardware'
[0.159s] Level 1:colcon.colcon_core.package_identification:_identify(src/scout_mini_msgs) by extensions ['ignore', 'ignore_ament_install']
[0.159s] Level 1:colcon.colcon_core.package_identification:_identify(src/scout_mini_msgs) by extension 'ignore'
[0.159s] Level 1:colcon.colcon_core.package_identification:_identify(src/scout_mini_msgs) by extension 'ignore_ament_install'
[0.159s] Level 1:colcon.colcon_core.package_identification:_identify(src/scout_mini_msgs) by extensions ['colcon_pkg']
[0.159s] Level 1:colcon.colcon_core.package_identification:_identify(src/scout_mini_msgs) by extension 'colcon_pkg'
[0.159s] Level 1:colcon.colcon_core.package_identification:_identify(src/scout_mini_msgs) by extensions ['colcon_meta']
[0.159s] Level 1:colcon.colcon_core.package_identification:_identify(src/scout_mini_msgs) by extension 'colcon_meta'
[0.159s] Level 1:colcon.colcon_core.package_identification:_identify(src/scout_mini_msgs) by extensions ['ros']
[0.159s] Level 1:colcon.colcon_core.package_identification:_identify(src/scout_mini_msgs) by extension 'ros'
[0.159s] DEBUG:colcon.colcon_core.package_identification:Package 'src/scout_mini_msgs' with type 'ros.ament_cmake' and name 'scout_mini_msgs'
[0.159s] Level 1:colcon.colcon_core.package_identification:_identify(src/scout_mini_ros2) by extensions ['ignore', 'ignore_ament_install']
[0.159s] Level 1:colcon.colcon_core.package_identification:_identify(src/scout_mini_ros2) by extension 'ignore'
[0.159s] Level 1:colcon.colcon_core.package_identification:_identify(src/scout_mini_ros2) by extension 'ignore_ament_install'
[0.159s] Level 1:colcon.colcon_core.package_identification:_identify(src/scout_mini_ros2) by extensions ['colcon_pkg']
[0.159s] Level 1:colcon.colcon_core.package_identification:_identify(src/scout_mini_ros2) by extension 'colcon_pkg'
[0.159s] Level 1:colcon.colcon_core.package_identification:_identify(src/scout_mini_ros2) by extensions ['colcon_meta']
[0.159s] Level 1:colcon.colcon_core.package_identification:_identify(src/scout_mini_ros2) by extension 'colcon_meta'
[0.159s] Level 1:colcon.colcon_core.package_identification:_identify(src/scout_mini_ros2) by extensions ['ros']
[0.159s] Level 1:colcon.colcon_core.package_identification:_identify(src/scout_mini_ros2) by extension 'ros'
[0.160s] DEBUG:colcon.colcon_core.package_identification:Package 'src/scout_mini_ros2' with type 'ros.ament_cmake' and name 'scout_mini_ros2'
[0.160s] Level 1:colcon.colcon_core.package_identification:_identify(src/scout_mini_simulation) by extensions ['ignore', 'ignore_ament_install']
[0.160s] Level 1:colcon.colcon_core.package_identification:_identify(src/scout_mini_simulation) by extension 'ignore'
[0.160s] Level 1:colcon.colcon_core.package_identification:_identify(src/scout_mini_simulation) by extension 'ignore_ament_install'
[0.160s] Level 1:colcon.colcon_core.package_identification:_identify(src/scout_mini_simulation) by extensions ['colcon_pkg']
[0.160s] Level 1:colcon.colcon_core.package_identification:_identify(src/scout_mini_simulation) by extension 'colcon_pkg'
[0.160s] Level 1:colcon.colcon_core.package_identification:_identify(src/scout_mini_simulation) by extensions ['colcon_meta']
[0.160s] Level 1:colcon.colcon_core.package_identification:_identify(src/scout_mini_simulation) by extension 'colcon_meta'
[0.160s] Level 1:colcon.colcon_core.package_identification:_identify(src/scout_mini_simulation) by extensions ['ros']
[0.160s] Level 1:colcon.colcon_core.package_identification:_identify(src/scout_mini_simulation) by extension 'ros'
[0.160s] DEBUG:colcon.colcon_core.package_identification:Package 'src/scout_mini_simulation' with type 'ros.ament_python' and name 'scout_mini_simulation'
[0.160s] Level 1:colcon.colcon_core.package_discovery:discover_packages(recursive) using defaults
[0.161s] Level 1:colcon.colcon_core.package_discovery:discover_packages(ignore) discover
[0.161s] Level 1:colcon.colcon_core.package_discovery:discover_packages(ignore) using defaults
[0.161s] Level 1:colcon.colcon_core.package_discovery:discover_packages(path) discover
[0.161s] Level 1:colcon.colcon_core.package_discovery:discover_packages(path) using defaults
[0.174s] Level 5:colcon.colcon_core.verb:set package 'scout_mini_base' build argument 'cmake_args' from command line to 'None'
[0.174s] Level 5:colcon.colcon_core.verb:set package 'scout_mini_base' build argument 'cmake_target' from command line to 'None'
[0.174s] Level 5:colcon.colcon_core.verb:set package 'scout_mini_base' build argument 'cmake_target_skip_unavailable' from command line to 'False'
[0.174s] Level 5:colcon.colcon_core.verb:set package 'scout_mini_base' build argument 'cmake_clean_cache' from command line to 'False'
[0.174s] Level 5:colcon.colcon_core.verb:set package 'scout_mini_base' build argument 'cmake_clean_first' from command line to 'False'
[0.174s] Level 5:colcon.colcon_core.verb:set package 'scout_mini_base' build argument 'cmake_force_configure' from command line to 'False'
[0.174s] Level 5:colcon.colcon_core.verb:set package 'scout_mini_base' build argument 'ament_cmake_args' from command line to 'None'
[0.174s] Level 5:colcon.colcon_core.verb:set package 'scout_mini_base' build argument 'catkin_cmake_args' from command line to 'None'
[0.174s] Level 5:colcon.colcon_core.verb:set package 'scout_mini_base' build argument 'catkin_skip_building_tests' from command line to 'False'
[0.174s] DEBUG:colcon.colcon_core.verb:Building package 'scout_mini_base' with the following arguments: {'ament_cmake_args': None, 'build_base': '/apollo/ros_ws/build/scout_mini_base', 'catkin_cmake_args': None, 'catkin_skip_building_tests': False, 'cmake_args': None, 'cmake_clean_cache': False, 'cmake_clean_first': False, 'cmake_force_configure': False, 'cmake_target': None, 'cmake_target_skip_unavailable': False, 'install_base': '/apollo/ros_ws/install/scout_mini_base', 'merge_install': False, 'path': '/apollo/ros_ws/src/scout_mini_base', 'symlink_install': True, 'test_result_base': None}
[0.174s] Level 5:colcon.colcon_core.verb:set package 'scout_mini_description' build argument 'cmake_args' from command line to 'None'
[0.174s] Level 5:colcon.colcon_core.verb:set package 'scout_mini_description' build argument 'cmake_target' from command line to 'None'
[0.174s] Level 5:colcon.colcon_core.verb:set package 'scout_mini_description' build argument 'cmake_target_skip_unavailable' from command line to 'False'
[0.174s] Level 5:colcon.colcon_core.verb:set package 'scout_mini_description' build argument 'cmake_clean_cache' from command line to 'False'
[0.174s] Level 5:colcon.colcon_core.verb:set package 'scout_mini_description' build argument 'cmake_clean_first' from command line to 'False'
[0.174s] Level 5:colcon.colcon_core.verb:set package 'scout_mini_description' build argument 'cmake_force_configure' from command line to 'False'
[0.174s] Level 5:colcon.colcon_core.verb:set package 'scout_mini_description' build argument 'ament_cmake_args' from command line to 'None'
[0.174s] Level 5:colcon.colcon_core.verb:set package 'scout_mini_description' build argument 'catkin_cmake_args' from command line to 'None'
[0.174s] Level 5:colcon.colcon_core.verb:set package 'scout_mini_description' build argument 'catkin_skip_building_tests' from command line to 'False'
[0.174s] DEBUG:colcon.colcon_core.verb:Building package 'scout_mini_description' with the following arguments: {'ament_cmake_args': None, 'build_base': '/apollo/ros_ws/build/scout_mini_description', 'catkin_cmake_args': None, 'catkin_skip_building_tests': False, 'cmake_args': None, 'cmake_clean_cache': False, 'cmake_clean_first': False, 'cmake_force_configure': False, 'cmake_target': None, 'cmake_target_skip_unavailable': False, 'install_base': '/apollo/ros_ws/install/scout_mini_description', 'merge_install': False, 'path': '/apollo/ros_ws/src/scout_mini_description', 'symlink_install': True, 'test_result_base': None}
[0.174s] Level 5:colcon.colcon_core.verb:set package 'scout_mini_msgs' build argument 'cmake_args' from command line to 'None'
[0.174s] Level 5:colcon.colcon_core.verb:set package 'scout_mini_msgs' build argument 'cmake_target' from command line to 'None'
[0.174s] Level 5:colcon.colcon_core.verb:set package 'scout_mini_msgs' build argument 'cmake_target_skip_unavailable' from command line to 'False'
[0.174s] Level 5:colcon.colcon_core.verb:set package 'scout_mini_msgs' build argument 'cmake_clean_cache' from command line to 'False'
[0.174s] Level 5:colcon.colcon_core.verb:set package 'scout_mini_msgs' build argument 'cmake_clean_first' from command line to 'False'
[0.174s] Level 5:colcon.colcon_core.verb:set package 'scout_mini_msgs' build argument 'cmake_force_configure' from command line to 'False'
[0.174s] Level 5:colcon.colcon_core.verb:set package 'scout_mini_msgs' build argument 'ament_cmake_args' from command line to 'None'
[0.174s] Level 5:colcon.colcon_core.verb:set package 'scout_mini_msgs' build argument 'catkin_cmake_args' from command line to 'None'
[0.174s] Level 5:colcon.colcon_core.verb:set package 'scout_mini_msgs' build argument 'catkin_skip_building_tests' from command line to 'False'
[0.174s] DEBUG:colcon.colcon_core.verb:Building package 'scout_mini_msgs' with the following arguments: {'ament_cmake_args': None, 'build_base': '/apollo/ros_ws/build/scout_mini_msgs', 'catkin_cmake_args': None, 'catkin_skip_building_tests': False, 'cmake_args': None, 'cmake_clean_cache': False, 'cmake_clean_first': False, 'cmake_force_configure': False, 'cmake_target': None, 'cmake_target_skip_unavailable': False, 'install_base': '/apollo/ros_ws/install/scout_mini_msgs', 'merge_install': False, 'path': '/apollo/ros_ws/src/scout_mini_msgs', 'symlink_install': True, 'test_result_base': None}
[0.175s] Level 5:colcon.colcon_core.verb:set package 'scout_mini_hardware' build argument 'cmake_args' from command line to 'None'
[0.175s] Level 5:colcon.colcon_core.verb:set package 'scout_mini_hardware' build argument 'cmake_target' from command line to 'None'
[0.175s] Level 5:colcon.colcon_core.verb:set package 'scout_mini_hardware' build argument 'cmake_target_skip_unavailable' from command line to 'False'
[0.175s] Level 5:colcon.colcon_core.verb:set package 'scout_mini_hardware' build argument 'cmake_clean_cache' from command line to 'False'
[0.175s] Level 5:colcon.colcon_core.verb:set package 'scout_mini_hardware' build argument 'cmake_clean_first' from command line to 'False'
[0.175s] Level 5:colcon.colcon_core.verb:set package 'scout_mini_hardware' build argument 'cmake_force_configure' from command line to 'False'
[0.175s] Level 5:colcon.colcon_core.verb:set package 'scout_mini_hardware' build argument 'ament_cmake_args' from command line to 'None'
[0.175s] Level 5:colcon.colcon_core.verb:set package 'scout_mini_hardware' build argument 'catkin_cmake_args' from command line to 'None'
[0.175s] Level 5:colcon.colcon_core.verb:set package 'scout_mini_hardware' build argument 'catkin_skip_building_tests' from command line to 'False'
[0.175s] DEBUG:colcon.colcon_core.verb:Building package 'scout_mini_hardware' with the following arguments: {'ament_cmake_args': None, 'build_base': '/apollo/ros_ws/build/scout_mini_hardware', 'catkin_cmake_args': None, 'catkin_skip_building_tests': False, 'cmake_args': None, 'cmake_clean_cache': False, 'cmake_clean_first': False, 'cmake_force_configure': False, 'cmake_target': None, 'cmake_target_skip_unavailable': False, 'install_base': '/apollo/ros_ws/install/scout_mini_hardware', 'merge_install': False, 'path': '/apollo/ros_ws/src/scout_mini_hardware', 'symlink_install': True, 'test_result_base': None}
[0.175s] Level 5:colcon.colcon_core.verb:set package 'scout_mini_simulation' build argument 'cmake_args' from command line to 'None'
[0.175s] Level 5:colcon.colcon_core.verb:set package 'scout_mini_simulation' build argument 'cmake_target' from command line to 'None'
[0.175s] Level 5:colcon.colcon_core.verb:set package 'scout_mini_simulation' build argument 'cmake_target_skip_unavailable' from command line to 'False'
[0.175s] Level 5:colcon.colcon_core.verb:set package 'scout_mini_simulation' build argument 'cmake_clean_cache' from command line to 'False'
[0.175s] Level 5:colcon.colcon_core.verb:set package 'scout_mini_simulation' build argument 'cmake_clean_first' from command line to 'False'
[0.175s] Level 5:colcon.colcon_core.verb:set package 'scout_mini_simulation' build argument 'cmake_force_configure' from command line to 'False'
[0.175s] Level 5:colcon.colcon_core.verb:set package 'scout_mini_simulation' build argument 'ament_cmake_args' from command line to 'None'
[0.175s] Level 5:colcon.colcon_core.verb:set package 'scout_mini_simulation' build argument 'catkin_cmake_args' from command line to 'None'
[0.175s] Level 5:colcon.colcon_core.verb:set package 'scout_mini_simulation' build argument 'catkin_skip_building_tests' from command line to 'False'
[0.175s] DEBUG:colcon.colcon_core.verb:Building package 'scout_mini_simulation' with the following arguments: {'ament_cmake_args': None, 'build_base': '/apollo/ros_ws/build/scout_mini_simulation', 'catkin_cmake_args': None, 'catkin_skip_building_tests': False, 'cmake_args': None, 'cmake_clean_cache': False, 'cmake_clean_first': False, 'cmake_force_configure': False, 'cmake_target': None, 'cmake_target_skip_unavailable': False, 'install_base': '/apollo/ros_ws/install/scout_mini_simulation', 'merge_install': False, 'path': '/apollo/ros_ws/src/scout_mini_simulation', 'symlink_install': True, 'test_result_base': None}
[0.175s] Level 5:colcon.colcon_core.verb:set package 'scout_mini_ros2' build argument 'cmake_args' from command line to 'None'
[0.175s] Level 5:colcon.colcon_core.verb:set package 'scout_mini_ros2' build argument 'cmake_target' from command line to 'None'
[0.175s] Level 5:colcon.colcon_core.verb:set package 'scout_mini_ros2' build argument 'cmake_target_skip_unavailable' from command line to 'False'
[0.175s] Level 5:colcon.colcon_core.verb:set package 'scout_mini_ros2' build argument 'cmake_clean_cache' from command line to 'False'
[0.175s] Level 5:colcon.colcon_core.verb:set package 'scout_mini_ros2' build argument 'cmake_clean_first' from command line to 'False'
[0.175s] Level 5:colcon.colcon_core.verb:set package 'scout_mini_ros2' build argument 'cmake_force_configure' from command line to 'False'
[0.175s] Level 5:colcon.colcon_core.verb:set package 'scout_mini_ros2' build argument 'ament_cmake_args' from command line to 'None'
[0.175s] Level 5:colcon.colcon_core.verb:set package 'scout_mini_ros2' build argument 'catkin_cmake_args' from command line to 'None'
[0.175s] Level 5:colcon.colcon_core.verb:set package 'scout_mini_ros2' build argument 'catkin_skip_building_tests' from command line to 'False'
[0.175s] DEBUG:colcon.colcon_core.verb:Building package 'scout_mini_ros2' with the following arguments: {'ament_cmake_args': None, 'build_base': '/apollo/ros_ws/build/scout_mini_ros2', 'catkin_cmake_args': None, 'catkin_skip_building_tests': False, 'cmake_args': None, 'cmake_clean_cache': False, 'cmake_clean_first': False, 'cmake_force_configure': False, 'cmake_target': None, 'cmake_target_skip_unavailable': False, 'install_base': '/apollo/ros_ws/install/scout_mini_ros2', 'merge_install': False, 'path': '/apollo/ros_ws/src/scout_mini_ros2', 'symlink_install': True, 'test_result_base': None}
[0.175s] INFO:colcon.colcon_core.executor:Executing jobs using 'parallel' executor
[0.176s] DEBUG:colcon.colcon_parallel_executor.executor.parallel:run_until_complete
[0.176s] INFO:colcon.colcon_ros.task.ament_cmake.build:Building ROS package in '/apollo/ros_ws/src/scout_mini_base' with build type 'ament_cmake'
[0.176s] INFO:colcon.colcon_cmake.task.cmake.build:Building CMake package in '/apollo/ros_ws/src/scout_mini_base'
[0.178s] INFO:colcon.colcon_core.plugin_system:Skipping extension 'colcon_core.shell.bat': Not used on non-Windows systems
[0.178s] INFO:colcon.colcon_core.shell:Skip shell extension 'powershell' for command environment: Not usable outside of PowerShell
[0.178s] DEBUG:colcon.colcon_core.shell:Skip shell extension 'dsv' for command environment
[0.181s] INFO:colcon.colcon_ros.task.ament_cmake.build:Building ROS package in '/apollo/ros_ws/src/scout_mini_msgs' with build type 'ament_cmake'
[0.181s] INFO:colcon.colcon_cmake.task.cmake.build:Building CMake package in '/apollo/ros_ws/src/scout_mini_msgs'
[0.181s] INFO:colcon.colcon_core.shell:Skip shell extension 'powershell' for command environment: Not usable outside of PowerShell
[0.181s] DEBUG:colcon.colcon_core.shell:Skip shell extension 'dsv' for command environment
[0.184s] INFO:colcon.colcon_ros.task.ament_cmake.build:Building ROS package in '/apollo/ros_ws/src/scout_mini_description' with build type 'ament_cmake'
[0.184s] INFO:colcon.colcon_cmake.task.cmake.build:Building CMake package in '/apollo/ros_ws/src/scout_mini_description'
[0.184s] INFO:colcon.colcon_core.shell:Skip shell extension 'powershell' for command environment: Not usable outside of PowerShell
[0.184s] DEBUG:colcon.colcon_core.shell:Skip shell extension 'dsv' for command environment
[0.189s] DEBUG:colcon.colcon_core.event_handler.log_command:Invoking command in '/apollo/ros_ws/build/scout_mini_base': CMAKE_PREFIX_PATH=${CMAKE_PREFIX_PATH}:/apollo/ros_ws/install/scout_mini_simulation:/opt/ros/humble /usr/bin/cmake --build /apollo/ros_ws/build/scout_mini_base -- -j20 -l20
[0.192s] DEBUG:colcon.colcon_core.event_handler.log_command:Invoking command in '/apollo/ros_ws/build/scout_mini_msgs': CMAKE_PREFIX_PATH=${CMAKE_PREFIX_PATH}:/apollo/ros_ws/install/scout_mini_simulation:/opt/ros/humble /usr/bin/cmake --build /apollo/ros_ws/build/scout_mini_msgs -- -j20 -l20
[0.195s] DEBUG:colcon.colcon_core.event_handler.log_command:Invoking command in '/apollo/ros_ws/build/scout_mini_description': CMAKE_PREFIX_PATH=${CMAKE_PREFIX_PATH}:/apollo/ros_ws/install/scout_mini_simulation:/opt/ros/humble /usr/bin/cmake --build /apollo/ros_ws/build/scout_mini_description -- -j20 -l20
[0.219s] DEBUG:colcon.colcon_core.event_handler.log_command:Invoked command in '/apollo/ros_ws/build/scout_mini_base' returned '0': CMAKE_PREFIX_PATH=${CMAKE_PREFIX_PATH}:/apollo/ros_ws/install/scout_mini_simulation:/opt/ros/humble /usr/bin/cmake --build /apollo/ros_ws/build/scout_mini_base -- -j20 -l20
[0.226s] DEBUG:colcon.colcon_core.event_handler.log_command:Invoking command in '/apollo/ros_ws/build/scout_mini_base': CMAKE_PREFIX_PATH=${CMAKE_PREFIX_PATH}:/apollo/ros_ws/install/scout_mini_simulation:/opt/ros/humble /usr/bin/cmake --install /apollo/ros_ws/build/scout_mini_base
[0.231s] DEBUG:colcon.colcon_core.event_handler.log_command:Invoked command in '/apollo/ros_ws/build/scout_mini_description' returned '0': CMAKE_PREFIX_PATH=${CMAKE_PREFIX_PATH}:/apollo/ros_ws/install/scout_mini_simulation:/opt/ros/humble /usr/bin/cmake --build /apollo/ros_ws/build/scout_mini_description -- -j20 -l20
[0.234s] DEBUG:colcon.colcon_core.event_handler.log_command:Invoking command in '/apollo/ros_ws/build/scout_mini_description': CMAKE_PREFIX_PATH=${CMAKE_PREFIX_PATH}:/apollo/ros_ws/install/scout_mini_simulation:/opt/ros/humble /usr/bin/cmake --install /apollo/ros_ws/build/scout_mini_description
[0.255s] Level 1:colcon.colcon_core.environment:create_environment_scripts_only(scout_mini_base)
[0.256s] DEBUG:colcon.colcon_core.event_handler.log_command:Invoked command in '/apollo/ros_ws/build/scout_mini_base' returned '0': CMAKE_PREFIX_PATH=${CMAKE_PREFIX_PATH}:/apollo/ros_ws/install/scout_mini_simulation:/opt/ros/humble /usr/bin/cmake --install /apollo/ros_ws/build/scout_mini_base
[0.267s] Level 1:colcon.colcon_core.environment:checking '/apollo/ros_ws/install/scout_mini_base' for CMake module files
[0.271s] Level 1:colcon.colcon_core.environment:checking '/apollo/ros_ws/install/scout_mini_base' for CMake config files
[0.272s] Level 1:colcon.colcon_core.shell:create_environment_hook('scout_mini_base', 'cmake_prefix_path')
[0.273s] INFO:colcon.colcon_core.shell:Creating environment hook '/apollo/ros_ws/install/scout_mini_base/share/scout_mini_base/hook/cmake_prefix_path.ps1'
[0.274s] INFO:colcon.colcon_core.shell:Creating environment descriptor '/apollo/ros_ws/install/scout_mini_base/share/scout_mini_base/hook/cmake_prefix_path.dsv'
[0.276s] INFO:colcon.colcon_core.shell:Creating environment hook '/apollo/ros_ws/install/scout_mini_base/share/scout_mini_base/hook/cmake_prefix_path.sh'
[0.279s] Level 1:colcon.colcon_core.environment:checking '/apollo/ros_ws/install/scout_mini_base/bin'
[0.279s] Level 1:colcon.colcon_core.environment:checking '/apollo/ros_ws/install/scout_mini_base/lib/pkgconfig/scout_mini_base.pc'
[0.284s] Level 1:colcon.colcon_core.environment:checking '/apollo/ros_ws/install/scout_mini_base/lib/python3.10/site-packages'
[0.285s] Level 1:colcon.colcon_core.environment:checking '/apollo/ros_ws/install/scout_mini_base/bin'
[0.286s] INFO:colcon.colcon_core.shell:Creating package script '/apollo/ros_ws/install/scout_mini_base/share/scout_mini_base/package.ps1'
[0.288s] INFO:colcon.colcon_core.shell:Creating package descriptor '/apollo/ros_ws/install/scout_mini_base/share/scout_mini_base/package.dsv'
[0.289s] INFO:colcon.colcon_core.shell:Creating package script '/apollo/ros_ws/install/scout_mini_base/share/scout_mini_base/package.sh'
[0.289s] INFO:colcon.colcon_core.shell:Creating package script '/apollo/ros_ws/install/scout_mini_base/share/scout_mini_base/package.bash'
[0.290s] INFO:colcon.colcon_core.shell:Creating package script '/apollo/ros_ws/install/scout_mini_base/share/scout_mini_base/package.zsh'
[0.290s] Level 1:colcon.colcon_core.environment:create_file_with_runtime_dependencies(/apollo/ros_ws/install/scout_mini_base/share/colcon-core/packages/scout_mini_base)
[0.291s] Level 1:colcon.colcon_core.environment:create_environment_scripts_only(scout_mini_base)
[0.291s] Level 1:colcon.colcon_core.environment:checking '/apollo/ros_ws/install/scout_mini_base' for CMake module files
[0.291s] Level 1:colcon.colcon_core.environment:checking '/apollo/ros_ws/install/scout_mini_base' for CMake config files
[0.291s] Level 1:colcon.colcon_core.shell:create_environment_hook('scout_mini_base', 'cmake_prefix_path')
[0.291s] INFO:colcon.colcon_core.shell:Creating environment hook '/apollo/ros_ws/install/scout_mini_base/share/scout_mini_base/hook/cmake_prefix_path.ps1'
[0.292s] INFO:colcon.colcon_core.shell:Creating environment descriptor '/apollo/ros_ws/install/scout_mini_base/share/scout_mini_base/hook/cmake_prefix_path.dsv'
[0.292s] INFO:colcon.colcon_core.shell:Creating environment hook '/apollo/ros_ws/install/scout_mini_base/share/scout_mini_base/hook/cmake_prefix_path.sh'
[0.292s] Level 1:colcon.colcon_core.environment:checking '/apollo/ros_ws/install/scout_mini_base/bin'
[0.292s] Level 1:colcon.colcon_core.environment:checking '/apollo/ros_ws/install/scout_mini_base/lib/pkgconfig/scout_mini_base.pc'
[0.292s] Level 1:colcon.colcon_core.environment:checking '/apollo/ros_ws/install/scout_mini_base/lib/python3.10/site-packages'
[0.293s] Level 1:colcon.colcon_core.environment:checking '/apollo/ros_ws/install/scout_mini_base/bin'
[0.293s] INFO:colcon.colcon_core.shell:Creating package script '/apollo/ros_ws/install/scout_mini_base/share/scout_mini_base/package.ps1'
[0.293s] INFO:colcon.colcon_core.shell:Creating package descriptor '/apollo/ros_ws/install/scout_mini_base/share/scout_mini_base/package.dsv'
[0.293s] INFO:colcon.colcon_core.shell:Creating package script '/apollo/ros_ws/install/scout_mini_base/share/scout_mini_base/package.sh'
[0.294s] INFO:colcon.colcon_core.shell:Creating package script '/apollo/ros_ws/install/scout_mini_base/share/scout_mini_base/package.bash'
[0.294s] INFO:colcon.colcon_core.shell:Creating package script '/apollo/ros_ws/install/scout_mini_base/share/scout_mini_base/package.zsh'
[0.294s] Level 1:colcon.colcon_core.environment:create_file_with_runtime_dependencies(/apollo/ros_ws/install/scout_mini_base/share/colcon-core/packages/scout_mini_base)
[0.294s] INFO:colcon.colcon_ros.task.ament_python.build:Building ROS package in '/apollo/ros_ws/src/scout_mini_simulation' with build type 'ament_python'
[0.295s] Level 1:colcon.colcon_core.shell:create_environment_hook('scout_mini_simulation', 'ament_prefix_path')
[0.295s] INFO:colcon.colcon_core.shell:Creating environment hook '/apollo/ros_ws/install/scout_mini_simulation/share/scout_mini_simulation/hook/ament_prefix_path.ps1'
[0.301s] INFO:colcon.colcon_core.shell:Creating environment descriptor '/apollo/ros_ws/install/scout_mini_simulation/share/scout_mini_simulation/hook/ament_prefix_path.dsv'
[0.302s] INFO:colcon.colcon_core.shell:Creating environment hook '/apollo/ros_ws/install/scout_mini_simulation/share/scout_mini_simulation/hook/ament_prefix_path.sh'
[0.302s] INFO:colcon.colcon_core.shell:Skip shell extension 'powershell' for command environment: Not usable outside of PowerShell
[0.302s] DEBUG:colcon.colcon_core.shell:Skip shell extension 'dsv' for command environment
[0.305s] Level 1:colcon.colcon_core.environment:create_environment_scripts_only(scout_mini_description)
[0.305s] Level 1:colcon.colcon_core.environment:checking '/apollo/ros_ws/install/scout_mini_description' for CMake module files
[0.306s] DEBUG:colcon.colcon_core.event_handler.log_command:Invoked command in '/apollo/ros_ws/build/scout_mini_description' returned '0': CMAKE_PREFIX_PATH=${CMAKE_PREFIX_PATH}:/apollo/ros_ws/install/scout_mini_simulation:/opt/ros/humble /usr/bin/cmake --install /apollo/ros_ws/build/scout_mini_description
[0.306s] Level 1:colcon.colcon_core.environment:checking '/apollo/ros_ws/install/scout_mini_description' for CMake config files
[0.306s] Level 1:colcon.colcon_core.shell:create_environment_hook('scout_mini_description', 'cmake_prefix_path')
[0.307s] INFO:colcon.colcon_core.shell:Creating environment hook '/apollo/ros_ws/install/scout_mini_description/share/scout_mini_description/hook/cmake_prefix_path.ps1'
[0.308s] INFO:colcon.colcon_core.shell:Creating environment descriptor '/apollo/ros_ws/install/scout_mini_description/share/scout_mini_description/hook/cmake_prefix_path.dsv'
[0.308s] INFO:colcon.colcon_core.shell:Creating environment hook '/apollo/ros_ws/install/scout_mini_description/share/scout_mini_description/hook/cmake_prefix_path.sh'
[0.308s] Level 1:colcon.colcon_core.environment:checking '/apollo/ros_ws/install/scout_mini_description/bin'
[0.308s] Level 1:colcon.colcon_core.environment:checking '/apollo/ros_ws/install/scout_mini_description/lib/pkgconfig/scout_mini_description.pc'
[0.309s] Level 1:colcon.colcon_core.environment:checking '/apollo/ros_ws/install/scout_mini_description/lib/python3.10/site-packages'
[0.309s] Level 1:colcon.colcon_core.environment:checking '/apollo/ros_ws/install/scout_mini_description/bin'
[0.309s] INFO:colcon.colcon_core.shell:Creating package script '/apollo/ros_ws/install/scout_mini_description/share/scout_mini_description/package.ps1'
[0.309s] INFO:colcon.colcon_core.shell:Creating package descriptor '/apollo/ros_ws/install/scout_mini_description/share/scout_mini_description/package.dsv'
[0.309s] INFO:colcon.colcon_core.shell:Creating package script '/apollo/ros_ws/install/scout_mini_description/share/scout_mini_description/package.sh'
[0.310s] INFO:colcon.colcon_core.shell:Creating package script '/apollo/ros_ws/install/scout_mini_description/share/scout_mini_description/package.bash'
[0.310s] INFO:colcon.colcon_core.shell:Creating package script '/apollo/ros_ws/install/scout_mini_description/share/scout_mini_description/package.zsh'
[0.310s] Level 1:colcon.colcon_core.environment:create_file_with_runtime_dependencies(/apollo/ros_ws/install/scout_mini_description/share/colcon-core/packages/scout_mini_description)
[0.311s] Level 1:colcon.colcon_core.environment:create_environment_scripts_only(scout_mini_description)
[0.311s] Level 1:colcon.colcon_core.environment:checking '/apollo/ros_ws/install/scout_mini_description' for CMake module files
[0.311s] Level 1:colcon.colcon_core.environment:checking '/apollo/ros_ws/install/scout_mini_description' for CMake config files
[0.311s] Level 1:colcon.colcon_core.shell:create_environment_hook('scout_mini_description', 'cmake_prefix_path')
[0.311s] INFO:colcon.colcon_core.shell:Creating environment hook '/apollo/ros_ws/install/scout_mini_description/share/scout_mini_description/hook/cmake_prefix_path.ps1'
[0.311s] INFO:colcon.colcon_core.shell:Creating environment descriptor '/apollo/ros_ws/install/scout_mini_description/share/scout_mini_description/hook/cmake_prefix_path.dsv'
[0.312s] INFO:colcon.colcon_core.shell:Creating environment hook '/apollo/ros_ws/install/scout_mini_description/share/scout_mini_description/hook/cmake_prefix_path.sh'
[0.312s] Level 1:colcon.colcon_core.environment:checking '/apollo/ros_ws/install/scout_mini_description/bin'
[0.312s] Level 1:colcon.colcon_core.environment:checking '/apollo/ros_ws/install/scout_mini_description/lib/pkgconfig/scout_mini_description.pc'
[0.312s] Level 1:colcon.colcon_core.environment:checking '/apollo/ros_ws/install/scout_mini_description/lib/python3.10/site-packages'
[0.312s] Level 1:colcon.colcon_core.environment:checking '/apollo/ros_ws/install/scout_mini_description/bin'
[0.313s] INFO:colcon.colcon_core.shell:Creating package script '/apollo/ros_ws/install/scout_mini_description/share/scout_mini_description/package.ps1'
[0.313s] INFO:colcon.colcon_core.shell:Creating package descriptor '/apollo/ros_ws/install/scout_mini_description/share/scout_mini_description/package.dsv'
[0.313s] INFO:colcon.colcon_core.shell:Creating package script '/apollo/ros_ws/install/scout_mini_description/share/scout_mini_description/package.sh'
[0.313s] INFO:colcon.colcon_core.shell:Creating package script '/apollo/ros_ws/install/scout_mini_description/share/scout_mini_description/package.bash'
[0.314s] INFO:colcon.colcon_core.shell:Creating package script '/apollo/ros_ws/install/scout_mini_description/share/scout_mini_description/package.zsh'
[0.314s] Level 1:colcon.colcon_core.environment:create_file_with_runtime_dependencies(/apollo/ros_ws/install/scout_mini_description/share/colcon-core/packages/scout_mini_description)
[0.456s] WARNING:colcon.colcon_ros.task.ament_python.build:Package 'scout_mini_simulation' doesn't explicitly install a marker in the package index (colcon-ros currently does it implicitly but that fallback will be removed in the future)
[0.457s] WARNING:colcon.colcon_ros.task.ament_python.build:Package 'scout_mini_simulation' doesn't explicitly install the 'package.xml' file (colcon-ros currently does it implicitly but that fallback will be removed in the future)
[0.457s] INFO:colcon.colcon_core.task.python.build:Building Python package in '/apollo/ros_ws/src/scout_mini_simulation'
[0.457s] INFO:colcon.colcon_core.shell:Skip shell extension 'powershell' for command environment: Not usable outside of PowerShell
[0.457s] DEBUG:colcon.colcon_core.shell:Skip shell extension 'dsv' for command environment
[0.461s] DEBUG:colcon.colcon_core.event_handler.log_command:Invoked command in '/apollo/ros_ws/build/scout_mini_msgs' returned '0': CMAKE_PREFIX_PATH=${CMAKE_PREFIX_PATH}:/apollo/ros_ws/install/scout_mini_simulation:/opt/ros/humble /usr/bin/cmake --build /apollo/ros_ws/build/scout_mini_msgs -- -j20 -l20
[0.461s] DEBUG:colcon.colcon_core.event_handler.log_command:Invoking command in '/apollo/ros_ws/build/scout_mini_msgs': CMAKE_PREFIX_PATH=${CMAKE_PREFIX_PATH}:/apollo/ros_ws/install/scout_mini_simulation:/opt/ros/humble /usr/bin/cmake --install /apollo/ros_ws/build/scout_mini_msgs
[0.521s] Level 1:colcon.colcon_core.environment:create_environment_scripts_only(scout_mini_msgs)
[0.521s] DEBUG:colcon.colcon_core.event_handler.log_command:Invoked command in '/apollo/ros_ws/build/scout_mini_msgs' returned '0': CMAKE_PREFIX_PATH=${CMAKE_PREFIX_PATH}:/apollo/ros_ws/install/scout_mini_simulation:/opt/ros/humble /usr/bin/cmake --install /apollo/ros_ws/build/scout_mini_msgs
[0.521s] Level 1:colcon.colcon_core.environment:checking '/apollo/ros_ws/install/scout_mini_msgs' for CMake module files
[0.522s] Level 1:colcon.colcon_core.environment:checking '/apollo/ros_ws/install/scout_mini_msgs' for CMake config files
[0.522s] Level 1:colcon.colcon_core.shell:create_environment_hook('scout_mini_msgs', 'cmake_prefix_path')
[0.522s] INFO:colcon.colcon_core.shell:Creating environment hook '/apollo/ros_ws/install/scout_mini_msgs/share/scout_mini_msgs/hook/cmake_prefix_path.ps1'
[0.523s] INFO:colcon.colcon_core.shell:Creating environment descriptor '/apollo/ros_ws/install/scout_mini_msgs/share/scout_mini_msgs/hook/cmake_prefix_path.dsv'
[0.523s] INFO:colcon.colcon_core.shell:Creating environment hook '/apollo/ros_ws/install/scout_mini_msgs/share/scout_mini_msgs/hook/cmake_prefix_path.sh'
[0.523s] Level 1:colcon.colcon_core.environment:checking '/apollo/ros_ws/install/scout_mini_msgs/lib'
[0.523s] Level 1:colcon.colcon_core.shell:create_environment_hook('scout_mini_msgs', 'ld_library_path_lib')
[0.523s] INFO:colcon.colcon_core.shell:Creating environment hook '/apollo/ros_ws/install/scout_mini_msgs/share/scout_mini_msgs/hook/ld_library_path_lib.ps1'
[0.524s] INFO:colcon.colcon_core.shell:Creating environment descriptor '/apollo/ros_ws/install/scout_mini_msgs/share/scout_mini_msgs/hook/ld_library_path_lib.dsv'
[0.524s] INFO:colcon.colcon_core.shell:Creating environment hook '/apollo/ros_ws/install/scout_mini_msgs/share/scout_mini_msgs/hook/ld_library_path_lib.sh'
[0.524s] Level 1:colcon.colcon_core.environment:checking '/apollo/ros_ws/install/scout_mini_msgs/bin'
[0.524s] Level 1:colcon.colcon_core.environment:checking '/apollo/ros_ws/install/scout_mini_msgs/lib/pkgconfig/scout_mini_msgs.pc'
[0.524s] Level 1:colcon.colcon_core.environment:checking '/apollo/ros_ws/install/scout_mini_msgs/lib/python3.10/site-packages'
[0.524s] Level 1:colcon.colcon_core.environment:checking '/apollo/ros_ws/install/scout_mini_msgs/bin'
[0.525s] INFO:colcon.colcon_core.shell:Creating package script '/apollo/ros_ws/install/scout_mini_msgs/share/scout_mini_msgs/package.ps1'
[0.525s] INFO:colcon.colcon_core.shell:Creating package descriptor '/apollo/ros_ws/install/scout_mini_msgs/share/scout_mini_msgs/package.dsv'
[0.525s] INFO:colcon.colcon_core.shell:Creating package script '/apollo/ros_ws/install/scout_mini_msgs/share/scout_mini_msgs/package.sh'
[0.525s] INFO:colcon.colcon_core.shell:Creating package script '/apollo/ros_ws/install/scout_mini_msgs/share/scout_mini_msgs/package.bash'
[0.526s] INFO:colcon.colcon_core.shell:Creating package script '/apollo/ros_ws/install/scout_mini_msgs/share/scout_mini_msgs/package.zsh'
[0.526s] Level 1:colcon.colcon_core.environment:create_file_with_runtime_dependencies(/apollo/ros_ws/install/scout_mini_msgs/share/colcon-core/packages/scout_mini_msgs)
[0.526s] Level 1:colcon.colcon_core.environment:create_environment_scripts_only(scout_mini_msgs)
[0.526s] Level 1:colcon.colcon_core.environment:checking '/apollo/ros_ws/install/scout_mini_msgs' for CMake module files
[0.527s] Level 1:colcon.colcon_core.environment:checking '/apollo/ros_ws/install/scout_mini_msgs' for CMake config files
[0.527s] Level 1:colcon.colcon_core.shell:create_environment_hook('scout_mini_msgs', 'cmake_prefix_path')
[0.527s] INFO:colcon.colcon_core.shell:Creating environment hook '/apollo/ros_ws/install/scout_mini_msgs/share/scout_mini_msgs/hook/cmake_prefix_path.ps1'
[0.527s] INFO:colcon.colcon_core.shell:Creating environment descriptor '/apollo/ros_ws/install/scout_mini_msgs/share/scout_mini_msgs/hook/cmake_prefix_path.dsv'
[0.528s] INFO:colcon.colcon_core.shell:Creating environment hook '/apollo/ros_ws/install/scout_mini_msgs/share/scout_mini_msgs/hook/cmake_prefix_path.sh'
[0.528s] Level 1:colcon.colcon_core.environment:checking '/apollo/ros_ws/install/scout_mini_msgs/lib'
[0.528s] Level 1:colcon.colcon_core.shell:create_environment_hook('scout_mini_msgs', 'ld_library_path_lib')
[0.528s] INFO:colcon.colcon_core.shell:Creating environment hook '/apollo/ros_ws/install/scout_mini_msgs/share/scout_mini_msgs/hook/ld_library_path_lib.ps1'
[0.528s] INFO:colcon.colcon_core.shell:Creating environment descriptor '/apollo/ros_ws/install/scout_mini_msgs/share/scout_mini_msgs/hook/ld_library_path_lib.dsv'
[0.528s] INFO:colcon.colcon_core.shell:Creating environment hook '/apollo/ros_ws/install/scout_mini_msgs/share/scout_mini_msgs/hook/ld_library_path_lib.sh'
[0.529s] Level 1:colcon.colcon_core.environment:checking '/apollo/ros_ws/install/scout_mini_msgs/bin'
[0.529s] Level 1:colcon.colcon_core.environment:checking '/apollo/ros_ws/install/scout_mini_msgs/lib/pkgconfig/scout_mini_msgs.pc'
[0.529s] Level 1:colcon.colcon_core.environment:checking '/apollo/ros_ws/install/scout_mini_msgs/lib/python3.10/site-packages'
[0.529s] Level 1:colcon.colcon_core.environment:checking '/apollo/ros_ws/install/scout_mini_msgs/bin'
[0.529s] INFO:colcon.colcon_core.shell:Creating package script '/apollo/ros_ws/install/scout_mini_msgs/share/scout_mini_msgs/package.ps1'
[0.530s] INFO:colcon.colcon_core.shell:Creating package descriptor '/apollo/ros_ws/install/scout_mini_msgs/share/scout_mini_msgs/package.dsv'
[0.530s] INFO:colcon.colcon_core.shell:Creating package script '/apollo/ros_ws/install/scout_mini_msgs/share/scout_mini_msgs/package.sh'
[0.530s] INFO:colcon.colcon_core.shell:Creating package script '/apollo/ros_ws/install/scout_mini_msgs/share/scout_mini_msgs/package.bash'
[0.530s] INFO:colcon.colcon_core.shell:Creating package script '/apollo/ros_ws/install/scout_mini_msgs/share/scout_mini_msgs/package.zsh'
[0.531s] Level 1:colcon.colcon_core.environment:create_file_with_runtime_dependencies(/apollo/ros_ws/install/scout_mini_msgs/share/colcon-core/packages/scout_mini_msgs)
[0.531s] INFO:colcon.colcon_ros.task.ament_cmake.build:Building ROS package in '/apollo/ros_ws/src/scout_mini_hardware' with build type 'ament_cmake'
[0.531s] INFO:colcon.colcon_cmake.task.cmake.build:Building CMake package in '/apollo/ros_ws/src/scout_mini_hardware'
[0.531s] INFO:colcon.colcon_core.shell:Skip shell extension 'powershell' for command environment: Not usable outside of PowerShell
[0.531s] DEBUG:colcon.colcon_core.shell:Skip shell extension 'dsv' for command environment
[0.539s] DEBUG:colcon.colcon_core.event_handler.log_command:Invoking command in '/apollo/ros_ws/build/scout_mini_hardware': CMAKE_PREFIX_PATH=/apollo/ros_ws/install/scout_mini_msgs:/apollo/ros_ws/install/scout_mini_ros2:/apollo/ros_ws/install/scout_mini_hardware:/apollo/ros_ws/install/scout_mini_description:/apollo/ros_ws/install/scout_mini_base:/apollo/ros_ws/install/scout_mini_simulation:/opt/ros/humble LD_LIBRARY_PATH=/apollo/ros_ws/install/scout_mini_msgs/lib:/apollo/ros_ws/install/scout_mini_hardware/lib:/usr/lib/x86_64-linux-gnu/gazebo-11/plugins:/opt/ros/humble/opt/rviz_ogre_vendor/lib:/opt/ros/humble/lib/x86_64-linux-gnu:/opt/ros/humble/lib /usr/bin/cmake --build /apollo/ros_ws/build/scout_mini_hardware -- -j20 -l20
[0.603s] DEBUG:colcon.colcon_core.event_handler.log_command:Invoked command in '/apollo/ros_ws/build/scout_mini_hardware' returned '0': CMAKE_PREFIX_PATH=/apollo/ros_ws/install/scout_mini_msgs:/apollo/ros_ws/install/scout_mini_ros2:/apollo/ros_ws/install/scout_mini_hardware:/apollo/ros_ws/install/scout_mini_description:/apollo/ros_ws/install/scout_mini_base:/apollo/ros_ws/install/scout_mini_simulation:/opt/ros/humble LD_LIBRARY_PATH=/apollo/ros_ws/install/scout_mini_msgs/lib:/apollo/ros_ws/install/scout_mini_hardware/lib:/usr/lib/x86_64-linux-gnu/gazebo-11/plugins:/opt/ros/humble/opt/rviz_ogre_vendor/lib:/opt/ros/humble/lib/x86_64-linux-gnu:/opt/ros/humble/lib /usr/bin/cmake --build /apollo/ros_ws/build/scout_mini_hardware -- -j20 -l20
[0.604s] DEBUG:colcon.colcon_core.event_handler.log_command:Invoking command in '/apollo/ros_ws/build/scout_mini_hardware': CMAKE_PREFIX_PATH=/apollo/ros_ws/install/scout_mini_msgs:/apollo/ros_ws/install/scout_mini_ros2:/apollo/ros_ws/install/scout_mini_hardware:/apollo/ros_ws/install/scout_mini_description:/apollo/ros_ws/install/scout_mini_base:/apollo/ros_ws/install/scout_mini_simulation:/opt/ros/humble LD_LIBRARY_PATH=/apollo/ros_ws/install/scout_mini_msgs/lib:/apollo/ros_ws/install/scout_mini_hardware/lib:/usr/lib/x86_64-linux-gnu/gazebo-11/plugins:/opt/ros/humble/opt/rviz_ogre_vendor/lib:/opt/ros/humble/lib/x86_64-linux-gnu:/opt/ros/humble/lib /usr/bin/cmake --install /apollo/ros_ws/build/scout_mini_hardware
[0.619s] Level 1:colcon.colcon_core.environment:create_environment_scripts_only(scout_mini_hardware)
[0.619s] Level 1:colcon.colcon_core.environment:checking '/apollo/ros_ws/install/scout_mini_hardware' for CMake module files
[0.619s] DEBUG:colcon.colcon_core.event_handler.log_command:Invoked command in '/apollo/ros_ws/build/scout_mini_hardware' returned '0': CMAKE_PREFIX_PATH=/apollo/ros_ws/install/scout_mini_msgs:/apollo/ros_ws/install/scout_mini_ros2:/apollo/ros_ws/install/scout_mini_hardware:/apollo/ros_ws/install/scout_mini_description:/apollo/ros_ws/install/scout_mini_base:/apollo/ros_ws/install/scout_mini_simulation:/opt/ros/humble LD_LIBRARY_PATH=/apollo/ros_ws/install/scout_mini_msgs/lib:/apollo/ros_ws/install/scout_mini_hardware/lib:/usr/lib/x86_64-linux-gnu/gazebo-11/plugins:/opt/ros/humble/opt/rviz_ogre_vendor/lib:/opt/ros/humble/lib/x86_64-linux-gnu:/opt/ros/humble/lib /usr/bin/cmake --install /apollo/ros_ws/build/scout_mini_hardware
[0.620s] Level 1:colcon.colcon_core.environment:checking '/apollo/ros_ws/install/scout_mini_hardware' for CMake config files
[0.620s] Level 1:colcon.colcon_core.shell:create_environment_hook('scout_mini_hardware', 'cmake_prefix_path')
[0.620s] INFO:colcon.colcon_core.shell:Creating environment hook '/apollo/ros_ws/install/scout_mini_hardware/share/scout_mini_hardware/hook/cmake_prefix_path.ps1'
[0.620s] INFO:colcon.colcon_core.shell:Creating environment descriptor '/apollo/ros_ws/install/scout_mini_hardware/share/scout_mini_hardware/hook/cmake_prefix_path.dsv'
[0.620s] INFO:colcon.colcon_core.shell:Creating environment hook '/apollo/ros_ws/install/scout_mini_hardware/share/scout_mini_hardware/hook/cmake_prefix_path.sh'
[0.621s] Level 1:colcon.colcon_core.environment:checking '/apollo/ros_ws/install/scout_mini_hardware/lib'
[0.621s] Level 1:colcon.colcon_core.shell:create_environment_hook('scout_mini_hardware', 'ld_library_path_lib')
[0.621s] INFO:colcon.colcon_core.shell:Creating environment hook '/apollo/ros_ws/install/scout_mini_hardware/share/scout_mini_hardware/hook/ld_library_path_lib.ps1'
[0.621s] INFO:colcon.colcon_core.shell:Creating environment descriptor '/apollo/ros_ws/install/scout_mini_hardware/share/scout_mini_hardware/hook/ld_library_path_lib.dsv'
[0.621s] INFO:colcon.colcon_core.shell:Creating environment hook '/apollo/ros_ws/install/scout_mini_hardware/share/scout_mini_hardware/hook/ld_library_path_lib.sh'
[0.622s] Level 1:colcon.colcon_core.environment:checking '/apollo/ros_ws/install/scout_mini_hardware/bin'
[0.622s] Level 1:colcon.colcon_core.environment:checking '/apollo/ros_ws/install/scout_mini_hardware/lib/pkgconfig/scout_mini_hardware.pc'
[0.622s] Level 1:colcon.colcon_core.environment:checking '/apollo/ros_ws/install/scout_mini_hardware/lib/python3.10/site-packages'
[0.622s] Level 1:colcon.colcon_core.environment:checking '/apollo/ros_ws/install/scout_mini_hardware/bin'
[0.622s] INFO:colcon.colcon_core.shell:Creating package script '/apollo/ros_ws/install/scout_mini_hardware/share/scout_mini_hardware/package.ps1'
[0.622s] INFO:colcon.colcon_core.shell:Creating package descriptor '/apollo/ros_ws/install/scout_mini_hardware/share/scout_mini_hardware/package.dsv'
[0.623s] INFO:colcon.colcon_core.shell:Creating package script '/apollo/ros_ws/install/scout_mini_hardware/share/scout_mini_hardware/package.sh'
[0.623s] INFO:colcon.colcon_core.shell:Creating package script '/apollo/ros_ws/install/scout_mini_hardware/share/scout_mini_hardware/package.bash'
[0.623s] INFO:colcon.colcon_core.shell:Creating package script '/apollo/ros_ws/install/scout_mini_hardware/share/scout_mini_hardware/package.zsh'
[0.623s] Level 1:colcon.colcon_core.environment:create_file_with_runtime_dependencies(/apollo/ros_ws/install/scout_mini_hardware/share/colcon-core/packages/scout_mini_hardware)
[0.624s] Level 1:colcon.colcon_core.environment:create_environment_scripts_only(scout_mini_hardware)
[0.624s] Level 1:colcon.colcon_core.environment:checking '/apollo/ros_ws/install/scout_mini_hardware' for CMake module files
[0.624s] Level 1:colcon.colcon_core.environment:checking '/apollo/ros_ws/install/scout_mini_hardware' for CMake config files
[0.624s] Level 1:colcon.colcon_core.shell:create_environment_hook('scout_mini_hardware', 'cmake_prefix_path')
[0.624s] INFO:colcon.colcon_core.shell:Creating environment hook '/apollo/ros_ws/install/scout_mini_hardware/share/scout_mini_hardware/hook/cmake_prefix_path.ps1'
[0.625s] INFO:colcon.colcon_core.shell:Creating environment descriptor '/apollo/ros_ws/install/scout_mini_hardware/share/scout_mini_hardware/hook/cmake_prefix_path.dsv'
[0.625s] INFO:colcon.colcon_core.shell:Creating environment hook '/apollo/ros_ws/install/scout_mini_hardware/share/scout_mini_hardware/hook/cmake_prefix_path.sh'
[0.625s] Level 1:colcon.colcon_core.environment:checking '/apollo/ros_ws/install/scout_mini_hardware/lib'
[0.625s] Level 1:colcon.colcon_core.shell:create_environment_hook('scout_mini_hardware', 'ld_library_path_lib')
[0.625s] INFO:colcon.colcon_core.shell:Creating environment hook '/apollo/ros_ws/install/scout_mini_hardware/share/scout_mini_hardware/hook/ld_library_path_lib.ps1'
[0.626s] INFO:colcon.colcon_core.shell:Creating environment descriptor '/apollo/ros_ws/install/scout_mini_hardware/share/scout_mini_hardware/hook/ld_library_path_lib.dsv'
[0.626s] INFO:colcon.colcon_core.shell:Creating environment hook '/apollo/ros_ws/install/scout_mini_hardware/share/scout_mini_hardware/hook/ld_library_path_lib.sh'
[0.626s] Level 1:colcon.colcon_core.environment:checking '/apollo/ros_ws/install/scout_mini_hardware/bin'
[0.626s] Level 1:colcon.colcon_core.environment:checking '/apollo/ros_ws/install/scout_mini_hardware/lib/pkgconfig/scout_mini_hardware.pc'
[0.626s] Level 1:colcon.colcon_core.environment:checking '/apollo/ros_ws/install/scout_mini_hardware/lib/python3.10/site-packages'
[0.626s] Level 1:colcon.colcon_core.environment:checking '/apollo/ros_ws/install/scout_mini_hardware/bin'
[0.627s] INFO:colcon.colcon_core.shell:Creating package script '/apollo/ros_ws/install/scout_mini_hardware/share/scout_mini_hardware/package.ps1'
[0.627s] INFO:colcon.colcon_core.shell:Creating package descriptor '/apollo/ros_ws/install/scout_mini_hardware/share/scout_mini_hardware/package.dsv'
[0.627s] INFO:colcon.colcon_core.shell:Creating package script '/apollo/ros_ws/install/scout_mini_hardware/share/scout_mini_hardware/package.sh'
[0.627s] INFO:colcon.colcon_core.shell:Creating package script '/apollo/ros_ws/install/scout_mini_hardware/share/scout_mini_hardware/package.bash'
[0.628s] INFO:colcon.colcon_core.shell:Creating package script '/apollo/ros_ws/install/scout_mini_hardware/share/scout_mini_hardware/package.zsh'
[0.628s] Level 1:colcon.colcon_core.environment:create_file_with_runtime_dependencies(/apollo/ros_ws/install/scout_mini_hardware/share/colcon-core/packages/scout_mini_hardware)
[0.628s] INFO:colcon.colcon_ros.task.ament_cmake.build:Building ROS package in '/apollo/ros_ws/src/scout_mini_ros2' with build type 'ament_cmake'
[0.628s] INFO:colcon.colcon_cmake.task.cmake.build:Building CMake package in '/apollo/ros_ws/src/scout_mini_ros2'
[0.628s] INFO:colcon.colcon_core.shell:Skip shell extension 'powershell' for command environment: Not usable outside of PowerShell
[0.628s] DEBUG:colcon.colcon_core.shell:Skip shell extension 'dsv' for command environment
[0.641s] DEBUG:colcon.colcon_core.event_handler.log_command:Invoking command in '/apollo/ros_ws/build/scout_mini_ros2': CMAKE_PREFIX_PATH=/apollo/ros_ws/install/scout_mini_hardware:/apollo/ros_ws/install/scout_mini_msgs:/apollo/ros_ws/install/scout_mini_description:/apollo/ros_ws/install/scout_mini_base:/apollo/ros_ws/install/scout_mini_ros2:/apollo/ros_ws/install/scout_mini_simulation:/opt/ros/humble /usr/bin/cmake --build /apollo/ros_ws/build/scout_mini_ros2 -- -j20 -l20
[0.668s] DEBUG:colcon.colcon_core.event_handler.log_command:Invoking command in '/apollo/ros_ws/build/scout_mini_simulation': CMAKE_PREFIX_PATH=/apollo/ros_ws/install/scout_mini_base:/apollo/ros_ws/install/scout_mini_ros2:/apollo/ros_ws/install/scout_mini_hardware:/apollo/ros_ws/install/scout_mini_msgs:/apollo/ros_ws/install/scout_mini_description PYTHONPATH=/apollo/ros_ws/build/scout_mini_simulation/prefix_override:/usr/lib/python3/dist-packages/colcon_core/task/python/colcon_distutils_commands:/apollo/ros_ws/install/scout_mini_simulation/lib/python3.10/site-packages:${PYTHONPATH} /usr/bin/python3 -W ignore:setup.py install is deprecated -W ignore:easy_install command is deprecated setup.py develop --editable --build-directory /apollo/ros_ws/build/scout_mini_simulation/build --no-deps symlink_data
[0.674s] DEBUG:colcon.colcon_core.event_handler.log_command:Invoked command in '/apollo/ros_ws/build/scout_mini_ros2' returned '0': CMAKE_PREFIX_PATH=/apollo/ros_ws/install/scout_mini_hardware:/apollo/ros_ws/install/scout_mini_msgs:/apollo/ros_ws/install/scout_mini_description:/apollo/ros_ws/install/scout_mini_base:/apollo/ros_ws/install/scout_mini_ros2:/apollo/ros_ws/install/scout_mini_simulation:/opt/ros/humble /usr/bin/cmake --build /apollo/ros_ws/build/scout_mini_ros2 -- -j20 -l20
[0.675s] DEBUG:colcon.colcon_core.event_handler.log_command:Invoking command in '/apollo/ros_ws/build/scout_mini_ros2': CMAKE_PREFIX_PATH=/apollo/ros_ws/install/scout_mini_hardware:/apollo/ros_ws/install/scout_mini_msgs:/apollo/ros_ws/install/scout_mini_description:/apollo/ros_ws/install/scout_mini_base:/apollo/ros_ws/install/scout_mini_ros2:/apollo/ros_ws/install/scout_mini_simulation:/opt/ros/humble /usr/bin/cmake --install /apollo/ros_ws/build/scout_mini_ros2
[0.690s] Level 1:colcon.colcon_core.environment:create_environment_scripts_only(scout_mini_ros2)
[0.691s] Level 1:colcon.colcon_core.environment:checking '/apollo/ros_ws/install/scout_mini_ros2' for CMake module files
[0.691s] DEBUG:colcon.colcon_core.event_handler.log_command:Invoked command in '/apollo/ros_ws/build/scout_mini_ros2' returned '0': CMAKE_PREFIX_PATH=/apollo/ros_ws/install/scout_mini_hardware:/apollo/ros_ws/install/scout_mini_msgs:/apollo/ros_ws/install/scout_mini_description:/apollo/ros_ws/install/scout_mini_base:/apollo/ros_ws/install/scout_mini_ros2:/apollo/ros_ws/install/scout_mini_simulation:/opt/ros/humble /usr/bin/cmake --install /apollo/ros_ws/build/scout_mini_ros2
[0.692s] Level 1:colcon.colcon_core.environment:checking '/apollo/ros_ws/install/scout_mini_ros2' for CMake config files
[0.692s] Level 1:colcon.colcon_core.shell:create_environment_hook('scout_mini_ros2', 'cmake_prefix_path')
[0.692s] INFO:colcon.colcon_core.shell:Creating environment hook '/apollo/ros_ws/install/scout_mini_ros2/share/scout_mini_ros2/hook/cmake_prefix_path.ps1'
[0.692s] INFO:colcon.colcon_core.shell:Creating environment descriptor '/apollo/ros_ws/install/scout_mini_ros2/share/scout_mini_ros2/hook/cmake_prefix_path.dsv'
[0.693s] INFO:colcon.colcon_core.shell:Creating environment hook '/apollo/ros_ws/install/scout_mini_ros2/share/scout_mini_ros2/hook/cmake_prefix_path.sh'
[0.693s] Level 1:colcon.colcon_core.environment:checking '/apollo/ros_ws/install/scout_mini_ros2/bin'
[0.693s] Level 1:colcon.colcon_core.environment:checking '/apollo/ros_ws/install/scout_mini_ros2/lib/pkgconfig/scout_mini_ros2.pc'
[0.693s] Level 1:colcon.colcon_core.environment:checking '/apollo/ros_ws/install/scout_mini_ros2/lib/python3.10/site-packages'
[0.693s] Level 1:colcon.colcon_core.environment:checking '/apollo/ros_ws/install/scout_mini_ros2/bin'
[0.693s] INFO:colcon.colcon_core.shell:Creating package script '/apollo/ros_ws/install/scout_mini_ros2/share/scout_mini_ros2/package.ps1'
[0.694s] INFO:colcon.colcon_core.shell:Creating package descriptor '/apollo/ros_ws/install/scout_mini_ros2/share/scout_mini_ros2/package.dsv'
[0.694s] INFO:colcon.colcon_core.shell:Creating package script '/apollo/ros_ws/install/scout_mini_ros2/share/scout_mini_ros2/package.sh'
[0.694s] INFO:colcon.colcon_core.shell:Creating package script '/apollo/ros_ws/install/scout_mini_ros2/share/scout_mini_ros2/package.bash'
[0.694s] INFO:colcon.colcon_core.shell:Creating package script '/apollo/ros_ws/install/scout_mini_ros2/share/scout_mini_ros2/package.zsh'
[0.695s] Level 1:colcon.colcon_core.environment:create_file_with_runtime_dependencies(/apollo/ros_ws/install/scout_mini_ros2/share/colcon-core/packages/scout_mini_ros2)
[0.695s] Level 1:colcon.colcon_core.environment:create_environment_scripts_only(scout_mini_ros2)
[0.695s] Level 1:colcon.colcon_core.environment:checking '/apollo/ros_ws/install/scout_mini_ros2' for CMake module files
[0.695s] Level 1:colcon.colcon_core.environment:checking '/apollo/ros_ws/install/scout_mini_ros2' for CMake config files
[0.695s] Level 1:colcon.colcon_core.shell:create_environment_hook('scout_mini_ros2', 'cmake_prefix_path')
[0.696s] INFO:colcon.colcon_core.shell:Creating environment hook '/apollo/ros_ws/install/scout_mini_ros2/share/scout_mini_ros2/hook/cmake_prefix_path.ps1'
[0.696s] INFO:colcon.colcon_core.shell:Creating environment descriptor '/apollo/ros_ws/install/scout_mini_ros2/share/scout_mini_ros2/hook/cmake_prefix_path.dsv'
[0.696s] INFO:colcon.colcon_core.shell:Creating environment hook '/apollo/ros_ws/install/scout_mini_ros2/share/scout_mini_ros2/hook/cmake_prefix_path.sh'
[0.696s] Level 1:colcon.colcon_core.environment:checking '/apollo/ros_ws/install/scout_mini_ros2/bin'
[0.696s] Level 1:colcon.colcon_core.environment:checking '/apollo/ros_ws/install/scout_mini_ros2/lib/pkgconfig/scout_mini_ros2.pc'
[0.697s] Level 1:colcon.colcon_core.environment:checking '/apollo/ros_ws/install/scout_mini_ros2/lib/python3.10/site-packages'
[0.697s] Level 1:colcon.colcon_core.environment:checking '/apollo/ros_ws/install/scout_mini_ros2/bin'
[0.697s] INFO:colcon.colcon_core.shell:Creating package script '/apollo/ros_ws/install/scout_mini_ros2/share/scout_mini_ros2/package.ps1'
[0.697s] INFO:colcon.colcon_core.shell:Creating package descriptor '/apollo/ros_ws/install/scout_mini_ros2/share/scout_mini_ros2/package.dsv'
[0.697s] INFO:colcon.colcon_core.shell:Creating package script '/apollo/ros_ws/install/scout_mini_ros2/share/scout_mini_ros2/package.sh'
[0.698s] INFO:colcon.colcon_core.shell:Creating package script '/apollo/ros_ws/install/scout_mini_ros2/share/scout_mini_ros2/package.bash'
[0.698s] INFO:colcon.colcon_core.shell:Creating package script '/apollo/ros_ws/install/scout_mini_ros2/share/scout_mini_ros2/package.zsh'
[0.698s] Level 1:colcon.colcon_core.environment:create_file_with_runtime_dependencies(/apollo/ros_ws/install/scout_mini_ros2/share/colcon-core/packages/scout_mini_ros2)
[0.904s] DEBUG:colcon.colcon_core.event_handler.log_command:Invoked command in '/apollo/ros_ws/build/scout_mini_simulation' returned '1': CMAKE_PREFIX_PATH=/apollo/ros_ws/install/scout_mini_base:/apollo/ros_ws/install/scout_mini_ros2:/apollo/ros_ws/install/scout_mini_hardware:/apollo/ros_ws/install/scout_mini_msgs:/apollo/ros_ws/install/scout_mini_description PYTHONPATH=/apollo/ros_ws/build/scout_mini_simulation/prefix_override:/usr/lib/python3/dist-packages/colcon_core/task/python/colcon_distutils_commands:/apollo/ros_ws/install/scout_mini_simulation/lib/python3.10/site-packages:${PYTHONPATH} /usr/bin/python3 -W ignore:setup.py install is deprecated -W ignore:easy_install command is deprecated setup.py develop --editable --build-directory /apollo/ros_ws/build/scout_mini_simulation/build --no-deps symlink_data
[0.914s] DEBUG:colcon.colcon_parallel_executor.executor.parallel:closing loop
[0.914s] DEBUG:colcon.colcon_parallel_executor.executor.parallel:loop closed
[0.914s] DEBUG:colcon.colcon_parallel_executor.executor.parallel:run_until_complete finished with '1'
[0.914s] DEBUG:colcon.colcon_core.event_reactor:joining thread
[0.917s] INFO:colcon.colcon_core.plugin_system:Skipping extension 'colcon_notification.desktop_notification.notify_send': Could not find 'notify-send'
[0.918s] INFO:colcon.colcon_core.plugin_system:Skipping extension 'colcon_notification.desktop_notification.terminal_notifier': Not used on non-Darwin systems
[0.918s] INFO:colcon.colcon_core.plugin_system:Skipping extension 'colcon_notification.desktop_notification.win32': Not used on non-Windows systems
[0.918s] INFO:colcon.colcon_notification.desktop_notification:Sending desktop notification using 'notify2'
[0.919s] DEBUG:colcon.colcon_notification.desktop_notification.notify2:Failed to initialize notify2: org.freedesktop.DBus.Error.Spawn.ExecFailed: /usr/bin/dbus-launch terminated abnormally without any error message
[0.920s] DEBUG:colcon.colcon_core.event_reactor:joined thread
[0.920s] INFO:colcon.colcon_core.shell:Creating prefix script '/apollo/ros_ws/install/local_setup.ps1'
[0.921s] INFO:colcon.colcon_core.shell:Creating prefix util module '/apollo/ros_ws/install/_local_setup_util_ps1.py'
[0.922s] INFO:colcon.colcon_core.shell:Creating prefix chain script '/apollo/ros_ws/install/setup.ps1'
[0.923s] INFO:colcon.colcon_core.shell:Creating prefix script '/apollo/ros_ws/install/local_setup.sh'
[0.924s] INFO:colcon.colcon_core.shell:Creating prefix util module '/apollo/ros_ws/install/_local_setup_util_sh.py'
[0.925s] INFO:colcon.colcon_core.shell:Creating prefix chain script '/apollo/ros_ws/install/setup.sh'
[0.926s] INFO:colcon.colcon_core.shell:Creating prefix script '/apollo/ros_ws/install/local_setup.bash'
[0.926s] INFO:colcon.colcon_core.shell:Creating prefix chain script '/apollo/ros_ws/install/setup.bash'
[0.927s] INFO:colcon.colcon_core.shell:Creating prefix script '/apollo/ros_ws/install/local_setup.zsh'
[0.928s] INFO:colcon.colcon_core.shell:Creating prefix chain script '/apollo/ros_ws/install/setup.zsh'
