[0.483s] Invoking command in '/apollo/ros_ws/src/task1': PYTHONPATH=/apollo/ros_ws/build/auto_break/prefix_override:/usr/lib/python3/dist-packages/colcon_core/task/python/colcon_distutils_commands:/apollo/ros_ws/install/auto_break/lib/python3.10/site-packages:${PYTHONPATH} /usr/bin/python3 -W ignore:setup.py install is deprecated -W ignore:easy_install command is deprecated setup.py egg_info --egg-base ../../build/auto_break build --build-base /apollo/ros_ws/build/auto_break/build install --record /apollo/ros_ws/build/auto_break/install.log --single-version-externally-managed install_data
[0.653s] running egg_info
[0.653s] creating ../../build/auto_break/task1.egg-info
[0.654s] writing ../../build/auto_break/task1.egg-info/PKG-INFO
[0.654s] writing dependency_links to ../../build/auto_break/task1.egg-info/dependency_links.txt
[0.654s] writing entry points to ../../build/auto_break/task1.egg-info/entry_points.txt
[0.654s] writing requirements to ../../build/auto_break/task1.egg-info/requires.txt
[0.654s] writing top-level names to ../../build/auto_break/task1.egg-info/top_level.txt
[0.654s] writing manifest file '../../build/auto_break/task1.egg-info/SOURCES.txt'
[0.655s] reading manifest file '../../build/auto_break/task1.egg-info/SOURCES.txt'
[0.655s] writing manifest file '../../build/auto_break/task1.egg-info/SOURCES.txt'
[0.655s] running build
[0.656s] running build_py
[0.656s] creating /apollo/ros_ws/build/auto_break/build/lib/task1
[0.656s] copying task1/break_if_obstacle.py -> /apollo/ros_ws/build/auto_break/build/lib/task1
[0.656s] copying task1/__init__.py -> /apollo/ros_ws/build/auto_break/build/lib/task1
[0.656s] running install
[0.656s] running install_lib
[0.656s] creating /apollo/ros_ws/install/auto_break/lib/python3.10/site-packages/task1
[0.656s] copying /apollo/ros_ws/build/auto_break/build/lib/task1/break_if_obstacle.py -> /apollo/ros_ws/install/auto_break/lib/python3.10/site-packages/task1
[0.657s] copying /apollo/ros_ws/build/auto_break/build/lib/task1/__init__.py -> /apollo/ros_ws/install/auto_break/lib/python3.10/site-packages/task1
[0.657s] byte-compiling /apollo/ros_ws/install/auto_break/lib/python3.10/site-packages/task1/break_if_obstacle.py to break_if_obstacle.cpython-310.pyc
[0.658s]   File "/apollo/ros_ws/install/auto_break/lib/python3.10/site-packages/task1/break_if_obstacle.py", line 119
[0.658s]     while (stop = False):
[0.658s]            ^^^^^^^^^^^^
[0.658s] SyntaxError: invalid syntax. Maybe you meant '==' or ':=' instead of '='?
[0.659s] 
[0.659s] byte-compiling /apollo/ros_ws/install/auto_break/lib/python3.10/site-packages/task1/__init__.py to __init__.cpython-310.pyc
[0.659s] running install_data
[0.659s] error: can't copy 'resource/task1': doesn't exist or not a regular file
[0.675s] Invoked command in '/apollo/ros_ws/src/task1' returned '1': PYTHONPATH=/apollo/ros_ws/build/auto_break/prefix_override:/usr/lib/python3/dist-packages/colcon_core/task/python/colcon_distutils_commands:/apollo/ros_ws/install/auto_break/lib/python3.10/site-packages:${PYTHONPATH} /usr/bin/python3 -W ignore:setup.py install is deprecated -W ignore:easy_install command is deprecated setup.py egg_info --egg-base ../../build/auto_break build --build-base /apollo/ros_ws/build/auto_break/build install --record /apollo/ros_ws/build/auto_break/install.log --single-version-externally-managed install_data
