[0.017s] Invoking command in '/apollo/ros_ws/build/scout_mini_base': CMAKE_PREFIX_PATH=${CMAKE_PREFIX_PATH}:/apollo/dev_ws/install/my_package:/apollo/ros_ws/install/scout_mini_simulation:/opt/ros/humble /usr/bin/cmake /apollo/ros_ws/src/scout_mini_base -DCMAKE_INSTALL_PREFIX=/apollo/ros_ws/install/scout_mini_base
[0.061s] -- Found ament_cmake: 1.3.11 (/opt/ros/humble/share/ament_cmake/cmake)
[0.165s] -- Override CMake install command with custom implementation using symlinks instead of copying resources
[0.179s] -- Found ros2_control: 2.48.0 (/opt/ros/humble/share/ros2_control/cmake)
[0.180s] -- Found ros2_controllers: 2.41.0 (/opt/ros/humble/share/ros2_controllers/cmake)
[0.180s] -- Found twist_mux: 4.3.0 (/opt/ros/humble/share/twist_mux/cmake)
[0.208s] -- Found rosidl_generator_c: 3.1.6 (/opt/ros/humble/share/rosidl_generator_c/cmake)
[0.209s] -- Found rosidl_adapter: 3.1.6 (/opt/ros/humble/share/rosidl_adapter/cmake)
[0.215s] -- Found rosidl_generator_cpp: 3.1.6 (/opt/ros/humble/share/rosidl_generator_cpp/cmake)
[0.226s] -- Using all available rosidl_typesupport_c: rosidl_typesupport_fastrtps_c;rosidl_typesupport_introspection_c
[0.234s] -- Using all available rosidl_typesupport_cpp: rosidl_typesupport_fastrtps_cpp;rosidl_typesupport_introspection_cpp
[0.265s] -- Found rmw_implementation_cmake: 6.1.2 (/opt/ros/humble/share/rmw_implementation_cmake/cmake)
[0.267s] -- Found rmw_fastrtps_cpp: 6.2.7 (/opt/ros/humble/share/rmw_fastrtps_cpp/cmake)
[0.363s] -- Using RMW implementation 'rmw_fastrtps_cpp' as default
[0.510s] -- Configuring done
[0.514s] -- Generating done
[0.515s] -- Build files have been written to: /apollo/ros_ws/build/scout_mini_base
[0.524s] Invoked command in '/apollo/ros_ws/build/scout_mini_base' returned '0': CMAKE_PREFIX_PATH=${CMAKE_PREFIX_PATH}:/apollo/dev_ws/install/my_package:/apollo/ros_ws/install/scout_mini_simulation:/opt/ros/humble /usr/bin/cmake /apollo/ros_ws/src/scout_mini_base -DCMAKE_INSTALL_PREFIX=/apollo/ros_ws/install/scout_mini_base
[0.524s] Invoking command in '/apollo/ros_ws/build/scout_mini_base': CMAKE_PREFIX_PATH=${CMAKE_PREFIX_PATH}:/apollo/dev_ws/install/my_package:/apollo/ros_ws/install/scout_mini_simulation:/opt/ros/humble /usr/bin/cmake --build /apollo/ros_ws/build/scout_mini_base -- -j20 -l20
[0.558s] Invoked command in '/apollo/ros_ws/build/scout_mini_base' returned '0': CMAKE_PREFIX_PATH=${CMAKE_PREFIX_PATH}:/apollo/dev_ws/install/my_package:/apollo/ros_ws/install/scout_mini_simulation:/opt/ros/humble /usr/bin/cmake --build /apollo/ros_ws/build/scout_mini_base -- -j20 -l20
[0.570s] Invoking command in '/apollo/ros_ws/build/scout_mini_base': CMAKE_PREFIX_PATH=${CMAKE_PREFIX_PATH}:/apollo/dev_ws/install/my_package:/apollo/ros_ws/install/scout_mini_simulation:/opt/ros/humble /usr/bin/cmake --install /apollo/ros_ws/build/scout_mini_base
[0.576s] -- Install configuration: ""
[0.577s] -- Execute custom install script
[0.577s] -- Up-to-date symlink: /apollo/ros_ws/install/scout_mini_base/share/scout_mini_base/config/scout_mini.yaml
[0.577s] -- Up-to-date symlink: /apollo/ros_ws/install/scout_mini_base/share/scout_mini_base/launch/base_launch.py
[0.578s] -- Up-to-date symlink: /apollo/ros_ws/install/scout_mini_base/share/ament_index/resource_index/package_run_dependencies/scout_mini_base
[0.578s] -- Up-to-date symlink: /apollo/ros_ws/install/scout_mini_base/share/ament_index/resource_index/parent_prefix_path/scout_mini_base
[0.578s] -- Up-to-date symlink: /apollo/ros_ws/install/scout_mini_base/share/scout_mini_base/environment/ament_prefix_path.sh
[0.578s] -- Up-to-date symlink: /apollo/ros_ws/install/scout_mini_base/share/scout_mini_base/environment/ament_prefix_path.dsv
[0.578s] -- Up-to-date symlink: /apollo/ros_ws/install/scout_mini_base/share/scout_mini_base/environment/path.sh
[0.578s] -- Up-to-date symlink: /apollo/ros_ws/install/scout_mini_base/share/scout_mini_base/environment/path.dsv
[0.578s] -- Up-to-date symlink: /apollo/ros_ws/install/scout_mini_base/share/scout_mini_base/local_setup.bash
[0.578s] -- Up-to-date symlink: /apollo/ros_ws/install/scout_mini_base/share/scout_mini_base/local_setup.sh
[0.578s] -- Up-to-date symlink: /apollo/ros_ws/install/scout_mini_base/share/scout_mini_base/local_setup.zsh
[0.578s] -- Up-to-date symlink: /apollo/ros_ws/install/scout_mini_base/share/scout_mini_base/local_setup.dsv
[0.578s] -- Symlinking: /apollo/ros_ws/install/scout_mini_base/share/scout_mini_base/package.dsv
[0.584s] -- Up-to-date symlink: /apollo/ros_ws/install/scout_mini_base/share/ament_index/resource_index/packages/scout_mini_base
[0.584s] -- Up-to-date symlink: /apollo/ros_ws/install/scout_mini_base/share/scout_mini_base/cmake/scout_mini_baseConfig.cmake
[0.584s] -- Up-to-date symlink: /apollo/ros_ws/install/scout_mini_base/share/scout_mini_base/cmake/scout_mini_baseConfig-version.cmake
[0.585s] -- Up-to-date symlink: /apollo/ros_ws/install/scout_mini_base/share/scout_mini_base/package.xml
[0.586s] Invoked command in '/apollo/ros_ws/build/scout_mini_base' returned '0': CMAKE_PREFIX_PATH=${CMAKE_PREFIX_PATH}:/apollo/dev_ws/install/my_package:/apollo/ros_ws/install/scout_mini_simulation:/opt/ros/humble /usr/bin/cmake --install /apollo/ros_ws/build/scout_mini_base
