running egg_info
writing ../../build/apollo_intro/apollo_intro.egg-info/PKG-INFO
writing dependency_links to ../../build/apollo_intro/apollo_intro.egg-info/dependency_links.txt
writing entry points to ../../build/apollo_intro/apollo_intro.egg-info/entry_points.txt
writing requirements to ../../build/apollo_intro/apollo_intro.egg-info/requires.txt
writing top-level names to ../../build/apollo_intro/apollo_intro.egg-info/top_level.txt
reading manifest file '../../build/apollo_intro/apollo_intro.egg-info/SOURCES.txt'
writing manifest file '../../build/apollo_intro/apollo_intro.egg-info/SOURCES.txt'
running build
running build_py
copying apollo_intro/task.py -> /apollo/intro_ws/build/apollo_intro/build/lib/apollo_intro
running install
running install_lib
copying /apollo/intro_ws/build/apollo_intro/build/lib/apollo_intro/task.py -> /apollo/intro_ws/install/apollo_intro/lib/python3.10/site-packages/apollo_intro
byte-compiling /apollo/intro_ws/install/apollo_intro/lib/python3.10/site-packages/apollo_intro/practice_task.py to practice_task.cpython-310.pyc
byte-compiling /apollo/intro_ws/install/apollo_intro/lib/python3.10/site-packages/apollo_intro/task.py to task.cpython-310.pyc
running install_data
running install_egg_info
removing '/apollo/intro_ws/install/apollo_intro/lib/python3.10/site-packages/apollo_intro-0.0.0-py3.10.egg-info' (and everything under it)
Copying ../../build/apollo_intro/apollo_intro.egg-info to /apollo/intro_ws/install/apollo_intro/lib/python3.10/site-packages/apollo_intro-0.0.0-py3.10.egg-info
running install_scripts
Installing practice_task script to /apollo/intro_ws/install/apollo_intro/lib/apollo_intro
Installing walkthrough script to /apollo/intro_ws/install/apollo_intro/lib/apollo_intro
writing list of installed files to '/apollo/intro_ws/build/apollo_intro/install.log'
