[0.636s] DEBUG:colcon:Command line arguments: ['/usr/bin/colcon', 'build', '--packages-select', 'task1']
[0.636s] DEBUG:colcon:Parsed command line arguments: Namespace(log_base=None, log_level=None, verb_name='build', build_base='build', install_base='install', merge_install=False, symlink_install=False, test_result_base=None, continue_on_error=False, executor='parallel', parallel_workers=12, event_handlers=None, ignore_user_meta=False, metas=['./colcon.meta'], base_paths=['.'], packages_ignore=None, packages_ignore_regex=None, paths=None, packages_up_to=None, packages_up_to_regex=None, packages_above=None, packages_above_and_dependencies=None, packages_above_depth=None, packages_select_by_dep=None, packages_skip_by_dep=None, packages_skip_up_to=None, packages_select_build_failed=False, packages_skip_build_finished=False, packages_select_test_failures=False, packages_skip_test_passed=False, packages_select=['task1'], packages_skip=None, packages_select_regex=None, packages_skip_regex=None, packages_start=None, packages_end=None, cmake_args=None, cmake_target=None, cmake_target_skip_unavailable=False, cmake_clean_cache=False, cmake_clean_first=False, cmake_force_configure=False, ament_cmake_args=None, catkin_cmake_args=None, catkin_skip_building_tests=False, mixin_files=None, mixin=None, verb_parser=<colcon_mixin.mixin.mixin_argument.MixinArgumentDecorator object at 0x7a4d8663d840>, verb_extension=<colcon_core.verb.build.BuildVerb object at 0x7a4d867b2740>, main=<bound method BuildVerb.main of <colcon_core.verb.build.BuildVerb object at 0x7a4d867b2740>>, mixin_verb=('build',))
[1.100s] Level 1:colcon.colcon_core.package_discovery:discover_packages(colcon_meta) check parameters
[1.101s] Level 1:colcon.colcon_core.package_discovery:discover_packages(recursive) check parameters
[1.101s] Level 1:colcon.colcon_core.package_discovery:discover_packages(ignore) check parameters
[1.101s] Level 1:colcon.colcon_core.package_discovery:discover_packages(path) check parameters
[1.101s] Level 1:colcon.colcon_core.package_discovery:discover_packages(colcon_meta) discover
[1.101s] Level 1:colcon.colcon_core.package_discovery:discover_packages(recursive) discover
[1.102s] INFO:colcon.colcon_core.package_discovery:Crawling recursively for packages in '/apollo/ros_ws/src/task1'
[1.103s] Level 1:colcon.colcon_core.package_identification:_identify(.) by extensions ['ignore', 'ignore_ament_install']
[1.103s] Level 1:colcon.colcon_core.package_identification:_identify(.) by extension 'ignore'
[1.103s] Level 1:colcon.colcon_core.package_identification:_identify(.) by extension 'ignore_ament_install'
[1.104s] Level 1:colcon.colcon_core.package_identification:_identify(.) by extensions ['colcon_pkg']
[1.104s] Level 1:colcon.colcon_core.package_identification:_identify(.) by extension 'colcon_pkg'
[1.104s] Level 1:colcon.colcon_core.package_identification:_identify(.) by extensions ['colcon_meta']
[1.105s] Level 1:colcon.colcon_core.package_identification:_identify(.) by extension 'colcon_meta'
[1.105s] Level 1:colcon.colcon_core.package_identification:_identify(.) by extensions ['ros']
[1.105s] Level 1:colcon.colcon_core.package_identification:_identify(.) by extension 'ros'
[1.129s] DEBUG:colcon.colcon_core.package_identification:Package '.' with type 'ros.ament_python' and name 'task1'
[1.129s] Level 1:colcon.colcon_core.package_discovery:discover_packages(recursive) using defaults
[1.130s] Level 1:colcon.colcon_core.package_discovery:discover_packages(ignore) discover
[1.130s] Level 1:colcon.colcon_core.package_discovery:discover_packages(ignore) using defaults
[1.130s] Level 1:colcon.colcon_core.package_discovery:discover_packages(path) discover
[1.130s] Level 1:colcon.colcon_core.package_discovery:discover_packages(path) using defaults
[1.239s] Level 5:colcon.colcon_core.verb:set package 'task1' build argument 'cmake_args' from command line to 'None'
[1.239s] Level 5:colcon.colcon_core.verb:set package 'task1' build argument 'cmake_target' from command line to 'None'
[1.239s] Level 5:colcon.colcon_core.verb:set package 'task1' build argument 'cmake_target_skip_unavailable' from command line to 'False'
[1.240s] Level 5:colcon.colcon_core.verb:set package 'task1' build argument 'cmake_clean_cache' from command line to 'False'
[1.240s] Level 5:colcon.colcon_core.verb:set package 'task1' build argument 'cmake_clean_first' from command line to 'False'
[1.240s] Level 5:colcon.colcon_core.verb:set package 'task1' build argument 'cmake_force_configure' from command line to 'False'
[1.240s] Level 5:colcon.colcon_core.verb:set package 'task1' build argument 'ament_cmake_args' from command line to 'None'
[1.240s] Level 5:colcon.colcon_core.verb:set package 'task1' build argument 'catkin_cmake_args' from command line to 'None'
[1.240s] Level 5:colcon.colcon_core.verb:set package 'task1' build argument 'catkin_skip_building_tests' from command line to 'False'
[1.240s] DEBUG:colcon.colcon_core.verb:Building package 'task1' with the following arguments: {'ament_cmake_args': None, 'build_base': '/apollo/ros_ws/src/task1/build/task1', 'catkin_cmake_args': None, 'catkin_skip_building_tests': False, 'cmake_args': None, 'cmake_clean_cache': False, 'cmake_clean_first': False, 'cmake_force_configure': False, 'cmake_target': None, 'cmake_target_skip_unavailable': False, 'install_base': '/apollo/ros_ws/src/task1/install/task1', 'merge_install': False, 'path': '/apollo/ros_ws/src/task1', 'symlink_install': False, 'test_result_base': None}
[1.240s] INFO:colcon.colcon_core.executor:Executing jobs using 'parallel' executor
[1.241s] DEBUG:colcon.colcon_parallel_executor.executor.parallel:run_until_complete
[1.242s] INFO:colcon.colcon_ros.task.ament_python.build:Building ROS package in '/apollo/ros_ws/src/task1' with build type 'ament_python'
[1.243s] Level 1:colcon.colcon_core.shell:create_environment_hook('task1', 'ament_prefix_path')
[1.272s] INFO:colcon.colcon_core.plugin_system:Skipping extension 'colcon_core.shell.bat': Not used on non-Windows systems
[1.272s] INFO:colcon.colcon_core.shell:Creating environment hook '/apollo/ros_ws/src/task1/install/task1/share/task1/hook/ament_prefix_path.ps1'
[1.288s] INFO:colcon.colcon_core.shell:Creating environment descriptor '/apollo/ros_ws/src/task1/install/task1/share/task1/hook/ament_prefix_path.dsv'
[1.297s] INFO:colcon.colcon_core.shell:Creating environment hook '/apollo/ros_ws/src/task1/install/task1/share/task1/hook/ament_prefix_path.sh'
[1.309s] INFO:colcon.colcon_core.shell:Skip shell extension 'powershell' for command environment: Not usable outside of PowerShell
[1.309s] DEBUG:colcon.colcon_core.shell:Skip shell extension 'dsv' for command environment
[2.842s] INFO:colcon.colcon_core.task.python.build:Building Python package in '/apollo/ros_ws/src/task1'
[2.843s] INFO:colcon.colcon_core.shell:Skip shell extension 'powershell' for command environment: Not usable outside of PowerShell
[2.843s] DEBUG:colcon.colcon_core.shell:Skip shell extension 'dsv' for command environment
[5.240s] DEBUG:colcon.colcon_core.event_handler.log_command:Invoking command in '/apollo/ros_ws/src/task1': PYTHONPATH=/apollo/ros_ws/src/task1/build/task1/prefix_override:/usr/lib/python3/dist-packages/colcon_core/task/python/colcon_distutils_commands:/apollo/ros_ws/src/task1/install/task1/lib/python3.10/site-packages:${PYTHONPATH} /usr/bin/python3 -W ignore:setup.py install is deprecated -W ignore:easy_install command is deprecated setup.py egg_info --egg-base build/task1 build --build-base /apollo/ros_ws/src/task1/build/task1/build install --record /apollo/ros_ws/src/task1/build/task1/install.log --single-version-externally-managed install_data
[7.761s] DEBUG:colcon.colcon_core.event_handler.log_command:Invoked command in '/apollo/ros_ws/src/task1' returned '0': PYTHONPATH=/apollo/ros_ws/src/task1/build/task1/prefix_override:/usr/lib/python3/dist-packages/colcon_core/task/python/colcon_distutils_commands:/apollo/ros_ws/src/task1/install/task1/lib/python3.10/site-packages:${PYTHONPATH} /usr/bin/python3 -W ignore:setup.py install is deprecated -W ignore:easy_install command is deprecated setup.py egg_info --egg-base build/task1 build --build-base /apollo/ros_ws/src/task1/build/task1/build install --record /apollo/ros_ws/src/task1/build/task1/install.log --single-version-externally-managed install_data
[7.784s] Level 1:colcon.colcon_core.environment:checking '/apollo/ros_ws/src/task1/install/task1' for CMake module files
[7.811s] Level 1:colcon.colcon_core.environment:checking '/apollo/ros_ws/src/task1/install/task1' for CMake config files
[7.867s] Level 1:colcon.colcon_core.environment:checking '/apollo/ros_ws/src/task1/install/task1/lib'
[7.871s] Level 1:colcon.colcon_core.environment:checking '/apollo/ros_ws/src/task1/install/task1/bin'
[7.872s] Level 1:colcon.colcon_core.environment:checking '/apollo/ros_ws/src/task1/install/task1/lib/pkgconfig/task1.pc'
[7.873s] Level 1:colcon.colcon_core.environment:checking '/apollo/ros_ws/src/task1/install/task1/lib/python3.10/site-packages'
[7.875s] Level 1:colcon.colcon_core.shell:create_environment_hook('task1', 'pythonpath')
[7.875s] INFO:colcon.colcon_core.shell:Creating environment hook '/apollo/ros_ws/src/task1/install/task1/share/task1/hook/pythonpath.ps1'
[7.887s] INFO:colcon.colcon_core.shell:Creating environment descriptor '/apollo/ros_ws/src/task1/install/task1/share/task1/hook/pythonpath.dsv'
[7.894s] INFO:colcon.colcon_core.shell:Creating environment hook '/apollo/ros_ws/src/task1/install/task1/share/task1/hook/pythonpath.sh'
[7.902s] Level 1:colcon.colcon_core.environment:checking '/apollo/ros_ws/src/task1/install/task1/bin'
[7.903s] Level 1:colcon.colcon_core.environment:create_environment_scripts_only(task1)
[7.903s] INFO:colcon.colcon_core.shell:Creating package script '/apollo/ros_ws/src/task1/install/task1/share/task1/package.ps1'
[7.910s] INFO:colcon.colcon_core.shell:Creating package descriptor '/apollo/ros_ws/src/task1/install/task1/share/task1/package.dsv'
[7.917s] INFO:colcon.colcon_core.shell:Creating package script '/apollo/ros_ws/src/task1/install/task1/share/task1/package.sh'
[7.923s] INFO:colcon.colcon_core.shell:Creating package script '/apollo/ros_ws/src/task1/install/task1/share/task1/package.bash'
[7.932s] INFO:colcon.colcon_core.shell:Creating package script '/apollo/ros_ws/src/task1/install/task1/share/task1/package.zsh'
[7.939s] Level 1:colcon.colcon_core.environment:create_file_with_runtime_dependencies(/apollo/ros_ws/src/task1/install/task1/share/colcon-core/packages/task1)
[7.945s] DEBUG:colcon.colcon_parallel_executor.executor.parallel:closing loop
[7.946s] DEBUG:colcon.colcon_parallel_executor.executor.parallel:loop closed
[7.946s] DEBUG:colcon.colcon_parallel_executor.executor.parallel:run_until_complete finished with '0'
[7.946s] DEBUG:colcon.colcon_core.event_reactor:joining thread
[8.003s] INFO:colcon.colcon_core.plugin_system:Skipping extension 'colcon_notification.desktop_notification.notify_send': Could not find 'notify-send'
[8.003s] INFO:colcon.colcon_core.plugin_system:Skipping extension 'colcon_notification.desktop_notification.terminal_notifier': Not used on non-Darwin systems
[8.003s] INFO:colcon.colcon_core.plugin_system:Skipping extension 'colcon_notification.desktop_notification.win32': Not used on non-Windows systems
[8.003s] INFO:colcon.colcon_notification.desktop_notification:Sending desktop notification using 'notify2'
[8.006s] DEBUG:colcon.colcon_notification.desktop_notification.notify2:Failed to initialize notify2: org.freedesktop.DBus.Error.Spawn.ExecFailed: /usr/bin/dbus-launch terminated abnormally without any error message
[8.006s] DEBUG:colcon.colcon_core.event_reactor:joined thread
[8.007s] INFO:colcon.colcon_core.shell:Creating prefix script '/apollo/ros_ws/src/task1/install/local_setup.ps1'
[8.012s] INFO:colcon.colcon_core.shell:Creating prefix util module '/apollo/ros_ws/src/task1/install/_local_setup_util_ps1.py'
[8.017s] INFO:colcon.colcon_core.shell:Creating prefix chain script '/apollo/ros_ws/src/task1/install/setup.ps1'
[8.079s] INFO:colcon.colcon_core.shell:Creating prefix script '/apollo/ros_ws/src/task1/install/local_setup.sh'
[8.085s] INFO:colcon.colcon_core.shell:Creating prefix util module '/apollo/ros_ws/src/task1/install/_local_setup_util_sh.py'
[8.092s] INFO:colcon.colcon_core.shell:Creating prefix chain script '/apollo/ros_ws/src/task1/install/setup.sh'
[8.147s] INFO:colcon.colcon_core.shell:Creating prefix script '/apollo/ros_ws/src/task1/install/local_setup.bash'
[8.154s] INFO:colcon.colcon_core.shell:Creating prefix chain script '/apollo/ros_ws/src/task1/install/setup.bash'
[8.213s] INFO:colcon.colcon_core.shell:Creating prefix script '/apollo/ros_ws/src/task1/install/local_setup.zsh'
[8.218s] INFO:colcon.colcon_core.shell:Creating prefix chain script '/apollo/ros_ws/src/task1/install/setup.zsh'
