running egg_info
creating build/apollo_intro/apollo_intro.egg-info
writing build/apollo_intro/apollo_intro.egg-info/PKG-INFO
writing dependency_links to build/apollo_intro/apollo_intro.egg-info/dependency_links.txt
writing entry points to build/apollo_intro/apollo_intro.egg-info/entry_points.txt
writing requirements to build/apollo_intro/apollo_intro.egg-info/requires.txt
writing top-level names to build/apollo_intro/apollo_intro.egg-info/top_level.txt
writing manifest file 'build/apollo_intro/apollo_intro.egg-info/SOURCES.txt'
reading manifest file 'build/apollo_intro/apollo_intro.egg-info/SOURCES.txt'
writing manifest file 'build/apollo_intro/apollo_intro.egg-info/SOURCES.txt'
running build
running build_py
creating /apollo/intro_ws/src/apollo_intro/build/apollo_intro/build
creating /apollo/intro_ws/src/apollo_intro/build/apollo_intro/build/lib
creating /apollo/intro_ws/src/apollo_intro/build/apollo_intro/build/lib/apollo_intro
copying apollo_intro/practice_task.py -> /apollo/intro_ws/src/apollo_intro/build/apollo_intro/build/lib/apollo_intro
copying apollo_intro/task.py -> /apollo/intro_ws/src/apollo_intro/build/apollo_intro/build/lib/apollo_intro
copying apollo_intro/__init__.py -> /apollo/intro_ws/src/apollo_intro/build/apollo_intro/build/lib/apollo_intro
running install
running install_lib
creating /apollo/intro_ws/src/apollo_intro/install/apollo_intro/lib/python3.10/site-packages/apollo_intro
copying /apollo/intro_ws/src/apollo_intro/build/apollo_intro/build/lib/apollo_intro/practice_task.py -> /apollo/intro_ws/src/apollo_intro/install/apollo_intro/lib/python3.10/site-packages/apollo_intro
copying /apollo/intro_ws/src/apollo_intro/build/apollo_intro/build/lib/apollo_intro/task.py -> /apollo/intro_ws/src/apollo_intro/install/apollo_intro/lib/python3.10/site-packages/apollo_intro
copying /apollo/intro_ws/src/apollo_intro/build/apollo_intro/build/lib/apollo_intro/__init__.py -> /apollo/intro_ws/src/apollo_intro/install/apollo_intro/lib/python3.10/site-packages/apollo_intro
byte-compiling /apollo/intro_ws/src/apollo_intro/install/apollo_intro/lib/python3.10/site-packages/apollo_intro/practice_task.py to practice_task.cpython-310.pyc
byte-compiling /apollo/intro_ws/src/apollo_intro/install/apollo_intro/lib/python3.10/site-packages/apollo_intro/task.py to task.cpython-310.pyc
byte-compiling /apollo/intro_ws/src/apollo_intro/install/apollo_intro/lib/python3.10/site-packages/apollo_intro/__init__.py to __init__.cpython-310.pyc
running install_data
creating /apollo/intro_ws/src/apollo_intro/install/apollo_intro/share/ament_index
creating /apollo/intro_ws/src/apollo_intro/install/apollo_intro/share/ament_index/resource_index
creating /apollo/intro_ws/src/apollo_intro/install/apollo_intro/share/ament_index/resource_index/packages
copying resource/apollo_intro -> /apollo/intro_ws/src/apollo_intro/install/apollo_intro/share/ament_index/resource_index/packages
copying package.xml -> /apollo/intro_ws/src/apollo_intro/install/apollo_intro/share/apollo_intro
running install_egg_info
Copying build/apollo_intro/apollo_intro.egg-info to /apollo/intro_ws/src/apollo_intro/install/apollo_intro/lib/python3.10/site-packages/apollo_intro-0.0.0-py3.10.egg-info
running install_scripts
Installing practice_task script to /apollo/intro_ws/src/apollo_intro/install/apollo_intro/lib/apollo_intro
Installing walkthrough script to /apollo/intro_ws/src/apollo_intro/install/apollo_intro/lib/apollo_intro
writing list of installed files to '/apollo/intro_ws/src/apollo_intro/build/apollo_intro/install.log'
