[3.110s] Invoking command in '/apollo/intro_ws/src/apollo_intro': PYTHONPATH=/apollo/intro_ws/src/apollo_intro/build/apollo_intro/prefix_override:/usr/lib/python3/dist-packages/colcon_core/task/python/colcon_distutils_commands:/apollo/intro_ws/src/apollo_intro/install/apollo_intro/lib/python3.10/site-packages:${PYTHONPATH} /usr/bin/python3 -W ignore:setup.py install is deprecated -W ignore:easy_install command is deprecated setup.py egg_info --egg-base build/apollo_intro build --build-base /apollo/intro_ws/src/apollo_intro/build/apollo_intro/build install --record /apollo/intro_ws/src/apollo_intro/build/apollo_intro/install.log --single-version-externally-managed install_data
[4.571s] running egg_info
[4.576s] creating build/apollo_intro/apollo_intro.egg-info
[4.579s] writing build/apollo_intro/apollo_intro.egg-info/PKG-INFO
[4.586s] writing dependency_links to build/apollo_intro/apollo_intro.egg-info/dependency_links.txt
[4.594s] writing entry points to build/apollo_intro/apollo_intro.egg-info/entry_points.txt
[4.598s] writing requirements to build/apollo_intro/apollo_intro.egg-info/requires.txt
[4.602s] writing top-level names to build/apollo_intro/apollo_intro.egg-info/top_level.txt
[4.607s] writing manifest file 'build/apollo_intro/apollo_intro.egg-info/SOURCES.txt'
[4.635s] reading manifest file 'build/apollo_intro/apollo_intro.egg-info/SOURCES.txt'
[4.681s] writing manifest file 'build/apollo_intro/apollo_intro.egg-info/SOURCES.txt'
[4.685s] running build
[4.686s] running build_py
[4.690s] creating /apollo/intro_ws/src/apollo_intro/build/apollo_intro/build
[4.692s] creating /apollo/intro_ws/src/apollo_intro/build/apollo_intro/build/lib
[4.695s] creating /apollo/intro_ws/src/apollo_intro/build/apollo_intro/build/lib/apollo_intro
[4.702s] copying apollo_intro/practice_task.py -> /apollo/intro_ws/src/apollo_intro/build/apollo_intro/build/lib/apollo_intro
[4.718s] copying apollo_intro/task.py -> /apollo/intro_ws/src/apollo_intro/build/apollo_intro/build/lib/apollo_intro
[4.734s] copying apollo_intro/__init__.py -> /apollo/intro_ws/src/apollo_intro/build/apollo_intro/build/lib/apollo_intro
[4.750s] running install
[4.751s] running install_lib
[4.772s] creating /apollo/intro_ws/src/apollo_intro/install/apollo_intro/lib/python3.10/site-packages/apollo_intro
[4.792s] copying /apollo/intro_ws/src/apollo_intro/build/apollo_intro/build/lib/apollo_intro/practice_task.py -> /apollo/intro_ws/src/apollo_intro/install/apollo_intro/lib/python3.10/site-packages/apollo_intro
[4.832s] copying /apollo/intro_ws/src/apollo_intro/build/apollo_intro/build/lib/apollo_intro/task.py -> /apollo/intro_ws/src/apollo_intro/install/apollo_intro/lib/python3.10/site-packages/apollo_intro
[4.868s] copying /apollo/intro_ws/src/apollo_intro/build/apollo_intro/build/lib/apollo_intro/__init__.py -> /apollo/intro_ws/src/apollo_intro/install/apollo_intro/lib/python3.10/site-packages/apollo_intro
[4.902s] byte-compiling /apollo/intro_ws/src/apollo_intro/install/apollo_intro/lib/python3.10/site-packages/apollo_intro/practice_task.py to practice_task.cpython-310.pyc
[4.929s] byte-compiling /apollo/intro_ws/src/apollo_intro/install/apollo_intro/lib/python3.10/site-packages/apollo_intro/task.py to task.cpython-310.pyc
[4.959s] byte-compiling /apollo/intro_ws/src/apollo_intro/install/apollo_intro/lib/python3.10/site-packages/apollo_intro/__init__.py to __init__.cpython-310.pyc
[4.985s] running install_data
[4.989s] creating /apollo/intro_ws/src/apollo_intro/install/apollo_intro/share/ament_index
[4.992s] creating /apollo/intro_ws/src/apollo_intro/install/apollo_intro/share/ament_index/resource_index
[4.994s] creating /apollo/intro_ws/src/apollo_intro/install/apollo_intro/share/ament_index/resource_index/packages
[5.005s] copying resource/apollo_intro -> /apollo/intro_ws/src/apollo_intro/install/apollo_intro/share/ament_index/resource_index/packages
[5.022s] copying package.xml -> /apollo/intro_ws/src/apollo_intro/install/apollo_intro/share/apollo_intro
[5.031s] running install_egg_info
[5.053s] Copying build/apollo_intro/apollo_intro.egg-info to /apollo/intro_ws/src/apollo_intro/install/apollo_intro/lib/python3.10/site-packages/apollo_intro-0.0.0-py3.10.egg-info
[5.275s] running install_scripts
[5.386s] Installing practice_task script to /apollo/intro_ws/src/apollo_intro/install/apollo_intro/lib/apollo_intro
[5.393s] Installing walkthrough script to /apollo/intro_ws/src/apollo_intro/install/apollo_intro/lib/apollo_intro
[5.405s] writing list of installed files to '/apollo/intro_ws/src/apollo_intro/build/apollo_intro/install.log'
[5.425s] Invoked command in '/apollo/intro_ws/src/apollo_intro' returned '0': PYTHONPATH=/apollo/intro_ws/src/apollo_intro/build/apollo_intro/prefix_override:/usr/lib/python3/dist-packages/colcon_core/task/python/colcon_distutils_commands:/apollo/intro_ws/src/apollo_intro/install/apollo_intro/lib/python3.10/site-packages:${PYTHONPATH} /usr/bin/python3 -W ignore:setup.py install is deprecated -W ignore:easy_install command is deprecated setup.py egg_info --egg-base build/apollo_intro build --build-base /apollo/intro_ws/src/apollo_intro/build/apollo_intro/build install --record /apollo/intro_ws/src/apollo_intro/build/apollo_intro/install.log --single-version-externally-managed install_data
