running egg_info
writing ../../build/auto_break/task1.egg-info/PKG-INFO
writing dependency_links to ../../build/auto_break/task1.egg-info/dependency_links.txt
writing entry points to ../../build/auto_break/task1.egg-info/entry_points.txt
writing requirements to ../../build/auto_break/task1.egg-info/requires.txt
writing top-level names to ../../build/auto_break/task1.egg-info/top_level.txt
reading manifest file '../../build/auto_break/task1.egg-info/SOURCES.txt'
writing manifest file '../../build/auto_break/task1.egg-info/SOURCES.txt'
running build
running build_py
running install
running install_lib
running install_data
copying resource/task1 -> /apollo/ros_ws/install/auto_break/share/ament_index/resource_index/packages
creating /apollo/ros_ws/install/auto_break/share/task1
copying package.xml -> /apollo/ros_ws/install/auto_break/share/task1
running install_egg_info
Copying ../../build/auto_break/task1.egg-info to /apollo/ros_ws/install/auto_break/lib/python3.10/site-packages/task1-0.1.0-py3.10.egg-info
running install_scripts
Installing task1 script to /apollo/ros_ws/install/auto_break/lib/auto_break
writing list of installed files to '/apollo/ros_ws/build/auto_break/install.log'
