[0.456s] Invoking command in '/apollo/ros_ws/src/task1': PYTHONPATH=/apollo/ros_ws/build/auto_break/prefix_override:/usr/lib/python3/dist-packages/colcon_core/task/python/colcon_distutils_commands:/apollo/ros_ws/install/auto_break/lib/python3.10/site-packages:${PYTHONPATH} /usr/bin/python3 -W ignore:setup.py install is deprecated -W ignore:easy_install command is deprecated setup.py egg_info --egg-base ../../build/auto_break build --build-base /apollo/ros_ws/build/auto_break/build install --record /apollo/ros_ws/build/auto_break/install.log --single-version-externally-managed install_data
[0.604s] running egg_info
[0.604s] writing ../../build/auto_break/task1.egg-info/PKG-INFO
[0.605s] writing dependency_links to ../../build/auto_break/task1.egg-info/dependency_links.txt
[0.605s] writing entry points to ../../build/auto_break/task1.egg-info/entry_points.txt
[0.605s] writing requirements to ../../build/auto_break/task1.egg-info/requires.txt
[0.605s] writing top-level names to ../../build/auto_break/task1.egg-info/top_level.txt
[0.606s] reading manifest file '../../build/auto_break/task1.egg-info/SOURCES.txt'
[0.606s] writing manifest file '../../build/auto_break/task1.egg-info/SOURCES.txt'
[0.606s] running build
[0.606s] running build_py
[0.606s] running install
[0.607s] running install_lib
[0.611s] running install_data
[0.611s] copying resource/task1 -> /apollo/ros_ws/install/auto_break/share/ament_index/resource_index/packages
[0.611s] creating /apollo/ros_ws/install/auto_break/share/task1
[0.611s] copying package.xml -> /apollo/ros_ws/install/auto_break/share/task1
[0.611s] running install_egg_info
[0.611s] Copying ../../build/auto_break/task1.egg-info to /apollo/ros_ws/install/auto_break/lib/python3.10/site-packages/task1-0.1.0-py3.10.egg-info
[0.611s] running install_scripts
[0.628s] Installing task1 script to /apollo/ros_ws/install/auto_break/lib/auto_break
[0.628s] writing list of installed files to '/apollo/ros_ws/build/auto_break/install.log'
[0.645s] Invoked command in '/apollo/ros_ws/src/task1' returned '0': PYTHONPATH=/apollo/ros_ws/build/auto_break/prefix_override:/usr/lib/python3/dist-packages/colcon_core/task/python/colcon_distutils_commands:/apollo/ros_ws/install/auto_break/lib/python3.10/site-packages:${PYTHONPATH} /usr/bin/python3 -W ignore:setup.py install is deprecated -W ignore:easy_install command is deprecated setup.py egg_info --egg-base ../../build/auto_break build --build-base /apollo/ros_ws/build/auto_break/build install --record /apollo/ros_ws/build/auto_break/install.log --single-version-externally-managed install_data
