-- Found ament_cmake: 1.3.11 (/opt/ros/humble/share/ament_cmake/cmake)
-- Override CMake install command with custom implementation using symlinks instead of copying resources
-- Found rclpy: 3.3.15 (/opt/ros/humble/share/rclpy/cmake)
-- Found std_msgs: 4.2.4 (/opt/ros/humble/share/std_msgs/cmake)
-- Found rosidl_generator_c: 3.1.6 (/opt/ros/humble/share/rosidl_generator_c/cmake)
-- Found rosidl_adapter: 3.1.6 (/opt/ros/humble/share/rosidl_adapter/cmake)
-- Found rosidl_generator_cpp: 3.1.6 (/opt/ros/humble/share/rosidl_generator_cpp/cmake)
-- Using all available rosidl_typesupport_c: rosidl_typesupport_fastrtps_c;rosidl_typesupport_introspection_c
-- Using all available rosidl_typesupport_cpp: rosidl_typesupport_fastrtps_cpp;rosidl_typesupport_introspection_cpp
-- Found sensor_msgs: 4.2.4 (/opt/ros/humble/share/sensor_msgs/cmake)
-- Found rosidl_default_generators: 1.2.0 (/opt/ros/humble/share/rosidl_default_generators/cmake)
-- Found ament_cmake_ros: 0.10.0 (/opt/ros/humble/share/ament_cmake_ros/cmake)
-- Using all available rosidl_typesupport_c: rosidl_typesupport_fastrtps_c;rosidl_typesupport_introspection_c
-- Using all available rosidl_typesupport_cpp: rosidl_typesupport_fastrtps_cpp;rosidl_typesupport_introspection_cpp
-- Found python_cmake_module: 0.10.0 (/opt/ros/humble/share/python_cmake_module/cmake)
-- Using PYTHON_EXECUTABLE: /usr/bin/python3
-- Using PYTHON_INCLUDE_DIRS: /usr/include/python3.10
-- Using PYTHON_LIBRARIES: /usr/lib/x86_64-linux-gnu/libpython3.10.so
-- Configuring done
-- Generating done
-- Build files have been written to: /apollo/ros_ws/build/scout_object_detector
[  3%] [34m[1mGenerating C code for ROS interfaces[0m
[  6%] [34m[1mGenerating C++ code for ROS interfaces[0m
[  6%] Built target ament_cmake_python_symlink_scout_object_detector
[35m[1mConsolidate compiler generated dependencies of target scout_object_detector__rosidl_generator_c[0m
[  6%] Built target scout_object_detector__cpp
[  9%] [34m[1mGenerating C++ introspection for ROS interfaces[0m
[ 12%] [34m[1mGenerating C++ type support dispatch for ROS interfaces[0m
[ 16%] [34m[1mGenerating C++ type support for eProsima Fast-RTPS[0m
[ 19%] [32mBuilding C object CMakeFiles/scout_object_detector__rosidl_generator_c.dir/rosidl_generator_c/scout_object_detector/msg/detail/yolo_detection__functions.c.o[0m
running egg_info
writing scout_object_detector.egg-info/PKG-INFO
writing dependency_links to scout_object_detector.egg-info/dependency_links.txt
writing top-level names to scout_object_detector.egg-info/top_level.txt
reading manifest file 'scout_object_detector.egg-info/SOURCES.txt'
[ 22%] [32m[1mLinking C shared library libscout_object_detector__rosidl_generator_c.so[0m
writing manifest file 'scout_object_detector.egg-info/SOURCES.txt'
[ 22%] Built target ament_cmake_python_build_scout_object_detector_egg
[ 22%] Built target scout_object_detector__rosidl_generator_c
[35m[1mConsolidate compiler generated dependencies of target scout_object_detector__rosidl_typesupport_cpp[0m
[ 25%] [34m[1mGenerating C type support dispatch for ROS interfaces[0m
[ 29%] [34m[1mGenerating C introspection for ROS interfaces[0m
[35m[1mConsolidate compiler generated dependencies of target scout_object_detector__rosidl_typesupport_introspection_cpp[0m
[ 32%] [34m[1mGenerating C type support for eProsima Fast-RTPS[0m
[35m[1mConsolidate compiler generated dependencies of target scout_object_detector__rosidl_typesupport_fastrtps_cpp[0m
[ 35%] [32mBuilding CXX object CMakeFiles/scout_object_detector__rosidl_typesupport_cpp.dir/rosidl_typesupport_cpp/scout_object_detector/msg/yolo_detection__type_support.cpp.o[0m
[ 38%] [32mBuilding CXX object CMakeFiles/scout_object_detector__rosidl_typesupport_introspection_cpp.dir/rosidl_typesupport_introspection_cpp/scout_object_detector/msg/detail/yolo_detection__type_support.cpp.o[0m
[ 41%] [32mBuilding CXX object CMakeFiles/scout_object_detector__rosidl_typesupport_fastrtps_cpp.dir/rosidl_typesupport_fastrtps_cpp/scout_object_detector/msg/detail/dds_fastrtps/yolo_detection__type_support.cpp.o[0m
[35m[1mConsolidate compiler generated dependencies of target scout_object_detector__rosidl_typesupport_c[0m
[ 45%] [32m[1mLinking CXX shared library libscout_object_detector__rosidl_typesupport_cpp.so[0m
[35m[1mConsolidate compiler generated dependencies of target scout_object_detector__rosidl_typesupport_introspection_c[0m
[35m[1mConsolidate compiler generated dependencies of target scout_object_detector__rosidl_typesupport_fastrtps_c[0m
[ 48%] [32mBuilding CXX object CMakeFiles/scout_object_detector__rosidl_typesupport_c.dir/rosidl_typesupport_c/scout_object_detector/msg/yolo_detection__type_support.cpp.o[0m
[ 51%] [32mBuilding C object CMakeFiles/scout_object_detector__rosidl_typesupport_introspection_c.dir/rosidl_typesupport_introspection_c/scout_object_detector/msg/detail/yolo_detection__type_support.c.o[0m
[ 54%] [32m[1mLinking CXX shared library libscout_object_detector__rosidl_typesupport_introspection_cpp.so[0m
[ 54%] Built target scout_object_detector__rosidl_typesupport_cpp
[ 58%] [32mBuilding CXX object CMakeFiles/scout_object_detector__rosidl_typesupport_fastrtps_c.dir/rosidl_typesupport_fastrtps_c/scout_object_detector/msg/detail/yolo_detection__type_support_c.cpp.o[0m
[ 61%] [32m[1mLinking CXX shared library libscout_object_detector__rosidl_typesupport_c.so[0m
[ 64%] [32m[1mLinking CXX shared library libscout_object_detector__rosidl_typesupport_fastrtps_cpp.so[0m
[ 64%] Built target scout_object_detector__rosidl_typesupport_introspection_cpp
[ 67%] [32m[1mLinking C shared library libscout_object_detector__rosidl_typesupport_introspection_c.so[0m
[ 67%] Built target scout_object_detector__rosidl_typesupport_c
[ 67%] Built target scout_object_detector__rosidl_typesupport_fastrtps_cpp
[ 67%] Built target scout_object_detector__rosidl_typesupport_introspection_c
[ 70%] [32m[1mLinking CXX shared library libscout_object_detector__rosidl_typesupport_fastrtps_c.so[0m
[ 70%] Built target scout_object_detector__rosidl_typesupport_fastrtps_c
[ 70%] Built target scout_object_detector
[ 74%] [34m[1mGenerating Python code for ROS interfaces[0m
[ 74%] Built target scout_object_detector__py
[35m[1mConsolidate compiler generated dependencies of target scout_object_detector__rosidl_generator_py[0m
[ 77%] [32mBuilding C object CMakeFiles/scout_object_detector__rosidl_generator_py.dir/rosidl_generator_py/scout_object_detector/msg/_yolo_detection_s.c.o[0m
[ 80%] [32m[1mLinking C shared library rosidl_generator_py/scout_object_detector/libscout_object_detector__rosidl_generator_py.so[0m
[ 80%] Built target scout_object_detector__rosidl_generator_py
[35m[1mConsolidate compiler generated dependencies of target scout_object_detector__rosidl_typesupport_introspection_c__pyext[0m
[35m[1mConsolidate compiler generated dependencies of target scout_object_detector__rosidl_typesupport_c__pyext[0m
[35m[1mConsolidate compiler generated dependencies of target scout_object_detector__rosidl_typesupport_fastrtps_c__pyext[0m
[ 83%] [32mBuilding C object CMakeFiles/scout_object_detector__rosidl_typesupport_introspection_c__pyext.dir/rosidl_generator_py/scout_object_detector/_scout_object_detector_s.ep.rosidl_typesupport_introspection_c.c.o[0m
[ 87%] [32mBuilding C object CMakeFiles/scout_object_detector__rosidl_typesupport_c__pyext.dir/rosidl_generator_py/scout_object_detector/_scout_object_detector_s.ep.rosidl_typesupport_c.c.o[0m
[ 90%] [32mBuilding C object CMakeFiles/scout_object_detector__rosidl_typesupport_fastrtps_c__pyext.dir/rosidl_generator_py/scout_object_detector/_scout_object_detector_s.ep.rosidl_typesupport_fastrtps_c.c.o[0m
[ 93%] [32m[1mLinking C shared library rosidl_generator_py/scout_object_detector/scout_object_detector_s__rosidl_typesupport_c.cpython-310-x86_64-linux-gnu.so[0m
[ 96%] [32m[1mLinking C shared library rosidl_generator_py/scout_object_detector/scout_object_detector_s__rosidl_typesupport_introspection_c.cpython-310-x86_64-linux-gnu.so[0m
[100%] [32m[1mLinking C shared library rosidl_generator_py/scout_object_detector/scout_object_detector_s__rosidl_typesupport_fastrtps_c.cpython-310-x86_64-linux-gnu.so[0m
[100%] Built target scout_object_detector__rosidl_typesupport_c__pyext
[100%] Built target scout_object_detector__rosidl_typesupport_introspection_c__pyext
[100%] Built target scout_object_detector__rosidl_typesupport_fastrtps_c__pyext
-- Install configuration: ""
-- Execute custom install script
-- Up-to-date symlink: /apollo/ros_ws/install/scout_object_detector/share/ament_index/resource_index/rosidl_interfaces/scout_object_detector
-- Up-to-date symlink: /apollo/ros_ws/install/scout_object_detector/include/scout_object_detector/scout_object_detector/msg/detail/yolo_detection__functions.h
-- Up-to-date symlink: /apollo/ros_ws/install/scout_object_detector/include/scout_object_detector/scout_object_detector/msg/detail/yolo_detection__struct.h
-- Up-to-date symlink: /apollo/ros_ws/install/scout_object_detector/include/scout_object_detector/scout_object_detector/msg/detail/yolo_detection__type_support.h
-- Up-to-date symlink: /apollo/ros_ws/install/scout_object_detector/include/scout_object_detector/scout_object_detector/msg/rosidl_generator_c__visibility_control.h
-- Up-to-date symlink: /apollo/ros_ws/install/scout_object_detector/include/scout_object_detector/scout_object_detector/msg/yolo_detection.h
-- Up-to-date symlink: /apollo/ros_ws/install/scout_object_detector/share/scout_object_detector/environment/library_path.sh
-- Up-to-date symlink: /apollo/ros_ws/install/scout_object_detector/share/scout_object_detector/environment/library_path.dsv
-- Up-to-date symlink: /apollo/ros_ws/install/scout_object_detector/include/scout_object_detector/scout_object_detector/msg/detail/yolo_detection__rosidl_typesupport_fastrtps_c.h
-- Up-to-date symlink: /apollo/ros_ws/install/scout_object_detector/include/scout_object_detector/scout_object_detector/msg/rosidl_typesupport_fastrtps_c__visibility_control.h
-- Up-to-date symlink: /apollo/ros_ws/install/scout_object_detector/include/scout_object_detector/scout_object_detector/msg/detail/yolo_detection__builder.hpp
-- Up-to-date symlink: /apollo/ros_ws/install/scout_object_detector/include/scout_object_detector/scout_object_detector/msg/detail/yolo_detection__struct.hpp
-- Up-to-date symlink: /apollo/ros_ws/install/scout_object_detector/include/scout_object_detector/scout_object_detector/msg/detail/yolo_detection__traits.hpp
-- Up-to-date symlink: /apollo/ros_ws/install/scout_object_detector/include/scout_object_detector/scout_object_detector/msg/detail/yolo_detection__type_support.hpp
-- Up-to-date symlink: /apollo/ros_ws/install/scout_object_detector/include/scout_object_detector/scout_object_detector/msg/rosidl_generator_cpp__visibility_control.hpp
-- Up-to-date symlink: /apollo/ros_ws/install/scout_object_detector/include/scout_object_detector/scout_object_detector/msg/yolo_detection.hpp
-- Up-to-date symlink: /apollo/ros_ws/install/scout_object_detector/include/scout_object_detector/scout_object_detector/msg/detail/yolo_detection__rosidl_typesupport_fastrtps_cpp.hpp
-- Up-to-date symlink: /apollo/ros_ws/install/scout_object_detector/include/scout_object_detector/scout_object_detector/msg/rosidl_typesupport_fastrtps_cpp__visibility_control.h
-- Up-to-date symlink: /apollo/ros_ws/install/scout_object_detector/include/scout_object_detector/scout_object_detector/msg/detail/yolo_detection__rosidl_typesupport_introspection_c.h
-- Up-to-date symlink: /apollo/ros_ws/install/scout_object_detector/include/scout_object_detector/scout_object_detector/msg/rosidl_typesupport_introspection_c__visibility_control.h
-- Up-to-date symlink: /apollo/ros_ws/install/scout_object_detector/include/scout_object_detector/scout_object_detector/msg/detail/yolo_detection__rosidl_typesupport_introspection_cpp.hpp
-- Up-to-date symlink: /apollo/ros_ws/install/scout_object_detector/share/scout_object_detector/environment/pythonpath.sh
-- Up-to-date symlink: /apollo/ros_ws/install/scout_object_detector/share/scout_object_detector/environment/pythonpath.dsv
-- Up-to-date symlink: /apollo/ros_ws/install/scout_object_detector/local/lib/python3.10/dist-packages/scout_object_detector-0.0.0-py3.10.egg-info/PKG-INFO
-- Up-to-date symlink: /apollo/ros_ws/install/scout_object_detector/local/lib/python3.10/dist-packages/scout_object_detector-0.0.0-py3.10.egg-info/SOURCES.txt
-- Up-to-date symlink: /apollo/ros_ws/install/scout_object_detector/local/lib/python3.10/dist-packages/scout_object_detector-0.0.0-py3.10.egg-info/dependency_links.txt
-- Up-to-date symlink: /apollo/ros_ws/install/scout_object_detector/local/lib/python3.10/dist-packages/scout_object_detector-0.0.0-py3.10.egg-info/top_level.txt
-- Up-to-date symlink: /apollo/ros_ws/install/scout_object_detector/local/lib/python3.10/dist-packages/scout_object_detector/__init__.py
-- Up-to-date symlink: /apollo/ros_ws/install/scout_object_detector/local/lib/python3.10/dist-packages/scout_object_detector/_scout_object_detector_s.ep.rosidl_typesupport_c.c
-- Up-to-date symlink: /apollo/ros_ws/install/scout_object_detector/local/lib/python3.10/dist-packages/scout_object_detector/_scout_object_detector_s.ep.rosidl_typesupport_fastrtps_c.c
-- Up-to-date symlink: /apollo/ros_ws/install/scout_object_detector/local/lib/python3.10/dist-packages/scout_object_detector/_scout_object_detector_s.ep.rosidl_typesupport_introspection_c.c
-- Up-to-date symlink: /apollo/ros_ws/install/scout_object_detector/local/lib/python3.10/dist-packages/scout_object_detector/libscout_object_detector__rosidl_generator_py.so
-- Up-to-date symlink: /apollo/ros_ws/install/scout_object_detector/local/lib/python3.10/dist-packages/scout_object_detector/msg/__init__.py
-- Up-to-date symlink: /apollo/ros_ws/install/scout_object_detector/local/lib/python3.10/dist-packages/scout_object_detector/msg/_yolo_detection.py
-- Up-to-date symlink: /apollo/ros_ws/install/scout_object_detector/local/lib/python3.10/dist-packages/scout_object_detector/msg/_yolo_detection_s.c
-- Up-to-date symlink: /apollo/ros_ws/install/scout_object_detector/local/lib/python3.10/dist-packages/scout_object_detector/scout_object_detector_s__rosidl_typesupport_c.cpython-310-x86_64-linux-gnu.so
-- Up-to-date symlink: /apollo/ros_ws/install/scout_object_detector/local/lib/python3.10/dist-packages/scout_object_detector/scout_object_detector_s__rosidl_typesupport_fastrtps_c.cpython-310-x86_64-linux-gnu.so
-- Up-to-date symlink: /apollo/ros_ws/install/scout_object_detector/local/lib/python3.10/dist-packages/scout_object_detector/scout_object_detector_s__rosidl_typesupport_introspection_c.cpython-310-x86_64-linux-gnu.so
-- Up-to-date symlink: /apollo/ros_ws/install/scout_object_detector/local/lib/python3.10/dist-packages/scout_object_detector/scout_object_detector_s__rosidl_typesupport_fastrtps_c.cpython-310-x86_64-linux-gnu.so
-- Up-to-date symlink: /apollo/ros_ws/install/scout_object_detector/local/lib/python3.10/dist-packages/scout_object_detector/scout_object_detector_s__rosidl_typesupport_introspection_c.cpython-310-x86_64-linux-gnu.so
-- Up-to-date symlink: /apollo/ros_ws/install/scout_object_detector/local/lib/python3.10/dist-packages/scout_object_detector/scout_object_detector_s__rosidl_typesupport_c.cpython-310-x86_64-linux-gnu.so
-- Up-to-date symlink: /apollo/ros_ws/install/scout_object_detector/share/scout_object_detector/msg/YoloDetection.idl
-- Up-to-date symlink: /apollo/ros_ws/install/scout_object_detector/share/scout_object_detector/msg/YoloDetection.msg
-- Up-to-date symlink: /apollo/ros_ws/install/scout_object_detector/share/ament_index/resource_index/package_run_dependencies/scout_object_detector
-- Up-to-date symlink: /apollo/ros_ws/install/scout_object_detector/share/ament_index/resource_index/parent_prefix_path/scout_object_detector
-- Up-to-date symlink: /apollo/ros_ws/install/scout_object_detector/share/scout_object_detector/environment/ament_prefix_path.sh
-- Up-to-date symlink: /apollo/ros_ws/install/scout_object_detector/share/scout_object_detector/environment/ament_prefix_path.dsv
-- Up-to-date symlink: /apollo/ros_ws/install/scout_object_detector/share/scout_object_detector/environment/path.sh
-- Up-to-date symlink: /apollo/ros_ws/install/scout_object_detector/share/scout_object_detector/environment/path.dsv
-- Up-to-date symlink: /apollo/ros_ws/install/scout_object_detector/share/scout_object_detector/local_setup.bash
-- Up-to-date symlink: /apollo/ros_ws/install/scout_object_detector/share/scout_object_detector/local_setup.sh
-- Up-to-date symlink: /apollo/ros_ws/install/scout_object_detector/share/scout_object_detector/local_setup.zsh
-- Up-to-date symlink: /apollo/ros_ws/install/scout_object_detector/share/scout_object_detector/local_setup.dsv
-- Symlinking: /apollo/ros_ws/install/scout_object_detector/share/scout_object_detector/package.dsv
-- Up-to-date symlink: /apollo/ros_ws/install/scout_object_detector/share/ament_index/resource_index/packages/scout_object_detector
-- Up-to-date symlink: /apollo/ros_ws/install/scout_object_detector/share/scout_object_detector/cmake/rosidl_cmake-extras.cmake
-- Up-to-date symlink: /apollo/ros_ws/install/scout_object_detector/share/scout_object_detector/cmake/ament_cmake_export_dependencies-extras.cmake
-- Up-to-date symlink: /apollo/ros_ws/install/scout_object_detector/share/scout_object_detector/cmake/ament_cmake_export_include_directories-extras.cmake
-- Up-to-date symlink: /apollo/ros_ws/install/scout_object_detector/share/scout_object_detector/cmake/ament_cmake_export_libraries-extras.cmake
-- Up-to-date symlink: /apollo/ros_ws/install/scout_object_detector/share/scout_object_detector/cmake/ament_cmake_export_targets-extras.cmake
-- Up-to-date symlink: /apollo/ros_ws/install/scout_object_detector/share/scout_object_detector/cmake/rosidl_cmake_export_typesupport_targets-extras.cmake
-- Up-to-date symlink: /apollo/ros_ws/install/scout_object_detector/share/scout_object_detector/cmake/rosidl_cmake_export_typesupport_libraries-extras.cmake
-- Up-to-date symlink: /apollo/ros_ws/install/scout_object_detector/share/scout_object_detector/cmake/scout_object_detectorConfig.cmake
-- Up-to-date symlink: /apollo/ros_ws/install/scout_object_detector/share/scout_object_detector/cmake/scout_object_detectorConfig-version.cmake
-- Up-to-date symlink: /apollo/ros_ws/install/scout_object_detector/share/scout_object_detector/package.xml
-- Installing: /apollo/ros_ws/install/scout_object_detector/lib/libscout_object_detector__rosidl_generator_c.so
-- Set runtime path of "/apollo/ros_ws/install/scout_object_detector/lib/libscout_object_detector__rosidl_generator_c.so" to ""
-- Installing: /apollo/ros_ws/install/scout_object_detector/lib/libscout_object_detector__rosidl_typesupport_fastrtps_c.so
-- Set runtime path of "/apollo/ros_ws/install/scout_object_detector/lib/libscout_object_detector__rosidl_typesupport_fastrtps_c.so" to ""
-- Installing: /apollo/ros_ws/install/scout_object_detector/lib/libscout_object_detector__rosidl_typesupport_fastrtps_cpp.so
-- Set runtime path of "/apollo/ros_ws/install/scout_object_detector/lib/libscout_object_detector__rosidl_typesupport_fastrtps_cpp.so" to ""
-- Installing: /apollo/ros_ws/install/scout_object_detector/lib/libscout_object_detector__rosidl_typesupport_introspection_c.so
-- Set runtime path of "/apollo/ros_ws/install/scout_object_detector/lib/libscout_object_detector__rosidl_typesupport_introspection_c.so" to ""
-- Installing: /apollo/ros_ws/install/scout_object_detector/lib/libscout_object_detector__rosidl_typesupport_c.so
-- Set runtime path of "/apollo/ros_ws/install/scout_object_detector/lib/libscout_object_detector__rosidl_typesupport_c.so" to ""
-- Installing: /apollo/ros_ws/install/scout_object_detector/lib/libscout_object_detector__rosidl_typesupport_introspection_cpp.so
-- Set runtime path of "/apollo/ros_ws/install/scout_object_detector/lib/libscout_object_detector__rosidl_typesupport_introspection_cpp.so" to ""
-- Installing: /apollo/ros_ws/install/scout_object_detector/lib/libscout_object_detector__rosidl_typesupport_cpp.so
-- Set runtime path of "/apollo/ros_ws/install/scout_object_detector/lib/libscout_object_detector__rosidl_typesupport_cpp.so" to ""
Listing '/apollo/ros_ws/install/scout_object_detector/local/lib/python3.10/dist-packages/scout_object_detector'...
Compiling '/apollo/ros_ws/install/scout_object_detector/local/lib/python3.10/dist-packages/scout_object_detector/__init__.py'...
Listing '/apollo/ros_ws/install/scout_object_detector/local/lib/python3.10/dist-packages/scout_object_detector/msg'...
Compiling '/apollo/ros_ws/install/scout_object_detector/local/lib/python3.10/dist-packages/scout_object_detector/msg/__init__.py'...
Compiling '/apollo/ros_ws/install/scout_object_detector/local/lib/python3.10/dist-packages/scout_object_detector/msg/_yolo_detection.py'...
-- Installing: /apollo/ros_ws/install/scout_object_detector/lib/libscout_object_detector__rosidl_generator_py.so
-- Set runtime path of "/apollo/ros_ws/install/scout_object_detector/lib/libscout_object_detector__rosidl_generator_py.so" to ""
-- Installing: /apollo/ros_ws/install/scout_object_detector/lib/scout_object_detector/object_detection_node
-- Installing: /apollo/ros_ws/install/scout_object_detector/lib/scout_object_detector/detection_node
-- Up-to-date: /apollo/ros_ws/install/scout_object_detector/share/scout_object_detector/cmake/export_scout_object_detector__rosidl_generator_cExport.cmake
-- Up-to-date: /apollo/ros_ws/install/scout_object_detector/share/scout_object_detector/cmake/export_scout_object_detector__rosidl_generator_cExport-noconfig.cmake
-- Up-to-date: /apollo/ros_ws/install/scout_object_detector/share/scout_object_detector/cmake/export_scout_object_detector__rosidl_typesupport_fastrtps_cExport.cmake
-- Up-to-date: /apollo/ros_ws/install/scout_object_detector/share/scout_object_detector/cmake/export_scout_object_detector__rosidl_typesupport_fastrtps_cExport-noconfig.cmake
-- Up-to-date: /apollo/ros_ws/install/scout_object_detector/share/scout_object_detector/cmake/export_scout_object_detector__rosidl_generator_cppExport.cmake
-- Up-to-date: /apollo/ros_ws/install/scout_object_detector/share/scout_object_detector/cmake/export_scout_object_detector__rosidl_typesupport_fastrtps_cppExport.cmake
-- Up-to-date: /apollo/ros_ws/install/scout_object_detector/share/scout_object_detector/cmake/export_scout_object_detector__rosidl_typesupport_fastrtps_cppExport-noconfig.cmake
-- Up-to-date: /apollo/ros_ws/install/scout_object_detector/share/scout_object_detector/cmake/scout_object_detector__rosidl_typesupport_introspection_cExport.cmake
-- Up-to-date: /apollo/ros_ws/install/scout_object_detector/share/scout_object_detector/cmake/scout_object_detector__rosidl_typesupport_introspection_cExport-noconfig.cmake
-- Up-to-date: /apollo/ros_ws/install/scout_object_detector/share/scout_object_detector/cmake/scout_object_detector__rosidl_typesupport_cExport.cmake
-- Up-to-date: /apollo/ros_ws/install/scout_object_detector/share/scout_object_detector/cmake/scout_object_detector__rosidl_typesupport_cExport-noconfig.cmake
-- Up-to-date: /apollo/ros_ws/install/scout_object_detector/share/scout_object_detector/cmake/scout_object_detector__rosidl_typesupport_introspection_cppExport.cmake
-- Up-to-date: /apollo/ros_ws/install/scout_object_detector/share/scout_object_detector/cmake/scout_object_detector__rosidl_typesupport_introspection_cppExport-noconfig.cmake
-- Up-to-date: /apollo/ros_ws/install/scout_object_detector/share/scout_object_detector/cmake/scout_object_detector__rosidl_typesupport_cppExport.cmake
-- Up-to-date: /apollo/ros_ws/install/scout_object_detector/share/scout_object_detector/cmake/scout_object_detector__rosidl_typesupport_cppExport-noconfig.cmake
-- Up-to-date: /apollo/ros_ws/install/scout_object_detector/share/scout_object_detector/cmake/export_scout_object_detector__rosidl_generator_pyExport.cmake
-- Up-to-date: /apollo/ros_ws/install/scout_object_detector/share/scout_object_detector/cmake/export_scout_object_detector__rosidl_generator_pyExport-noconfig.cmake
