[0.293s] Invoking command in '/apollo/ros_ws/build/scout_object_detector': CMAKE_PREFIX_PATH=${CMAKE_PREFIX_PATH}:/apollo/dev_ws/install/my_package:/opt/ros/humble /usr/bin/cmake /apollo/ros_ws/src/scout_object_detector -DCMAKE_INSTALL_PREFIX=/apollo/ros_ws/install/scout_object_detector
[0.549s] -- Found ament_cmake: 1.3.11 (/opt/ros/humble/share/ament_cmake/cmake)
[1.736s] -- Override CMake install command with custom implementation using symlinks instead of copying resources
[1.841s] -- Found rclpy: 3.3.15 (/opt/ros/humble/share/rclpy/cmake)
[1.842s] -- Found std_msgs: 4.2.4 (/opt/ros/humble/share/std_msgs/cmake)
[1.899s] -- Found rosidl_generator_c: 3.1.6 (/opt/ros/humble/share/rosidl_generator_c/cmake)
[1.902s] -- Found rosidl_adapter: 3.1.6 (/opt/ros/humble/share/rosidl_adapter/cmake)
[1.909s] -- Found rosidl_generator_cpp: 3.1.6 (/opt/ros/humble/share/rosidl_generator_cpp/cmake)
[1.929s] -- Using all available rosidl_typesupport_c: rosidl_typesupport_fastrtps_c;rosidl_typesupport_introspection_c
[1.952s] -- Using all available rosidl_typesupport_cpp: rosidl_typesupport_fastrtps_cpp;rosidl_typesupport_introspection_cpp
[1.987s] -- Found sensor_msgs: 4.2.4 (/opt/ros/humble/share/sensor_msgs/cmake)
[2.014s] -- Found rosidl_default_generators: 1.2.0 (/opt/ros/humble/share/rosidl_default_generators/cmake)
[4.709s] -- Found ament_cmake_ros: 0.10.0 (/opt/ros/humble/share/ament_cmake_ros/cmake)
[8.992s] -- Using all available rosidl_typesupport_c: rosidl_typesupport_fastrtps_c;rosidl_typesupport_introspection_c
[10.512s] -- Using all available rosidl_typesupport_cpp: rosidl_typesupport_fastrtps_cpp;rosidl_typesupport_introspection_cpp
[10.743s] -- Found python_cmake_module: 0.10.0 (/opt/ros/humble/share/python_cmake_module/cmake)
[10.953s] -- Using PYTHON_EXECUTABLE: /usr/bin/python3
[10.954s] -- Using PYTHON_INCLUDE_DIRS: /usr/include/python3.10
[10.955s] -- Using PYTHON_LIBRARIES: /usr/lib/x86_64-linux-gnu/libpython3.10.so
[12.191s] -- Configuring done
[14.331s] -- Generating done
[15.085s] -- Build files have been written to: /apollo/ros_ws/build/scout_object_detector
[15.093s] Invoked command in '/apollo/ros_ws/build/scout_object_detector' returned '0': CMAKE_PREFIX_PATH=${CMAKE_PREFIX_PATH}:/apollo/dev_ws/install/my_package:/opt/ros/humble /usr/bin/cmake /apollo/ros_ws/src/scout_object_detector -DCMAKE_INSTALL_PREFIX=/apollo/ros_ws/install/scout_object_detector
[15.105s] Invoking command in '/apollo/ros_ws/build/scout_object_detector': CMAKE_PREFIX_PATH=${CMAKE_PREFIX_PATH}:/apollo/dev_ws/install/my_package:/opt/ros/humble /usr/bin/cmake --build /apollo/ros_ws/build/scout_object_detector -- -j12 -l12
[15.698s] [  3%] [34m[1mGenerating C code for ROS interfaces[0m
[15.803s] [  6%] [34m[1mGenerating C++ code for ROS interfaces[0m
[15.839s] [  6%] Built target ament_cmake_python_symlink_scout_object_detector
[16.663s] [35m[1mConsolidate compiler generated dependencies of target scout_object_detector__rosidl_generator_c[0m
[16.759s] [  6%] Built target scout_object_detector__cpp
[16.839s] [  9%] [34m[1mGenerating C++ introspection for ROS interfaces[0m
[16.846s] [ 12%] [34m[1mGenerating C++ type support dispatch for ROS interfaces[0m
[16.852s] [ 16%] [34m[1mGenerating C++ type support for eProsima Fast-RTPS[0m
[16.859s] [ 19%] [32mBuilding C object CMakeFiles/scout_object_detector__rosidl_generator_c.dir/rosidl_generator_c/scout_object_detector/msg/detail/yolo_detection__functions.c.o[0m
[17.206s] running egg_info
[17.209s] writing scout_object_detector.egg-info/PKG-INFO
[17.214s] writing dependency_links to scout_object_detector.egg-info/dependency_links.txt
[17.222s] writing top-level names to scout_object_detector.egg-info/top_level.txt
[17.280s] reading manifest file 'scout_object_detector.egg-info/SOURCES.txt'
[17.320s] [ 22%] [32m[1mLinking C shared library libscout_object_detector__rosidl_generator_c.so[0m
[17.329s] writing manifest file 'scout_object_detector.egg-info/SOURCES.txt'
[17.409s] [ 22%] Built target ament_cmake_python_build_scout_object_detector_egg
[17.607s] [ 22%] Built target scout_object_detector__rosidl_generator_c
[17.614s] [35m[1mConsolidate compiler generated dependencies of target scout_object_detector__rosidl_typesupport_cpp[0m
[17.699s] [ 25%] [34m[1mGenerating C type support dispatch for ROS interfaces[0m
[17.704s] [ 29%] [34m[1mGenerating C introspection for ROS interfaces[0m
[17.709s] [35m[1mConsolidate compiler generated dependencies of target scout_object_detector__rosidl_typesupport_introspection_cpp[0m
[17.710s] [ 32%] [34m[1mGenerating C type support for eProsima Fast-RTPS[0m
[17.752s] [35m[1mConsolidate compiler generated dependencies of target scout_object_detector__rosidl_typesupport_fastrtps_cpp[0m
[17.994s] [ 35%] [32mBuilding CXX object CMakeFiles/scout_object_detector__rosidl_typesupport_cpp.dir/rosidl_typesupport_cpp/scout_object_detector/msg/yolo_detection__type_support.cpp.o[0m
[18.063s] [ 38%] [32mBuilding CXX object CMakeFiles/scout_object_detector__rosidl_typesupport_introspection_cpp.dir/rosidl_typesupport_introspection_cpp/scout_object_detector/msg/detail/yolo_detection__type_support.cpp.o[0m
[18.141s] [ 41%] [32mBuilding CXX object CMakeFiles/scout_object_detector__rosidl_typesupport_fastrtps_cpp.dir/rosidl_typesupport_fastrtps_cpp/scout_object_detector/msg/detail/dds_fastrtps/yolo_detection__type_support.cpp.o[0m
[18.650s] [35m[1mConsolidate compiler generated dependencies of target scout_object_detector__rosidl_typesupport_c[0m
[18.693s] [ 45%] [32m[1mLinking CXX shared library libscout_object_detector__rosidl_typesupport_cpp.so[0m
[18.730s] [35m[1mConsolidate compiler generated dependencies of target scout_object_detector__rosidl_typesupport_introspection_c[0m
[18.742s] [35m[1mConsolidate compiler generated dependencies of target scout_object_detector__rosidl_typesupport_fastrtps_c[0m
[18.854s] [ 48%] [32mBuilding CXX object CMakeFiles/scout_object_detector__rosidl_typesupport_c.dir/rosidl_typesupport_c/scout_object_detector/msg/yolo_detection__type_support.cpp.o[0m
[18.952s] [ 51%] [32mBuilding C object CMakeFiles/scout_object_detector__rosidl_typesupport_introspection_c.dir/rosidl_typesupport_introspection_c/scout_object_detector/msg/detail/yolo_detection__type_support.c.o[0m
[18.969s] [ 54%] [32m[1mLinking CXX shared library libscout_object_detector__rosidl_typesupport_introspection_cpp.so[0m
[18.996s] [ 54%] Built target scout_object_detector__rosidl_typesupport_cpp
[19.104s] [ 58%] [32mBuilding CXX object CMakeFiles/scout_object_detector__rosidl_typesupport_fastrtps_c.dir/rosidl_typesupport_fastrtps_c/scout_object_detector/msg/detail/yolo_detection__type_support_c.cpp.o[0m
[19.143s] [ 61%] [32m[1mLinking CXX shared library libscout_object_detector__rosidl_typesupport_c.so[0m
[19.181s] [ 64%] [32m[1mLinking CXX shared library libscout_object_detector__rosidl_typesupport_fastrtps_cpp.so[0m
[19.309s] [ 64%] Built target scout_object_detector__rosidl_typesupport_introspection_cpp
[19.385s] [ 67%] [32m[1mLinking C shared library libscout_object_detector__rosidl_typesupport_introspection_c.so[0m
[19.418s] [ 67%] Built target scout_object_detector__rosidl_typesupport_c
[19.516s] [ 67%] Built target scout_object_detector__rosidl_typesupport_fastrtps_cpp
[19.780s] [ 67%] Built target scout_object_detector__rosidl_typesupport_introspection_c
[20.099s] [ 70%] [32m[1mLinking CXX shared library libscout_object_detector__rosidl_typesupport_fastrtps_c.so[0m
[20.753s] [ 70%] Built target scout_object_detector__rosidl_typesupport_fastrtps_c
[21.123s] [ 70%] Built target scout_object_detector
[21.560s] [ 74%] [34m[1mGenerating Python code for ROS interfaces[0m
[22.698s] [ 74%] Built target scout_object_detector__py
[22.917s] [35m[1mConsolidate compiler generated dependencies of target scout_object_detector__rosidl_generator_py[0m
[23.264s] [ 77%] [32mBuilding C object CMakeFiles/scout_object_detector__rosidl_generator_py.dir/rosidl_generator_py/scout_object_detector/msg/_yolo_detection_s.c.o[0m
[23.887s] [ 80%] [32m[1mLinking C shared library rosidl_generator_py/scout_object_detector/libscout_object_detector__rosidl_generator_py.so[0m
[24.408s] [ 80%] Built target scout_object_detector__rosidl_generator_py
[24.482s] [35m[1mConsolidate compiler generated dependencies of target scout_object_detector__rosidl_typesupport_introspection_c__pyext[0m
[24.483s] [35m[1mConsolidate compiler generated dependencies of target scout_object_detector__rosidl_typesupport_c__pyext[0m
[24.567s] [35m[1mConsolidate compiler generated dependencies of target scout_object_detector__rosidl_typesupport_fastrtps_c__pyext[0m
[24.743s] [ 83%] [32mBuilding C object CMakeFiles/scout_object_detector__rosidl_typesupport_introspection_c__pyext.dir/rosidl_generator_py/scout_object_detector/_scout_object_detector_s.ep.rosidl_typesupport_introspection_c.c.o[0m
[24.753s] [ 87%] [32mBuilding C object CMakeFiles/scout_object_detector__rosidl_typesupport_c__pyext.dir/rosidl_generator_py/scout_object_detector/_scout_object_detector_s.ep.rosidl_typesupport_c.c.o[0m
[24.938s] [ 90%] [32mBuilding C object CMakeFiles/scout_object_detector__rosidl_typesupport_fastrtps_c__pyext.dir/rosidl_generator_py/scout_object_detector/_scout_object_detector_s.ep.rosidl_typesupport_fastrtps_c.c.o[0m
[25.230s] [ 93%] [32m[1mLinking C shared library rosidl_generator_py/scout_object_detector/scout_object_detector_s__rosidl_typesupport_c.cpython-310-x86_64-linux-gnu.so[0m
[25.257s] [ 96%] [32m[1mLinking C shared library rosidl_generator_py/scout_object_detector/scout_object_detector_s__rosidl_typesupport_introspection_c.cpython-310-x86_64-linux-gnu.so[0m
[25.549s] [100%] [32m[1mLinking C shared library rosidl_generator_py/scout_object_detector/scout_object_detector_s__rosidl_typesupport_fastrtps_c.cpython-310-x86_64-linux-gnu.so[0m
[25.591s] [100%] Built target scout_object_detector__rosidl_typesupport_c__pyext
[25.693s] [100%] Built target scout_object_detector__rosidl_typesupport_introspection_c__pyext
[26.061s] [100%] Built target scout_object_detector__rosidl_typesupport_fastrtps_c__pyext
[26.294s] Invoked command in '/apollo/ros_ws/build/scout_object_detector' returned '0': CMAKE_PREFIX_PATH=${CMAKE_PREFIX_PATH}:/apollo/dev_ws/install/my_package:/opt/ros/humble /usr/bin/cmake --build /apollo/ros_ws/build/scout_object_detector -- -j12 -l12
[26.427s] Invoking command in '/apollo/ros_ws/build/scout_object_detector': CMAKE_PREFIX_PATH=${CMAKE_PREFIX_PATH}:/apollo/dev_ws/install/my_package:/opt/ros/humble /usr/bin/cmake --install /apollo/ros_ws/build/scout_object_detector
[26.549s] -- Install configuration: ""
[26.560s] -- Execute custom install script
[26.623s] -- Up-to-date symlink: /apollo/ros_ws/install/scout_object_detector/share/ament_index/resource_index/rosidl_interfaces/scout_object_detector
[26.737s] -- Up-to-date symlink: /apollo/ros_ws/install/scout_object_detector/include/scout_object_detector/scout_object_detector/msg/detail/yolo_detection__functions.h
[26.790s] -- Up-to-date symlink: /apollo/ros_ws/install/scout_object_detector/include/scout_object_detector/scout_object_detector/msg/detail/yolo_detection__struct.h
[26.840s] -- Up-to-date symlink: /apollo/ros_ws/install/scout_object_detector/include/scout_object_detector/scout_object_detector/msg/detail/yolo_detection__type_support.h
[26.876s] -- Up-to-date symlink: /apollo/ros_ws/install/scout_object_detector/include/scout_object_detector/scout_object_detector/msg/rosidl_generator_c__visibility_control.h
[26.918s] -- Up-to-date symlink: /apollo/ros_ws/install/scout_object_detector/include/scout_object_detector/scout_object_detector/msg/yolo_detection.h
[26.944s] -- Up-to-date symlink: /apollo/ros_ws/install/scout_object_detector/share/scout_object_detector/environment/library_path.sh
[26.975s] -- Up-to-date symlink: /apollo/ros_ws/install/scout_object_detector/share/scout_object_detector/environment/library_path.dsv
[27.084s] -- Up-to-date symlink: /apollo/ros_ws/install/scout_object_detector/include/scout_object_detector/scout_object_detector/msg/detail/yolo_detection__rosidl_typesupport_fastrtps_c.h
[27.107s] -- Up-to-date symlink: /apollo/ros_ws/install/scout_object_detector/include/scout_object_detector/scout_object_detector/msg/rosidl_typesupport_fastrtps_c__visibility_control.h
[27.217s] -- Up-to-date symlink: /apollo/ros_ws/install/scout_object_detector/include/scout_object_detector/scout_object_detector/msg/detail/yolo_detection__builder.hpp
[27.259s] -- Up-to-date symlink: /apollo/ros_ws/install/scout_object_detector/include/scout_object_detector/scout_object_detector/msg/detail/yolo_detection__struct.hpp
[27.307s] -- Up-to-date symlink: /apollo/ros_ws/install/scout_object_detector/include/scout_object_detector/scout_object_detector/msg/detail/yolo_detection__traits.hpp
[27.365s] -- Up-to-date symlink: /apollo/ros_ws/install/scout_object_detector/include/scout_object_detector/scout_object_detector/msg/detail/yolo_detection__type_support.hpp
[27.406s] -- Up-to-date symlink: /apollo/ros_ws/install/scout_object_detector/include/scout_object_detector/scout_object_detector/msg/rosidl_generator_cpp__visibility_control.hpp
[27.445s] -- Up-to-date symlink: /apollo/ros_ws/install/scout_object_detector/include/scout_object_detector/scout_object_detector/msg/yolo_detection.hpp
[27.570s] -- Up-to-date symlink: /apollo/ros_ws/install/scout_object_detector/include/scout_object_detector/scout_object_detector/msg/detail/yolo_detection__rosidl_typesupport_fastrtps_cpp.hpp
[27.618s] -- Up-to-date symlink: /apollo/ros_ws/install/scout_object_detector/include/scout_object_detector/scout_object_detector/msg/rosidl_typesupport_fastrtps_cpp__visibility_control.h
[27.707s] -- Up-to-date symlink: /apollo/ros_ws/install/scout_object_detector/include/scout_object_detector/scout_object_detector/msg/detail/yolo_detection__rosidl_typesupport_introspection_c.h
[27.748s] -- Up-to-date symlink: /apollo/ros_ws/install/scout_object_detector/include/scout_object_detector/scout_object_detector/msg/rosidl_typesupport_introspection_c__visibility_control.h
[27.841s] -- Up-to-date symlink: /apollo/ros_ws/install/scout_object_detector/include/scout_object_detector/scout_object_detector/msg/detail/yolo_detection__rosidl_typesupport_introspection_cpp.hpp
[27.872s] -- Up-to-date symlink: /apollo/ros_ws/install/scout_object_detector/share/scout_object_detector/environment/pythonpath.sh
[27.899s] -- Up-to-date symlink: /apollo/ros_ws/install/scout_object_detector/share/scout_object_detector/environment/pythonpath.dsv
[27.970s] -- Up-to-date symlink: /apollo/ros_ws/install/scout_object_detector/local/lib/python3.10/dist-packages/scout_object_detector-0.0.0-py3.10.egg-info/PKG-INFO
[28.014s] -- Up-to-date symlink: /apollo/ros_ws/install/scout_object_detector/local/lib/python3.10/dist-packages/scout_object_detector-0.0.0-py3.10.egg-info/SOURCES.txt
[28.061s] -- Up-to-date symlink: /apollo/ros_ws/install/scout_object_detector/local/lib/python3.10/dist-packages/scout_object_detector-0.0.0-py3.10.egg-info/dependency_links.txt
[28.108s] -- Up-to-date symlink: /apollo/ros_ws/install/scout_object_detector/local/lib/python3.10/dist-packages/scout_object_detector-0.0.0-py3.10.egg-info/top_level.txt
[28.288s] -- Up-to-date symlink: /apollo/ros_ws/install/scout_object_detector/local/lib/python3.10/dist-packages/scout_object_detector/__init__.py
[28.330s] -- Up-to-date symlink: /apollo/ros_ws/install/scout_object_detector/local/lib/python3.10/dist-packages/scout_object_detector/_scout_object_detector_s.ep.rosidl_typesupport_c.c
[28.371s] -- Up-to-date symlink: /apollo/ros_ws/install/scout_object_detector/local/lib/python3.10/dist-packages/scout_object_detector/_scout_object_detector_s.ep.rosidl_typesupport_fastrtps_c.c
[28.413s] -- Up-to-date symlink: /apollo/ros_ws/install/scout_object_detector/local/lib/python3.10/dist-packages/scout_object_detector/_scout_object_detector_s.ep.rosidl_typesupport_introspection_c.c
[28.440s] -- Up-to-date symlink: /apollo/ros_ws/install/scout_object_detector/local/lib/python3.10/dist-packages/scout_object_detector/libscout_object_detector__rosidl_generator_py.so
[28.488s] -- Up-to-date symlink: /apollo/ros_ws/install/scout_object_detector/local/lib/python3.10/dist-packages/scout_object_detector/msg/__init__.py
[28.540s] -- Up-to-date symlink: /apollo/ros_ws/install/scout_object_detector/local/lib/python3.10/dist-packages/scout_object_detector/msg/_yolo_detection.py
[28.592s] -- Up-to-date symlink: /apollo/ros_ws/install/scout_object_detector/local/lib/python3.10/dist-packages/scout_object_detector/msg/_yolo_detection_s.c
[28.626s] -- Up-to-date symlink: /apollo/ros_ws/install/scout_object_detector/local/lib/python3.10/dist-packages/scout_object_detector/scout_object_detector_s__rosidl_typesupport_c.cpython-310-x86_64-linux-gnu.so
[28.669s] -- Up-to-date symlink: /apollo/ros_ws/install/scout_object_detector/local/lib/python3.10/dist-packages/scout_object_detector/scout_object_detector_s__rosidl_typesupport_fastrtps_c.cpython-310-x86_64-linux-gnu.so
[28.690s] -- Up-to-date symlink: /apollo/ros_ws/install/scout_object_detector/local/lib/python3.10/dist-packages/scout_object_detector/scout_object_detector_s__rosidl_typesupport_introspection_c.cpython-310-x86_64-linux-gnu.so
[28.737s] -- Up-to-date symlink: /apollo/ros_ws/install/scout_object_detector/local/lib/python3.10/dist-packages/scout_object_detector/scout_object_detector_s__rosidl_typesupport_fastrtps_c.cpython-310-x86_64-linux-gnu.so
[28.788s] -- Up-to-date symlink: /apollo/ros_ws/install/scout_object_detector/local/lib/python3.10/dist-packages/scout_object_detector/scout_object_detector_s__rosidl_typesupport_introspection_c.cpython-310-x86_64-linux-gnu.so
[28.845s] -- Up-to-date symlink: /apollo/ros_ws/install/scout_object_detector/local/lib/python3.10/dist-packages/scout_object_detector/scout_object_detector_s__rosidl_typesupport_c.cpython-310-x86_64-linux-gnu.so
[28.883s] -- Up-to-date symlink: /apollo/ros_ws/install/scout_object_detector/share/scout_object_detector/msg/YoloDetection.idl
[28.921s] -- Up-to-date symlink: /apollo/ros_ws/install/scout_object_detector/share/scout_object_detector/msg/YoloDetection.msg
[28.974s] -- Up-to-date symlink: /apollo/ros_ws/install/scout_object_detector/share/ament_index/resource_index/package_run_dependencies/scout_object_detector
[29.011s] -- Up-to-date symlink: /apollo/ros_ws/install/scout_object_detector/share/ament_index/resource_index/parent_prefix_path/scout_object_detector
[29.037s] -- Up-to-date symlink: /apollo/ros_ws/install/scout_object_detector/share/scout_object_detector/environment/ament_prefix_path.sh
[29.066s] -- Up-to-date symlink: /apollo/ros_ws/install/scout_object_detector/share/scout_object_detector/environment/ament_prefix_path.dsv
[29.088s] -- Up-to-date symlink: /apollo/ros_ws/install/scout_object_detector/share/scout_object_detector/environment/path.sh
[29.117s] -- Up-to-date symlink: /apollo/ros_ws/install/scout_object_detector/share/scout_object_detector/environment/path.dsv
[29.141s] -- Up-to-date symlink: /apollo/ros_ws/install/scout_object_detector/share/scout_object_detector/local_setup.bash
[29.162s] -- Up-to-date symlink: /apollo/ros_ws/install/scout_object_detector/share/scout_object_detector/local_setup.sh
[29.181s] -- Up-to-date symlink: /apollo/ros_ws/install/scout_object_detector/share/scout_object_detector/local_setup.zsh
[29.205s] -- Up-to-date symlink: /apollo/ros_ws/install/scout_object_detector/share/scout_object_detector/local_setup.dsv
[29.215s] -- Symlinking: /apollo/ros_ws/install/scout_object_detector/share/scout_object_detector/package.dsv
[29.390s] -- Up-to-date symlink: /apollo/ros_ws/install/scout_object_detector/share/ament_index/resource_index/packages/scout_object_detector
[29.415s] -- Up-to-date symlink: /apollo/ros_ws/install/scout_object_detector/share/scout_object_detector/cmake/rosidl_cmake-extras.cmake
[29.432s] -- Up-to-date symlink: /apollo/ros_ws/install/scout_object_detector/share/scout_object_detector/cmake/ament_cmake_export_dependencies-extras.cmake
[29.458s] -- Up-to-date symlink: /apollo/ros_ws/install/scout_object_detector/share/scout_object_detector/cmake/ament_cmake_export_include_directories-extras.cmake
[29.488s] -- Up-to-date symlink: /apollo/ros_ws/install/scout_object_detector/share/scout_object_detector/cmake/ament_cmake_export_libraries-extras.cmake
[29.517s] -- Up-to-date symlink: /apollo/ros_ws/install/scout_object_detector/share/scout_object_detector/cmake/ament_cmake_export_targets-extras.cmake
[29.546s] -- Up-to-date symlink: /apollo/ros_ws/install/scout_object_detector/share/scout_object_detector/cmake/rosidl_cmake_export_typesupport_targets-extras.cmake
[29.575s] -- Up-to-date symlink: /apollo/ros_ws/install/scout_object_detector/share/scout_object_detector/cmake/rosidl_cmake_export_typesupport_libraries-extras.cmake
[29.591s] -- Up-to-date symlink: /apollo/ros_ws/install/scout_object_detector/share/scout_object_detector/cmake/scout_object_detectorConfig.cmake
[29.606s] -- Up-to-date symlink: /apollo/ros_ws/install/scout_object_detector/share/scout_object_detector/cmake/scout_object_detectorConfig-version.cmake
[29.634s] -- Up-to-date symlink: /apollo/ros_ws/install/scout_object_detector/share/scout_object_detector/package.xml
[29.674s] -- Installing: /apollo/ros_ws/install/scout_object_detector/lib/libscout_object_detector__rosidl_generator_c.so
[29.772s] -- Set runtime path of "/apollo/ros_ws/install/scout_object_detector/lib/libscout_object_detector__rosidl_generator_c.so" to ""
[29.800s] -- Installing: /apollo/ros_ws/install/scout_object_detector/lib/libscout_object_detector__rosidl_typesupport_fastrtps_c.so
[29.889s] -- Set runtime path of "/apollo/ros_ws/install/scout_object_detector/lib/libscout_object_detector__rosidl_typesupport_fastrtps_c.so" to ""
[29.918s] -- Installing: /apollo/ros_ws/install/scout_object_detector/lib/libscout_object_detector__rosidl_typesupport_fastrtps_cpp.so
[30.010s] -- Set runtime path of "/apollo/ros_ws/install/scout_object_detector/lib/libscout_object_detector__rosidl_typesupport_fastrtps_cpp.so" to ""
[30.053s] -- Installing: /apollo/ros_ws/install/scout_object_detector/lib/libscout_object_detector__rosidl_typesupport_introspection_c.so
[30.152s] -- Set runtime path of "/apollo/ros_ws/install/scout_object_detector/lib/libscout_object_detector__rosidl_typesupport_introspection_c.so" to ""
[30.190s] -- Installing: /apollo/ros_ws/install/scout_object_detector/lib/libscout_object_detector__rosidl_typesupport_c.so
[30.275s] -- Set runtime path of "/apollo/ros_ws/install/scout_object_detector/lib/libscout_object_detector__rosidl_typesupport_c.so" to ""
[30.308s] -- Installing: /apollo/ros_ws/install/scout_object_detector/lib/libscout_object_detector__rosidl_typesupport_introspection_cpp.so
[30.387s] -- Set runtime path of "/apollo/ros_ws/install/scout_object_detector/lib/libscout_object_detector__rosidl_typesupport_introspection_cpp.so" to ""
[30.417s] -- Installing: /apollo/ros_ws/install/scout_object_detector/lib/libscout_object_detector__rosidl_typesupport_cpp.so
[30.511s] -- Set runtime path of "/apollo/ros_ws/install/scout_object_detector/lib/libscout_object_detector__rosidl_typesupport_cpp.so" to ""
[31.323s] Listing '/apollo/ros_ws/install/scout_object_detector/local/lib/python3.10/dist-packages/scout_object_detector'...
[31.323s] Compiling '/apollo/ros_ws/install/scout_object_detector/local/lib/python3.10/dist-packages/scout_object_detector/__init__.py'...
[31.324s] Listing '/apollo/ros_ws/install/scout_object_detector/local/lib/python3.10/dist-packages/scout_object_detector/msg'...
[31.324s] Compiling '/apollo/ros_ws/install/scout_object_detector/local/lib/python3.10/dist-packages/scout_object_detector/msg/__init__.py'...
[31.325s] Compiling '/apollo/ros_ws/install/scout_object_detector/local/lib/python3.10/dist-packages/scout_object_detector/msg/_yolo_detection.py'...
[31.375s] -- Installing: /apollo/ros_ws/install/scout_object_detector/lib/libscout_object_detector__rosidl_generator_py.so
[31.492s] -- Set runtime path of "/apollo/ros_ws/install/scout_object_detector/lib/libscout_object_detector__rosidl_generator_py.so" to ""
[31.517s] -- Installing: /apollo/ros_ws/install/scout_object_detector/lib/scout_object_detector/object_detection_node
[31.602s] -- Installing: /apollo/ros_ws/install/scout_object_detector/lib/scout_object_detector/detection_node
[31.724s] -- Up-to-date: /apollo/ros_ws/install/scout_object_detector/share/scout_object_detector/cmake/export_scout_object_detector__rosidl_generator_cExport.cmake
[31.744s] -- Up-to-date: /apollo/ros_ws/install/scout_object_detector/share/scout_object_detector/cmake/export_scout_object_detector__rosidl_generator_cExport-noconfig.cmake
[31.799s] -- Up-to-date: /apollo/ros_ws/install/scout_object_detector/share/scout_object_detector/cmake/export_scout_object_detector__rosidl_typesupport_fastrtps_cExport.cmake
[31.834s] -- Up-to-date: /apollo/ros_ws/install/scout_object_detector/share/scout_object_detector/cmake/export_scout_object_detector__rosidl_typesupport_fastrtps_cExport-noconfig.cmake
[31.888s] -- Up-to-date: /apollo/ros_ws/install/scout_object_detector/share/scout_object_detector/cmake/export_scout_object_detector__rosidl_generator_cppExport.cmake
[31.925s] -- Up-to-date: /apollo/ros_ws/install/scout_object_detector/share/scout_object_detector/cmake/export_scout_object_detector__rosidl_typesupport_fastrtps_cppExport.cmake
[31.953s] -- Up-to-date: /apollo/ros_ws/install/scout_object_detector/share/scout_object_detector/cmake/export_scout_object_detector__rosidl_typesupport_fastrtps_cppExport-noconfig.cmake
[32.006s] -- Up-to-date: /apollo/ros_ws/install/scout_object_detector/share/scout_object_detector/cmake/scout_object_detector__rosidl_typesupport_introspection_cExport.cmake
[32.034s] -- Up-to-date: /apollo/ros_ws/install/scout_object_detector/share/scout_object_detector/cmake/scout_object_detector__rosidl_typesupport_introspection_cExport-noconfig.cmake
[32.073s] -- Up-to-date: /apollo/ros_ws/install/scout_object_detector/share/scout_object_detector/cmake/scout_object_detector__rosidl_typesupport_cExport.cmake
[32.106s] -- Up-to-date: /apollo/ros_ws/install/scout_object_detector/share/scout_object_detector/cmake/scout_object_detector__rosidl_typesupport_cExport-noconfig.cmake
[32.159s] -- Up-to-date: /apollo/ros_ws/install/scout_object_detector/share/scout_object_detector/cmake/scout_object_detector__rosidl_typesupport_introspection_cppExport.cmake
[32.194s] -- Up-to-date: /apollo/ros_ws/install/scout_object_detector/share/scout_object_detector/cmake/scout_object_detector__rosidl_typesupport_introspection_cppExport-noconfig.cmake
[32.251s] -- Up-to-date: /apollo/ros_ws/install/scout_object_detector/share/scout_object_detector/cmake/scout_object_detector__rosidl_typesupport_cppExport.cmake
[32.287s] -- Up-to-date: /apollo/ros_ws/install/scout_object_detector/share/scout_object_detector/cmake/scout_object_detector__rosidl_typesupport_cppExport-noconfig.cmake
[32.342s] -- Up-to-date: /apollo/ros_ws/install/scout_object_detector/share/scout_object_detector/cmake/export_scout_object_detector__rosidl_generator_pyExport.cmake
[32.376s] -- Up-to-date: /apollo/ros_ws/install/scout_object_detector/share/scout_object_detector/cmake/export_scout_object_detector__rosidl_generator_pyExport-noconfig.cmake
[32.395s] Invoked command in '/apollo/ros_ws/build/scout_object_detector' returned '0': CMAKE_PREFIX_PATH=${CMAKE_PREFIX_PATH}:/apollo/dev_ws/install/my_package:/opt/ros/humble /usr/bin/cmake --install /apollo/ros_ws/build/scout_object_detector
