[0.680s] DEBUG:colcon:Command line arguments: ['/usr/bin/colcon', 'build', '--packages-select', 'apollo_intro']
[0.680s] DEBUG:colcon:Parsed command line arguments: Namespace(log_base=None, log_level=None, verb_name='build', build_base='build', install_base='install', merge_install=False, symlink_install=False, test_result_base=None, continue_on_error=False, executor='parallel', parallel_workers=12, event_handlers=None, ignore_user_meta=False, metas=['./colcon.meta'], base_paths=['.'], packages_ignore=None, packages_ignore_regex=None, paths=None, packages_up_to=None, packages_up_to_regex=None, packages_above=None, packages_above_and_dependencies=None, packages_above_depth=None, packages_select_by_dep=None, packages_skip_by_dep=None, packages_skip_up_to=None, packages_select_build_failed=False, packages_skip_build_finished=False, packages_select_test_failures=False, packages_skip_test_passed=False, packages_select=['apollo_intro'], packages_skip=None, packages_select_regex=None, packages_skip_regex=None, packages_start=None, packages_end=None, cmake_args=None, cmake_target=None, cmake_target_skip_unavailable=False, cmake_clean_cache=False, cmake_clean_first=False, cmake_force_configure=False, ament_cmake_args=None, catkin_cmake_args=None, catkin_skip_building_tests=False, mixin_files=None, mixin=None, verb_parser=<colcon_mixin.mixin.mixin_argument.MixinArgumentDecorator object at 0x745d2db69870>, verb_extension=<colcon_core.verb.build.BuildVerb object at 0x745d2dcde770>, main=<bound method BuildVerb.main of <colcon_core.verb.build.BuildVerb object at 0x745d2dcde770>>, mixin_verb=('build',))
[1.163s] Level 1:colcon.colcon_core.package_discovery:discover_packages(colcon_meta) check parameters
[1.163s] Level 1:colcon.colcon_core.package_discovery:discover_packages(recursive) check parameters
[1.163s] Level 1:colcon.colcon_core.package_discovery:discover_packages(ignore) check parameters
[1.164s] Level 1:colcon.colcon_core.package_discovery:discover_packages(path) check parameters
[1.164s] Level 1:colcon.colcon_core.package_discovery:discover_packages(colcon_meta) discover
[1.164s] Level 1:colcon.colcon_core.package_discovery:discover_packages(recursive) discover
[1.164s] INFO:colcon.colcon_core.package_discovery:Crawling recursively for packages in '/apollo/intro_ws'
[1.166s] Level 1:colcon.colcon_core.package_identification:_identify(.) by extensions ['ignore', 'ignore_ament_install']
[1.166s] Level 1:colcon.colcon_core.package_identification:_identify(.) by extension 'ignore'
[1.166s] Level 1:colcon.colcon_core.package_identification:_identify(.) by extension 'ignore_ament_install'
[1.167s] Level 1:colcon.colcon_core.package_identification:_identify(.) by extensions ['colcon_pkg']
[1.167s] Level 1:colcon.colcon_core.package_identification:_identify(.) by extension 'colcon_pkg'
[1.167s] Level 1:colcon.colcon_core.package_identification:_identify(.) by extensions ['colcon_meta']
[1.167s] Level 1:colcon.colcon_core.package_identification:_identify(.) by extension 'colcon_meta'
[1.167s] Level 1:colcon.colcon_core.package_identification:_identify(.) by extensions ['ros']
[1.167s] Level 1:colcon.colcon_core.package_identification:_identify(.) by extension 'ros'
[1.186s] Level 1:colcon.colcon_core.package_identification:_identify(.) by extensions ['cmake', 'python']
[1.186s] Level 1:colcon.colcon_core.package_identification:_identify(.) by extension 'cmake'
[1.186s] Level 1:colcon.colcon_core.package_identification:_identify(.) by extension 'python'
[1.187s] Level 1:colcon.colcon_core.package_identification:_identify(.) by extensions ['python_setup_py']
[1.187s] Level 1:colcon.colcon_core.package_identification:_identify(.) by extension 'python_setup_py'
[1.188s] Level 1:colcon.colcon_core.package_identification:_identify(build) by extensions ['ignore', 'ignore_ament_install']
[1.188s] Level 1:colcon.colcon_core.package_identification:_identify(build) by extension 'ignore'
[1.189s] Level 1:colcon.colcon_core.package_identification:_identify(build) ignored
[1.191s] Level 1:colcon.colcon_core.package_identification:_identify(install) by extensions ['ignore', 'ignore_ament_install']
[1.191s] Level 1:colcon.colcon_core.package_identification:_identify(install) by extension 'ignore'
[1.192s] Level 1:colcon.colcon_core.package_identification:_identify(install) ignored
[1.194s] Level 1:colcon.colcon_core.package_identification:_identify(log) by extensions ['ignore', 'ignore_ament_install']
[1.195s] Level 1:colcon.colcon_core.package_identification:_identify(log) by extension 'ignore'
[1.195s] Level 1:colcon.colcon_core.package_identification:_identify(log) ignored
[1.197s] Level 1:colcon.colcon_core.package_identification:_identify(src) by extensions ['ignore', 'ignore_ament_install']
[1.197s] Level 1:colcon.colcon_core.package_identification:_identify(src) by extension 'ignore'
[1.197s] Level 1:colcon.colcon_core.package_identification:_identify(src) by extension 'ignore_ament_install'
[1.198s] Level 1:colcon.colcon_core.package_identification:_identify(src) by extensions ['colcon_pkg']
[1.198s] Level 1:colcon.colcon_core.package_identification:_identify(src) by extension 'colcon_pkg'
[1.199s] Level 1:colcon.colcon_core.package_identification:_identify(src) by extensions ['colcon_meta']
[1.199s] Level 1:colcon.colcon_core.package_identification:_identify(src) by extension 'colcon_meta'
[1.199s] Level 1:colcon.colcon_core.package_identification:_identify(src) by extensions ['ros']
[1.200s] Level 1:colcon.colcon_core.package_identification:_identify(src) by extension 'ros'
[1.201s] Level 1:colcon.colcon_core.package_identification:_identify(src) by extensions ['cmake', 'python']
[1.201s] Level 1:colcon.colcon_core.package_identification:_identify(src) by extension 'cmake'
[1.202s] Level 1:colcon.colcon_core.package_identification:_identify(src) by extension 'python'
[1.202s] Level 1:colcon.colcon_core.package_identification:_identify(src) by extensions ['python_setup_py']
[1.202s] Level 1:colcon.colcon_core.package_identification:_identify(src) by extension 'python_setup_py'
[1.205s] Level 1:colcon.colcon_core.package_identification:_identify(src/apollo_intro) by extensions ['ignore', 'ignore_ament_install']
[1.205s] Level 1:colcon.colcon_core.package_identification:_identify(src/apollo_intro) by extension 'ignore'
[1.206s] Level 1:colcon.colcon_core.package_identification:_identify(src/apollo_intro) by extension 'ignore_ament_install'
[1.207s] Level 1:colcon.colcon_core.package_identification:_identify(src/apollo_intro) by extensions ['colcon_pkg']
[1.207s] Level 1:colcon.colcon_core.package_identification:_identify(src/apollo_intro) by extension 'colcon_pkg'
[1.208s] Level 1:colcon.colcon_core.package_identification:_identify(src/apollo_intro) by extensions ['colcon_meta']
[1.208s] Level 1:colcon.colcon_core.package_identification:_identify(src/apollo_intro) by extension 'colcon_meta'
[1.209s] Level 1:colcon.colcon_core.package_identification:_identify(src/apollo_intro) by extensions ['ros']
[1.209s] Level 1:colcon.colcon_core.package_identification:_identify(src/apollo_intro) by extension 'ros'
[1.219s] DEBUG:colcon.colcon_core.package_identification:Package 'src/apollo_intro' with type 'ros.ament_python' and name 'apollo_intro'
[1.222s] Level 1:colcon.colcon_core.package_identification:_identify(src/build) by extensions ['ignore', 'ignore_ament_install']
[1.222s] Level 1:colcon.colcon_core.package_identification:_identify(src/build) by extension 'ignore'
[1.223s] Level 1:colcon.colcon_core.package_identification:_identify(src/build) ignored
[1.226s] Level 1:colcon.colcon_core.package_identification:_identify(src/install) by extensions ['ignore', 'ignore_ament_install']
[1.226s] Level 1:colcon.colcon_core.package_identification:_identify(src/install) by extension 'ignore'
[1.227s] Level 1:colcon.colcon_core.package_identification:_identify(src/install) ignored
[1.231s] Level 1:colcon.colcon_core.package_identification:_identify(src/log) by extensions ['ignore', 'ignore_ament_install']
[1.231s] Level 1:colcon.colcon_core.package_identification:_identify(src/log) by extension 'ignore'
[1.232s] Level 1:colcon.colcon_core.package_identification:_identify(src/log) ignored
[1.232s] Level 1:colcon.colcon_core.package_discovery:discover_packages(recursive) using defaults
[1.233s] Level 1:colcon.colcon_core.package_discovery:discover_packages(ignore) discover
[1.233s] Level 1:colcon.colcon_core.package_discovery:discover_packages(ignore) using defaults
[1.233s] Level 1:colcon.colcon_core.package_discovery:discover_packages(path) discover
[1.233s] Level 1:colcon.colcon_core.package_discovery:discover_packages(path) using defaults
[1.341s] Level 5:colcon.colcon_core.verb:set package 'apollo_intro' build argument 'cmake_args' from command line to 'None'
[1.341s] Level 5:colcon.colcon_core.verb:set package 'apollo_intro' build argument 'cmake_target' from command line to 'None'
[1.341s] Level 5:colcon.colcon_core.verb:set package 'apollo_intro' build argument 'cmake_target_skip_unavailable' from command line to 'False'
[1.341s] Level 5:colcon.colcon_core.verb:set package 'apollo_intro' build argument 'cmake_clean_cache' from command line to 'False'
[1.341s] Level 5:colcon.colcon_core.verb:set package 'apollo_intro' build argument 'cmake_clean_first' from command line to 'False'
[1.341s] Level 5:colcon.colcon_core.verb:set package 'apollo_intro' build argument 'cmake_force_configure' from command line to 'False'
[1.342s] Level 5:colcon.colcon_core.verb:set package 'apollo_intro' build argument 'ament_cmake_args' from command line to 'None'
[1.342s] Level 5:colcon.colcon_core.verb:set package 'apollo_intro' build argument 'catkin_cmake_args' from command line to 'None'
[1.342s] Level 5:colcon.colcon_core.verb:set package 'apollo_intro' build argument 'catkin_skip_building_tests' from command line to 'False'
[1.342s] DEBUG:colcon.colcon_core.verb:Building package 'apollo_intro' with the following arguments: {'ament_cmake_args': None, 'build_base': '/apollo/intro_ws/build/apollo_intro', 'catkin_cmake_args': None, 'catkin_skip_building_tests': False, 'cmake_args': None, 'cmake_clean_cache': False, 'cmake_clean_first': False, 'cmake_force_configure': False, 'cmake_target': None, 'cmake_target_skip_unavailable': False, 'install_base': '/apollo/intro_ws/install/apollo_intro', 'merge_install': False, 'path': '/apollo/intro_ws/src/apollo_intro', 'symlink_install': False, 'test_result_base': None}
[1.342s] INFO:colcon.colcon_core.executor:Executing jobs using 'parallel' executor
[1.343s] DEBUG:colcon.colcon_parallel_executor.executor.parallel:run_until_complete
[1.343s] INFO:colcon.colcon_ros.task.ament_python.build:Building ROS package in '/apollo/intro_ws/src/apollo_intro' with build type 'ament_python'
[1.344s] Level 1:colcon.colcon_core.shell:create_environment_hook('apollo_intro', 'ament_prefix_path')
[1.380s] INFO:colcon.colcon_core.plugin_system:Skipping extension 'colcon_core.shell.bat': Not used on non-Windows systems
[1.384s] INFO:colcon.colcon_core.shell:Creating environment hook '/apollo/intro_ws/install/apollo_intro/share/apollo_intro/hook/ament_prefix_path.ps1'
[1.400s] INFO:colcon.colcon_core.shell:Creating environment descriptor '/apollo/intro_ws/install/apollo_intro/share/apollo_intro/hook/ament_prefix_path.dsv'
[1.414s] INFO:colcon.colcon_core.shell:Creating environment hook '/apollo/intro_ws/install/apollo_intro/share/apollo_intro/hook/ament_prefix_path.sh'
[1.429s] INFO:colcon.colcon_core.shell:Skip shell extension 'powershell' for command environment: Not usable outside of PowerShell
[1.429s] DEBUG:colcon.colcon_core.shell:Skip shell extension 'dsv' for command environment
[3.306s] INFO:colcon.colcon_core.task.python.build:Building Python package in '/apollo/intro_ws/src/apollo_intro'
[3.306s] INFO:colcon.colcon_core.shell:Skip shell extension 'powershell' for command environment: Not usable outside of PowerShell
[3.307s] DEBUG:colcon.colcon_core.shell:Skip shell extension 'dsv' for command environment
[5.690s] DEBUG:colcon.colcon_core.event_handler.log_command:Invoking command in '/apollo/intro_ws/src/apollo_intro': PYTHONPATH=/apollo/intro_ws/build/apollo_intro/prefix_override:/usr/lib/python3/dist-packages/colcon_core/task/python/colcon_distutils_commands:/apollo/intro_ws/install/apollo_intro/lib/python3.10/site-packages:${PYTHONPATH} /usr/bin/python3 -W ignore:setup.py install is deprecated -W ignore:easy_install command is deprecated setup.py egg_info --egg-base ../../build/apollo_intro build --build-base /apollo/intro_ws/build/apollo_intro/build install --record /apollo/intro_ws/build/apollo_intro/install.log --single-version-externally-managed install_data
[8.700s] DEBUG:colcon.colcon_core.event_handler.log_command:Invoked command in '/apollo/intro_ws/src/apollo_intro' returned '0': PYTHONPATH=/apollo/intro_ws/build/apollo_intro/prefix_override:/usr/lib/python3/dist-packages/colcon_core/task/python/colcon_distutils_commands:/apollo/intro_ws/install/apollo_intro/lib/python3.10/site-packages:${PYTHONPATH} /usr/bin/python3 -W ignore:setup.py install is deprecated -W ignore:easy_install command is deprecated setup.py egg_info --egg-base ../../build/apollo_intro build --build-base /apollo/intro_ws/build/apollo_intro/build install --record /apollo/intro_ws/build/apollo_intro/install.log --single-version-externally-managed install_data
[8.734s] Level 1:colcon.colcon_core.environment:checking '/apollo/intro_ws/install/apollo_intro' for CMake module files
[8.791s] Level 1:colcon.colcon_core.environment:checking '/apollo/intro_ws/install/apollo_intro' for CMake config files
[8.858s] Level 1:colcon.colcon_core.environment:checking '/apollo/intro_ws/install/apollo_intro/lib'
[8.861s] Level 1:colcon.colcon_core.environment:checking '/apollo/intro_ws/install/apollo_intro/bin'
[8.862s] Level 1:colcon.colcon_core.environment:checking '/apollo/intro_ws/install/apollo_intro/lib/pkgconfig/apollo_intro.pc'
[8.864s] Level 1:colcon.colcon_core.environment:checking '/apollo/intro_ws/install/apollo_intro/lib/python3.10/site-packages'
[8.866s] Level 1:colcon.colcon_core.shell:create_environment_hook('apollo_intro', 'pythonpath')
[8.866s] INFO:colcon.colcon_core.shell:Creating environment hook '/apollo/intro_ws/install/apollo_intro/share/apollo_intro/hook/pythonpath.ps1'
[8.876s] INFO:colcon.colcon_core.shell:Creating environment descriptor '/apollo/intro_ws/install/apollo_intro/share/apollo_intro/hook/pythonpath.dsv'
[8.887s] INFO:colcon.colcon_core.shell:Creating environment hook '/apollo/intro_ws/install/apollo_intro/share/apollo_intro/hook/pythonpath.sh'
[8.901s] Level 1:colcon.colcon_core.environment:checking '/apollo/intro_ws/install/apollo_intro/bin'
[8.902s] Level 1:colcon.colcon_core.environment:create_environment_scripts_only(apollo_intro)
[8.903s] INFO:colcon.colcon_core.shell:Creating package script '/apollo/intro_ws/install/apollo_intro/share/apollo_intro/package.ps1'
[8.914s] INFO:colcon.colcon_core.shell:Creating package descriptor '/apollo/intro_ws/install/apollo_intro/share/apollo_intro/package.dsv'
[8.923s] INFO:colcon.colcon_core.shell:Creating package script '/apollo/intro_ws/install/apollo_intro/share/apollo_intro/package.sh'
[8.931s] INFO:colcon.colcon_core.shell:Creating package script '/apollo/intro_ws/install/apollo_intro/share/apollo_intro/package.bash'
[8.943s] INFO:colcon.colcon_core.shell:Creating package script '/apollo/intro_ws/install/apollo_intro/share/apollo_intro/package.zsh'
[8.953s] Level 1:colcon.colcon_core.environment:create_file_with_runtime_dependencies(/apollo/intro_ws/install/apollo_intro/share/colcon-core/packages/apollo_intro)
[8.963s] DEBUG:colcon.colcon_parallel_executor.executor.parallel:closing loop
[8.963s] DEBUG:colcon.colcon_parallel_executor.executor.parallel:loop closed
[8.964s] DEBUG:colcon.colcon_parallel_executor.executor.parallel:run_until_complete finished with '0'
[8.964s] DEBUG:colcon.colcon_core.event_reactor:joining thread
[9.036s] INFO:colcon.colcon_core.plugin_system:Skipping extension 'colcon_notification.desktop_notification.notify_send': Could not find 'notify-send'
[9.036s] INFO:colcon.colcon_core.plugin_system:Skipping extension 'colcon_notification.desktop_notification.terminal_notifier': Not used on non-Darwin systems
[9.036s] INFO:colcon.colcon_core.plugin_system:Skipping extension 'colcon_notification.desktop_notification.win32': Not used on non-Windows systems
[9.037s] INFO:colcon.colcon_notification.desktop_notification:Sending desktop notification using 'notify2'
[9.041s] DEBUG:colcon.colcon_notification.desktop_notification.notify2:Failed to initialize notify2: org.freedesktop.DBus.Error.Spawn.ExecFailed: /usr/bin/dbus-launch terminated abnormally without any error message
[9.042s] DEBUG:colcon.colcon_core.event_reactor:joined thread
[9.043s] INFO:colcon.colcon_core.shell:Creating prefix script '/apollo/intro_ws/install/local_setup.ps1'
[9.050s] INFO:colcon.colcon_core.shell:Creating prefix util module '/apollo/intro_ws/install/_local_setup_util_ps1.py'
[9.056s] INFO:colcon.colcon_core.shell:Creating prefix chain script '/apollo/intro_ws/install/setup.ps1'
[9.089s] INFO:colcon.colcon_core.shell:Creating prefix script '/apollo/intro_ws/install/local_setup.sh'
[9.093s] INFO:colcon.colcon_core.shell:Creating prefix util module '/apollo/intro_ws/install/_local_setup_util_sh.py'
[9.098s] INFO:colcon.colcon_core.shell:Creating prefix chain script '/apollo/intro_ws/install/setup.sh'
[9.130s] INFO:colcon.colcon_core.shell:Creating prefix script '/apollo/intro_ws/install/local_setup.bash'
[9.134s] INFO:colcon.colcon_core.shell:Creating prefix chain script '/apollo/intro_ws/install/setup.bash'
[9.167s] INFO:colcon.colcon_core.shell:Creating prefix script '/apollo/intro_ws/install/local_setup.zsh'
[9.171s] INFO:colcon.colcon_core.shell:Creating prefix chain script '/apollo/intro_ws/install/setup.zsh'
