[0.021s] Invoking command in '/apollo/ros_ws/build/scout_mini_msgs': CMAKE_PREFIX_PATH=${CMAKE_PREFIX_PATH}:/apollo/dev_ws/install/my_package:/apollo/ros_ws/install/scout_mini_simulation:/apollo/ros_ws/install/auto_break:/opt/ros/humble /usr/bin/cmake --build /apollo/ros_ws/build/scout_mini_msgs -- -j20 -l20
[0.121s] [  1%] Built target scout_mini_msgs__cpp
[0.130s] [ 12%] Built target scout_mini_msgs__rosidl_generator_c
[0.130s] [ 12%] Built target ament_cmake_python_symlink_scout_mini_msgs
[0.145s] [ 46%] Built target scout_mini_msgs__rosidl_typesupport_cpp
[0.145s] [ 46%] Built target scout_mini_msgs__rosidl_typesupport_introspection_cpp
[0.145s] [ 46%] Built target scout_mini_msgs__rosidl_typesupport_fastrtps_cpp
[0.149s] [ 57%] Built target scout_mini_msgs__rosidl_typesupport_introspection_c
[0.153s] [ 69%] Built target scout_mini_msgs__rosidl_typesupport_fastrtps_c
[0.155s] [ 80%] Built target scout_mini_msgs__rosidl_typesupport_c
[0.173s] [ 80%] Built target scout_mini_msgs
[0.195s] [ 81%] Built target scout_mini_msgs__py
[0.226s] [ 91%] Built target scout_mini_msgs__rosidl_generator_py
[0.246s] [ 94%] Built target scout_mini_msgs__rosidl_typesupport_c__pyext
[0.248s] [ 97%] Built target scout_mini_msgs__rosidl_typesupport_fastrtps_c__pyext
[0.248s] [100%] Built target scout_mini_msgs__rosidl_typesupport_introspection_c__pyext
[0.289s] running egg_info
[0.290s] writing scout_mini_msgs.egg-info/PKG-INFO
[0.290s] writing dependency_links to scout_mini_msgs.egg-info/dependency_links.txt
[0.290s] writing top-level names to scout_mini_msgs.egg-info/top_level.txt
[0.293s] reading manifest file 'scout_mini_msgs.egg-info/SOURCES.txt'
[0.293s] writing manifest file 'scout_mini_msgs.egg-info/SOURCES.txt'
[0.323s] [100%] Built target ament_cmake_python_build_scout_mini_msgs_egg
[0.460s] Invoked command in '/apollo/ros_ws/build/scout_mini_msgs' returned '0': CMAKE_PREFIX_PATH=${CMAKE_PREFIX_PATH}:/apollo/dev_ws/install/my_package:/apollo/ros_ws/install/scout_mini_simulation:/apollo/ros_ws/install/auto_break:/opt/ros/humble /usr/bin/cmake --build /apollo/ros_ws/build/scout_mini_msgs -- -j20 -l20
[0.462s] Invoking command in '/apollo/ros_ws/build/scout_mini_msgs': CMAKE_PREFIX_PATH=${CMAKE_PREFIX_PATH}:/apollo/dev_ws/install/my_package:/apollo/ros_ws/install/scout_mini_simulation:/apollo/ros_ws/install/auto_break:/opt/ros/humble /usr/bin/cmake --install /apollo/ros_ws/build/scout_mini_msgs
[0.472s] -- Install configuration: ""
[0.472s] -- Execute custom install script
[0.473s] -- Up-to-date symlink: /apollo/ros_ws/install/scout_mini_msgs/share/ament_index/resource_index/rosidl_interfaces/scout_mini_msgs
[0.473s] -- Up-to-date symlink: /apollo/ros_ws/install/scout_mini_msgs/include/scout_mini_msgs/scout_mini_msgs/msg/detail/driver_state__functions.h
[0.473s] -- Up-to-date symlink: /apollo/ros_ws/install/scout_mini_msgs/include/scout_mini_msgs/scout_mini_msgs/msg/detail/driver_state__struct.h
[0.473s] -- Up-to-date symlink: /apollo/ros_ws/install/scout_mini_msgs/include/scout_mini_msgs/scout_mini_msgs/msg/detail/driver_state__type_support.h
[0.473s] -- Up-to-date symlink: /apollo/ros_ws/install/scout_mini_msgs/include/scout_mini_msgs/scout_mini_msgs/msg/detail/fault_state__functions.h
[0.473s] -- Up-to-date symlink: /apollo/ros_ws/install/scout_mini_msgs/include/scout_mini_msgs/scout_mini_msgs/msg/detail/fault_state__struct.h
[0.473s] -- Up-to-date symlink: /apollo/ros_ws/install/scout_mini_msgs/include/scout_mini_msgs/scout_mini_msgs/msg/detail/fault_state__type_support.h
[0.474s] -- Up-to-date symlink: /apollo/ros_ws/install/scout_mini_msgs/include/scout_mini_msgs/scout_mini_msgs/msg/detail/light_command__functions.h
[0.474s] -- Up-to-date symlink: /apollo/ros_ws/install/scout_mini_msgs/include/scout_mini_msgs/scout_mini_msgs/msg/detail/light_command__struct.h
[0.474s] -- Up-to-date symlink: /apollo/ros_ws/install/scout_mini_msgs/include/scout_mini_msgs/scout_mini_msgs/msg/detail/light_command__type_support.h
[0.474s] -- Up-to-date symlink: /apollo/ros_ws/install/scout_mini_msgs/include/scout_mini_msgs/scout_mini_msgs/msg/detail/light_state__functions.h
[0.474s] -- Up-to-date symlink: /apollo/ros_ws/install/scout_mini_msgs/include/scout_mini_msgs/scout_mini_msgs/msg/detail/light_state__struct.h
[0.474s] -- Up-to-date symlink: /apollo/ros_ws/install/scout_mini_msgs/include/scout_mini_msgs/scout_mini_msgs/msg/detail/light_state__type_support.h
[0.474s] -- Up-to-date symlink: /apollo/ros_ws/install/scout_mini_msgs/include/scout_mini_msgs/scout_mini_msgs/msg/detail/motor_state__functions.h
[0.474s] -- Up-to-date symlink: /apollo/ros_ws/install/scout_mini_msgs/include/scout_mini_msgs/scout_mini_msgs/msg/detail/motor_state__struct.h
[0.474s] -- Up-to-date symlink: /apollo/ros_ws/install/scout_mini_msgs/include/scout_mini_msgs/scout_mini_msgs/msg/detail/motor_state__type_support.h
[0.474s] -- Up-to-date symlink: /apollo/ros_ws/install/scout_mini_msgs/include/scout_mini_msgs/scout_mini_msgs/msg/detail/robot_state__functions.h
[0.474s] -- Up-to-date symlink: /apollo/ros_ws/install/scout_mini_msgs/include/scout_mini_msgs/scout_mini_msgs/msg/detail/robot_state__struct.h
[0.474s] -- Up-to-date symlink: /apollo/ros_ws/install/scout_mini_msgs/include/scout_mini_msgs/scout_mini_msgs/msg/detail/robot_state__type_support.h
[0.474s] -- Up-to-date symlink: /apollo/ros_ws/install/scout_mini_msgs/include/scout_mini_msgs/scout_mini_msgs/msg/driver_state.h
[0.474s] -- Up-to-date symlink: /apollo/ros_ws/install/scout_mini_msgs/include/scout_mini_msgs/scout_mini_msgs/msg/fault_state.h
[0.474s] -- Up-to-date symlink: /apollo/ros_ws/install/scout_mini_msgs/include/scout_mini_msgs/scout_mini_msgs/msg/light_command.h
[0.474s] -- Up-to-date symlink: /apollo/ros_ws/install/scout_mini_msgs/include/scout_mini_msgs/scout_mini_msgs/msg/light_state.h
[0.474s] -- Up-to-date symlink: /apollo/ros_ws/install/scout_mini_msgs/include/scout_mini_msgs/scout_mini_msgs/msg/motor_state.h
[0.474s] -- Up-to-date symlink: /apollo/ros_ws/install/scout_mini_msgs/include/scout_mini_msgs/scout_mini_msgs/msg/robot_state.h
[0.474s] -- Up-to-date symlink: /apollo/ros_ws/install/scout_mini_msgs/include/scout_mini_msgs/scout_mini_msgs/msg/rosidl_generator_c__visibility_control.h
[0.475s] -- Up-to-date symlink: /apollo/ros_ws/install/scout_mini_msgs/share/scout_mini_msgs/environment/library_path.sh
[0.475s] -- Up-to-date symlink: /apollo/ros_ws/install/scout_mini_msgs/share/scout_mini_msgs/environment/library_path.dsv
[0.475s] -- Up-to-date symlink: /apollo/ros_ws/install/scout_mini_msgs/include/scout_mini_msgs/scout_mini_msgs/msg/detail/driver_state__rosidl_typesupport_fastrtps_c.h
[0.475s] -- Up-to-date symlink: /apollo/ros_ws/install/scout_mini_msgs/include/scout_mini_msgs/scout_mini_msgs/msg/detail/fault_state__rosidl_typesupport_fastrtps_c.h
[0.475s] -- Up-to-date symlink: /apollo/ros_ws/install/scout_mini_msgs/include/scout_mini_msgs/scout_mini_msgs/msg/detail/light_command__rosidl_typesupport_fastrtps_c.h
[0.475s] -- Up-to-date symlink: /apollo/ros_ws/install/scout_mini_msgs/include/scout_mini_msgs/scout_mini_msgs/msg/detail/light_state__rosidl_typesupport_fastrtps_c.h
[0.475s] -- Up-to-date symlink: /apollo/ros_ws/install/scout_mini_msgs/include/scout_mini_msgs/scout_mini_msgs/msg/detail/motor_state__rosidl_typesupport_fastrtps_c.h
[0.475s] -- Up-to-date symlink: /apollo/ros_ws/install/scout_mini_msgs/include/scout_mini_msgs/scout_mini_msgs/msg/detail/robot_state__rosidl_typesupport_fastrtps_c.h
[0.475s] -- Up-to-date symlink: /apollo/ros_ws/install/scout_mini_msgs/include/scout_mini_msgs/scout_mini_msgs/msg/rosidl_typesupport_fastrtps_c__visibility_control.h
[0.475s] -- Up-to-date symlink: /apollo/ros_ws/install/scout_mini_msgs/include/scout_mini_msgs/scout_mini_msgs/msg/detail/driver_state__rosidl_typesupport_introspection_c.h
[0.475s] -- Up-to-date symlink: /apollo/ros_ws/install/scout_mini_msgs/include/scout_mini_msgs/scout_mini_msgs/msg/detail/fault_state__rosidl_typesupport_introspection_c.h
[0.475s] -- Up-to-date symlink: /apollo/ros_ws/install/scout_mini_msgs/include/scout_mini_msgs/scout_mini_msgs/msg/detail/light_command__rosidl_typesupport_introspection_c.h
[0.475s] -- Up-to-date symlink: /apollo/ros_ws/install/scout_mini_msgs/include/scout_mini_msgs/scout_mini_msgs/msg/detail/light_state__rosidl_typesupport_introspection_c.h
[0.475s] -- Up-to-date symlink: /apollo/ros_ws/install/scout_mini_msgs/include/scout_mini_msgs/scout_mini_msgs/msg/detail/motor_state__rosidl_typesupport_introspection_c.h
[0.475s] -- Up-to-date symlink: /apollo/ros_ws/install/scout_mini_msgs/include/scout_mini_msgs/scout_mini_msgs/msg/detail/robot_state__rosidl_typesupport_introspection_c.h
[0.475s] -- Up-to-date symlink: /apollo/ros_ws/install/scout_mini_msgs/include/scout_mini_msgs/scout_mini_msgs/msg/rosidl_typesupport_introspection_c__visibility_control.h
[0.476s] -- Up-to-date symlink: /apollo/ros_ws/install/scout_mini_msgs/include/scout_mini_msgs/scout_mini_msgs/msg/detail/driver_state__builder.hpp
[0.476s] -- Up-to-date symlink: /apollo/ros_ws/install/scout_mini_msgs/include/scout_mini_msgs/scout_mini_msgs/msg/detail/driver_state__struct.hpp
[0.476s] -- Up-to-date symlink: /apollo/ros_ws/install/scout_mini_msgs/include/scout_mini_msgs/scout_mini_msgs/msg/detail/driver_state__traits.hpp
[0.476s] -- Up-to-date symlink: /apollo/ros_ws/install/scout_mini_msgs/include/scout_mini_msgs/scout_mini_msgs/msg/detail/driver_state__type_support.hpp
[0.476s] -- Up-to-date symlink: /apollo/ros_ws/install/scout_mini_msgs/include/scout_mini_msgs/scout_mini_msgs/msg/detail/fault_state__builder.hpp
[0.476s] -- Up-to-date symlink: /apollo/ros_ws/install/scout_mini_msgs/include/scout_mini_msgs/scout_mini_msgs/msg/detail/fault_state__struct.hpp
[0.476s] -- Up-to-date symlink: /apollo/ros_ws/install/scout_mini_msgs/include/scout_mini_msgs/scout_mini_msgs/msg/detail/fault_state__traits.hpp
[0.476s] -- Up-to-date symlink: /apollo/ros_ws/install/scout_mini_msgs/include/scout_mini_msgs/scout_mini_msgs/msg/detail/fault_state__type_support.hpp
[0.476s] -- Up-to-date symlink: /apollo/ros_ws/install/scout_mini_msgs/include/scout_mini_msgs/scout_mini_msgs/msg/detail/light_command__builder.hpp
[0.476s] -- Up-to-date symlink: /apollo/ros_ws/install/scout_mini_msgs/include/scout_mini_msgs/scout_mini_msgs/msg/detail/light_command__struct.hpp
[0.476s] -- Up-to-date symlink: /apollo/ros_ws/install/scout_mini_msgs/include/scout_mini_msgs/scout_mini_msgs/msg/detail/light_command__traits.hpp
[0.476s] -- Up-to-date symlink: /apollo/ros_ws/install/scout_mini_msgs/include/scout_mini_msgs/scout_mini_msgs/msg/detail/light_command__type_support.hpp
[0.476s] -- Up-to-date symlink: /apollo/ros_ws/install/scout_mini_msgs/include/scout_mini_msgs/scout_mini_msgs/msg/detail/light_state__builder.hpp
[0.476s] -- Up-to-date symlink: /apollo/ros_ws/install/scout_mini_msgs/include/scout_mini_msgs/scout_mini_msgs/msg/detail/light_state__struct.hpp
[0.476s] -- Up-to-date symlink: /apollo/ros_ws/install/scout_mini_msgs/include/scout_mini_msgs/scout_mini_msgs/msg/detail/light_state__traits.hpp
[0.476s] -- Up-to-date symlink: /apollo/ros_ws/install/scout_mini_msgs/include/scout_mini_msgs/scout_mini_msgs/msg/detail/light_state__type_support.hpp
[0.476s] -- Up-to-date symlink: /apollo/ros_ws/install/scout_mini_msgs/include/scout_mini_msgs/scout_mini_msgs/msg/detail/motor_state__builder.hpp
[0.477s] -- Up-to-date symlink: /apollo/ros_ws/install/scout_mini_msgs/include/scout_mini_msgs/scout_mini_msgs/msg/detail/motor_state__struct.hpp
[0.477s] -- Up-to-date symlink: /apollo/ros_ws/install/scout_mini_msgs/include/scout_mini_msgs/scout_mini_msgs/msg/detail/motor_state__traits.hpp
[0.477s] -- Up-to-date symlink: /apollo/ros_ws/install/scout_mini_msgs/include/scout_mini_msgs/scout_mini_msgs/msg/detail/motor_state__type_support.hpp
[0.477s] -- Up-to-date symlink: /apollo/ros_ws/install/scout_mini_msgs/include/scout_mini_msgs/scout_mini_msgs/msg/detail/robot_state__builder.hpp
[0.477s] -- Up-to-date symlink: /apollo/ros_ws/install/scout_mini_msgs/include/scout_mini_msgs/scout_mini_msgs/msg/detail/robot_state__struct.hpp
[0.477s] -- Up-to-date symlink: /apollo/ros_ws/install/scout_mini_msgs/include/scout_mini_msgs/scout_mini_msgs/msg/detail/robot_state__traits.hpp
[0.477s] -- Up-to-date symlink: /apollo/ros_ws/install/scout_mini_msgs/include/scout_mini_msgs/scout_mini_msgs/msg/detail/robot_state__type_support.hpp
[0.477s] -- Up-to-date symlink: /apollo/ros_ws/install/scout_mini_msgs/include/scout_mini_msgs/scout_mini_msgs/msg/driver_state.hpp
[0.477s] -- Up-to-date symlink: /apollo/ros_ws/install/scout_mini_msgs/include/scout_mini_msgs/scout_mini_msgs/msg/fault_state.hpp
[0.477s] -- Up-to-date symlink: /apollo/ros_ws/install/scout_mini_msgs/include/scout_mini_msgs/scout_mini_msgs/msg/light_command.hpp
[0.477s] -- Up-to-date symlink: /apollo/ros_ws/install/scout_mini_msgs/include/scout_mini_msgs/scout_mini_msgs/msg/light_state.hpp
[0.477s] -- Up-to-date symlink: /apollo/ros_ws/install/scout_mini_msgs/include/scout_mini_msgs/scout_mini_msgs/msg/motor_state.hpp
[0.477s] -- Up-to-date symlink: /apollo/ros_ws/install/scout_mini_msgs/include/scout_mini_msgs/scout_mini_msgs/msg/robot_state.hpp
[0.477s] -- Up-to-date symlink: /apollo/ros_ws/install/scout_mini_msgs/include/scout_mini_msgs/scout_mini_msgs/msg/rosidl_generator_cpp__visibility_control.hpp
[0.477s] -- Up-to-date symlink: /apollo/ros_ws/install/scout_mini_msgs/include/scout_mini_msgs/scout_mini_msgs/msg/detail/driver_state__rosidl_typesupport_fastrtps_cpp.hpp
[0.477s] -- Up-to-date symlink: /apollo/ros_ws/install/scout_mini_msgs/include/scout_mini_msgs/scout_mini_msgs/msg/detail/fault_state__rosidl_typesupport_fastrtps_cpp.hpp
[0.477s] -- Up-to-date symlink: /apollo/ros_ws/install/scout_mini_msgs/include/scout_mini_msgs/scout_mini_msgs/msg/detail/light_command__rosidl_typesupport_fastrtps_cpp.hpp
[0.477s] -- Up-to-date symlink: /apollo/ros_ws/install/scout_mini_msgs/include/scout_mini_msgs/scout_mini_msgs/msg/detail/light_state__rosidl_typesupport_fastrtps_cpp.hpp
[0.478s] -- Up-to-date symlink: /apollo/ros_ws/install/scout_mini_msgs/include/scout_mini_msgs/scout_mini_msgs/msg/detail/motor_state__rosidl_typesupport_fastrtps_cpp.hpp
[0.478s] -- Up-to-date symlink: /apollo/ros_ws/install/scout_mini_msgs/include/scout_mini_msgs/scout_mini_msgs/msg/detail/robot_state__rosidl_typesupport_fastrtps_cpp.hpp
[0.478s] -- Up-to-date symlink: /apollo/ros_ws/install/scout_mini_msgs/include/scout_mini_msgs/scout_mini_msgs/msg/rosidl_typesupport_fastrtps_cpp__visibility_control.h
[0.478s] -- Up-to-date symlink: /apollo/ros_ws/install/scout_mini_msgs/include/scout_mini_msgs/scout_mini_msgs/msg/detail/driver_state__rosidl_typesupport_introspection_cpp.hpp
[0.478s] -- Up-to-date symlink: /apollo/ros_ws/install/scout_mini_msgs/include/scout_mini_msgs/scout_mini_msgs/msg/detail/fault_state__rosidl_typesupport_introspection_cpp.hpp
[0.478s] -- Up-to-date symlink: /apollo/ros_ws/install/scout_mini_msgs/include/scout_mini_msgs/scout_mini_msgs/msg/detail/light_command__rosidl_typesupport_introspection_cpp.hpp
[0.478s] -- Up-to-date symlink: /apollo/ros_ws/install/scout_mini_msgs/include/scout_mini_msgs/scout_mini_msgs/msg/detail/light_state__rosidl_typesupport_introspection_cpp.hpp
[0.478s] -- Up-to-date symlink: /apollo/ros_ws/install/scout_mini_msgs/include/scout_mini_msgs/scout_mini_msgs/msg/detail/motor_state__rosidl_typesupport_introspection_cpp.hpp
[0.478s] -- Up-to-date symlink: /apollo/ros_ws/install/scout_mini_msgs/include/scout_mini_msgs/scout_mini_msgs/msg/detail/robot_state__rosidl_typesupport_introspection_cpp.hpp
[0.478s] -- Up-to-date symlink: /apollo/ros_ws/install/scout_mini_msgs/share/scout_mini_msgs/environment/pythonpath.sh
[0.478s] -- Up-to-date symlink: /apollo/ros_ws/install/scout_mini_msgs/share/scout_mini_msgs/environment/pythonpath.dsv
[0.479s] -- Up-to-date symlink: /apollo/ros_ws/install/scout_mini_msgs/local/lib/python3.10/dist-packages/scout_mini_msgs-0.1.0-py3.10.egg-info/PKG-INFO
[0.479s] -- Up-to-date symlink: /apollo/ros_ws/install/scout_mini_msgs/local/lib/python3.10/dist-packages/scout_mini_msgs-0.1.0-py3.10.egg-info/SOURCES.txt
[0.479s] -- Up-to-date symlink: /apollo/ros_ws/install/scout_mini_msgs/local/lib/python3.10/dist-packages/scout_mini_msgs-0.1.0-py3.10.egg-info/dependency_links.txt
[0.479s] -- Up-to-date symlink: /apollo/ros_ws/install/scout_mini_msgs/local/lib/python3.10/dist-packages/scout_mini_msgs-0.1.0-py3.10.egg-info/top_level.txt
[0.479s] -- Up-to-date symlink: /apollo/ros_ws/install/scout_mini_msgs/local/lib/python3.10/dist-packages/scout_mini_msgs/__init__.py
[0.479s] -- Up-to-date symlink: /apollo/ros_ws/install/scout_mini_msgs/local/lib/python3.10/dist-packages/scout_mini_msgs/_scout_mini_msgs_s.ep.rosidl_typesupport_c.c
[0.479s] -- Up-to-date symlink: /apollo/ros_ws/install/scout_mini_msgs/local/lib/python3.10/dist-packages/scout_mini_msgs/_scout_mini_msgs_s.ep.rosidl_typesupport_fastrtps_c.c
[0.480s] -- Up-to-date symlink: /apollo/ros_ws/install/scout_mini_msgs/local/lib/python3.10/dist-packages/scout_mini_msgs/_scout_mini_msgs_s.ep.rosidl_typesupport_introspection_c.c
[0.480s] -- Up-to-date symlink: /apollo/ros_ws/install/scout_mini_msgs/local/lib/python3.10/dist-packages/scout_mini_msgs/libscout_mini_msgs__rosidl_generator_py.so
[0.480s] -- Up-to-date symlink: /apollo/ros_ws/install/scout_mini_msgs/local/lib/python3.10/dist-packages/scout_mini_msgs/msg/__init__.py
[0.480s] -- Up-to-date symlink: /apollo/ros_ws/install/scout_mini_msgs/local/lib/python3.10/dist-packages/scout_mini_msgs/msg/_driver_state.py
[0.480s] -- Up-to-date symlink: /apollo/ros_ws/install/scout_mini_msgs/local/lib/python3.10/dist-packages/scout_mini_msgs/msg/_driver_state_s.c
[0.480s] -- Up-to-date symlink: /apollo/ros_ws/install/scout_mini_msgs/local/lib/python3.10/dist-packages/scout_mini_msgs/msg/_fault_state.py
[0.480s] -- Up-to-date symlink: /apollo/ros_ws/install/scout_mini_msgs/local/lib/python3.10/dist-packages/scout_mini_msgs/msg/_fault_state_s.c
[0.480s] -- Up-to-date symlink: /apollo/ros_ws/install/scout_mini_msgs/local/lib/python3.10/dist-packages/scout_mini_msgs/msg/_light_command.py
[0.480s] -- Up-to-date symlink: /apollo/ros_ws/install/scout_mini_msgs/local/lib/python3.10/dist-packages/scout_mini_msgs/msg/_light_command_s.c
[0.480s] -- Up-to-date symlink: /apollo/ros_ws/install/scout_mini_msgs/local/lib/python3.10/dist-packages/scout_mini_msgs/msg/_light_state.py
[0.481s] -- Up-to-date symlink: /apollo/ros_ws/install/scout_mini_msgs/local/lib/python3.10/dist-packages/scout_mini_msgs/msg/_light_state_s.c
[0.481s] -- Up-to-date symlink: /apollo/ros_ws/install/scout_mini_msgs/local/lib/python3.10/dist-packages/scout_mini_msgs/msg/_motor_state.py
[0.481s] -- Up-to-date symlink: /apollo/ros_ws/install/scout_mini_msgs/local/lib/python3.10/dist-packages/scout_mini_msgs/msg/_motor_state_s.c
[0.481s] -- Up-to-date symlink: /apollo/ros_ws/install/scout_mini_msgs/local/lib/python3.10/dist-packages/scout_mini_msgs/msg/_robot_state.py
[0.481s] -- Up-to-date symlink: /apollo/ros_ws/install/scout_mini_msgs/local/lib/python3.10/dist-packages/scout_mini_msgs/msg/_robot_state_s.c
[0.481s] -- Up-to-date symlink: /apollo/ros_ws/install/scout_mini_msgs/local/lib/python3.10/dist-packages/scout_mini_msgs/scout_mini_msgs_s__rosidl_typesupport_c.cpython-310-x86_64-linux-gnu.so
[0.481s] -- Up-to-date symlink: /apollo/ros_ws/install/scout_mini_msgs/local/lib/python3.10/dist-packages/scout_mini_msgs/scout_mini_msgs_s__rosidl_typesupport_fastrtps_c.cpython-310-x86_64-linux-gnu.so
[0.481s] -- Up-to-date symlink: /apollo/ros_ws/install/scout_mini_msgs/local/lib/python3.10/dist-packages/scout_mini_msgs/scout_mini_msgs_s__rosidl_typesupport_introspection_c.cpython-310-x86_64-linux-gnu.so
[0.481s] -- Up-to-date symlink: /apollo/ros_ws/install/scout_mini_msgs/local/lib/python3.10/dist-packages/scout_mini_msgs/scout_mini_msgs_s__rosidl_typesupport_fastrtps_c.cpython-310-x86_64-linux-gnu.so
[0.481s] -- Up-to-date symlink: /apollo/ros_ws/install/scout_mini_msgs/local/lib/python3.10/dist-packages/scout_mini_msgs/scout_mini_msgs_s__rosidl_typesupport_introspection_c.cpython-310-x86_64-linux-gnu.so
[0.481s] -- Up-to-date symlink: /apollo/ros_ws/install/scout_mini_msgs/local/lib/python3.10/dist-packages/scout_mini_msgs/scout_mini_msgs_s__rosidl_typesupport_c.cpython-310-x86_64-linux-gnu.so
[0.481s] -- Up-to-date symlink: /apollo/ros_ws/install/scout_mini_msgs/share/scout_mini_msgs/msg/DriverState.idl
[0.482s] -- Up-to-date symlink: /apollo/ros_ws/install/scout_mini_msgs/share/scout_mini_msgs/msg/FaultState.idl
[0.482s] -- Up-to-date symlink: /apollo/ros_ws/install/scout_mini_msgs/share/scout_mini_msgs/msg/LightCommand.idl
[0.482s] -- Up-to-date symlink: /apollo/ros_ws/install/scout_mini_msgs/share/scout_mini_msgs/msg/LightState.idl
[0.482s] -- Up-to-date symlink: /apollo/ros_ws/install/scout_mini_msgs/share/scout_mini_msgs/msg/MotorState.idl
[0.482s] -- Up-to-date symlink: /apollo/ros_ws/install/scout_mini_msgs/share/scout_mini_msgs/msg/RobotState.idl
[0.482s] -- Up-to-date symlink: /apollo/ros_ws/install/scout_mini_msgs/share/scout_mini_msgs/msg/DriverState.msg
[0.482s] -- Up-to-date symlink: /apollo/ros_ws/install/scout_mini_msgs/share/scout_mini_msgs/msg/FaultState.msg
[0.483s] -- Up-to-date symlink: /apollo/ros_ws/install/scout_mini_msgs/share/scout_mini_msgs/msg/LightCommand.msg
[0.483s] -- Up-to-date symlink: /apollo/ros_ws/install/scout_mini_msgs/share/scout_mini_msgs/msg/LightState.msg
[0.483s] -- Up-to-date symlink: /apollo/ros_ws/install/scout_mini_msgs/share/scout_mini_msgs/msg/MotorState.msg
[0.483s] -- Up-to-date symlink: /apollo/ros_ws/install/scout_mini_msgs/share/scout_mini_msgs/msg/RobotState.msg
[0.483s] -- Up-to-date symlink: /apollo/ros_ws/install/scout_mini_msgs/share/ament_index/resource_index/package_run_dependencies/scout_mini_msgs
[0.483s] -- Up-to-date symlink: /apollo/ros_ws/install/scout_mini_msgs/share/ament_index/resource_index/parent_prefix_path/scout_mini_msgs
[0.483s] -- Up-to-date symlink: /apollo/ros_ws/install/scout_mini_msgs/share/scout_mini_msgs/environment/ament_prefix_path.sh
[0.483s] -- Up-to-date symlink: /apollo/ros_ws/install/scout_mini_msgs/share/scout_mini_msgs/environment/ament_prefix_path.dsv
[0.483s] -- Up-to-date symlink: /apollo/ros_ws/install/scout_mini_msgs/share/scout_mini_msgs/environment/path.sh
[0.484s] -- Up-to-date symlink: /apollo/ros_ws/install/scout_mini_msgs/share/scout_mini_msgs/environment/path.dsv
[0.484s] -- Up-to-date symlink: /apollo/ros_ws/install/scout_mini_msgs/share/scout_mini_msgs/local_setup.bash
[0.484s] -- Up-to-date symlink: /apollo/ros_ws/install/scout_mini_msgs/share/scout_mini_msgs/local_setup.sh
[0.484s] -- Up-to-date symlink: /apollo/ros_ws/install/scout_mini_msgs/share/scout_mini_msgs/local_setup.zsh
[0.484s] -- Up-to-date symlink: /apollo/ros_ws/install/scout_mini_msgs/share/scout_mini_msgs/local_setup.dsv
[0.484s] -- Symlinking: /apollo/ros_ws/install/scout_mini_msgs/share/scout_mini_msgs/package.dsv
[0.493s] -- Up-to-date symlink: /apollo/ros_ws/install/scout_mini_msgs/share/ament_index/resource_index/packages/scout_mini_msgs
[0.493s] -- Up-to-date symlink: /apollo/ros_ws/install/scout_mini_msgs/share/scout_mini_msgs/cmake/rosidl_cmake-extras.cmake
[0.493s] -- Up-to-date symlink: /apollo/ros_ws/install/scout_mini_msgs/share/scout_mini_msgs/cmake/ament_cmake_export_dependencies-extras.cmake
[0.493s] -- Up-to-date symlink: /apollo/ros_ws/install/scout_mini_msgs/share/scout_mini_msgs/cmake/ament_cmake_export_include_directories-extras.cmake
[0.493s] -- Up-to-date symlink: /apollo/ros_ws/install/scout_mini_msgs/share/scout_mini_msgs/cmake/ament_cmake_export_libraries-extras.cmake
[0.493s] -- Up-to-date symlink: /apollo/ros_ws/install/scout_mini_msgs/share/scout_mini_msgs/cmake/ament_cmake_export_targets-extras.cmake
[0.494s] -- Up-to-date symlink: /apollo/ros_ws/install/scout_mini_msgs/share/scout_mini_msgs/cmake/rosidl_cmake_export_typesupport_targets-extras.cmake
[0.494s] -- Up-to-date symlink: /apollo/ros_ws/install/scout_mini_msgs/share/scout_mini_msgs/cmake/rosidl_cmake_export_typesupport_libraries-extras.cmake
[0.494s] -- Up-to-date symlink: /apollo/ros_ws/install/scout_mini_msgs/share/scout_mini_msgs/cmake/scout_mini_msgsConfig.cmake
[0.494s] -- Up-to-date symlink: /apollo/ros_ws/install/scout_mini_msgs/share/scout_mini_msgs/cmake/scout_mini_msgsConfig-version.cmake
[0.494s] -- Up-to-date symlink: /apollo/ros_ws/install/scout_mini_msgs/share/scout_mini_msgs/package.xml
[0.494s] -- Up-to-date: /apollo/ros_ws/install/scout_mini_msgs/lib/libscout_mini_msgs__rosidl_generator_c.so
[0.494s] -- Up-to-date: /apollo/ros_ws/install/scout_mini_msgs/lib/libscout_mini_msgs__rosidl_typesupport_fastrtps_c.so
[0.494s] -- Up-to-date: /apollo/ros_ws/install/scout_mini_msgs/lib/libscout_mini_msgs__rosidl_typesupport_introspection_c.so
[0.495s] -- Up-to-date: /apollo/ros_ws/install/scout_mini_msgs/lib/libscout_mini_msgs__rosidl_typesupport_c.so
[0.495s] -- Up-to-date: /apollo/ros_ws/install/scout_mini_msgs/lib/libscout_mini_msgs__rosidl_typesupport_fastrtps_cpp.so
[0.495s] -- Up-to-date: /apollo/ros_ws/install/scout_mini_msgs/lib/libscout_mini_msgs__rosidl_typesupport_introspection_cpp.so
[0.495s] -- Up-to-date: /apollo/ros_ws/install/scout_mini_msgs/lib/libscout_mini_msgs__rosidl_typesupport_cpp.so
[0.521s] Listing '/apollo/ros_ws/install/scout_mini_msgs/local/lib/python3.10/dist-packages/scout_mini_msgs'...
[0.521s] Listing '/apollo/ros_ws/install/scout_mini_msgs/local/lib/python3.10/dist-packages/scout_mini_msgs/msg'...
[0.525s] -- Up-to-date: /apollo/ros_ws/install/scout_mini_msgs/lib/libscout_mini_msgs__rosidl_generator_py.so
[0.526s] -- Up-to-date: /apollo/ros_ws/install/scout_mini_msgs/share/scout_mini_msgs/cmake/export_scout_mini_msgs__rosidl_generator_cExport.cmake
[0.526s] -- Up-to-date: /apollo/ros_ws/install/scout_mini_msgs/share/scout_mini_msgs/cmake/export_scout_mini_msgs__rosidl_generator_cExport-noconfig.cmake
[0.526s] -- Up-to-date: /apollo/ros_ws/install/scout_mini_msgs/share/scout_mini_msgs/cmake/export_scout_mini_msgs__rosidl_typesupport_fastrtps_cExport.cmake
[0.526s] -- Up-to-date: /apollo/ros_ws/install/scout_mini_msgs/share/scout_mini_msgs/cmake/export_scout_mini_msgs__rosidl_typesupport_fastrtps_cExport-noconfig.cmake
[0.527s] -- Up-to-date: /apollo/ros_ws/install/scout_mini_msgs/share/scout_mini_msgs/cmake/scout_mini_msgs__rosidl_typesupport_introspection_cExport.cmake
[0.527s] -- Up-to-date: /apollo/ros_ws/install/scout_mini_msgs/share/scout_mini_msgs/cmake/scout_mini_msgs__rosidl_typesupport_introspection_cExport-noconfig.cmake
[0.527s] -- Up-to-date: /apollo/ros_ws/install/scout_mini_msgs/share/scout_mini_msgs/cmake/scout_mini_msgs__rosidl_typesupport_cExport.cmake
[0.527s] -- Up-to-date: /apollo/ros_ws/install/scout_mini_msgs/share/scout_mini_msgs/cmake/scout_mini_msgs__rosidl_typesupport_cExport-noconfig.cmake
[0.527s] -- Up-to-date: /apollo/ros_ws/install/scout_mini_msgs/share/scout_mini_msgs/cmake/export_scout_mini_msgs__rosidl_generator_cppExport.cmake
[0.528s] -- Up-to-date: /apollo/ros_ws/install/scout_mini_msgs/share/scout_mini_msgs/cmake/export_scout_mini_msgs__rosidl_typesupport_fastrtps_cppExport.cmake
[0.528s] -- Up-to-date: /apollo/ros_ws/install/scout_mini_msgs/share/scout_mini_msgs/cmake/export_scout_mini_msgs__rosidl_typesupport_fastrtps_cppExport-noconfig.cmake
[0.528s] -- Up-to-date: /apollo/ros_ws/install/scout_mini_msgs/share/scout_mini_msgs/cmake/scout_mini_msgs__rosidl_typesupport_introspection_cppExport.cmake
[0.528s] -- Up-to-date: /apollo/ros_ws/install/scout_mini_msgs/share/scout_mini_msgs/cmake/scout_mini_msgs__rosidl_typesupport_introspection_cppExport-noconfig.cmake
[0.528s] -- Up-to-date: /apollo/ros_ws/install/scout_mini_msgs/share/scout_mini_msgs/cmake/scout_mini_msgs__rosidl_typesupport_cppExport.cmake
[0.528s] -- Up-to-date: /apollo/ros_ws/install/scout_mini_msgs/share/scout_mini_msgs/cmake/scout_mini_msgs__rosidl_typesupport_cppExport-noconfig.cmake
[0.529s] -- Up-to-date: /apollo/ros_ws/install/scout_mini_msgs/share/scout_mini_msgs/cmake/export_scout_mini_msgs__rosidl_generator_pyExport.cmake
[0.529s] -- Up-to-date: /apollo/ros_ws/install/scout_mini_msgs/share/scout_mini_msgs/cmake/export_scout_mini_msgs__rosidl_generator_pyExport-noconfig.cmake
[0.533s] Invoked command in '/apollo/ros_ws/build/scout_mini_msgs' returned '0': CMAKE_PREFIX_PATH=${CMAKE_PREFIX_PATH}:/apollo/dev_ws/install/my_package:/apollo/ros_ws/install/scout_mini_simulation:/apollo/ros_ws/install/auto_break:/opt/ros/humble /usr/bin/cmake --install /apollo/ros_ws/build/scout_mini_msgs
