[0.510s] DEBUG:colcon:Command line arguments: ['/usr/bin/colcon', 'build', '--packages-select', 'scout_mini_localization']
[0.511s] DEBUG:colcon:Parsed command line arguments: Namespace(log_base=None, log_level=None, verb_name='build', build_base='build', install_base='install', merge_install=False, symlink_install=False, test_result_base=None, continue_on_error=False, executor='parallel', parallel_workers=12, event_handlers=None, ignore_user_meta=False, metas=['./colcon.meta'], base_paths=['.'], packages_ignore=None, packages_ignore_regex=None, paths=None, packages_up_to=None, packages_up_to_regex=None, packages_above=None, packages_above_and_dependencies=None, packages_above_depth=None, packages_select_by_dep=None, packages_skip_by_dep=None, packages_skip_up_to=None, packages_select_build_failed=False, packages_skip_build_finished=False, packages_select_test_failures=False, packages_skip_test_passed=False, packages_select=['scout_mini_localization'], packages_skip=None, packages_select_regex=None, packages_skip_regex=None, packages_start=None, packages_end=None, cmake_args=None, cmake_target=None, cmake_target_skip_unavailable=False, cmake_clean_cache=False, cmake_clean_first=False, cmake_force_configure=False, ament_cmake_args=None, catkin_cmake_args=None, catkin_skip_building_tests=False, mixin_files=None, mixin=None, verb_parser=<colcon_mixin.mixin.mixin_argument.MixinArgumentDecorator object at 0x7aaacd700e80>, verb_extension=<colcon_core.verb.build.BuildVerb object at 0x7aaacd87e320>, main=<bound method BuildVerb.main of <colcon_core.verb.build.BuildVerb object at 0x7aaacd87e320>>, mixin_verb=('build',))
[0.870s] Level 1:colcon.colcon_core.package_discovery:discover_packages(colcon_meta) check parameters
[0.870s] Level 1:colcon.colcon_core.package_discovery:discover_packages(recursive) check parameters
[0.870s] Level 1:colcon.colcon_core.package_discovery:discover_packages(ignore) check parameters
[0.870s] Level 1:colcon.colcon_core.package_discovery:discover_packages(path) check parameters
[0.870s] Level 1:colcon.colcon_core.package_discovery:discover_packages(colcon_meta) discover
[0.871s] Level 1:colcon.colcon_core.package_discovery:discover_packages(recursive) discover
[0.871s] INFO:colcon.colcon_core.package_discovery:Crawling recursively for packages in '/apollo/ros_ws/src/scout_mini_localization'
[0.872s] Level 1:colcon.colcon_core.package_identification:_identify(.) by extensions ['ignore', 'ignore_ament_install']
[0.873s] Level 1:colcon.colcon_core.package_identification:_identify(.) by extension 'ignore'
[0.873s] Level 1:colcon.colcon_core.package_identification:_identify(.) by extension 'ignore_ament_install'
[0.874s] Level 1:colcon.colcon_core.package_identification:_identify(.) by extensions ['colcon_pkg']
[0.874s] Level 1:colcon.colcon_core.package_identification:_identify(.) by extension 'colcon_pkg'
[0.874s] Level 1:colcon.colcon_core.package_identification:_identify(.) by extensions ['colcon_meta']
[0.874s] Level 1:colcon.colcon_core.package_identification:_identify(.) by extension 'colcon_meta'
[0.875s] Level 1:colcon.colcon_core.package_identification:_identify(.) by extensions ['ros']
[0.875s] Level 1:colcon.colcon_core.package_identification:_identify(.) by extension 'ros'
[0.895s] DEBUG:colcon.colcon_core.package_identification:Package '.' with type 'ros.ament_cmake' and name 'scout_mini_localization'
[0.895s] Level 1:colcon.colcon_core.package_discovery:discover_packages(recursive) using defaults
[0.895s] Level 1:colcon.colcon_core.package_discovery:discover_packages(ignore) discover
[0.896s] Level 1:colcon.colcon_core.package_discovery:discover_packages(ignore) using defaults
[0.896s] Level 1:colcon.colcon_core.package_discovery:discover_packages(path) discover
[0.896s] Level 1:colcon.colcon_core.package_discovery:discover_packages(path) using defaults
[0.964s] Level 5:colcon.colcon_core.verb:set package 'scout_mini_localization' build argument 'cmake_args' from command line to 'None'
[0.964s] Level 5:colcon.colcon_core.verb:set package 'scout_mini_localization' build argument 'cmake_target' from command line to 'None'
[0.964s] Level 5:colcon.colcon_core.verb:set package 'scout_mini_localization' build argument 'cmake_target_skip_unavailable' from command line to 'False'
[0.964s] Level 5:colcon.colcon_core.verb:set package 'scout_mini_localization' build argument 'cmake_clean_cache' from command line to 'False'
[0.964s] Level 5:colcon.colcon_core.verb:set package 'scout_mini_localization' build argument 'cmake_clean_first' from command line to 'False'
[0.965s] Level 5:colcon.colcon_core.verb:set package 'scout_mini_localization' build argument 'cmake_force_configure' from command line to 'False'
[0.965s] Level 5:colcon.colcon_core.verb:set package 'scout_mini_localization' build argument 'ament_cmake_args' from command line to 'None'
[0.965s] Level 5:colcon.colcon_core.verb:set package 'scout_mini_localization' build argument 'catkin_cmake_args' from command line to 'None'
[0.965s] Level 5:colcon.colcon_core.verb:set package 'scout_mini_localization' build argument 'catkin_skip_building_tests' from command line to 'False'
[0.965s] DEBUG:colcon.colcon_core.verb:Building package 'scout_mini_localization' with the following arguments: {'ament_cmake_args': None, 'build_base': '/apollo/ros_ws/src/scout_mini_localization/build/scout_mini_localization', 'catkin_cmake_args': None, 'catkin_skip_building_tests': False, 'cmake_args': None, 'cmake_clean_cache': False, 'cmake_clean_first': False, 'cmake_force_configure': False, 'cmake_target': None, 'cmake_target_skip_unavailable': False, 'install_base': '/apollo/ros_ws/src/scout_mini_localization/install/scout_mini_localization', 'merge_install': False, 'path': '/apollo/ros_ws/src/scout_mini_localization', 'symlink_install': False, 'test_result_base': None}
[0.965s] INFO:colcon.colcon_core.executor:Executing jobs using 'parallel' executor
[0.966s] DEBUG:colcon.colcon_parallel_executor.executor.parallel:run_until_complete
[0.967s] INFO:colcon.colcon_ros.task.ament_cmake.build:Building ROS package in '/apollo/ros_ws/src/scout_mini_localization' with build type 'ament_cmake'
[0.967s] INFO:colcon.colcon_cmake.task.cmake.build:Building CMake package in '/apollo/ros_ws/src/scout_mini_localization'
[0.982s] INFO:colcon.colcon_core.plugin_system:Skipping extension 'colcon_core.shell.bat': Not used on non-Windows systems
[0.982s] INFO:colcon.colcon_core.shell:Skip shell extension 'powershell' for command environment: Not usable outside of PowerShell
[0.983s] DEBUG:colcon.colcon_core.shell:Skip shell extension 'dsv' for command environment
[1.154s] DEBUG:colcon.colcon_core.event_handler.log_command:Invoking command in '/apollo/ros_ws/src/scout_mini_localization/build/scout_mini_localization': CMAKE_PREFIX_PATH=${CMAKE_PREFIX_PATH}:/apollo/dev_ws/install/my_package:/opt/ros/humble /usr/bin/cmake --build /apollo/ros_ws/src/scout_mini_localization/build/scout_mini_localization -- -j12 -l12
[1.608s] DEBUG:colcon.colcon_core.event_handler.log_command:Invoked command in '/apollo/ros_ws/src/scout_mini_localization/build/scout_mini_localization' returned '0': CMAKE_PREFIX_PATH=${CMAKE_PREFIX_PATH}:/apollo/dev_ws/install/my_package:/opt/ros/humble /usr/bin/cmake --build /apollo/ros_ws/src/scout_mini_localization/build/scout_mini_localization -- -j12 -l12
[1.710s] DEBUG:colcon.colcon_core.event_handler.log_command:Invoking command in '/apollo/ros_ws/src/scout_mini_localization/build/scout_mini_localization': CMAKE_PREFIX_PATH=${CMAKE_PREFIX_PATH}:/apollo/dev_ws/install/my_package:/opt/ros/humble /usr/bin/cmake --install /apollo/ros_ws/src/scout_mini_localization/build/scout_mini_localization
[2.404s] Level 1:colcon.colcon_core.environment:create_environment_scripts_only(scout_mini_localization)
[2.405s] DEBUG:colcon.colcon_core.event_handler.log_command:Invoked command in '/apollo/ros_ws/src/scout_mini_localization/build/scout_mini_localization' returned '0': CMAKE_PREFIX_PATH=${CMAKE_PREFIX_PATH}:/apollo/dev_ws/install/my_package:/opt/ros/humble /usr/bin/cmake --install /apollo/ros_ws/src/scout_mini_localization/build/scout_mini_localization
[2.418s] Level 1:colcon.colcon_core.environment:checking '/apollo/ros_ws/src/scout_mini_localization/install/scout_mini_localization' for CMake module files
[2.475s] Level 1:colcon.colcon_core.environment:checking '/apollo/ros_ws/src/scout_mini_localization/install/scout_mini_localization' for CMake config files
[2.520s] Level 1:colcon.colcon_core.shell:create_environment_hook('scout_mini_localization', 'cmake_prefix_path')
[2.521s] INFO:colcon.colcon_core.shell:Creating environment hook '/apollo/ros_ws/src/scout_mini_localization/install/scout_mini_localization/share/scout_mini_localization/hook/cmake_prefix_path.ps1'
[2.532s] INFO:colcon.colcon_core.shell:Creating environment descriptor '/apollo/ros_ws/src/scout_mini_localization/install/scout_mini_localization/share/scout_mini_localization/hook/cmake_prefix_path.dsv'
[2.544s] INFO:colcon.colcon_core.shell:Creating environment hook '/apollo/ros_ws/src/scout_mini_localization/install/scout_mini_localization/share/scout_mini_localization/hook/cmake_prefix_path.sh'
[2.556s] Level 1:colcon.colcon_core.environment:checking '/apollo/ros_ws/src/scout_mini_localization/install/scout_mini_localization/bin'
[2.557s] Level 1:colcon.colcon_core.environment:checking '/apollo/ros_ws/src/scout_mini_localization/install/scout_mini_localization/lib/pkgconfig/scout_mini_localization.pc'
[2.563s] Level 1:colcon.colcon_core.environment:checking '/apollo/ros_ws/src/scout_mini_localization/install/scout_mini_localization/lib/python3.10/site-packages'
[2.564s] Level 1:colcon.colcon_core.environment:checking '/apollo/ros_ws/src/scout_mini_localization/install/scout_mini_localization/bin'
[2.565s] INFO:colcon.colcon_core.shell:Creating package script '/apollo/ros_ws/src/scout_mini_localization/install/scout_mini_localization/share/scout_mini_localization/package.ps1'
[2.574s] INFO:colcon.colcon_core.shell:Creating package descriptor '/apollo/ros_ws/src/scout_mini_localization/install/scout_mini_localization/share/scout_mini_localization/package.dsv'
[2.585s] INFO:colcon.colcon_core.shell:Creating package script '/apollo/ros_ws/src/scout_mini_localization/install/scout_mini_localization/share/scout_mini_localization/package.sh'
[2.595s] INFO:colcon.colcon_core.shell:Creating package script '/apollo/ros_ws/src/scout_mini_localization/install/scout_mini_localization/share/scout_mini_localization/package.bash'
[2.604s] INFO:colcon.colcon_core.shell:Creating package script '/apollo/ros_ws/src/scout_mini_localization/install/scout_mini_localization/share/scout_mini_localization/package.zsh'
[2.613s] Level 1:colcon.colcon_core.environment:create_file_with_runtime_dependencies(/apollo/ros_ws/src/scout_mini_localization/install/scout_mini_localization/share/colcon-core/packages/scout_mini_localization)
[2.629s] Level 1:colcon.colcon_core.environment:create_environment_scripts_only(scout_mini_localization)
[2.630s] Level 1:colcon.colcon_core.environment:checking '/apollo/ros_ws/src/scout_mini_localization/install/scout_mini_localization' for CMake module files
[2.694s] Level 1:colcon.colcon_core.environment:checking '/apollo/ros_ws/src/scout_mini_localization/install/scout_mini_localization' for CMake config files
[2.733s] Level 1:colcon.colcon_core.shell:create_environment_hook('scout_mini_localization', 'cmake_prefix_path')
[2.733s] INFO:colcon.colcon_core.shell:Creating environment hook '/apollo/ros_ws/src/scout_mini_localization/install/scout_mini_localization/share/scout_mini_localization/hook/cmake_prefix_path.ps1'
[2.745s] INFO:colcon.colcon_core.shell:Creating environment descriptor '/apollo/ros_ws/src/scout_mini_localization/install/scout_mini_localization/share/scout_mini_localization/hook/cmake_prefix_path.dsv'
[2.755s] INFO:colcon.colcon_core.shell:Creating environment hook '/apollo/ros_ws/src/scout_mini_localization/install/scout_mini_localization/share/scout_mini_localization/hook/cmake_prefix_path.sh'
[2.766s] Level 1:colcon.colcon_core.environment:checking '/apollo/ros_ws/src/scout_mini_localization/install/scout_mini_localization/bin'
[2.767s] Level 1:colcon.colcon_core.environment:checking '/apollo/ros_ws/src/scout_mini_localization/install/scout_mini_localization/lib/pkgconfig/scout_mini_localization.pc'
[2.768s] Level 1:colcon.colcon_core.environment:checking '/apollo/ros_ws/src/scout_mini_localization/install/scout_mini_localization/lib/python3.10/site-packages'
[2.769s] Level 1:colcon.colcon_core.environment:checking '/apollo/ros_ws/src/scout_mini_localization/install/scout_mini_localization/bin'
[2.770s] INFO:colcon.colcon_core.shell:Creating package script '/apollo/ros_ws/src/scout_mini_localization/install/scout_mini_localization/share/scout_mini_localization/package.ps1'
[2.778s] INFO:colcon.colcon_core.shell:Creating package descriptor '/apollo/ros_ws/src/scout_mini_localization/install/scout_mini_localization/share/scout_mini_localization/package.dsv'
[2.792s] INFO:colcon.colcon_core.shell:Creating package script '/apollo/ros_ws/src/scout_mini_localization/install/scout_mini_localization/share/scout_mini_localization/package.sh'
[2.801s] INFO:colcon.colcon_core.shell:Creating package script '/apollo/ros_ws/src/scout_mini_localization/install/scout_mini_localization/share/scout_mini_localization/package.bash'
[2.810s] INFO:colcon.colcon_core.shell:Creating package script '/apollo/ros_ws/src/scout_mini_localization/install/scout_mini_localization/share/scout_mini_localization/package.zsh'
[2.819s] Level 1:colcon.colcon_core.environment:create_file_with_runtime_dependencies(/apollo/ros_ws/src/scout_mini_localization/install/scout_mini_localization/share/colcon-core/packages/scout_mini_localization)
[2.826s] DEBUG:colcon.colcon_parallel_executor.executor.parallel:closing loop
[2.826s] DEBUG:colcon.colcon_parallel_executor.executor.parallel:loop closed
[2.827s] DEBUG:colcon.colcon_parallel_executor.executor.parallel:run_until_complete finished with '0'
[2.827s] DEBUG:colcon.colcon_core.event_reactor:joining thread
[2.884s] INFO:colcon.colcon_core.plugin_system:Skipping extension 'colcon_notification.desktop_notification.notify_send': Could not find 'notify-send'
[2.884s] INFO:colcon.colcon_core.plugin_system:Skipping extension 'colcon_notification.desktop_notification.terminal_notifier': Not used on non-Darwin systems
[2.885s] INFO:colcon.colcon_core.plugin_system:Skipping extension 'colcon_notification.desktop_notification.win32': Not used on non-Windows systems
[2.885s] INFO:colcon.colcon_notification.desktop_notification:Sending desktop notification using 'notify2'
[2.888s] DEBUG:colcon.colcon_notification.desktop_notification.notify2:Failed to initialize notify2: org.freedesktop.DBus.Error.Spawn.ExecFailed: /usr/bin/dbus-launch terminated abnormally without any error message
[2.888s] DEBUG:colcon.colcon_core.event_reactor:joined thread
[2.889s] INFO:colcon.colcon_core.shell:Creating prefix script '/apollo/ros_ws/src/scout_mini_localization/install/local_setup.ps1'
[2.895s] INFO:colcon.colcon_core.shell:Creating prefix util module '/apollo/ros_ws/src/scout_mini_localization/install/_local_setup_util_ps1.py'
[2.903s] INFO:colcon.colcon_core.shell:Creating prefix chain script '/apollo/ros_ws/src/scout_mini_localization/install/setup.ps1'
[2.929s] INFO:colcon.colcon_core.shell:Creating prefix script '/apollo/ros_ws/src/scout_mini_localization/install/local_setup.sh'
[2.934s] INFO:colcon.colcon_core.shell:Creating prefix util module '/apollo/ros_ws/src/scout_mini_localization/install/_local_setup_util_sh.py'
[2.939s] INFO:colcon.colcon_core.shell:Creating prefix chain script '/apollo/ros_ws/src/scout_mini_localization/install/setup.sh'
[2.963s] INFO:colcon.colcon_core.shell:Creating prefix script '/apollo/ros_ws/src/scout_mini_localization/install/local_setup.bash'
[2.966s] INFO:colcon.colcon_core.shell:Creating prefix chain script '/apollo/ros_ws/src/scout_mini_localization/install/setup.bash'
[2.988s] INFO:colcon.colcon_core.shell:Creating prefix script '/apollo/ros_ws/src/scout_mini_localization/install/local_setup.zsh'
[2.993s] INFO:colcon.colcon_core.shell:Creating prefix chain script '/apollo/ros_ws/src/scout_mini_localization/install/setup.zsh'
