[0.016s] Invoking command in '/apollo/ros_ws/build/scout_mini_description': CMAKE_PREFIX_PATH=${CMAKE_PREFIX_PATH}:/apollo/dev_ws/install/my_package:/apollo/ros_ws/install/scout_mini_simulation:/opt/ros/humble /usr/bin/cmake /apollo/ros_ws/src/scout_mini_description -DCMAKE_INSTALL_PREFIX=/apollo/ros_ws/install/scout_mini_description
[0.056s] -- Found ament_cmake: 1.3.11 (/opt/ros/humble/share/ament_cmake/cmake)
[0.164s] -- Override CMake install command with custom implementation using symlinks instead of copying resources
[0.175s] -- Found urdf: 2.6.1 (/opt/ros/humble/share/urdf/cmake)
[0.219s] -- Found rviz2: 11.2.16 (/opt/ros/humble/share/rviz2/cmake)
[0.219s] -- Found robot_state_publisher: 3.0.3 (/opt/ros/humble/share/robot_state_publisher/cmake)
[0.230s] -- Found rosidl_generator_c: 3.1.6 (/opt/ros/humble/share/rosidl_generator_c/cmake)
[0.231s] -- Found rosidl_adapter: 3.1.6 (/opt/ros/humble/share/rosidl_adapter/cmake)
[0.235s] -- Found rosidl_generator_cpp: 3.1.6 (/opt/ros/humble/share/rosidl_generator_cpp/cmake)
[0.241s] -- Using all available rosidl_typesupport_c: rosidl_typesupport_fastrtps_c;rosidl_typesupport_introspection_c
[0.248s] -- Using all available rosidl_typesupport_cpp: rosidl_typesupport_fastrtps_cpp;rosidl_typesupport_introspection_cpp
[0.282s] -- Found eigen3_cmake_module: 0.1.1 (/opt/ros/humble/share/eigen3_cmake_module/cmake)
[0.283s] -- Ensuring Eigen3 include directory is part of orocos-kdl CMake target
[0.302s] -- Found rmw_implementation_cmake: 6.1.2 (/opt/ros/humble/share/rmw_implementation_cmake/cmake)
[0.303s] -- Found rmw_fastrtps_cpp: 6.2.7 (/opt/ros/humble/share/rmw_fastrtps_cpp/cmake)
[0.319s] -- Found TinyXML2 via Config file: TinyXML2_DIR-NOTFOUND
[0.329s] -- Found TinyXML2 via Config file: TinyXML2_DIR-NOTFOUND
[0.341s] -- Found TinyXML2 via Config file: TinyXML2_DIR-NOTFOUND
[0.348s] -- Found TinyXML2 via Config file: TinyXML2_DIR-NOTFOUND
[0.356s] -- Using RMW implementation 'rmw_fastrtps_cpp' as default
[0.539s] -- Configuring done
[0.543s] -- Generating done
[0.544s] -- Build files have been written to: /apollo/ros_ws/build/scout_mini_description
[0.549s] Invoked command in '/apollo/ros_ws/build/scout_mini_description' returned '0': CMAKE_PREFIX_PATH=${CMAKE_PREFIX_PATH}:/apollo/dev_ws/install/my_package:/apollo/ros_ws/install/scout_mini_simulation:/opt/ros/humble /usr/bin/cmake /apollo/ros_ws/src/scout_mini_description -DCMAKE_INSTALL_PREFIX=/apollo/ros_ws/install/scout_mini_description
[0.551s] Invoking command in '/apollo/ros_ws/build/scout_mini_description': CMAKE_PREFIX_PATH=${CMAKE_PREFIX_PATH}:/apollo/dev_ws/install/my_package:/apollo/ros_ws/install/scout_mini_simulation:/opt/ros/humble /usr/bin/cmake --build /apollo/ros_ws/build/scout_mini_description -- -j20 -l20
[0.590s] Invoked command in '/apollo/ros_ws/build/scout_mini_description' returned '0': CMAKE_PREFIX_PATH=${CMAKE_PREFIX_PATH}:/apollo/dev_ws/install/my_package:/apollo/ros_ws/install/scout_mini_simulation:/opt/ros/humble /usr/bin/cmake --build /apollo/ros_ws/build/scout_mini_description -- -j20 -l20
[0.591s] Invoking command in '/apollo/ros_ws/build/scout_mini_description': CMAKE_PREFIX_PATH=${CMAKE_PREFIX_PATH}:/apollo/dev_ws/install/my_package:/apollo/ros_ws/install/scout_mini_simulation:/opt/ros/humble /usr/bin/cmake --install /apollo/ros_ws/build/scout_mini_description
[0.597s] -- Install configuration: ""
[0.597s] -- Execute custom install script
[0.598s] -- Up-to-date symlink: /apollo/ros_ws/install/scout_mini_description/share/scout_mini_description/launch/description_launch.py
[0.598s] -- Up-to-date symlink: /apollo/ros_ws/install/scout_mini_description/share/scout_mini_description/launch/rviz2_launch.py
[0.598s] -- Up-to-date symlink: /apollo/ros_ws/install/scout_mini_description/share/scout_mini_description/meshes/body.dae
[0.598s] -- Up-to-date symlink: /apollo/ros_ws/install/scout_mini_description/share/scout_mini_description/meshes/wheel.dae
[0.598s] -- Up-to-date symlink: /apollo/ros_ws/install/scout_mini_description/share/scout_mini_description/rviz/scout_mini.rviz
[0.598s] -- Up-to-date symlink: /apollo/ros_ws/install/scout_mini_description/share/scout_mini_description/urdf/scout_mini.urdf
[0.599s] -- Up-to-date symlink: /apollo/ros_ws/install/scout_mini_description/share/scout_mini_description/urdf/scout_mini.urdf.xacro
[0.599s] -- Up-to-date symlink: /apollo/ros_ws/install/scout_mini_description/share/ament_index/resource_index/package_run_dependencies/scout_mini_description
[0.599s] -- Up-to-date symlink: /apollo/ros_ws/install/scout_mini_description/share/ament_index/resource_index/parent_prefix_path/scout_mini_description
[0.599s] -- Up-to-date symlink: /apollo/ros_ws/install/scout_mini_description/share/scout_mini_description/environment/ament_prefix_path.sh
[0.599s] -- Up-to-date symlink: /apollo/ros_ws/install/scout_mini_description/share/scout_mini_description/environment/ament_prefix_path.dsv
[0.599s] -- Up-to-date symlink: /apollo/ros_ws/install/scout_mini_description/share/scout_mini_description/environment/path.sh
[0.599s] -- Up-to-date symlink: /apollo/ros_ws/install/scout_mini_description/share/scout_mini_description/environment/path.dsv
[0.599s] -- Up-to-date symlink: /apollo/ros_ws/install/scout_mini_description/share/scout_mini_description/local_setup.bash
[0.599s] -- Up-to-date symlink: /apollo/ros_ws/install/scout_mini_description/share/scout_mini_description/local_setup.sh
[0.599s] -- Up-to-date symlink: /apollo/ros_ws/install/scout_mini_description/share/scout_mini_description/local_setup.zsh
[0.599s] -- Up-to-date symlink: /apollo/ros_ws/install/scout_mini_description/share/scout_mini_description/local_setup.dsv
[0.599s] -- Symlinking: /apollo/ros_ws/install/scout_mini_description/share/scout_mini_description/package.dsv
[0.607s] -- Up-to-date symlink: /apollo/ros_ws/install/scout_mini_description/share/ament_index/resource_index/packages/scout_mini_description
[0.607s] -- Up-to-date symlink: /apollo/ros_ws/install/scout_mini_description/share/scout_mini_description/cmake/scout_mini_descriptionConfig.cmake
[0.607s] -- Up-to-date symlink: /apollo/ros_ws/install/scout_mini_description/share/scout_mini_description/cmake/scout_mini_descriptionConfig-version.cmake
[0.607s] -- Up-to-date symlink: /apollo/ros_ws/install/scout_mini_description/share/scout_mini_description/package.xml
[0.609s] Invoked command in '/apollo/ros_ws/build/scout_mini_description' returned '0': CMAKE_PREFIX_PATH=${CMAKE_PREFIX_PATH}:/apollo/dev_ws/install/my_package:/apollo/ros_ws/install/scout_mini_simulation:/opt/ros/humble /usr/bin/cmake --install /apollo/ros_ws/build/scout_mini_description
