-- The C compiler identification is GNU 11.4.0
-- The CXX compiler identification is GNU 11.4.0
-- Detecting C compiler ABI info
-- Detecting C compiler ABI info - done
-- Check for working C compiler: /usr/bin/cc - skipped
-- Detecting C compile features
-- Detecting C compile features - done
-- Detecting CXX compiler ABI info
-- Detecting CXX compiler ABI info - done
-- Check for working CXX compiler: /usr/bin/c++ - skipped
-- Detecting CXX compile features
-- Detecting CXX compile features - done
-- Found ament_cmake: 1.3.11 (/opt/ros/humble/share/ament_cmake/cmake)
-- Found Python3: /usr/bin/python3 (found version "3.10.12") found components: Interpreter 
-- Override CMake install command with custom implementation using symlinks instead of copying resources
-- Found rclpy: 3.3.15 (/opt/ros/humble/share/rclpy/cmake)
-- Found std_msgs: 4.2.4 (/opt/ros/humble/share/std_msgs/cmake)
-- Found rosidl_generator_c: 3.1.6 (/opt/ros/humble/share/rosidl_generator_c/cmake)
-- Found rosidl_adapter: 3.1.6 (/opt/ros/humble/share/rosidl_adapter/cmake)
-- Found rosidl_generator_cpp: 3.1.6 (/opt/ros/humble/share/rosidl_generator_cpp/cmake)
-- Using all available rosidl_typesupport_c: rosidl_typesupport_fastrtps_c;rosidl_typesupport_introspection_c
-- Using all available rosidl_typesupport_cpp: rosidl_typesupport_fastrtps_cpp;rosidl_typesupport_introspection_cpp
-- Found rosidl_default_generators: 1.2.0 (/opt/ros/humble/share/rosidl_default_generators/cmake)
-- Found ament_cmake_ros: 0.10.0 (/opt/ros/humble/share/ament_cmake_ros/cmake)
-- Using all available rosidl_typesupport_c: rosidl_typesupport_fastrtps_c;rosidl_typesupport_introspection_c
-- Using all available rosidl_typesupport_cpp: rosidl_typesupport_fastrtps_cpp;rosidl_typesupport_introspection_cpp
-- Found PythonInterp: /usr/bin/python3 (found suitable version "3.10.12", minimum required is "3.6") 
-- Found python_cmake_module: 0.10.0 (/opt/ros/humble/share/python_cmake_module/cmake)
-- Found PythonLibs: /usr/lib/x86_64-linux-gnu/libpython3.10.so (found suitable version "3.10.12", minimum required is "3.5") 
-- Using PYTHON_EXECUTABLE: /usr/bin/python3
-- Using PYTHON_INCLUDE_DIRS: /usr/include/python3.10
-- Using PYTHON_LIBRARIES: /usr/lib/x86_64-linux-gnu/libpython3.10.so
-- Found PythonExtra: .so  
-- Configuring done
-- Generating done
-- Build files have been written to: /apollo/ros_ws/build/follow_human
[  2%] [34m[1mGenerating C code for ROS interfaces[0m
[  2%] Built target ament_cmake_python_symlink_follow_human
[  5%] [34m[1mGenerating C++ code for ROS interfaces[0m
[  5%] Built target follow_human__cpp
[  7%] [34m[1mGenerating C++ type support dispatch for ROS interfaces[0m
[ 10%] [34m[1mGenerating C++ type support for eProsima Fast-RTPS[0m
[ 12%] [32mBuilding C object CMakeFiles/follow_human__rosidl_generator_c.dir/rosidl_generator_c/follow_human/msg/detail/tracked_object__functions.c.o[0m
[ 15%] [32mBuilding C object CMakeFiles/follow_human__rosidl_generator_c.dir/rosidl_generator_c/follow_human/msg/detail/depth_estimation__functions.c.o[0m
[ 17%] [34m[1mGenerating C++ introspection for ROS interfaces[0m
running egg_info
creating follow_human.egg-info
writing follow_human.egg-info/PKG-INFO
writing dependency_links to follow_human.egg-info/dependency_links.txt
writing top-level names to follow_human.egg-info/top_level.txt
writing manifest file 'follow_human.egg-info/SOURCES.txt'
reading manifest file 'follow_human.egg-info/SOURCES.txt'
writing manifest file 'follow_human.egg-info/SOURCES.txt'
[ 20%] [32m[1mLinking C shared library libfollow_human__rosidl_generator_c.so[0m
[ 20%] Built target ament_cmake_python_build_follow_human_egg
[ 23%] [32mBuilding CXX object CMakeFiles/follow_human__rosidl_typesupport_cpp.dir/rosidl_typesupport_cpp/follow_human/msg/depth_estimation__type_support.cpp.o[0m
[ 25%] [32mBuilding CXX object CMakeFiles/follow_human__rosidl_typesupport_cpp.dir/rosidl_typesupport_cpp/follow_human/msg/tracked_object__type_support.cpp.o[0m
[ 25%] Built target follow_human__rosidl_generator_c
[ 30%] [34m[1mGenerating C type support for eProsima Fast-RTPS[0m
[ 30%] [32mBuilding CXX object CMakeFiles/follow_human__rosidl_typesupport_fastrtps_cpp.dir/rosidl_typesupport_fastrtps_cpp/follow_human/msg/detail/dds_fastrtps/tracked_object__type_support.cpp.o[0m
[ 33%] [34m[1mGenerating C type support dispatch for ROS interfaces[0m
[ 35%] [32mBuilding CXX object CMakeFiles/follow_human__rosidl_typesupport_fastrtps_cpp.dir/rosidl_typesupport_fastrtps_cpp/follow_human/msg/detail/dds_fastrtps/depth_estimation__type_support.cpp.o[0m
[ 38%] [34m[1mGenerating C introspection for ROS interfaces[0m
[ 41%] [32mBuilding CXX object CMakeFiles/follow_human__rosidl_typesupport_introspection_cpp.dir/rosidl_typesupport_introspection_cpp/follow_human/msg/detail/tracked_object__type_support.cpp.o[0m
[ 43%] [32mBuilding CXX object CMakeFiles/follow_human__rosidl_typesupport_introspection_cpp.dir/rosidl_typesupport_introspection_cpp/follow_human/msg/detail/depth_estimation__type_support.cpp.o[0m
[ 46%] [32m[1mLinking CXX shared library libfollow_human__rosidl_typesupport_cpp.so[0m
[ 48%] [32mBuilding CXX object CMakeFiles/follow_human__rosidl_typesupport_c.dir/rosidl_typesupport_c/follow_human/msg/tracked_object__type_support.cpp.o[0m
[ 51%] [32mBuilding CXX object CMakeFiles/follow_human__rosidl_typesupport_c.dir/rosidl_typesupport_c/follow_human/msg/depth_estimation__type_support.cpp.o[0m
[ 53%] [32mBuilding CXX object CMakeFiles/follow_human__rosidl_typesupport_fastrtps_c.dir/rosidl_typesupport_fastrtps_c/follow_human/msg/detail/tracked_object__type_support_c.cpp.o[0m
[ 56%] [32mBuilding CXX object CMakeFiles/follow_human__rosidl_typesupport_fastrtps_c.dir/rosidl_typesupport_fastrtps_c/follow_human/msg/detail/depth_estimation__type_support_c.cpp.o[0m
[ 56%] Built target follow_human__rosidl_typesupport_cpp
[ 58%] [32mBuilding C object CMakeFiles/follow_human__rosidl_typesupport_introspection_c.dir/rosidl_typesupport_introspection_c/follow_human/msg/detail/tracked_object__type_support.c.o[0m
[ 61%] [32mBuilding C object CMakeFiles/follow_human__rosidl_typesupport_introspection_c.dir/rosidl_typesupport_introspection_c/follow_human/msg/detail/depth_estimation__type_support.c.o[0m
[ 64%] [32m[1mLinking CXX shared library libfollow_human__rosidl_typesupport_fastrtps_cpp.so[0m
[ 66%] [32m[1mLinking CXX shared library libfollow_human__rosidl_typesupport_c.so[0m
[ 69%] [32m[1mLinking CXX shared library libfollow_human__rosidl_typesupport_introspection_cpp.so[0m
[ 71%] [32m[1mLinking C shared library libfollow_human__rosidl_typesupport_introspection_c.so[0m
[ 71%] Built target follow_human__rosidl_typesupport_fastrtps_cpp
[ 71%] Built target follow_human__rosidl_typesupport_c
[ 71%] Built target follow_human__rosidl_typesupport_introspection_cpp
[ 71%] Built target follow_human__rosidl_typesupport_introspection_c
[ 74%] [32m[1mLinking CXX shared library libfollow_human__rosidl_typesupport_fastrtps_c.so[0m
[ 74%] Built target follow_human__rosidl_typesupport_fastrtps_c
[ 74%] Built target follow_human
[ 76%] [34m[1mGenerating Python code for ROS interfaces[0m
[ 76%] Built target follow_human__py
[ 79%] [32mBuilding C object CMakeFiles/follow_human__rosidl_generator_py.dir/rosidl_generator_py/follow_human/msg/_tracked_object_s.c.o[0m
[ 82%] [32mBuilding C object CMakeFiles/follow_human__rosidl_generator_py.dir/rosidl_generator_py/follow_human/msg/_depth_estimation_s.c.o[0m
[ 84%] [32m[1mLinking C shared library rosidl_generator_py/follow_human/libfollow_human__rosidl_generator_py.so[0m
[ 84%] Built target follow_human__rosidl_generator_py
[ 87%] [32mBuilding C object CMakeFiles/follow_human__rosidl_typesupport_introspection_c__pyext.dir/rosidl_generator_py/follow_human/_follow_human_s.ep.rosidl_typesupport_introspection_c.c.o[0m
[ 89%] [32mBuilding C object CMakeFiles/follow_human__rosidl_typesupport_fastrtps_c__pyext.dir/rosidl_generator_py/follow_human/_follow_human_s.ep.rosidl_typesupport_fastrtps_c.c.o[0m
[ 92%] [32mBuilding C object CMakeFiles/follow_human__rosidl_typesupport_c__pyext.dir/rosidl_generator_py/follow_human/_follow_human_s.ep.rosidl_typesupport_c.c.o[0m
[ 94%] [32m[1mLinking C shared library rosidl_generator_py/follow_human/follow_human_s__rosidl_typesupport_introspection_c.cpython-310-x86_64-linux-gnu.so[0m
[ 97%] [32m[1mLinking C shared library rosidl_generator_py/follow_human/follow_human_s__rosidl_typesupport_fastrtps_c.cpython-310-x86_64-linux-gnu.so[0m
[100%] [32m[1mLinking C shared library rosidl_generator_py/follow_human/follow_human_s__rosidl_typesupport_c.cpython-310-x86_64-linux-gnu.so[0m
[100%] Built target follow_human__rosidl_typesupport_introspection_c__pyext
[100%] Built target follow_human__rosidl_typesupport_fastrtps_c__pyext
[100%] Built target follow_human__rosidl_typesupport_c__pyext
-- Install configuration: ""
-- Execute custom install script
-- Symlinking: /apollo/ros_ws/install/follow_human/share/ament_index/resource_index/rosidl_interfaces/follow_human
-- Symlinking: /apollo/ros_ws/install/follow_human/include/follow_human/follow_human/msg/depth_estimation.h
-- Symlinking: /apollo/ros_ws/install/follow_human/include/follow_human/follow_human/msg/detail/depth_estimation__functions.h
-- Symlinking: /apollo/ros_ws/install/follow_human/include/follow_human/follow_human/msg/detail/depth_estimation__struct.h
-- Symlinking: /apollo/ros_ws/install/follow_human/include/follow_human/follow_human/msg/detail/depth_estimation__type_support.h
-- Symlinking: /apollo/ros_ws/install/follow_human/include/follow_human/follow_human/msg/detail/tracked_object__functions.h
-- Symlinking: /apollo/ros_ws/install/follow_human/include/follow_human/follow_human/msg/detail/tracked_object__struct.h
-- Symlinking: /apollo/ros_ws/install/follow_human/include/follow_human/follow_human/msg/detail/tracked_object__type_support.h
-- Symlinking: /apollo/ros_ws/install/follow_human/include/follow_human/follow_human/msg/rosidl_generator_c__visibility_control.h
-- Symlinking: /apollo/ros_ws/install/follow_human/include/follow_human/follow_human/msg/tracked_object.h
-- Symlinking: /apollo/ros_ws/install/follow_human/share/follow_human/environment/library_path.sh
-- Symlinking: /apollo/ros_ws/install/follow_human/share/follow_human/environment/library_path.dsv
-- Symlinking: /apollo/ros_ws/install/follow_human/include/follow_human/follow_human/msg/detail/depth_estimation__rosidl_typesupport_fastrtps_c.h
-- Symlinking: /apollo/ros_ws/install/follow_human/include/follow_human/follow_human/msg/detail/tracked_object__rosidl_typesupport_fastrtps_c.h
-- Symlinking: /apollo/ros_ws/install/follow_human/include/follow_human/follow_human/msg/rosidl_typesupport_fastrtps_c__visibility_control.h
-- Symlinking: /apollo/ros_ws/install/follow_human/include/follow_human/follow_human/msg/depth_estimation.hpp
-- Symlinking: /apollo/ros_ws/install/follow_human/include/follow_human/follow_human/msg/detail/depth_estimation__builder.hpp
-- Symlinking: /apollo/ros_ws/install/follow_human/include/follow_human/follow_human/msg/detail/depth_estimation__struct.hpp
-- Symlinking: /apollo/ros_ws/install/follow_human/include/follow_human/follow_human/msg/detail/depth_estimation__traits.hpp
-- Symlinking: /apollo/ros_ws/install/follow_human/include/follow_human/follow_human/msg/detail/depth_estimation__type_support.hpp
-- Symlinking: /apollo/ros_ws/install/follow_human/include/follow_human/follow_human/msg/detail/tracked_object__builder.hpp
-- Symlinking: /apollo/ros_ws/install/follow_human/include/follow_human/follow_human/msg/detail/tracked_object__struct.hpp
-- Symlinking: /apollo/ros_ws/install/follow_human/include/follow_human/follow_human/msg/detail/tracked_object__traits.hpp
-- Symlinking: /apollo/ros_ws/install/follow_human/include/follow_human/follow_human/msg/detail/tracked_object__type_support.hpp
-- Symlinking: /apollo/ros_ws/install/follow_human/include/follow_human/follow_human/msg/rosidl_generator_cpp__visibility_control.hpp
-- Symlinking: /apollo/ros_ws/install/follow_human/include/follow_human/follow_human/msg/tracked_object.hpp
-- Symlinking: /apollo/ros_ws/install/follow_human/include/follow_human/follow_human/msg/detail/depth_estimation__rosidl_typesupport_fastrtps_cpp.hpp
-- Symlinking: /apollo/ros_ws/install/follow_human/include/follow_human/follow_human/msg/detail/tracked_object__rosidl_typesupport_fastrtps_cpp.hpp
-- Symlinking: /apollo/ros_ws/install/follow_human/include/follow_human/follow_human/msg/rosidl_typesupport_fastrtps_cpp__visibility_control.h
-- Symlinking: /apollo/ros_ws/install/follow_human/include/follow_human/follow_human/msg/detail/depth_estimation__rosidl_typesupport_introspection_c.h
-- Symlinking: /apollo/ros_ws/install/follow_human/include/follow_human/follow_human/msg/detail/tracked_object__rosidl_typesupport_introspection_c.h
-- Symlinking: /apollo/ros_ws/install/follow_human/include/follow_human/follow_human/msg/rosidl_typesupport_introspection_c__visibility_control.h
-- Symlinking: /apollo/ros_ws/install/follow_human/include/follow_human/follow_human/msg/detail/depth_estimation__rosidl_typesupport_introspection_cpp.hpp
-- Symlinking: /apollo/ros_ws/install/follow_human/include/follow_human/follow_human/msg/detail/tracked_object__rosidl_typesupport_introspection_cpp.hpp
-- Symlinking: /apollo/ros_ws/install/follow_human/share/follow_human/environment/pythonpath.sh
-- Symlinking: /apollo/ros_ws/install/follow_human/share/follow_human/environment/pythonpath.dsv
-- Symlinking: /apollo/ros_ws/install/follow_human/local/lib/python3.10/dist-packages/follow_human-0.0.1-py3.10.egg-info/PKG-INFO
-- Symlinking: /apollo/ros_ws/install/follow_human/local/lib/python3.10/dist-packages/follow_human-0.0.1-py3.10.egg-info/SOURCES.txt
-- Symlinking: /apollo/ros_ws/install/follow_human/local/lib/python3.10/dist-packages/follow_human-0.0.1-py3.10.egg-info/dependency_links.txt
-- Symlinking: /apollo/ros_ws/install/follow_human/local/lib/python3.10/dist-packages/follow_human-0.0.1-py3.10.egg-info/top_level.txt
-- Symlinking: /apollo/ros_ws/install/follow_human/local/lib/python3.10/dist-packages/follow_human/__init__.py
-- Symlinking: /apollo/ros_ws/install/follow_human/local/lib/python3.10/dist-packages/follow_human/_follow_human_s.ep.rosidl_typesupport_c.c
-- Symlinking: /apollo/ros_ws/install/follow_human/local/lib/python3.10/dist-packages/follow_human/_follow_human_s.ep.rosidl_typesupport_fastrtps_c.c
-- Symlinking: /apollo/ros_ws/install/follow_human/local/lib/python3.10/dist-packages/follow_human/_follow_human_s.ep.rosidl_typesupport_introspection_c.c
-- Symlinking: /apollo/ros_ws/install/follow_human/local/lib/python3.10/dist-packages/follow_human/follow_human_s__rosidl_typesupport_c.cpython-310-x86_64-linux-gnu.so
-- Symlinking: /apollo/ros_ws/install/follow_human/local/lib/python3.10/dist-packages/follow_human/follow_human_s__rosidl_typesupport_fastrtps_c.cpython-310-x86_64-linux-gnu.so
-- Symlinking: /apollo/ros_ws/install/follow_human/local/lib/python3.10/dist-packages/follow_human/follow_human_s__rosidl_typesupport_introspection_c.cpython-310-x86_64-linux-gnu.so
-- Symlinking: /apollo/ros_ws/install/follow_human/local/lib/python3.10/dist-packages/follow_human/libfollow_human__rosidl_generator_py.so
-- Symlinking: /apollo/ros_ws/install/follow_human/local/lib/python3.10/dist-packages/follow_human/msg/__init__.py
-- Symlinking: /apollo/ros_ws/install/follow_human/local/lib/python3.10/dist-packages/follow_human/msg/_depth_estimation.py
-- Symlinking: /apollo/ros_ws/install/follow_human/local/lib/python3.10/dist-packages/follow_human/msg/_depth_estimation_s.c
-- Symlinking: /apollo/ros_ws/install/follow_human/local/lib/python3.10/dist-packages/follow_human/msg/_tracked_object.py
-- Symlinking: /apollo/ros_ws/install/follow_human/local/lib/python3.10/dist-packages/follow_human/msg/_tracked_object_s.c
-- Up-to-date symlink: /apollo/ros_ws/install/follow_human/local/lib/python3.10/dist-packages/follow_human/follow_human_s__rosidl_typesupport_fastrtps_c.cpython-310-x86_64-linux-gnu.so
-- Up-to-date symlink: /apollo/ros_ws/install/follow_human/local/lib/python3.10/dist-packages/follow_human/follow_human_s__rosidl_typesupport_introspection_c.cpython-310-x86_64-linux-gnu.so
-- Up-to-date symlink: /apollo/ros_ws/install/follow_human/local/lib/python3.10/dist-packages/follow_human/follow_human_s__rosidl_typesupport_c.cpython-310-x86_64-linux-gnu.so
-- Symlinking: /apollo/ros_ws/install/follow_human/share/follow_human/msg/TrackedObject.idl
-- Symlinking: /apollo/ros_ws/install/follow_human/share/follow_human/msg/DepthEstimation.idl
-- Symlinking: /apollo/ros_ws/install/follow_human/share/follow_human/msg/TrackedObject.msg
-- Symlinking: /apollo/ros_ws/install/follow_human/share/follow_human/msg/DepthEstimation.msg
-- Symlinking: /apollo/ros_ws/install/follow_human/share/ament_index/resource_index/package_run_dependencies/follow_human
-- Symlinking: /apollo/ros_ws/install/follow_human/share/ament_index/resource_index/parent_prefix_path/follow_human
-- Symlinking: /apollo/ros_ws/install/follow_human/share/follow_human/environment/ament_prefix_path.sh
-- Symlinking: /apollo/ros_ws/install/follow_human/share/follow_human/environment/ament_prefix_path.dsv
-- Symlinking: /apollo/ros_ws/install/follow_human/share/follow_human/environment/path.sh
-- Symlinking: /apollo/ros_ws/install/follow_human/share/follow_human/environment/path.dsv
-- Symlinking: /apollo/ros_ws/install/follow_human/share/follow_human/local_setup.bash
-- Symlinking: /apollo/ros_ws/install/follow_human/share/follow_human/local_setup.sh
-- Symlinking: /apollo/ros_ws/install/follow_human/share/follow_human/local_setup.zsh
-- Symlinking: /apollo/ros_ws/install/follow_human/share/follow_human/local_setup.dsv
-- Symlinking: /apollo/ros_ws/install/follow_human/share/follow_human/package.dsv
-- Symlinking: /apollo/ros_ws/install/follow_human/share/ament_index/resource_index/packages/follow_human
-- Symlinking: /apollo/ros_ws/install/follow_human/share/follow_human/cmake/rosidl_cmake-extras.cmake
-- Symlinking: /apollo/ros_ws/install/follow_human/share/follow_human/cmake/ament_cmake_export_dependencies-extras.cmake
-- Symlinking: /apollo/ros_ws/install/follow_human/share/follow_human/cmake/ament_cmake_export_include_directories-extras.cmake
-- Symlinking: /apollo/ros_ws/install/follow_human/share/follow_human/cmake/ament_cmake_export_libraries-extras.cmake
-- Symlinking: /apollo/ros_ws/install/follow_human/share/follow_human/cmake/ament_cmake_export_targets-extras.cmake
-- Symlinking: /apollo/ros_ws/install/follow_human/share/follow_human/cmake/rosidl_cmake_export_typesupport_targets-extras.cmake
-- Symlinking: /apollo/ros_ws/install/follow_human/share/follow_human/cmake/rosidl_cmake_export_typesupport_libraries-extras.cmake
-- Symlinking: /apollo/ros_ws/install/follow_human/share/follow_human/cmake/follow_humanConfig.cmake
-- Symlinking: /apollo/ros_ws/install/follow_human/share/follow_human/cmake/follow_humanConfig-version.cmake
-- Symlinking: /apollo/ros_ws/install/follow_human/share/follow_human/package.xml
-- Installing: /apollo/ros_ws/install/follow_human/lib/libfollow_human__rosidl_generator_c.so
-- Set runtime path of "/apollo/ros_ws/install/follow_human/lib/libfollow_human__rosidl_generator_c.so" to ""
-- Installing: /apollo/ros_ws/install/follow_human/lib/libfollow_human__rosidl_typesupport_fastrtps_c.so
-- Set runtime path of "/apollo/ros_ws/install/follow_human/lib/libfollow_human__rosidl_typesupport_fastrtps_c.so" to ""
-- Installing: /apollo/ros_ws/install/follow_human/lib/libfollow_human__rosidl_typesupport_fastrtps_cpp.so
-- Set runtime path of "/apollo/ros_ws/install/follow_human/lib/libfollow_human__rosidl_typesupport_fastrtps_cpp.so" to ""
-- Installing: /apollo/ros_ws/install/follow_human/lib/libfollow_human__rosidl_typesupport_introspection_c.so
-- Set runtime path of "/apollo/ros_ws/install/follow_human/lib/libfollow_human__rosidl_typesupport_introspection_c.so" to ""
-- Installing: /apollo/ros_ws/install/follow_human/lib/libfollow_human__rosidl_typesupport_c.so
-- Set runtime path of "/apollo/ros_ws/install/follow_human/lib/libfollow_human__rosidl_typesupport_c.so" to ""
-- Installing: /apollo/ros_ws/install/follow_human/lib/libfollow_human__rosidl_typesupport_introspection_cpp.so
-- Set runtime path of "/apollo/ros_ws/install/follow_human/lib/libfollow_human__rosidl_typesupport_introspection_cpp.so" to ""
-- Installing: /apollo/ros_ws/install/follow_human/lib/libfollow_human__rosidl_typesupport_cpp.so
-- Set runtime path of "/apollo/ros_ws/install/follow_human/lib/libfollow_human__rosidl_typesupport_cpp.so" to ""
Listing '/apollo/ros_ws/install/follow_human/local/lib/python3.10/dist-packages/follow_human'...
Compiling '/apollo/ros_ws/install/follow_human/local/lib/python3.10/dist-packages/follow_human/__init__.py'...
Listing '/apollo/ros_ws/install/follow_human/local/lib/python3.10/dist-packages/follow_human/msg'...
Compiling '/apollo/ros_ws/install/follow_human/local/lib/python3.10/dist-packages/follow_human/msg/__init__.py'...
Compiling '/apollo/ros_ws/install/follow_human/local/lib/python3.10/dist-packages/follow_human/msg/_depth_estimation.py'...
Compiling '/apollo/ros_ws/install/follow_human/local/lib/python3.10/dist-packages/follow_human/msg/_tracked_object.py'...
-- Installing: /apollo/ros_ws/install/follow_human/lib/libfollow_human__rosidl_generator_py.so
-- Set runtime path of "/apollo/ros_ws/install/follow_human/lib/libfollow_human__rosidl_generator_py.so" to ""
-- Installing: /apollo/ros_ws/install/follow_human/share/follow_human/cmake/export_follow_human__rosidl_generator_cExport.cmake
-- Installing: /apollo/ros_ws/install/follow_human/share/follow_human/cmake/export_follow_human__rosidl_generator_cExport-noconfig.cmake
-- Installing: /apollo/ros_ws/install/follow_human/share/follow_human/cmake/export_follow_human__rosidl_typesupport_fastrtps_cExport.cmake
-- Installing: /apollo/ros_ws/install/follow_human/share/follow_human/cmake/export_follow_human__rosidl_typesupport_fastrtps_cExport-noconfig.cmake
-- Installing: /apollo/ros_ws/install/follow_human/share/follow_human/cmake/export_follow_human__rosidl_generator_cppExport.cmake
-- Installing: /apollo/ros_ws/install/follow_human/share/follow_human/cmake/export_follow_human__rosidl_typesupport_fastrtps_cppExport.cmake
-- Installing: /apollo/ros_ws/install/follow_human/share/follow_human/cmake/export_follow_human__rosidl_typesupport_fastrtps_cppExport-noconfig.cmake
-- Installing: /apollo/ros_ws/install/follow_human/share/follow_human/cmake/follow_human__rosidl_typesupport_introspection_cExport.cmake
-- Installing: /apollo/ros_ws/install/follow_human/share/follow_human/cmake/follow_human__rosidl_typesupport_introspection_cExport-noconfig.cmake
-- Installing: /apollo/ros_ws/install/follow_human/share/follow_human/cmake/follow_human__rosidl_typesupport_cExport.cmake
-- Installing: /apollo/ros_ws/install/follow_human/share/follow_human/cmake/follow_human__rosidl_typesupport_cExport-noconfig.cmake
-- Installing: /apollo/ros_ws/install/follow_human/share/follow_human/cmake/follow_human__rosidl_typesupport_introspection_cppExport.cmake
-- Installing: /apollo/ros_ws/install/follow_human/share/follow_human/cmake/follow_human__rosidl_typesupport_introspection_cppExport-noconfig.cmake
-- Installing: /apollo/ros_ws/install/follow_human/share/follow_human/cmake/follow_human__rosidl_typesupport_cppExport.cmake
-- Installing: /apollo/ros_ws/install/follow_human/share/follow_human/cmake/follow_human__rosidl_typesupport_cppExport-noconfig.cmake
-- Installing: /apollo/ros_ws/install/follow_human/share/follow_human/cmake/export_follow_human__rosidl_generator_pyExport.cmake
-- Installing: /apollo/ros_ws/install/follow_human/share/follow_human/cmake/export_follow_human__rosidl_generator_pyExport-noconfig.cmake
