[0.314s] Invoking command in '/apollo/ros_ws/build/follow_human': CMAKE_PREFIX_PATH=${CMAKE_PREFIX_PATH}:/apollo/ros_ws/install/task1:/apollo/ros_ws/install/scout_mini_simulation:/apollo/dev_ws/install/my_package:/opt/ros/humble /usr/bin/cmake /apollo/ros_ws/src/follow_human -DAMENT_CMAKE_SYMLINK_INSTALL=1 -DCMAKE_INSTALL_PREFIX=/apollo/ros_ws/install/follow_human
[1.472s] -- The C compiler identification is GNU 11.4.0
[2.096s] -- The CXX compiler identification is GNU 11.4.0
[2.245s] -- Detecting C compiler ABI info
[3.651s] -- Detecting C compiler ABI info - done
[3.679s] -- Check for working C compiler: /usr/bin/cc - skipped
[3.680s] -- Detecting C compile features
[3.680s] -- Detecting C compile features - done
[3.744s] -- Detecting CXX compiler ABI info
[5.047s] -- Detecting CXX compiler ABI info - done
[5.073s] -- Check for working CXX compiler: /usr/bin/c++ - skipped
[5.074s] -- Detecting CXX compile features
[5.075s] -- Detecting CXX compile features - done
[5.215s] -- Found ament_cmake: 1.3.11 (/opt/ros/humble/share/ament_cmake/cmake)
[6.689s] -- Found Python3: /usr/bin/python3 (found version "3.10.12") found components: Interpreter 
[7.122s] -- Override CMake install command with custom implementation using symlinks instead of copying resources
[8.375s] -- Found rclpy: 3.3.15 (/opt/ros/humble/share/rclpy/cmake)
[8.455s] -- Found std_msgs: 4.2.4 (/opt/ros/humble/share/std_msgs/cmake)
[9.258s] -- Found rosidl_generator_c: 3.1.6 (/opt/ros/humble/share/rosidl_generator_c/cmake)
[9.427s] -- Found rosidl_adapter: 3.1.6 (/opt/ros/humble/share/rosidl_adapter/cmake)
[9.582s] -- Found rosidl_generator_cpp: 3.1.6 (/opt/ros/humble/share/rosidl_generator_cpp/cmake)
[9.763s] -- Using all available rosidl_typesupport_c: rosidl_typesupport_fastrtps_c;rosidl_typesupport_introspection_c
[10.005s] -- Using all available rosidl_typesupport_cpp: rosidl_typesupport_fastrtps_cpp;rosidl_typesupport_introspection_cpp
[10.285s] -- Found rosidl_default_generators: 1.2.0 (/opt/ros/humble/share/rosidl_default_generators/cmake)
[12.868s] -- Found ament_cmake_ros: 0.10.0 (/opt/ros/humble/share/ament_cmake_ros/cmake)
[16.762s] -- Using all available rosidl_typesupport_c: rosidl_typesupport_fastrtps_c;rosidl_typesupport_introspection_c
[18.091s] -- Using all available rosidl_typesupport_cpp: rosidl_typesupport_fastrtps_cpp;rosidl_typesupport_introspection_cpp
[18.372s] -- Found PythonInterp: /usr/bin/python3 (found suitable version "3.10.12", minimum required is "3.6") 
[18.462s] -- Found python_cmake_module: 0.10.0 (/opt/ros/humble/share/python_cmake_module/cmake)
[18.848s] -- Found PythonLibs: /usr/lib/x86_64-linux-gnu/libpython3.10.so (found suitable version "3.10.12", minimum required is "3.5") 
[18.849s] -- Using PYTHON_EXECUTABLE: /usr/bin/python3
[18.851s] -- Using PYTHON_INCLUDE_DIRS: /usr/include/python3.10
[18.852s] -- Using PYTHON_LIBRARIES: /usr/lib/x86_64-linux-gnu/libpython3.10.so
[19.056s] -- Found PythonExtra: .so  
[20.885s] -- Configuring done
[23.044s] -- Generating done
[23.773s] -- Build files have been written to: /apollo/ros_ws/build/follow_human
[23.779s] Invoked command in '/apollo/ros_ws/build/follow_human' returned '0': CMAKE_PREFIX_PATH=${CMAKE_PREFIX_PATH}:/apollo/ros_ws/install/task1:/apollo/ros_ws/install/scout_mini_simulation:/apollo/dev_ws/install/my_package:/opt/ros/humble /usr/bin/cmake /apollo/ros_ws/src/follow_human -DAMENT_CMAKE_SYMLINK_INSTALL=1 -DCMAKE_INSTALL_PREFIX=/apollo/ros_ws/install/follow_human
[23.793s] Invoking command in '/apollo/ros_ws/build/follow_human': CMAKE_PREFIX_PATH=${CMAKE_PREFIX_PATH}:/apollo/ros_ws/install/task1:/apollo/ros_ws/install/scout_mini_simulation:/apollo/dev_ws/install/my_package:/opt/ros/humble /usr/bin/cmake --build /apollo/ros_ws/build/follow_human -- -j12 -l12
[24.370s] [  2%] [34m[1mGenerating C code for ROS interfaces[0m
[24.438s] [  2%] Built target ament_cmake_python_symlink_follow_human
[24.454s] [  5%] [34m[1mGenerating C++ code for ROS interfaces[0m
[25.236s] [  5%] Built target follow_human__cpp
[25.331s] [  7%] [34m[1mGenerating C++ type support dispatch for ROS interfaces[0m
[25.342s] [ 10%] [34m[1mGenerating C++ type support for eProsima Fast-RTPS[0m
[25.351s] [ 12%] [32mBuilding C object CMakeFiles/follow_human__rosidl_generator_c.dir/rosidl_generator_c/follow_human/msg/detail/tracked_object__functions.c.o[0m
[25.369s] [ 15%] [32mBuilding C object CMakeFiles/follow_human__rosidl_generator_c.dir/rosidl_generator_c/follow_human/msg/detail/depth_estimation__functions.c.o[0m
[25.384s] [ 17%] [34m[1mGenerating C++ introspection for ROS interfaces[0m
[25.584s] running egg_info
[25.586s] creating follow_human.egg-info
[25.588s] writing follow_human.egg-info/PKG-INFO
[25.594s] writing dependency_links to follow_human.egg-info/dependency_links.txt
[25.601s] writing top-level names to follow_human.egg-info/top_level.txt
[25.607s] writing manifest file 'follow_human.egg-info/SOURCES.txt'
[25.636s] reading manifest file 'follow_human.egg-info/SOURCES.txt'
[25.668s] writing manifest file 'follow_human.egg-info/SOURCES.txt'
[25.718s] [ 20%] [32m[1mLinking C shared library libfollow_human__rosidl_generator_c.so[0m
[25.758s] [ 20%] Built target ament_cmake_python_build_follow_human_egg
[25.995s] [ 23%] [32mBuilding CXX object CMakeFiles/follow_human__rosidl_typesupport_cpp.dir/rosidl_typesupport_cpp/follow_human/msg/depth_estimation__type_support.cpp.o[0m
[26.000s] [ 25%] [32mBuilding CXX object CMakeFiles/follow_human__rosidl_typesupport_cpp.dir/rosidl_typesupport_cpp/follow_human/msg/tracked_object__type_support.cpp.o[0m
[26.021s] [ 25%] Built target follow_human__rosidl_generator_c
[26.118s] [ 30%] [34m[1mGenerating C type support for eProsima Fast-RTPS[0m
[26.120s] [ 30%] [32mBuilding CXX object CMakeFiles/follow_human__rosidl_typesupport_fastrtps_cpp.dir/rosidl_typesupport_fastrtps_cpp/follow_human/msg/detail/dds_fastrtps/tracked_object__type_support.cpp.o[0m
[26.127s] [ 33%] [34m[1mGenerating C type support dispatch for ROS interfaces[0m
[26.136s] [ 35%] [32mBuilding CXX object CMakeFiles/follow_human__rosidl_typesupport_fastrtps_cpp.dir/rosidl_typesupport_fastrtps_cpp/follow_human/msg/detail/dds_fastrtps/depth_estimation__type_support.cpp.o[0m
[26.147s] [ 38%] [34m[1mGenerating C introspection for ROS interfaces[0m
[26.170s] [ 41%] [32mBuilding CXX object CMakeFiles/follow_human__rosidl_typesupport_introspection_cpp.dir/rosidl_typesupport_introspection_cpp/follow_human/msg/detail/tracked_object__type_support.cpp.o[0m
[26.187s] [ 43%] [32mBuilding CXX object CMakeFiles/follow_human__rosidl_typesupport_introspection_cpp.dir/rosidl_typesupport_introspection_cpp/follow_human/msg/detail/depth_estimation__type_support.cpp.o[0m
[26.694s] [ 46%] [32m[1mLinking CXX shared library libfollow_human__rosidl_typesupport_cpp.so[0m
[26.884s] [ 48%] [32mBuilding CXX object CMakeFiles/follow_human__rosidl_typesupport_c.dir/rosidl_typesupport_c/follow_human/msg/tracked_object__type_support.cpp.o[0m
[26.908s] [ 51%] [32mBuilding CXX object CMakeFiles/follow_human__rosidl_typesupport_c.dir/rosidl_typesupport_c/follow_human/msg/depth_estimation__type_support.cpp.o[0m
[26.962s] [ 53%] [32mBuilding CXX object CMakeFiles/follow_human__rosidl_typesupport_fastrtps_c.dir/rosidl_typesupport_fastrtps_c/follow_human/msg/detail/tracked_object__type_support_c.cpp.o[0m
[26.982s] [ 56%] [32mBuilding CXX object CMakeFiles/follow_human__rosidl_typesupport_fastrtps_c.dir/rosidl_typesupport_fastrtps_c/follow_human/msg/detail/depth_estimation__type_support_c.cpp.o[0m
[27.021s] [ 56%] Built target follow_human__rosidl_typesupport_cpp
[27.066s] [ 58%] [32mBuilding C object CMakeFiles/follow_human__rosidl_typesupport_introspection_c.dir/rosidl_typesupport_introspection_c/follow_human/msg/detail/tracked_object__type_support.c.o[0m
[27.074s] [ 61%] [32mBuilding C object CMakeFiles/follow_human__rosidl_typesupport_introspection_c.dir/rosidl_typesupport_introspection_c/follow_human/msg/detail/depth_estimation__type_support.c.o[0m
[27.091s] [ 64%] [32m[1mLinking CXX shared library libfollow_human__rosidl_typesupport_fastrtps_cpp.so[0m
[27.193s] [ 66%] [32m[1mLinking CXX shared library libfollow_human__rosidl_typesupport_c.so[0m
[27.270s] [ 69%] [32m[1mLinking CXX shared library libfollow_human__rosidl_typesupport_introspection_cpp.so[0m
[27.457s] [ 71%] [32m[1mLinking C shared library libfollow_human__rosidl_typesupport_introspection_c.so[0m
[27.516s] [ 71%] Built target follow_human__rosidl_typesupport_fastrtps_cpp
[27.521s] [ 71%] Built target follow_human__rosidl_typesupport_c
[27.702s] [ 71%] Built target follow_human__rosidl_typesupport_introspection_cpp
[27.842s] [ 71%] Built target follow_human__rosidl_typesupport_introspection_c
[27.947s] [ 74%] [32m[1mLinking CXX shared library libfollow_human__rosidl_typesupport_fastrtps_c.so[0m
[28.458s] [ 74%] Built target follow_human__rosidl_typesupport_fastrtps_c
[28.858s] [ 74%] Built target follow_human
[29.277s] [ 76%] [34m[1mGenerating Python code for ROS interfaces[0m
[30.359s] [ 76%] Built target follow_human__py
[30.714s] [ 79%] [32mBuilding C object CMakeFiles/follow_human__rosidl_generator_py.dir/rosidl_generator_py/follow_human/msg/_tracked_object_s.c.o[0m
[30.728s] [ 82%] [32mBuilding C object CMakeFiles/follow_human__rosidl_generator_py.dir/rosidl_generator_py/follow_human/msg/_depth_estimation_s.c.o[0m
[31.282s] [ 84%] [32m[1mLinking C shared library rosidl_generator_py/follow_human/libfollow_human__rosidl_generator_py.so[0m
[31.798s] [ 84%] Built target follow_human__rosidl_generator_py
[32.011s] [ 87%] [32mBuilding C object CMakeFiles/follow_human__rosidl_typesupport_introspection_c__pyext.dir/rosidl_generator_py/follow_human/_follow_human_s.ep.rosidl_typesupport_introspection_c.c.o[0m
[32.026s] [ 89%] [32mBuilding C object CMakeFiles/follow_human__rosidl_typesupport_fastrtps_c__pyext.dir/rosidl_generator_py/follow_human/_follow_human_s.ep.rosidl_typesupport_fastrtps_c.c.o[0m
[32.090s] [ 92%] [32mBuilding C object CMakeFiles/follow_human__rosidl_typesupport_c__pyext.dir/rosidl_generator_py/follow_human/_follow_human_s.ep.rosidl_typesupport_c.c.o[0m
[32.569s] [ 94%] [32m[1mLinking C shared library rosidl_generator_py/follow_human/follow_human_s__rosidl_typesupport_introspection_c.cpython-310-x86_64-linux-gnu.so[0m
[32.590s] [ 97%] [32m[1mLinking C shared library rosidl_generator_py/follow_human/follow_human_s__rosidl_typesupport_fastrtps_c.cpython-310-x86_64-linux-gnu.so[0m
[32.628s] [100%] [32m[1mLinking C shared library rosidl_generator_py/follow_human/follow_human_s__rosidl_typesupport_c.cpython-310-x86_64-linux-gnu.so[0m
[32.881s] [100%] Built target follow_human__rosidl_typesupport_introspection_c__pyext
[32.899s] [100%] Built target follow_human__rosidl_typesupport_fastrtps_c__pyext
[32.996s] [100%] Built target follow_human__rosidl_typesupport_c__pyext
[33.229s] Invoked command in '/apollo/ros_ws/build/follow_human' returned '0': CMAKE_PREFIX_PATH=${CMAKE_PREFIX_PATH}:/apollo/ros_ws/install/task1:/apollo/ros_ws/install/scout_mini_simulation:/apollo/dev_ws/install/my_package:/opt/ros/humble /usr/bin/cmake --build /apollo/ros_ws/build/follow_human -- -j12 -l12
[33.316s] Invoking command in '/apollo/ros_ws/build/follow_human': CMAKE_PREFIX_PATH=${CMAKE_PREFIX_PATH}:/apollo/ros_ws/install/task1:/apollo/ros_ws/install/scout_mini_simulation:/apollo/dev_ws/install/my_package:/opt/ros/humble /usr/bin/cmake --install /apollo/ros_ws/build/follow_human
[33.383s] -- Install configuration: ""
[33.394s] -- Execute custom install script
[33.424s] -- Symlinking: /apollo/ros_ws/install/follow_human/share/ament_index/resource_index/rosidl_interfaces/follow_human
[33.627s] -- Symlinking: /apollo/ros_ws/install/follow_human/include/follow_human/follow_human/msg/depth_estimation.h
[33.741s] -- Symlinking: /apollo/ros_ws/install/follow_human/include/follow_human/follow_human/msg/detail/depth_estimation__functions.h
[33.855s] -- Symlinking: /apollo/ros_ws/install/follow_human/include/follow_human/follow_human/msg/detail/depth_estimation__struct.h
[33.974s] -- Symlinking: /apollo/ros_ws/install/follow_human/include/follow_human/follow_human/msg/detail/depth_estimation__type_support.h
[34.096s] -- Symlinking: /apollo/ros_ws/install/follow_human/include/follow_human/follow_human/msg/detail/tracked_object__functions.h
[34.220s] -- Symlinking: /apollo/ros_ws/install/follow_human/include/follow_human/follow_human/msg/detail/tracked_object__struct.h
[34.322s] -- Symlinking: /apollo/ros_ws/install/follow_human/include/follow_human/follow_human/msg/detail/tracked_object__type_support.h
[34.438s] -- Symlinking: /apollo/ros_ws/install/follow_human/include/follow_human/follow_human/msg/rosidl_generator_c__visibility_control.h
[34.547s] -- Symlinking: /apollo/ros_ws/install/follow_human/include/follow_human/follow_human/msg/tracked_object.h
[34.672s] -- Symlinking: /apollo/ros_ws/install/follow_human/share/follow_human/environment/library_path.sh
[34.780s] -- Symlinking: /apollo/ros_ws/install/follow_human/share/follow_human/environment/library_path.dsv
[35.001s] -- Symlinking: /apollo/ros_ws/install/follow_human/include/follow_human/follow_human/msg/detail/depth_estimation__rosidl_typesupport_fastrtps_c.h
[35.131s] -- Symlinking: /apollo/ros_ws/install/follow_human/include/follow_human/follow_human/msg/detail/tracked_object__rosidl_typesupport_fastrtps_c.h
[35.233s] -- Symlinking: /apollo/ros_ws/install/follow_human/include/follow_human/follow_human/msg/rosidl_typesupport_fastrtps_c__visibility_control.h
[35.412s] -- Symlinking: /apollo/ros_ws/install/follow_human/include/follow_human/follow_human/msg/depth_estimation.hpp
[35.516s] -- Symlinking: /apollo/ros_ws/install/follow_human/include/follow_human/follow_human/msg/detail/depth_estimation__builder.hpp
[35.636s] -- Symlinking: /apollo/ros_ws/install/follow_human/include/follow_human/follow_human/msg/detail/depth_estimation__struct.hpp
[35.750s] -- Symlinking: /apollo/ros_ws/install/follow_human/include/follow_human/follow_human/msg/detail/depth_estimation__traits.hpp
[35.864s] -- Symlinking: /apollo/ros_ws/install/follow_human/include/follow_human/follow_human/msg/detail/depth_estimation__type_support.hpp
[35.990s] -- Symlinking: /apollo/ros_ws/install/follow_human/include/follow_human/follow_human/msg/detail/tracked_object__builder.hpp
[36.117s] -- Symlinking: /apollo/ros_ws/install/follow_human/include/follow_human/follow_human/msg/detail/tracked_object__struct.hpp
[36.240s] -- Symlinking: /apollo/ros_ws/install/follow_human/include/follow_human/follow_human/msg/detail/tracked_object__traits.hpp
[36.340s] -- Symlinking: /apollo/ros_ws/install/follow_human/include/follow_human/follow_human/msg/detail/tracked_object__type_support.hpp
[36.471s] -- Symlinking: /apollo/ros_ws/install/follow_human/include/follow_human/follow_human/msg/rosidl_generator_cpp__visibility_control.hpp
[36.595s] -- Symlinking: /apollo/ros_ws/install/follow_human/include/follow_human/follow_human/msg/tracked_object.hpp
[36.826s] -- Symlinking: /apollo/ros_ws/install/follow_human/include/follow_human/follow_human/msg/detail/depth_estimation__rosidl_typesupport_fastrtps_cpp.hpp
[36.934s] -- Symlinking: /apollo/ros_ws/install/follow_human/include/follow_human/follow_human/msg/detail/tracked_object__rosidl_typesupport_fastrtps_cpp.hpp
[37.042s] -- Symlinking: /apollo/ros_ws/install/follow_human/include/follow_human/follow_human/msg/rosidl_typesupport_fastrtps_cpp__visibility_control.h
[37.187s] -- Symlinking: /apollo/ros_ws/install/follow_human/include/follow_human/follow_human/msg/detail/depth_estimation__rosidl_typesupport_introspection_c.h
[37.303s] -- Symlinking: /apollo/ros_ws/install/follow_human/include/follow_human/follow_human/msg/detail/tracked_object__rosidl_typesupport_introspection_c.h
[37.403s] -- Symlinking: /apollo/ros_ws/install/follow_human/include/follow_human/follow_human/msg/rosidl_typesupport_introspection_c__visibility_control.h
[37.556s] -- Symlinking: /apollo/ros_ws/install/follow_human/include/follow_human/follow_human/msg/detail/depth_estimation__rosidl_typesupport_introspection_cpp.hpp
[37.672s] -- Symlinking: /apollo/ros_ws/install/follow_human/include/follow_human/follow_human/msg/detail/tracked_object__rosidl_typesupport_introspection_cpp.hpp
[37.806s] -- Symlinking: /apollo/ros_ws/install/follow_human/share/follow_human/environment/pythonpath.sh
[37.918s] -- Symlinking: /apollo/ros_ws/install/follow_human/share/follow_human/environment/pythonpath.dsv
[38.050s] -- Symlinking: /apollo/ros_ws/install/follow_human/local/lib/python3.10/dist-packages/follow_human-0.0.1-py3.10.egg-info/PKG-INFO
[38.169s] -- Symlinking: /apollo/ros_ws/install/follow_human/local/lib/python3.10/dist-packages/follow_human-0.0.1-py3.10.egg-info/SOURCES.txt
[38.277s] -- Symlinking: /apollo/ros_ws/install/follow_human/local/lib/python3.10/dist-packages/follow_human-0.0.1-py3.10.egg-info/dependency_links.txt
[38.391s] -- Symlinking: /apollo/ros_ws/install/follow_human/local/lib/python3.10/dist-packages/follow_human-0.0.1-py3.10.egg-info/top_level.txt
[38.741s] -- Symlinking: /apollo/ros_ws/install/follow_human/local/lib/python3.10/dist-packages/follow_human/__init__.py
[38.835s] -- Symlinking: /apollo/ros_ws/install/follow_human/local/lib/python3.10/dist-packages/follow_human/_follow_human_s.ep.rosidl_typesupport_c.c
[38.955s] -- Symlinking: /apollo/ros_ws/install/follow_human/local/lib/python3.10/dist-packages/follow_human/_follow_human_s.ep.rosidl_typesupport_fastrtps_c.c
[39.077s] -- Symlinking: /apollo/ros_ws/install/follow_human/local/lib/python3.10/dist-packages/follow_human/_follow_human_s.ep.rosidl_typesupport_introspection_c.c
[39.186s] -- Symlinking: /apollo/ros_ws/install/follow_human/local/lib/python3.10/dist-packages/follow_human/follow_human_s__rosidl_typesupport_c.cpython-310-x86_64-linux-gnu.so
[39.295s] -- Symlinking: /apollo/ros_ws/install/follow_human/local/lib/python3.10/dist-packages/follow_human/follow_human_s__rosidl_typesupport_fastrtps_c.cpython-310-x86_64-linux-gnu.so
[39.412s] -- Symlinking: /apollo/ros_ws/install/follow_human/local/lib/python3.10/dist-packages/follow_human/follow_human_s__rosidl_typesupport_introspection_c.cpython-310-x86_64-linux-gnu.so
[39.538s] -- Symlinking: /apollo/ros_ws/install/follow_human/local/lib/python3.10/dist-packages/follow_human/libfollow_human__rosidl_generator_py.so
[39.677s] -- Symlinking: /apollo/ros_ws/install/follow_human/local/lib/python3.10/dist-packages/follow_human/msg/__init__.py
[39.811s] -- Symlinking: /apollo/ros_ws/install/follow_human/local/lib/python3.10/dist-packages/follow_human/msg/_depth_estimation.py
[39.942s] -- Symlinking: /apollo/ros_ws/install/follow_human/local/lib/python3.10/dist-packages/follow_human/msg/_depth_estimation_s.c
[40.069s] -- Symlinking: /apollo/ros_ws/install/follow_human/local/lib/python3.10/dist-packages/follow_human/msg/_tracked_object.py
[40.179s] -- Symlinking: /apollo/ros_ws/install/follow_human/local/lib/python3.10/dist-packages/follow_human/msg/_tracked_object_s.c
[40.313s] -- Up-to-date symlink: /apollo/ros_ws/install/follow_human/local/lib/python3.10/dist-packages/follow_human/follow_human_s__rosidl_typesupport_fastrtps_c.cpython-310-x86_64-linux-gnu.so
[40.364s] -- Up-to-date symlink: /apollo/ros_ws/install/follow_human/local/lib/python3.10/dist-packages/follow_human/follow_human_s__rosidl_typesupport_introspection_c.cpython-310-x86_64-linux-gnu.so
[40.421s] -- Up-to-date symlink: /apollo/ros_ws/install/follow_human/local/lib/python3.10/dist-packages/follow_human/follow_human_s__rosidl_typesupport_c.cpython-310-x86_64-linux-gnu.so
[40.446s] -- Symlinking: /apollo/ros_ws/install/follow_human/share/follow_human/msg/TrackedObject.idl
[40.559s] -- Symlinking: /apollo/ros_ws/install/follow_human/share/follow_human/msg/DepthEstimation.idl
[40.669s] -- Symlinking: /apollo/ros_ws/install/follow_human/share/follow_human/msg/TrackedObject.msg
[40.775s] -- Symlinking: /apollo/ros_ws/install/follow_human/share/follow_human/msg/DepthEstimation.msg
[40.898s] -- Symlinking: /apollo/ros_ws/install/follow_human/share/ament_index/resource_index/package_run_dependencies/follow_human
[41.073s] -- Symlinking: /apollo/ros_ws/install/follow_human/share/ament_index/resource_index/parent_prefix_path/follow_human
[41.198s] -- Symlinking: /apollo/ros_ws/install/follow_human/share/follow_human/environment/ament_prefix_path.sh
[41.308s] -- Symlinking: /apollo/ros_ws/install/follow_human/share/follow_human/environment/ament_prefix_path.dsv
[41.423s] -- Symlinking: /apollo/ros_ws/install/follow_human/share/follow_human/environment/path.sh
[41.529s] -- Symlinking: /apollo/ros_ws/install/follow_human/share/follow_human/environment/path.dsv
[41.630s] -- Symlinking: /apollo/ros_ws/install/follow_human/share/follow_human/local_setup.bash
[41.730s] -- Symlinking: /apollo/ros_ws/install/follow_human/share/follow_human/local_setup.sh
[41.832s] -- Symlinking: /apollo/ros_ws/install/follow_human/share/follow_human/local_setup.zsh
[41.918s] -- Symlinking: /apollo/ros_ws/install/follow_human/share/follow_human/local_setup.dsv
[42.026s] -- Symlinking: /apollo/ros_ws/install/follow_human/share/follow_human/package.dsv
[42.141s] -- Symlinking: /apollo/ros_ws/install/follow_human/share/ament_index/resource_index/packages/follow_human
[42.267s] -- Symlinking: /apollo/ros_ws/install/follow_human/share/follow_human/cmake/rosidl_cmake-extras.cmake
[42.374s] -- Symlinking: /apollo/ros_ws/install/follow_human/share/follow_human/cmake/ament_cmake_export_dependencies-extras.cmake
[42.484s] -- Symlinking: /apollo/ros_ws/install/follow_human/share/follow_human/cmake/ament_cmake_export_include_directories-extras.cmake
[42.595s] -- Symlinking: /apollo/ros_ws/install/follow_human/share/follow_human/cmake/ament_cmake_export_libraries-extras.cmake
[42.703s] -- Symlinking: /apollo/ros_ws/install/follow_human/share/follow_human/cmake/ament_cmake_export_targets-extras.cmake
[42.828s] -- Symlinking: /apollo/ros_ws/install/follow_human/share/follow_human/cmake/rosidl_cmake_export_typesupport_targets-extras.cmake
[42.926s] -- Symlinking: /apollo/ros_ws/install/follow_human/share/follow_human/cmake/rosidl_cmake_export_typesupport_libraries-extras.cmake
[43.046s] -- Symlinking: /apollo/ros_ws/install/follow_human/share/follow_human/cmake/follow_humanConfig.cmake
[43.166s] -- Symlinking: /apollo/ros_ws/install/follow_human/share/follow_human/cmake/follow_humanConfig-version.cmake
[43.269s] -- Symlinking: /apollo/ros_ws/install/follow_human/share/follow_human/package.xml
[43.388s] -- Installing: /apollo/ros_ws/install/follow_human/lib/libfollow_human__rosidl_generator_c.so
[43.494s] -- Set runtime path of "/apollo/ros_ws/install/follow_human/lib/libfollow_human__rosidl_generator_c.so" to ""
[43.513s] -- Installing: /apollo/ros_ws/install/follow_human/lib/libfollow_human__rosidl_typesupport_fastrtps_c.so
[43.630s] -- Set runtime path of "/apollo/ros_ws/install/follow_human/lib/libfollow_human__rosidl_typesupport_fastrtps_c.so" to ""
[43.640s] -- Installing: /apollo/ros_ws/install/follow_human/lib/libfollow_human__rosidl_typesupport_fastrtps_cpp.so
[43.736s] -- Set runtime path of "/apollo/ros_ws/install/follow_human/lib/libfollow_human__rosidl_typesupport_fastrtps_cpp.so" to ""
[43.754s] -- Installing: /apollo/ros_ws/install/follow_human/lib/libfollow_human__rosidl_typesupport_introspection_c.so
[43.856s] -- Set runtime path of "/apollo/ros_ws/install/follow_human/lib/libfollow_human__rosidl_typesupport_introspection_c.so" to ""
[43.873s] -- Installing: /apollo/ros_ws/install/follow_human/lib/libfollow_human__rosidl_typesupport_c.so
[43.949s] -- Set runtime path of "/apollo/ros_ws/install/follow_human/lib/libfollow_human__rosidl_typesupport_c.so" to ""
[43.967s] -- Installing: /apollo/ros_ws/install/follow_human/lib/libfollow_human__rosidl_typesupport_introspection_cpp.so
[44.071s] -- Set runtime path of "/apollo/ros_ws/install/follow_human/lib/libfollow_human__rosidl_typesupport_introspection_cpp.so" to ""
[44.092s] -- Installing: /apollo/ros_ws/install/follow_human/lib/libfollow_human__rosidl_typesupport_cpp.so
[44.194s] -- Set runtime path of "/apollo/ros_ws/install/follow_human/lib/libfollow_human__rosidl_typesupport_cpp.so" to ""
[45.150s] Listing '/apollo/ros_ws/install/follow_human/local/lib/python3.10/dist-packages/follow_human'...
[45.150s] Compiling '/apollo/ros_ws/install/follow_human/local/lib/python3.10/dist-packages/follow_human/__init__.py'...
[45.151s] Listing '/apollo/ros_ws/install/follow_human/local/lib/python3.10/dist-packages/follow_human/msg'...
[45.152s] Compiling '/apollo/ros_ws/install/follow_human/local/lib/python3.10/dist-packages/follow_human/msg/__init__.py'...
[45.153s] Compiling '/apollo/ros_ws/install/follow_human/local/lib/python3.10/dist-packages/follow_human/msg/_depth_estimation.py'...
[45.153s] Compiling '/apollo/ros_ws/install/follow_human/local/lib/python3.10/dist-packages/follow_human/msg/_tracked_object.py'...
[45.173s] -- Installing: /apollo/ros_ws/install/follow_human/lib/libfollow_human__rosidl_generator_py.so
[45.275s] -- Set runtime path of "/apollo/ros_ws/install/follow_human/lib/libfollow_human__rosidl_generator_py.so" to ""
[45.296s] -- Installing: /apollo/ros_ws/install/follow_human/share/follow_human/cmake/export_follow_human__rosidl_generator_cExport.cmake
[45.409s] -- Installing: /apollo/ros_ws/install/follow_human/share/follow_human/cmake/export_follow_human__rosidl_generator_cExport-noconfig.cmake
[45.519s] -- Installing: /apollo/ros_ws/install/follow_human/share/follow_human/cmake/export_follow_human__rosidl_typesupport_fastrtps_cExport.cmake
[45.616s] -- Installing: /apollo/ros_ws/install/follow_human/share/follow_human/cmake/export_follow_human__rosidl_typesupport_fastrtps_cExport-noconfig.cmake
[45.706s] -- Installing: /apollo/ros_ws/install/follow_human/share/follow_human/cmake/export_follow_human__rosidl_generator_cppExport.cmake
[45.805s] -- Installing: /apollo/ros_ws/install/follow_human/share/follow_human/cmake/export_follow_human__rosidl_typesupport_fastrtps_cppExport.cmake
[45.897s] -- Installing: /apollo/ros_ws/install/follow_human/share/follow_human/cmake/export_follow_human__rosidl_typesupport_fastrtps_cppExport-noconfig.cmake
[45.988s] -- Installing: /apollo/ros_ws/install/follow_human/share/follow_human/cmake/follow_human__rosidl_typesupport_introspection_cExport.cmake
[46.104s] -- Installing: /apollo/ros_ws/install/follow_human/share/follow_human/cmake/follow_human__rosidl_typesupport_introspection_cExport-noconfig.cmake
[46.215s] -- Installing: /apollo/ros_ws/install/follow_human/share/follow_human/cmake/follow_human__rosidl_typesupport_cExport.cmake
[46.315s] -- Installing: /apollo/ros_ws/install/follow_human/share/follow_human/cmake/follow_human__rosidl_typesupport_cExport-noconfig.cmake
[46.404s] -- Installing: /apollo/ros_ws/install/follow_human/share/follow_human/cmake/follow_human__rosidl_typesupport_introspection_cppExport.cmake
[46.506s] -- Installing: /apollo/ros_ws/install/follow_human/share/follow_human/cmake/follow_human__rosidl_typesupport_introspection_cppExport-noconfig.cmake
[46.613s] -- Installing: /apollo/ros_ws/install/follow_human/share/follow_human/cmake/follow_human__rosidl_typesupport_cppExport.cmake
[46.697s] -- Installing: /apollo/ros_ws/install/follow_human/share/follow_human/cmake/follow_human__rosidl_typesupport_cppExport-noconfig.cmake
[46.802s] -- Installing: /apollo/ros_ws/install/follow_human/share/follow_human/cmake/export_follow_human__rosidl_generator_pyExport.cmake
[46.915s] -- Installing: /apollo/ros_ws/install/follow_human/share/follow_human/cmake/export_follow_human__rosidl_generator_pyExport-noconfig.cmake
[47.010s] Invoked command in '/apollo/ros_ws/build/follow_human' returned '0': CMAKE_PREFIX_PATH=${CMAKE_PREFIX_PATH}:/apollo/ros_ws/install/task1:/apollo/ros_ws/install/scout_mini_simulation:/apollo/dev_ws/install/my_package:/opt/ros/humble /usr/bin/cmake --install /apollo/ros_ws/build/follow_human
