[0.033s] Invoking command in '/apollo/ros_ws/build/scout_mini_base': CMAKE_PREFIX_PATH=/opt/ros/humble /usr/bin/cmake --build /apollo/ros_ws/build/scout_mini_base -- -j20 -l20
[0.196s] Invoked command in '/apollo/ros_ws/build/scout_mini_base' returned '0': CMAKE_PREFIX_PATH=/opt/ros/humble /usr/bin/cmake --build /apollo/ros_ws/build/scout_mini_base -- -j20 -l20
[0.207s] Invoking command in '/apollo/ros_ws/build/scout_mini_base': CMAKE_PREFIX_PATH=/opt/ros/humble /usr/bin/cmake --install /apollo/ros_ws/build/scout_mini_base
[0.215s] -- Install configuration: ""
[0.216s] -- Execute custom install script
[0.217s] -- Up-to-date symlink: /apollo/ros_ws/install/scout_mini_base/share/scout_mini_base/config/scout_mini.yaml
[0.217s] -- Up-to-date symlink: /apollo/ros_ws/install/scout_mini_base/share/scout_mini_base/launch/base_launch.py
[0.218s] -- Up-to-date symlink: /apollo/ros_ws/install/scout_mini_base/share/ament_index/resource_index/package_run_dependencies/scout_mini_base
[0.218s] -- Up-to-date symlink: /apollo/ros_ws/install/scout_mini_base/share/ament_index/resource_index/parent_prefix_path/scout_mini_base
[0.218s] -- Up-to-date symlink: /apollo/ros_ws/install/scout_mini_base/share/scout_mini_base/environment/ament_prefix_path.sh
[0.219s] -- Up-to-date symlink: /apollo/ros_ws/install/scout_mini_base/share/scout_mini_base/environment/ament_prefix_path.dsv
[0.219s] -- Up-to-date symlink: /apollo/ros_ws/install/scout_mini_base/share/scout_mini_base/environment/path.sh
[0.219s] -- Up-to-date symlink: /apollo/ros_ws/install/scout_mini_base/share/scout_mini_base/environment/path.dsv
[0.220s] -- Up-to-date symlink: /apollo/ros_ws/install/scout_mini_base/share/scout_mini_base/local_setup.bash
[0.220s] -- Up-to-date symlink: /apollo/ros_ws/install/scout_mini_base/share/scout_mini_base/local_setup.sh
[0.220s] -- Up-to-date symlink: /apollo/ros_ws/install/scout_mini_base/share/scout_mini_base/local_setup.zsh
[0.220s] -- Up-to-date symlink: /apollo/ros_ws/install/scout_mini_base/share/scout_mini_base/local_setup.dsv
[0.220s] -- Symlinking: /apollo/ros_ws/install/scout_mini_base/share/scout_mini_base/package.dsv
[0.238s] -- Up-to-date symlink: /apollo/ros_ws/install/scout_mini_base/share/ament_index/resource_index/packages/scout_mini_base
[0.238s] -- Up-to-date symlink: /apollo/ros_ws/install/scout_mini_base/share/scout_mini_base/cmake/scout_mini_baseConfig.cmake
[0.238s] -- Up-to-date symlink: /apollo/ros_ws/install/scout_mini_base/share/scout_mini_base/cmake/scout_mini_baseConfig-version.cmake
[0.239s] -- Up-to-date symlink: /apollo/ros_ws/install/scout_mini_base/share/scout_mini_base/package.xml
[0.241s] Invoked command in '/apollo/ros_ws/build/scout_mini_base' returned '0': CMAKE_PREFIX_PATH=/opt/ros/humble /usr/bin/cmake --install /apollo/ros_ws/build/scout_mini_base
