running egg_info
writing ../../build/scout_mini_simulation/scout_mini_simulation.egg-info/PKG-INFO
writing dependency_links to ../../build/scout_mini_simulation/scout_mini_simulation.egg-info/dependency_links.txt
writing entry points to ../../build/scout_mini_simulation/scout_mini_simulation.egg-info/entry_points.txt
writing requirements to ../../build/scout_mini_simulation/scout_mini_simulation.egg-info/requires.txt
writing top-level names to ../../build/scout_mini_simulation/scout_mini_simulation.egg-info/top_level.txt
reading manifest file '../../build/scout_mini_simulation/scout_mini_simulation.egg-info/SOURCES.txt'
writing manifest file '../../build/scout_mini_simulation/scout_mini_simulation.egg-info/SOURCES.txt'
running build
running build_py
creating /apollo/ros_ws/build/scout_mini_simulation/build
creating /apollo/ros_ws/build/scout_mini_simulation/build/lib
creating /apollo/ros_ws/build/scout_mini_simulation/build/lib/scout_mini_simulation
copying scout_mini_simulation/__init__.py -> /apollo/ros_ws/build/scout_mini_simulation/build/lib/scout_mini_simulation
running install
running install_lib
creating /apollo/ros_ws/install/scout_mini_simulation/lib/python3.10/site-packages/scout_mini_simulation
copying /apollo/ros_ws/build/scout_mini_simulation/build/lib/scout_mini_simulation/__init__.py -> /apollo/ros_ws/install/scout_mini_simulation/lib/python3.10/site-packages/scout_mini_simulation
byte-compiling /apollo/ros_ws/install/scout_mini_simulation/lib/python3.10/site-packages/scout_mini_simulation/__init__.py to __init__.cpython-310.pyc
running install_data
creating /apollo/ros_ws/install/scout_mini_simulation/share/scout_mini_simulation/urdf
