[0.361s] Invoking command in '/apollo/ros_ws/src/scout_mini_simulation': CMAKE_PREFIX_PATH=/apollo/ros_ws/install/scout_mini_description:/apollo/ros_ws/install/scout_mini_base:/apollo/ros_ws/install/scout_mini_ros2:/apollo/ros_ws/install/scout_mini_hardware:/apollo/ros_ws/install/scout_mini_msgs PYTHONPATH=/apollo/ros_ws/build/scout_mini_simulation/prefix_override:/usr/lib/python3/dist-packages/colcon_core/task/python/colcon_distutils_commands:/apollo/ros_ws/install/scout_mini_simulation/lib/python3.10/site-packages:${PYTHONPATH} /usr/bin/python3 -W ignore:setup.py install is deprecated -W ignore:easy_install command is deprecated setup.py egg_info --egg-base ../../build/scout_mini_simulation build --build-base /apollo/ros_ws/build/scout_mini_simulation/build install --record /apollo/ros_ws/build/scout_mini_simulation/install.log --single-version-externally-managed install_data
[0.498s] running egg_info
[0.499s] writing ../../build/scout_mini_simulation/scout_mini_simulation.egg-info/PKG-INFO
[0.499s] writing dependency_links to ../../build/scout_mini_simulation/scout_mini_simulation.egg-info/dependency_links.txt
[0.499s] writing entry points to ../../build/scout_mini_simulation/scout_mini_simulation.egg-info/entry_points.txt
[0.499s] writing requirements to ../../build/scout_mini_simulation/scout_mini_simulation.egg-info/requires.txt
[0.499s] writing top-level names to ../../build/scout_mini_simulation/scout_mini_simulation.egg-info/top_level.txt
[0.500s] reading manifest file '../../build/scout_mini_simulation/scout_mini_simulation.egg-info/SOURCES.txt'
[0.501s] writing manifest file '../../build/scout_mini_simulation/scout_mini_simulation.egg-info/SOURCES.txt'
[0.501s] running build
[0.501s] running build_py
[0.501s] creating /apollo/ros_ws/build/scout_mini_simulation/build
[0.501s] creating /apollo/ros_ws/build/scout_mini_simulation/build/lib
[0.501s] creating /apollo/ros_ws/build/scout_mini_simulation/build/lib/scout_mini_simulation
[0.501s] copying scout_mini_simulation/__init__.py -> /apollo/ros_ws/build/scout_mini_simulation/build/lib/scout_mini_simulation
[0.501s] running install
[0.501s] running install_lib
[0.502s] creating /apollo/ros_ws/install/scout_mini_simulation/lib/python3.10/site-packages/scout_mini_simulation
[0.502s] copying /apollo/ros_ws/build/scout_mini_simulation/build/lib/scout_mini_simulation/__init__.py -> /apollo/ros_ws/install/scout_mini_simulation/lib/python3.10/site-packages/scout_mini_simulation
[0.502s] byte-compiling /apollo/ros_ws/install/scout_mini_simulation/lib/python3.10/site-packages/scout_mini_simulation/__init__.py to __init__.cpython-310.pyc
[0.502s] running install_data
[0.502s] creating /apollo/ros_ws/install/scout_mini_simulation/share/scout_mini_simulation/urdf
[0.502s] error: can't copy 'urdf/scout_mini.urdf': doesn't exist or not a regular file
[0.514s] Invoked command in '/apollo/ros_ws/src/scout_mini_simulation' returned '1': CMAKE_PREFIX_PATH=/apollo/ros_ws/install/scout_mini_description:/apollo/ros_ws/install/scout_mini_base:/apollo/ros_ws/install/scout_mini_ros2:/apollo/ros_ws/install/scout_mini_hardware:/apollo/ros_ws/install/scout_mini_msgs PYTHONPATH=/apollo/ros_ws/build/scout_mini_simulation/prefix_override:/usr/lib/python3/dist-packages/colcon_core/task/python/colcon_distutils_commands:/apollo/ros_ws/install/scout_mini_simulation/lib/python3.10/site-packages:${PYTHONPATH} /usr/bin/python3 -W ignore:setup.py install is deprecated -W ignore:easy_install command is deprecated setup.py egg_info --egg-base ../../build/scout_mini_simulation build --build-base /apollo/ros_ws/build/scout_mini_simulation/build install --record /apollo/ros_ws/build/scout_mini_simulation/install.log --single-version-externally-managed install_data
