[0.327s] Invoking command in '/apollo/ros_ws/build/follow_human': CMAKE_PREFIX_PATH=${CMAKE_PREFIX_PATH}:/apollo/ros_ws/install/task1:/apollo/ros_ws/install/scout_mini_simulation:/apollo/dev_ws/install/my_package:/opt/ros/humble /usr/bin/cmake /apollo/ros_ws/src/follow_human -DCMAKE_INSTALL_PREFIX=/apollo/ros_ws/install/follow_human
[1.450s] -- The C compiler identification is GNU 11.4.0
[2.040s] -- The CXX compiler identification is GNU 11.4.0
[2.141s] -- Detecting C compiler ABI info
[3.495s] -- Detecting C compiler ABI info - done
[3.519s] -- Check for working C compiler: /usr/bin/cc - skipped
[3.520s] -- Detecting C compile features
[3.521s] -- Detecting C compile features - done
[3.588s] -- Detecting CXX compiler ABI info
[4.901s] -- Detecting CXX compiler ABI info - done
[4.923s] -- Check for working CXX compiler: /usr/bin/c++ - skipped
[4.924s] -- Detecting CXX compile features
[4.924s] -- Detecting CXX compile features - done
[5.070s] -- Found ament_cmake: 1.3.11 (/opt/ros/humble/share/ament_cmake/cmake)
[6.690s] -- Found Python3: /usr/bin/python3 (found version "3.10.12") found components: Interpreter 
[8.387s] -- Found rclpy: 3.3.15 (/opt/ros/humble/share/rclpy/cmake)
[8.470s] -- Found std_msgs: 4.2.4 (/opt/ros/humble/share/std_msgs/cmake)
[9.243s] -- Found rosidl_generator_c: 3.1.6 (/opt/ros/humble/share/rosidl_generator_c/cmake)
[9.403s] -- Found rosidl_adapter: 3.1.6 (/opt/ros/humble/share/rosidl_adapter/cmake)
[9.562s] -- Found rosidl_generator_cpp: 3.1.6 (/opt/ros/humble/share/rosidl_generator_cpp/cmake)
[9.759s] -- Using all available rosidl_typesupport_c: rosidl_typesupport_fastrtps_c;rosidl_typesupport_introspection_c
[9.996s] -- Using all available rosidl_typesupport_cpp: rosidl_typesupport_fastrtps_cpp;rosidl_typesupport_introspection_cpp
[10.261s] -- Found rosidl_default_generators: 1.2.0 (/opt/ros/humble/share/rosidl_default_generators/cmake)
[12.612s] -- Found ament_cmake_ros: 0.10.0 (/opt/ros/humble/share/ament_cmake_ros/cmake)
[16.523s] -- Using all available rosidl_typesupport_c: rosidl_typesupport_fastrtps_c;rosidl_typesupport_introspection_c
[17.948s] -- Using all available rosidl_typesupport_cpp: rosidl_typesupport_fastrtps_cpp;rosidl_typesupport_introspection_cpp
[18.252s] -- Found PythonInterp: /usr/bin/python3 (found suitable version "3.10.12", minimum required is "3.6") 
[18.334s] -- Found python_cmake_module: 0.10.0 (/opt/ros/humble/share/python_cmake_module/cmake)
[18.739s] -- Found PythonLibs: /usr/lib/x86_64-linux-gnu/libpython3.10.so (found suitable version "3.10.12", minimum required is "3.5") 
[18.740s] -- Using PYTHON_EXECUTABLE: /usr/bin/python3
[18.741s] -- Using PYTHON_INCLUDE_DIRS: /usr/include/python3.10
[18.741s] -- Using PYTHON_LIBRARIES: /usr/lib/x86_64-linux-gnu/libpython3.10.so
[18.927s] -- Found PythonExtra: .so  
[19.547s] [31mCMake Error at /opt/ros/humble/share/ament_cmake_python/cmake/ament_python_install_package.cmake:122 (add_custom_target):
[19.548s]   add_custom_target cannot create target
[19.549s]   "ament_cmake_python_copy_follow_human" because another target with the same
[19.550s]   name already exists.  The existing target is a custom target created in
[19.551s]   source directory "/apollo/ros_ws/src/follow_human".  See documentation for
[19.552s]   policy CMP0002 for more details.
[19.552s] Call Stack (most recent call first):
[19.553s]   /opt/ros/humble/share/ament_cmake_python/cmake/ament_python_install_package.cmake:39 (_ament_cmake_python_install_package)
[19.554s]   CMakeLists.txt:20 (ament_python_install_package)
[19.555s] 
[19.556s] [0m
[19.557s] [31mCMake Error at /opt/ros/humble/share/ament_cmake_python/cmake/ament_python_install_package.cmake:141 (add_custom_target):
[19.558s]   add_custom_target cannot create target
[19.559s]   "ament_cmake_python_build_follow_human_egg" because another target with the
[19.560s]   same name already exists.  The existing target is a custom target created
[19.561s]   in source directory "/apollo/ros_ws/src/follow_human".  See documentation
[19.562s]   for policy CMP0002 for more details.
[19.563s] Call Stack (most recent call first):
[19.563s]   /opt/ros/humble/share/ament_cmake_python/cmake/ament_python_install_package.cmake:39 (_ament_cmake_python_install_package)
[19.564s]   CMakeLists.txt:20 (ament_python_install_package)
[19.565s] 
[19.566s] [0m
[20.367s] -- Configuring incomplete, errors occurred!
[20.367s] See also "/apollo/ros_ws/build/follow_human/CMakeFiles/CMakeOutput.log".
[20.384s] Invoked command in '/apollo/ros_ws/build/follow_human' returned '1': CMAKE_PREFIX_PATH=${CMAKE_PREFIX_PATH}:/apollo/ros_ws/install/task1:/apollo/ros_ws/install/scout_mini_simulation:/apollo/dev_ws/install/my_package:/opt/ros/humble /usr/bin/cmake /apollo/ros_ws/src/follow_human -DCMAKE_INSTALL_PREFIX=/apollo/ros_ws/install/follow_human
