[7.065s] Invoking command in '/apollo/ros_ws/build/scout_mini_simulation': AMENT_PREFIX_PATH=/apollo/ros_ws/install/scout_mini_description:/apollo/ros_ws/install/scout_mini_base:${AMENT_PREFIX_PATH} CMAKE_PREFIX_PATH=/apollo/ros_ws/install/scout_mini_description:/apollo/ros_ws/install/scout_mini_base:${CMAKE_PREFIX_PATH} PYTHONPATH=/apollo/ros_ws/build/scout_mini_simulation/prefix_override:/usr/lib/python3/dist-packages/colcon_core/task/python/colcon_distutils_commands:/apollo/ros_ws/install/scout_mini_simulation/lib/python3.10/site-packages:${PYTHONPATH} /usr/bin/python3 -W ignore:setup.py install is deprecated -W ignore:easy_install command is deprecated setup.py develop --editable --build-directory /apollo/ros_ws/build/scout_mini_simulation/build --no-deps symlink_data
[9.356s] running develop
[9.998s] running egg_info
[10.000s] creating scout_mini_simulation.egg-info
[10.002s] writing scout_mini_simulation.egg-info/PKG-INFO
[10.015s] writing dependency_links to scout_mini_simulation.egg-info/dependency_links.txt
[10.022s] writing entry points to scout_mini_simulation.egg-info/entry_points.txt
[10.031s] writing requirements to scout_mini_simulation.egg-info/requires.txt
[10.038s] writing top-level names to scout_mini_simulation.egg-info/top_level.txt
[10.048s] writing manifest file 'scout_mini_simulation.egg-info/SOURCES.txt'
[10.178s] reading manifest file 'scout_mini_simulation.egg-info/SOURCES.txt'
[10.272s] writing manifest file 'scout_mini_simulation.egg-info/SOURCES.txt'
[10.305s] running build_ext
[10.306s] Creating /apollo/ros_ws/install/scout_mini_simulation/lib/python3.10/site-packages/scout-mini-simulation.egg-link (link to .)
[10.344s] 
[10.346s] Installed /apollo/ros_ws/build/scout_mini_simulation
[10.351s] running symlink_data
[10.361s] creating /apollo/ros_ws/install/scout_mini_simulation/share/ament_index
[10.366s] creating /apollo/ros_ws/install/scout_mini_simulation/share/ament_index/resource_index
[10.370s] creating /apollo/ros_ws/install/scout_mini_simulation/share/ament_index/resource_index/packages
[10.396s] symbolically linking /apollo/ros_ws/build/scout_mini_simulation/resource/scout_mini_simulation -> /apollo/ros_ws/install/scout_mini_simulation/share/ament_index/resource_index/packages
[10.427s] symbolically linking /apollo/ros_ws/build/scout_mini_simulation/package.xml -> /apollo/ros_ws/install/scout_mini_simulation/share/scout_mini_simulation
[10.442s] creating /apollo/ros_ws/install/scout_mini_simulation/share/scout_mini_simulation/launch
[10.478s] symbolically linking /apollo/ros_ws/build/scout_mini_simulation/launch/simulation.launch.py -> /apollo/ros_ws/install/scout_mini_simulation/share/scout_mini_simulation/launch
[10.502s] creating /apollo/ros_ws/install/scout_mini_simulation/share/scout_mini_simulation/config
[10.542s] symbolically linking /apollo/ros_ws/build/scout_mini_simulation/config/scout_mini.yaml -> /apollo/ros_ws/install/scout_mini_simulation/share/scout_mini_simulation/config
[10.564s] creating /apollo/ros_ws/install/scout_mini_simulation/share/scout_mini_simulation/urdf
[10.598s] symbolically linking /apollo/ros_ws/build/scout_mini_simulation/urdf/scout_mini.urdf -> /apollo/ros_ws/install/scout_mini_simulation/share/scout_mini_simulation/urdf
[10.650s] Invoked command in '/apollo/ros_ws/build/scout_mini_simulation' returned '0': AMENT_PREFIX_PATH=/apollo/ros_ws/install/scout_mini_description:/apollo/ros_ws/install/scout_mini_base:${AMENT_PREFIX_PATH} CMAKE_PREFIX_PATH=/apollo/ros_ws/install/scout_mini_description:/apollo/ros_ws/install/scout_mini_base:${CMAKE_PREFIX_PATH} PYTHONPATH=/apollo/ros_ws/build/scout_mini_simulation/prefix_override:/usr/lib/python3/dist-packages/colcon_core/task/python/colcon_distutils_commands:/apollo/ros_ws/install/scout_mini_simulation/lib/python3.10/site-packages:${PYTHONPATH} /usr/bin/python3 -W ignore:setup.py install is deprecated -W ignore:easy_install command is deprecated setup.py develop --editable --build-directory /apollo/ros_ws/build/scout_mini_simulation/build --no-deps symlink_data
