[0.017s] Invoking command in '/apollo/ros_ws/build/scout_mini_msgs': CMAKE_PREFIX_PATH=${CMAKE_PREFIX_PATH}:/apollo/dev_ws/install/my_package:/apollo/ros_ws/install/scout_mini_simulation:/opt/ros/humble /usr/bin/cmake /apollo/ros_ws/src/scout_mini_msgs -DCMAKE_INSTALL_PREFIX=/apollo/ros_ws/install/scout_mini_msgs
[0.054s] -- Found ament_cmake: 1.3.11 (/opt/ros/humble/share/ament_cmake/cmake)
[0.158s] -- Override CMake install command with custom implementation using symlinks instead of copying resources
[0.172s] -- Found rosidl_default_generators: 1.2.0 (/opt/ros/humble/share/rosidl_default_generators/cmake)
[0.175s] -- Using all available rosidl_typesupport_c: rosidl_typesupport_fastrtps_c;rosidl_typesupport_introspection_c
[0.179s] -- Found rosidl_adapter: 3.1.6 (/opt/ros/humble/share/rosidl_adapter/cmake)
[0.208s] -- Using all available rosidl_typesupport_cpp: rosidl_typesupport_fastrtps_cpp;rosidl_typesupport_introspection_cpp
[0.234s] -- Found builtin_interfaces: 1.2.1 (/opt/ros/humble/share/builtin_interfaces/cmake)
[0.242s] -- Found std_msgs: 4.2.4 (/opt/ros/humble/share/std_msgs/cmake)
[0.486s] -- Found ament_cmake_ros: 0.10.0 (/opt/ros/humble/share/ament_cmake_ros/cmake)
[0.686s] -- Using all available rosidl_typesupport_c: rosidl_typesupport_fastrtps_c;rosidl_typesupport_introspection_c
[0.912s] -- Using all available rosidl_typesupport_cpp: rosidl_typesupport_fastrtps_cpp;rosidl_typesupport_introspection_cpp
[0.931s] -- Found python_cmake_module: 0.10.0 (/opt/ros/humble/share/python_cmake_module/cmake)
[0.954s] -- Using PYTHON_EXECUTABLE: /usr/bin/python3
[0.954s] -- Using PYTHON_INCLUDE_DIRS: /usr/include/python3.10
[0.954s] -- Using PYTHON_LIBRARIES: /usr/lib/x86_64-linux-gnu/libpython3.10.so
[0.981s] -- Configuring done
[1.019s] -- Generating done
[1.025s] -- Build files have been written to: /apollo/ros_ws/build/scout_mini_msgs
[1.030s] Invoked command in '/apollo/ros_ws/build/scout_mini_msgs' returned '0': CMAKE_PREFIX_PATH=${CMAKE_PREFIX_PATH}:/apollo/dev_ws/install/my_package:/apollo/ros_ws/install/scout_mini_simulation:/opt/ros/humble /usr/bin/cmake /apollo/ros_ws/src/scout_mini_msgs -DCMAKE_INSTALL_PREFIX=/apollo/ros_ws/install/scout_mini_msgs
[1.032s] Invoking command in '/apollo/ros_ws/build/scout_mini_msgs': CMAKE_PREFIX_PATH=${CMAKE_PREFIX_PATH}:/apollo/dev_ws/install/my_package:/apollo/ros_ws/install/scout_mini_simulation:/opt/ros/humble /usr/bin/cmake --build /apollo/ros_ws/build/scout_mini_msgs -- -j20 -l20
[1.070s] [35m[1mConsolidate compiler generated dependencies of target scout_mini_msgs__rosidl_generator_c[0m
[1.078s] [  1%] Built target scout_mini_msgs__cpp
[1.085s] [  1%] Built target ament_cmake_python_symlink_scout_mini_msgs
[1.086s] [35m[1mConsolidate compiler generated dependencies of target scout_mini_msgs__rosidl_typesupport_introspection_cpp[0m
[1.087s] [ 12%] Built target scout_mini_msgs__rosidl_generator_c
[1.090s] [35m[1mConsolidate compiler generated dependencies of target scout_mini_msgs__rosidl_typesupport_cpp[0m
[1.090s] [35m[1mConsolidate compiler generated dependencies of target scout_mini_msgs__rosidl_typesupport_fastrtps_cpp[0m
[1.094s] [35m[1mConsolidate compiler generated dependencies of target scout_mini_msgs__rosidl_typesupport_c[0m
[1.094s] [35m[1mConsolidate compiler generated dependencies of target scout_mini_msgs__rosidl_typesupport_introspection_c[0m
[1.096s] [35m[1mConsolidate compiler generated dependencies of target scout_mini_msgs__rosidl_typesupport_fastrtps_c[0m
[1.102s] [ 23%] Built target scout_mini_msgs__rosidl_typesupport_c
[1.102s] [ 42%] Built target scout_mini_msgs__rosidl_typesupport_introspection_cpp
[1.102s] [ 46%] Built target scout_mini_msgs__rosidl_typesupport_introspection_c
[1.103s] [ 57%] Built target scout_mini_msgs__rosidl_typesupport_cpp
[1.105s] [ 69%] Built target scout_mini_msgs__rosidl_typesupport_fastrtps_cpp
[1.106s] [ 80%] Built target scout_mini_msgs__rosidl_typesupport_fastrtps_c
[1.124s] [ 80%] Built target scout_mini_msgs
[1.147s] [ 81%] Built target scout_mini_msgs__py
[1.159s] [35m[1mConsolidate compiler generated dependencies of target scout_mini_msgs__rosidl_generator_py[0m
[1.180s] [ 91%] Built target scout_mini_msgs__rosidl_generator_py
[1.190s] [35m[1mConsolidate compiler generated dependencies of target scout_mini_msgs__rosidl_typesupport_introspection_c__pyext[0m
[1.191s] [35m[1mConsolidate compiler generated dependencies of target scout_mini_msgs__rosidl_typesupport_fastrtps_c__pyext[0m
[1.192s] [35m[1mConsolidate compiler generated dependencies of target scout_mini_msgs__rosidl_typesupport_c__pyext[0m
[1.203s] [ 94%] Built target scout_mini_msgs__rosidl_typesupport_introspection_c__pyext
[1.204s] [ 97%] Built target scout_mini_msgs__rosidl_typesupport_fastrtps_c__pyext
[1.204s] [100%] Built target scout_mini_msgs__rosidl_typesupport_c__pyext
[1.227s] running egg_info
[1.227s] writing scout_mini_msgs.egg-info/PKG-INFO
[1.228s] writing dependency_links to scout_mini_msgs.egg-info/dependency_links.txt
[1.228s] writing top-level names to scout_mini_msgs.egg-info/top_level.txt
[1.230s] reading manifest file 'scout_mini_msgs.egg-info/SOURCES.txt'
[1.230s] writing manifest file 'scout_mini_msgs.egg-info/SOURCES.txt'
[1.250s] [100%] Built target ament_cmake_python_build_scout_mini_msgs_egg
[1.261s] Invoked command in '/apollo/ros_ws/build/scout_mini_msgs' returned '0': CMAKE_PREFIX_PATH=${CMAKE_PREFIX_PATH}:/apollo/dev_ws/install/my_package:/apollo/ros_ws/install/scout_mini_simulation:/opt/ros/humble /usr/bin/cmake --build /apollo/ros_ws/build/scout_mini_msgs -- -j20 -l20
[1.263s] Invoking command in '/apollo/ros_ws/build/scout_mini_msgs': CMAKE_PREFIX_PATH=${CMAKE_PREFIX_PATH}:/apollo/dev_ws/install/my_package:/apollo/ros_ws/install/scout_mini_simulation:/opt/ros/humble /usr/bin/cmake --install /apollo/ros_ws/build/scout_mini_msgs
[1.268s] -- Install configuration: ""
[1.269s] -- Execute custom install script
[1.269s] -- Up-to-date symlink: /apollo/ros_ws/install/scout_mini_msgs/share/ament_index/resource_index/rosidl_interfaces/scout_mini_msgs
[1.269s] -- Up-to-date symlink: /apollo/ros_ws/install/scout_mini_msgs/include/scout_mini_msgs/scout_mini_msgs/msg/detail/driver_state__functions.h
[1.270s] -- Up-to-date symlink: /apollo/ros_ws/install/scout_mini_msgs/include/scout_mini_msgs/scout_mini_msgs/msg/detail/driver_state__struct.h
[1.270s] -- Up-to-date symlink: /apollo/ros_ws/install/scout_mini_msgs/include/scout_mini_msgs/scout_mini_msgs/msg/detail/driver_state__type_support.h
[1.270s] -- Up-to-date symlink: /apollo/ros_ws/install/scout_mini_msgs/include/scout_mini_msgs/scout_mini_msgs/msg/detail/fault_state__functions.h
[1.270s] -- Up-to-date symlink: /apollo/ros_ws/install/scout_mini_msgs/include/scout_mini_msgs/scout_mini_msgs/msg/detail/fault_state__struct.h
[1.270s] -- Up-to-date symlink: /apollo/ros_ws/install/scout_mini_msgs/include/scout_mini_msgs/scout_mini_msgs/msg/detail/fault_state__type_support.h
[1.270s] -- Up-to-date symlink: /apollo/ros_ws/install/scout_mini_msgs/include/scout_mini_msgs/scout_mini_msgs/msg/detail/light_command__functions.h
[1.270s] -- Up-to-date symlink: /apollo/ros_ws/install/scout_mini_msgs/include/scout_mini_msgs/scout_mini_msgs/msg/detail/light_command__struct.h
[1.270s] -- Up-to-date symlink: /apollo/ros_ws/install/scout_mini_msgs/include/scout_mini_msgs/scout_mini_msgs/msg/detail/light_command__type_support.h
[1.270s] -- Up-to-date symlink: /apollo/ros_ws/install/scout_mini_msgs/include/scout_mini_msgs/scout_mini_msgs/msg/detail/light_state__functions.h
[1.270s] -- Up-to-date symlink: /apollo/ros_ws/install/scout_mini_msgs/include/scout_mini_msgs/scout_mini_msgs/msg/detail/light_state__struct.h
[1.271s] -- Up-to-date symlink: /apollo/ros_ws/install/scout_mini_msgs/include/scout_mini_msgs/scout_mini_msgs/msg/detail/light_state__type_support.h
[1.271s] -- Up-to-date symlink: /apollo/ros_ws/install/scout_mini_msgs/include/scout_mini_msgs/scout_mini_msgs/msg/detail/motor_state__functions.h
[1.271s] -- Up-to-date symlink: /apollo/ros_ws/install/scout_mini_msgs/include/scout_mini_msgs/scout_mini_msgs/msg/detail/motor_state__struct.h
[1.271s] -- Up-to-date symlink: /apollo/ros_ws/install/scout_mini_msgs/include/scout_mini_msgs/scout_mini_msgs/msg/detail/motor_state__type_support.h
[1.271s] -- Up-to-date symlink: /apollo/ros_ws/install/scout_mini_msgs/include/scout_mini_msgs/scout_mini_msgs/msg/detail/robot_state__functions.h
[1.271s] -- Up-to-date symlink: /apollo/ros_ws/install/scout_mini_msgs/include/scout_mini_msgs/scout_mini_msgs/msg/detail/robot_state__struct.h
[1.271s] -- Up-to-date symlink: /apollo/ros_ws/install/scout_mini_msgs/include/scout_mini_msgs/scout_mini_msgs/msg/detail/robot_state__type_support.h
[1.271s] -- Up-to-date symlink: /apollo/ros_ws/install/scout_mini_msgs/include/scout_mini_msgs/scout_mini_msgs/msg/driver_state.h
[1.271s] -- Up-to-date symlink: /apollo/ros_ws/install/scout_mini_msgs/include/scout_mini_msgs/scout_mini_msgs/msg/fault_state.h
[1.271s] -- Up-to-date symlink: /apollo/ros_ws/install/scout_mini_msgs/include/scout_mini_msgs/scout_mini_msgs/msg/light_command.h
[1.271s] -- Up-to-date symlink: /apollo/ros_ws/install/scout_mini_msgs/include/scout_mini_msgs/scout_mini_msgs/msg/light_state.h
[1.271s] -- Up-to-date symlink: /apollo/ros_ws/install/scout_mini_msgs/include/scout_mini_msgs/scout_mini_msgs/msg/motor_state.h
[1.272s] -- Up-to-date symlink: /apollo/ros_ws/install/scout_mini_msgs/include/scout_mini_msgs/scout_mini_msgs/msg/robot_state.h
[1.272s] -- Up-to-date symlink: /apollo/ros_ws/install/scout_mini_msgs/include/scout_mini_msgs/scout_mini_msgs/msg/rosidl_generator_c__visibility_control.h
[1.272s] -- Up-to-date symlink: /apollo/ros_ws/install/scout_mini_msgs/share/scout_mini_msgs/environment/library_path.sh
[1.272s] -- Up-to-date symlink: /apollo/ros_ws/install/scout_mini_msgs/share/scout_mini_msgs/environment/library_path.dsv
[1.272s] -- Up-to-date symlink: /apollo/ros_ws/install/scout_mini_msgs/include/scout_mini_msgs/scout_mini_msgs/msg/detail/driver_state__rosidl_typesupport_fastrtps_c.h
[1.272s] -- Up-to-date symlink: /apollo/ros_ws/install/scout_mini_msgs/include/scout_mini_msgs/scout_mini_msgs/msg/detail/fault_state__rosidl_typesupport_fastrtps_c.h
[1.272s] -- Up-to-date symlink: /apollo/ros_ws/install/scout_mini_msgs/include/scout_mini_msgs/scout_mini_msgs/msg/detail/light_command__rosidl_typesupport_fastrtps_c.h
[1.272s] -- Up-to-date symlink: /apollo/ros_ws/install/scout_mini_msgs/include/scout_mini_msgs/scout_mini_msgs/msg/detail/light_state__rosidl_typesupport_fastrtps_c.h
[1.272s] -- Up-to-date symlink: /apollo/ros_ws/install/scout_mini_msgs/include/scout_mini_msgs/scout_mini_msgs/msg/detail/motor_state__rosidl_typesupport_fastrtps_c.h
[1.272s] -- Up-to-date symlink: /apollo/ros_ws/install/scout_mini_msgs/include/scout_mini_msgs/scout_mini_msgs/msg/detail/robot_state__rosidl_typesupport_fastrtps_c.h
[1.272s] -- Up-to-date symlink: /apollo/ros_ws/install/scout_mini_msgs/include/scout_mini_msgs/scout_mini_msgs/msg/rosidl_typesupport_fastrtps_c__visibility_control.h
[1.273s] -- Up-to-date symlink: /apollo/ros_ws/install/scout_mini_msgs/include/scout_mini_msgs/scout_mini_msgs/msg/detail/driver_state__rosidl_typesupport_introspection_c.h
[1.273s] -- Up-to-date symlink: /apollo/ros_ws/install/scout_mini_msgs/include/scout_mini_msgs/scout_mini_msgs/msg/detail/fault_state__rosidl_typesupport_introspection_c.h
[1.273s] -- Up-to-date symlink: /apollo/ros_ws/install/scout_mini_msgs/include/scout_mini_msgs/scout_mini_msgs/msg/detail/light_command__rosidl_typesupport_introspection_c.h
[1.273s] -- Up-to-date symlink: /apollo/ros_ws/install/scout_mini_msgs/include/scout_mini_msgs/scout_mini_msgs/msg/detail/light_state__rosidl_typesupport_introspection_c.h
[1.273s] -- Up-to-date symlink: /apollo/ros_ws/install/scout_mini_msgs/include/scout_mini_msgs/scout_mini_msgs/msg/detail/motor_state__rosidl_typesupport_introspection_c.h
[1.273s] -- Up-to-date symlink: /apollo/ros_ws/install/scout_mini_msgs/include/scout_mini_msgs/scout_mini_msgs/msg/detail/robot_state__rosidl_typesupport_introspection_c.h
[1.273s] -- Up-to-date symlink: /apollo/ros_ws/install/scout_mini_msgs/include/scout_mini_msgs/scout_mini_msgs/msg/rosidl_typesupport_introspection_c__visibility_control.h
[1.273s] -- Up-to-date symlink: /apollo/ros_ws/install/scout_mini_msgs/include/scout_mini_msgs/scout_mini_msgs/msg/detail/driver_state__builder.hpp
[1.273s] -- Up-to-date symlink: /apollo/ros_ws/install/scout_mini_msgs/include/scout_mini_msgs/scout_mini_msgs/msg/detail/driver_state__struct.hpp
[1.273s] -- Up-to-date symlink: /apollo/ros_ws/install/scout_mini_msgs/include/scout_mini_msgs/scout_mini_msgs/msg/detail/driver_state__traits.hpp
[1.273s] -- Up-to-date symlink: /apollo/ros_ws/install/scout_mini_msgs/include/scout_mini_msgs/scout_mini_msgs/msg/detail/driver_state__type_support.hpp
[1.274s] -- Up-to-date symlink: /apollo/ros_ws/install/scout_mini_msgs/include/scout_mini_msgs/scout_mini_msgs/msg/detail/fault_state__builder.hpp
[1.274s] -- Up-to-date symlink: /apollo/ros_ws/install/scout_mini_msgs/include/scout_mini_msgs/scout_mini_msgs/msg/detail/fault_state__struct.hpp
[1.274s] -- Up-to-date symlink: /apollo/ros_ws/install/scout_mini_msgs/include/scout_mini_msgs/scout_mini_msgs/msg/detail/fault_state__traits.hpp
[1.274s] -- Up-to-date symlink: /apollo/ros_ws/install/scout_mini_msgs/include/scout_mini_msgs/scout_mini_msgs/msg/detail/fault_state__type_support.hpp
[1.274s] -- Up-to-date symlink: /apollo/ros_ws/install/scout_mini_msgs/include/scout_mini_msgs/scout_mini_msgs/msg/detail/light_command__builder.hpp
[1.274s] -- Up-to-date symlink: /apollo/ros_ws/install/scout_mini_msgs/include/scout_mini_msgs/scout_mini_msgs/msg/detail/light_command__struct.hpp
[1.274s] -- Up-to-date symlink: /apollo/ros_ws/install/scout_mini_msgs/include/scout_mini_msgs/scout_mini_msgs/msg/detail/light_command__traits.hpp
[1.274s] -- Up-to-date symlink: /apollo/ros_ws/install/scout_mini_msgs/include/scout_mini_msgs/scout_mini_msgs/msg/detail/light_command__type_support.hpp
[1.274s] -- Up-to-date symlink: /apollo/ros_ws/install/scout_mini_msgs/include/scout_mini_msgs/scout_mini_msgs/msg/detail/light_state__builder.hpp
[1.274s] -- Up-to-date symlink: /apollo/ros_ws/install/scout_mini_msgs/include/scout_mini_msgs/scout_mini_msgs/msg/detail/light_state__struct.hpp
[1.274s] -- Up-to-date symlink: /apollo/ros_ws/install/scout_mini_msgs/include/scout_mini_msgs/scout_mini_msgs/msg/detail/light_state__traits.hpp
[1.274s] -- Up-to-date symlink: /apollo/ros_ws/install/scout_mini_msgs/include/scout_mini_msgs/scout_mini_msgs/msg/detail/light_state__type_support.hpp
[1.275s] -- Up-to-date symlink: /apollo/ros_ws/install/scout_mini_msgs/include/scout_mini_msgs/scout_mini_msgs/msg/detail/motor_state__builder.hpp
[1.275s] -- Up-to-date symlink: /apollo/ros_ws/install/scout_mini_msgs/include/scout_mini_msgs/scout_mini_msgs/msg/detail/motor_state__struct.hpp
[1.275s] -- Up-to-date symlink: /apollo/ros_ws/install/scout_mini_msgs/include/scout_mini_msgs/scout_mini_msgs/msg/detail/motor_state__traits.hpp
[1.275s] -- Up-to-date symlink: /apollo/ros_ws/install/scout_mini_msgs/include/scout_mini_msgs/scout_mini_msgs/msg/detail/motor_state__type_support.hpp
[1.275s] -- Up-to-date symlink: /apollo/ros_ws/install/scout_mini_msgs/include/scout_mini_msgs/scout_mini_msgs/msg/detail/robot_state__builder.hpp
[1.275s] -- Up-to-date symlink: /apollo/ros_ws/install/scout_mini_msgs/include/scout_mini_msgs/scout_mini_msgs/msg/detail/robot_state__struct.hpp
[1.275s] -- Up-to-date symlink: /apollo/ros_ws/install/scout_mini_msgs/include/scout_mini_msgs/scout_mini_msgs/msg/detail/robot_state__traits.hpp
[1.275s] -- Up-to-date symlink: /apollo/ros_ws/install/scout_mini_msgs/include/scout_mini_msgs/scout_mini_msgs/msg/detail/robot_state__type_support.hpp
[1.275s] -- Up-to-date symlink: /apollo/ros_ws/install/scout_mini_msgs/include/scout_mini_msgs/scout_mini_msgs/msg/driver_state.hpp
[1.275s] -- Up-to-date symlink: /apollo/ros_ws/install/scout_mini_msgs/include/scout_mini_msgs/scout_mini_msgs/msg/fault_state.hpp
[1.275s] -- Up-to-date symlink: /apollo/ros_ws/install/scout_mini_msgs/include/scout_mini_msgs/scout_mini_msgs/msg/light_command.hpp
[1.276s] -- Up-to-date symlink: /apollo/ros_ws/install/scout_mini_msgs/include/scout_mini_msgs/scout_mini_msgs/msg/light_state.hpp
[1.276s] -- Up-to-date symlink: /apollo/ros_ws/install/scout_mini_msgs/include/scout_mini_msgs/scout_mini_msgs/msg/motor_state.hpp
[1.276s] -- Up-to-date symlink: /apollo/ros_ws/install/scout_mini_msgs/include/scout_mini_msgs/scout_mini_msgs/msg/robot_state.hpp
[1.276s] -- Up-to-date symlink: /apollo/ros_ws/install/scout_mini_msgs/include/scout_mini_msgs/scout_mini_msgs/msg/rosidl_generator_cpp__visibility_control.hpp
[1.276s] -- Up-to-date symlink: /apollo/ros_ws/install/scout_mini_msgs/include/scout_mini_msgs/scout_mini_msgs/msg/detail/driver_state__rosidl_typesupport_fastrtps_cpp.hpp
[1.276s] -- Up-to-date symlink: /apollo/ros_ws/install/scout_mini_msgs/include/scout_mini_msgs/scout_mini_msgs/msg/detail/fault_state__rosidl_typesupport_fastrtps_cpp.hpp
[1.276s] -- Up-to-date symlink: /apollo/ros_ws/install/scout_mini_msgs/include/scout_mini_msgs/scout_mini_msgs/msg/detail/light_command__rosidl_typesupport_fastrtps_cpp.hpp
[1.276s] -- Up-to-date symlink: /apollo/ros_ws/install/scout_mini_msgs/include/scout_mini_msgs/scout_mini_msgs/msg/detail/light_state__rosidl_typesupport_fastrtps_cpp.hpp
[1.276s] -- Up-to-date symlink: /apollo/ros_ws/install/scout_mini_msgs/include/scout_mini_msgs/scout_mini_msgs/msg/detail/motor_state__rosidl_typesupport_fastrtps_cpp.hpp
[1.276s] -- Up-to-date symlink: /apollo/ros_ws/install/scout_mini_msgs/include/scout_mini_msgs/scout_mini_msgs/msg/detail/robot_state__rosidl_typesupport_fastrtps_cpp.hpp
[1.276s] -- Up-to-date symlink: /apollo/ros_ws/install/scout_mini_msgs/include/scout_mini_msgs/scout_mini_msgs/msg/rosidl_typesupport_fastrtps_cpp__visibility_control.h
[1.276s] -- Up-to-date symlink: /apollo/ros_ws/install/scout_mini_msgs/include/scout_mini_msgs/scout_mini_msgs/msg/detail/driver_state__rosidl_typesupport_introspection_cpp.hpp
[1.276s] -- Up-to-date symlink: /apollo/ros_ws/install/scout_mini_msgs/include/scout_mini_msgs/scout_mini_msgs/msg/detail/fault_state__rosidl_typesupport_introspection_cpp.hpp
[1.276s] -- Up-to-date symlink: /apollo/ros_ws/install/scout_mini_msgs/include/scout_mini_msgs/scout_mini_msgs/msg/detail/light_command__rosidl_typesupport_introspection_cpp.hpp
[1.277s] -- Up-to-date symlink: /apollo/ros_ws/install/scout_mini_msgs/include/scout_mini_msgs/scout_mini_msgs/msg/detail/light_state__rosidl_typesupport_introspection_cpp.hpp
[1.277s] -- Up-to-date symlink: /apollo/ros_ws/install/scout_mini_msgs/include/scout_mini_msgs/scout_mini_msgs/msg/detail/motor_state__rosidl_typesupport_introspection_cpp.hpp
[1.277s] -- Up-to-date symlink: /apollo/ros_ws/install/scout_mini_msgs/include/scout_mini_msgs/scout_mini_msgs/msg/detail/robot_state__rosidl_typesupport_introspection_cpp.hpp
[1.277s] -- Up-to-date symlink: /apollo/ros_ws/install/scout_mini_msgs/share/scout_mini_msgs/environment/pythonpath.sh
[1.277s] -- Up-to-date symlink: /apollo/ros_ws/install/scout_mini_msgs/share/scout_mini_msgs/environment/pythonpath.dsv
[1.277s] -- Up-to-date symlink: /apollo/ros_ws/install/scout_mini_msgs/local/lib/python3.10/dist-packages/scout_mini_msgs-0.1.0-py3.10.egg-info/PKG-INFO
[1.277s] -- Up-to-date symlink: /apollo/ros_ws/install/scout_mini_msgs/local/lib/python3.10/dist-packages/scout_mini_msgs-0.1.0-py3.10.egg-info/SOURCES.txt
[1.277s] -- Up-to-date symlink: /apollo/ros_ws/install/scout_mini_msgs/local/lib/python3.10/dist-packages/scout_mini_msgs-0.1.0-py3.10.egg-info/dependency_links.txt
[1.277s] -- Up-to-date symlink: /apollo/ros_ws/install/scout_mini_msgs/local/lib/python3.10/dist-packages/scout_mini_msgs-0.1.0-py3.10.egg-info/top_level.txt
[1.277s] -- Up-to-date symlink: /apollo/ros_ws/install/scout_mini_msgs/local/lib/python3.10/dist-packages/scout_mini_msgs/__init__.py
[1.277s] -- Up-to-date symlink: /apollo/ros_ws/install/scout_mini_msgs/local/lib/python3.10/dist-packages/scout_mini_msgs/_scout_mini_msgs_s.ep.rosidl_typesupport_c.c
[1.277s] -- Up-to-date symlink: /apollo/ros_ws/install/scout_mini_msgs/local/lib/python3.10/dist-packages/scout_mini_msgs/_scout_mini_msgs_s.ep.rosidl_typesupport_fastrtps_c.c
[1.277s] -- Up-to-date symlink: /apollo/ros_ws/install/scout_mini_msgs/local/lib/python3.10/dist-packages/scout_mini_msgs/_scout_mini_msgs_s.ep.rosidl_typesupport_introspection_c.c
[1.277s] -- Up-to-date symlink: /apollo/ros_ws/install/scout_mini_msgs/local/lib/python3.10/dist-packages/scout_mini_msgs/libscout_mini_msgs__rosidl_generator_py.so
[1.277s] -- Up-to-date symlink: /apollo/ros_ws/install/scout_mini_msgs/local/lib/python3.10/dist-packages/scout_mini_msgs/msg/__init__.py
[1.277s] -- Up-to-date symlink: /apollo/ros_ws/install/scout_mini_msgs/local/lib/python3.10/dist-packages/scout_mini_msgs/msg/_driver_state.py
[1.277s] -- Up-to-date symlink: /apollo/ros_ws/install/scout_mini_msgs/local/lib/python3.10/dist-packages/scout_mini_msgs/msg/_driver_state_s.c
[1.277s] -- Up-to-date symlink: /apollo/ros_ws/install/scout_mini_msgs/local/lib/python3.10/dist-packages/scout_mini_msgs/msg/_fault_state.py
[1.277s] -- Up-to-date symlink: /apollo/ros_ws/install/scout_mini_msgs/local/lib/python3.10/dist-packages/scout_mini_msgs/msg/_fault_state_s.c
[1.277s] -- Up-to-date symlink: /apollo/ros_ws/install/scout_mini_msgs/local/lib/python3.10/dist-packages/scout_mini_msgs/msg/_light_command.py
[1.277s] -- Up-to-date symlink: /apollo/ros_ws/install/scout_mini_msgs/local/lib/python3.10/dist-packages/scout_mini_msgs/msg/_light_command_s.c
[1.277s] -- Up-to-date symlink: /apollo/ros_ws/install/scout_mini_msgs/local/lib/python3.10/dist-packages/scout_mini_msgs/msg/_light_state.py
[1.277s] -- Up-to-date symlink: /apollo/ros_ws/install/scout_mini_msgs/local/lib/python3.10/dist-packages/scout_mini_msgs/msg/_light_state_s.c
[1.277s] -- Up-to-date symlink: /apollo/ros_ws/install/scout_mini_msgs/local/lib/python3.10/dist-packages/scout_mini_msgs/msg/_motor_state.py
[1.277s] -- Up-to-date symlink: /apollo/ros_ws/install/scout_mini_msgs/local/lib/python3.10/dist-packages/scout_mini_msgs/msg/_motor_state_s.c
[1.277s] -- Up-to-date symlink: /apollo/ros_ws/install/scout_mini_msgs/local/lib/python3.10/dist-packages/scout_mini_msgs/msg/_robot_state.py
[1.277s] -- Up-to-date symlink: /apollo/ros_ws/install/scout_mini_msgs/local/lib/python3.10/dist-packages/scout_mini_msgs/msg/_robot_state_s.c
[1.277s] -- Up-to-date symlink: /apollo/ros_ws/install/scout_mini_msgs/local/lib/python3.10/dist-packages/scout_mini_msgs/scout_mini_msgs_s__rosidl_typesupport_c.cpython-310-x86_64-linux-gnu.so
[1.278s] -- Up-to-date symlink: /apollo/ros_ws/install/scout_mini_msgs/local/lib/python3.10/dist-packages/scout_mini_msgs/scout_mini_msgs_s__rosidl_typesupport_fastrtps_c.cpython-310-x86_64-linux-gnu.so
[1.278s] -- Up-to-date symlink: /apollo/ros_ws/install/scout_mini_msgs/local/lib/python3.10/dist-packages/scout_mini_msgs/scout_mini_msgs_s__rosidl_typesupport_introspection_c.cpython-310-x86_64-linux-gnu.so
[1.278s] -- Up-to-date symlink: /apollo/ros_ws/install/scout_mini_msgs/local/lib/python3.10/dist-packages/scout_mini_msgs/scout_mini_msgs_s__rosidl_typesupport_fastrtps_c.cpython-310-x86_64-linux-gnu.so
[1.278s] -- Up-to-date symlink: /apollo/ros_ws/install/scout_mini_msgs/local/lib/python3.10/dist-packages/scout_mini_msgs/scout_mini_msgs_s__rosidl_typesupport_introspection_c.cpython-310-x86_64-linux-gnu.so
[1.278s] -- Up-to-date symlink: /apollo/ros_ws/install/scout_mini_msgs/local/lib/python3.10/dist-packages/scout_mini_msgs/scout_mini_msgs_s__rosidl_typesupport_c.cpython-310-x86_64-linux-gnu.so
[1.278s] -- Up-to-date symlink: /apollo/ros_ws/install/scout_mini_msgs/share/scout_mini_msgs/msg/DriverState.idl
[1.278s] -- Up-to-date symlink: /apollo/ros_ws/install/scout_mini_msgs/share/scout_mini_msgs/msg/FaultState.idl
[1.278s] -- Up-to-date symlink: /apollo/ros_ws/install/scout_mini_msgs/share/scout_mini_msgs/msg/LightCommand.idl
[1.278s] -- Up-to-date symlink: /apollo/ros_ws/install/scout_mini_msgs/share/scout_mini_msgs/msg/LightState.idl
[1.278s] -- Up-to-date symlink: /apollo/ros_ws/install/scout_mini_msgs/share/scout_mini_msgs/msg/MotorState.idl
[1.278s] -- Up-to-date symlink: /apollo/ros_ws/install/scout_mini_msgs/share/scout_mini_msgs/msg/RobotState.idl
[1.278s] -- Up-to-date symlink: /apollo/ros_ws/install/scout_mini_msgs/share/scout_mini_msgs/msg/DriverState.msg
[1.278s] -- Up-to-date symlink: /apollo/ros_ws/install/scout_mini_msgs/share/scout_mini_msgs/msg/FaultState.msg
[1.278s] -- Up-to-date symlink: /apollo/ros_ws/install/scout_mini_msgs/share/scout_mini_msgs/msg/LightCommand.msg
[1.278s] -- Up-to-date symlink: /apollo/ros_ws/install/scout_mini_msgs/share/scout_mini_msgs/msg/LightState.msg
[1.278s] -- Up-to-date symlink: /apollo/ros_ws/install/scout_mini_msgs/share/scout_mini_msgs/msg/MotorState.msg
[1.278s] -- Up-to-date symlink: /apollo/ros_ws/install/scout_mini_msgs/share/scout_mini_msgs/msg/RobotState.msg
[1.278s] -- Up-to-date symlink: /apollo/ros_ws/install/scout_mini_msgs/share/ament_index/resource_index/package_run_dependencies/scout_mini_msgs
[1.278s] -- Up-to-date symlink: /apollo/ros_ws/install/scout_mini_msgs/share/ament_index/resource_index/parent_prefix_path/scout_mini_msgs
[1.278s] -- Up-to-date symlink: /apollo/ros_ws/install/scout_mini_msgs/share/scout_mini_msgs/environment/ament_prefix_path.sh
[1.278s] -- Up-to-date symlink: /apollo/ros_ws/install/scout_mini_msgs/share/scout_mini_msgs/environment/ament_prefix_path.dsv
[1.278s] -- Up-to-date symlink: /apollo/ros_ws/install/scout_mini_msgs/share/scout_mini_msgs/environment/path.sh
[1.278s] -- Up-to-date symlink: /apollo/ros_ws/install/scout_mini_msgs/share/scout_mini_msgs/environment/path.dsv
[1.278s] -- Up-to-date symlink: /apollo/ros_ws/install/scout_mini_msgs/share/scout_mini_msgs/local_setup.bash
[1.278s] -- Up-to-date symlink: /apollo/ros_ws/install/scout_mini_msgs/share/scout_mini_msgs/local_setup.sh
[1.279s] -- Up-to-date symlink: /apollo/ros_ws/install/scout_mini_msgs/share/scout_mini_msgs/local_setup.zsh
[1.279s] -- Up-to-date symlink: /apollo/ros_ws/install/scout_mini_msgs/share/scout_mini_msgs/local_setup.dsv
[1.279s] -- Symlinking: /apollo/ros_ws/install/scout_mini_msgs/share/scout_mini_msgs/package.dsv
[1.286s] -- Up-to-date symlink: /apollo/ros_ws/install/scout_mini_msgs/share/ament_index/resource_index/packages/scout_mini_msgs
[1.286s] -- Up-to-date symlink: /apollo/ros_ws/install/scout_mini_msgs/share/scout_mini_msgs/cmake/rosidl_cmake-extras.cmake
[1.286s] -- Up-to-date symlink: /apollo/ros_ws/install/scout_mini_msgs/share/scout_mini_msgs/cmake/ament_cmake_export_dependencies-extras.cmake
[1.286s] -- Up-to-date symlink: /apollo/ros_ws/install/scout_mini_msgs/share/scout_mini_msgs/cmake/ament_cmake_export_include_directories-extras.cmake
[1.286s] -- Up-to-date symlink: /apollo/ros_ws/install/scout_mini_msgs/share/scout_mini_msgs/cmake/ament_cmake_export_libraries-extras.cmake
[1.287s] -- Up-to-date symlink: /apollo/ros_ws/install/scout_mini_msgs/share/scout_mini_msgs/cmake/ament_cmake_export_targets-extras.cmake
[1.287s] -- Up-to-date symlink: /apollo/ros_ws/install/scout_mini_msgs/share/scout_mini_msgs/cmake/rosidl_cmake_export_typesupport_targets-extras.cmake
[1.287s] -- Up-to-date symlink: /apollo/ros_ws/install/scout_mini_msgs/share/scout_mini_msgs/cmake/rosidl_cmake_export_typesupport_libraries-extras.cmake
[1.287s] -- Up-to-date symlink: /apollo/ros_ws/install/scout_mini_msgs/share/scout_mini_msgs/cmake/scout_mini_msgsConfig.cmake
[1.287s] -- Up-to-date symlink: /apollo/ros_ws/install/scout_mini_msgs/share/scout_mini_msgs/cmake/scout_mini_msgsConfig-version.cmake
[1.287s] -- Up-to-date symlink: /apollo/ros_ws/install/scout_mini_msgs/share/scout_mini_msgs/package.xml
[1.287s] -- Up-to-date: /apollo/ros_ws/install/scout_mini_msgs/lib/libscout_mini_msgs__rosidl_generator_c.so
[1.287s] -- Up-to-date: /apollo/ros_ws/install/scout_mini_msgs/lib/libscout_mini_msgs__rosidl_typesupport_fastrtps_c.so
[1.287s] -- Up-to-date: /apollo/ros_ws/install/scout_mini_msgs/lib/libscout_mini_msgs__rosidl_typesupport_introspection_c.so
[1.287s] -- Up-to-date: /apollo/ros_ws/install/scout_mini_msgs/lib/libscout_mini_msgs__rosidl_typesupport_c.so
[1.287s] -- Up-to-date: /apollo/ros_ws/install/scout_mini_msgs/lib/libscout_mini_msgs__rosidl_typesupport_fastrtps_cpp.so
[1.287s] -- Up-to-date: /apollo/ros_ws/install/scout_mini_msgs/lib/libscout_mini_msgs__rosidl_typesupport_introspection_cpp.so
[1.288s] -- Up-to-date: /apollo/ros_ws/install/scout_mini_msgs/lib/libscout_mini_msgs__rosidl_typesupport_cpp.so
[1.317s] Listing '/apollo/ros_ws/install/scout_mini_msgs/local/lib/python3.10/dist-packages/scout_mini_msgs'...
[1.317s] Compiling '/apollo/ros_ws/install/scout_mini_msgs/local/lib/python3.10/dist-packages/scout_mini_msgs/__init__.py'...
[1.318s] Listing '/apollo/ros_ws/install/scout_mini_msgs/local/lib/python3.10/dist-packages/scout_mini_msgs/msg'...
[1.321s] -- Up-to-date: /apollo/ros_ws/install/scout_mini_msgs/lib/libscout_mini_msgs__rosidl_generator_py.so
[1.321s] -- Up-to-date: /apollo/ros_ws/install/scout_mini_msgs/share/scout_mini_msgs/cmake/export_scout_mini_msgs__rosidl_generator_cExport.cmake
[1.321s] -- Up-to-date: /apollo/ros_ws/install/scout_mini_msgs/share/scout_mini_msgs/cmake/export_scout_mini_msgs__rosidl_generator_cExport-noconfig.cmake
[1.321s] -- Up-to-date: /apollo/ros_ws/install/scout_mini_msgs/share/scout_mini_msgs/cmake/export_scout_mini_msgs__rosidl_typesupport_fastrtps_cExport.cmake
[1.322s] -- Up-to-date: /apollo/ros_ws/install/scout_mini_msgs/share/scout_mini_msgs/cmake/export_scout_mini_msgs__rosidl_typesupport_fastrtps_cExport-noconfig.cmake
[1.322s] -- Up-to-date: /apollo/ros_ws/install/scout_mini_msgs/share/scout_mini_msgs/cmake/scout_mini_msgs__rosidl_typesupport_introspection_cExport.cmake
[1.322s] -- Up-to-date: /apollo/ros_ws/install/scout_mini_msgs/share/scout_mini_msgs/cmake/scout_mini_msgs__rosidl_typesupport_introspection_cExport-noconfig.cmake
[1.322s] -- Up-to-date: /apollo/ros_ws/install/scout_mini_msgs/share/scout_mini_msgs/cmake/scout_mini_msgs__rosidl_typesupport_cExport.cmake
[1.322s] -- Up-to-date: /apollo/ros_ws/install/scout_mini_msgs/share/scout_mini_msgs/cmake/scout_mini_msgs__rosidl_typesupport_cExport-noconfig.cmake
[1.322s] -- Up-to-date: /apollo/ros_ws/install/scout_mini_msgs/share/scout_mini_msgs/cmake/export_scout_mini_msgs__rosidl_generator_cppExport.cmake
[1.322s] -- Up-to-date: /apollo/ros_ws/install/scout_mini_msgs/share/scout_mini_msgs/cmake/export_scout_mini_msgs__rosidl_typesupport_fastrtps_cppExport.cmake
[1.322s] -- Up-to-date: /apollo/ros_ws/install/scout_mini_msgs/share/scout_mini_msgs/cmake/export_scout_mini_msgs__rosidl_typesupport_fastrtps_cppExport-noconfig.cmake
[1.322s] -- Up-to-date: /apollo/ros_ws/install/scout_mini_msgs/share/scout_mini_msgs/cmake/scout_mini_msgs__rosidl_typesupport_introspection_cppExport.cmake
[1.322s] -- Up-to-date: /apollo/ros_ws/install/scout_mini_msgs/share/scout_mini_msgs/cmake/scout_mini_msgs__rosidl_typesupport_introspection_cppExport-noconfig.cmake
[1.322s] -- Up-to-date: /apollo/ros_ws/install/scout_mini_msgs/share/scout_mini_msgs/cmake/scout_mini_msgs__rosidl_typesupport_cppExport.cmake
[1.322s] -- Up-to-date: /apollo/ros_ws/install/scout_mini_msgs/share/scout_mini_msgs/cmake/scout_mini_msgs__rosidl_typesupport_cppExport-noconfig.cmake
[1.322s] -- Up-to-date: /apollo/ros_ws/install/scout_mini_msgs/share/scout_mini_msgs/cmake/export_scout_mini_msgs__rosidl_generator_pyExport.cmake
[1.322s] -- Up-to-date: /apollo/ros_ws/install/scout_mini_msgs/share/scout_mini_msgs/cmake/export_scout_mini_msgs__rosidl_generator_pyExport-noconfig.cmake
[1.324s] Invoked command in '/apollo/ros_ws/build/scout_mini_msgs' returned '0': CMAKE_PREFIX_PATH=${CMAKE_PREFIX_PATH}:/apollo/dev_ws/install/my_package:/apollo/ros_ws/install/scout_mini_simulation:/opt/ros/humble /usr/bin/cmake --install /apollo/ros_ws/build/scout_mini_msgs
