[0.184s] Invoking command in '/apollo/ros_ws/src/scout_mini_localization/build/scout_mini_localization': CMAKE_PREFIX_PATH=${CMAKE_PREFIX_PATH}:/apollo/dev_ws/install/my_package:/opt/ros/humble /usr/bin/cmake --build /apollo/ros_ws/src/scout_mini_localization/build/scout_mini_localization -- -j12 -l12
[0.606s] Invoked command in '/apollo/ros_ws/src/scout_mini_localization/build/scout_mini_localization' returned '0': CMAKE_PREFIX_PATH=${CMAKE_PREFIX_PATH}:/apollo/dev_ws/install/my_package:/opt/ros/humble /usr/bin/cmake --build /apollo/ros_ws/src/scout_mini_localization/build/scout_mini_localization -- -j12 -l12
[0.745s] Invoking command in '/apollo/ros_ws/src/scout_mini_localization/build/scout_mini_localization': CMAKE_PREFIX_PATH=${CMAKE_PREFIX_PATH}:/apollo/dev_ws/install/my_package:/opt/ros/humble /usr/bin/cmake --install /apollo/ros_ws/src/scout_mini_localization/build/scout_mini_localization
[0.849s] -- Install configuration: ""
[0.872s] -- Up-to-date: /apollo/ros_ws/src/scout_mini_localization/install/scout_mini_localization/share/ament_index/resource_index/package_run_dependencies/scout_mini_localization
[0.892s] -- Up-to-date: /apollo/ros_ws/src/scout_mini_localization/install/scout_mini_localization/share/ament_index/resource_index/parent_prefix_path/scout_mini_localization
[0.902s] -- Up-to-date: /apollo/ros_ws/src/scout_mini_localization/install/scout_mini_localization/share/scout_mini_localization/environment/ament_prefix_path.sh
[0.921s] -- Up-to-date: /apollo/ros_ws/src/scout_mini_localization/install/scout_mini_localization/share/scout_mini_localization/environment/ament_prefix_path.dsv
[0.933s] -- Up-to-date: /apollo/ros_ws/src/scout_mini_localization/install/scout_mini_localization/share/scout_mini_localization/environment/path.sh
[0.952s] -- Up-to-date: /apollo/ros_ws/src/scout_mini_localization/install/scout_mini_localization/share/scout_mini_localization/environment/path.dsv
[0.964s] -- Up-to-date: /apollo/ros_ws/src/scout_mini_localization/install/scout_mini_localization/share/scout_mini_localization/local_setup.bash
[0.980s] -- Up-to-date: /apollo/ros_ws/src/scout_mini_localization/install/scout_mini_localization/share/scout_mini_localization/local_setup.sh
[0.992s] -- Up-to-date: /apollo/ros_ws/src/scout_mini_localization/install/scout_mini_localization/share/scout_mini_localization/local_setup.zsh
[1.004s] -- Up-to-date: /apollo/ros_ws/src/scout_mini_localization/install/scout_mini_localization/share/scout_mini_localization/local_setup.dsv
[1.019s] -- Installing: /apollo/ros_ws/src/scout_mini_localization/install/scout_mini_localization/share/scout_mini_localization/package.dsv
[1.070s] -- Up-to-date: /apollo/ros_ws/src/scout_mini_localization/install/scout_mini_localization/share/ament_index/resource_index/packages/scout_mini_localization
[1.083s] -- Up-to-date: /apollo/ros_ws/src/scout_mini_localization/install/scout_mini_localization/share/scout_mini_localization/cmake/scout_mini_localizationConfig.cmake
[1.095s] -- Up-to-date: /apollo/ros_ws/src/scout_mini_localization/install/scout_mini_localization/share/scout_mini_localization/cmake/scout_mini_localizationConfig-version.cmake
[1.113s] -- Up-to-date: /apollo/ros_ws/src/scout_mini_localization/install/scout_mini_localization/share/scout_mini_localization/package.xml
[1.123s] Invoked command in '/apollo/ros_ws/src/scout_mini_localization/build/scout_mini_localization' returned '0': CMAKE_PREFIX_PATH=${CMAKE_PREFIX_PATH}:/apollo/dev_ws/install/my_package:/opt/ros/humble /usr/bin/cmake --install /apollo/ros_ws/src/scout_mini_localization/build/scout_mini_localization
