[3.389s] Invoking command in '/apollo/intro_ws/src/apollo_intro': PYTHONPATH=/apollo/intro_ws/build/apollo_intro/prefix_override:/usr/lib/python3/dist-packages/colcon_core/task/python/colcon_distutils_commands:/apollo/intro_ws/install/apollo_intro/lib/python3.10/site-packages:${PYTHONPATH} /usr/bin/python3 -W ignore:setup.py install is deprecated -W ignore:easy_install command is deprecated setup.py egg_info --egg-base ../../build/apollo_intro build --build-base /apollo/intro_ws/build/apollo_intro/build install --record /apollo/intro_ws/build/apollo_intro/install.log --single-version-externally-managed install_data
[4.910s] running egg_info
[4.915s] writing ../../build/apollo_intro/apollo_intro.egg-info/PKG-INFO
[4.920s] writing dependency_links to ../../build/apollo_intro/apollo_intro.egg-info/dependency_links.txt
[4.924s] writing entry points to ../../build/apollo_intro/apollo_intro.egg-info/entry_points.txt
[4.928s] writing requirements to ../../build/apollo_intro/apollo_intro.egg-info/requires.txt
[4.931s] writing top-level names to ../../build/apollo_intro/apollo_intro.egg-info/top_level.txt
[4.960s] reading manifest file '../../build/apollo_intro/apollo_intro.egg-info/SOURCES.txt'
[5.009s] writing manifest file '../../build/apollo_intro/apollo_intro.egg-info/SOURCES.txt'
[5.011s] running build
[5.012s] running build_py
[5.046s] running install
[5.047s] running install_lib
[5.114s] byte-compiling /apollo/intro_ws/install/apollo_intro/lib/python3.10/site-packages/apollo_intro/practice_task.py to practice_task.cpython-310.pyc
[5.124s] Sorry: IndentationError: expected an indented block after function definition on line 27 (practice_task.py, line 36)
[5.144s] running install_data
[5.169s] running install_egg_info
[5.184s] removing '/apollo/intro_ws/install/apollo_intro/lib/python3.10/site-packages/apollo_intro-0.0.0-py3.10.egg-info' (and everything under it)
[5.225s] Copying ../../build/apollo_intro/apollo_intro.egg-info to /apollo/intro_ws/install/apollo_intro/lib/python3.10/site-packages/apollo_intro-0.0.0-py3.10.egg-info
[5.409s] running install_scripts
[5.530s] Installing walkthrough script to /apollo/intro_ws/install/apollo_intro/lib/apollo_intro
[5.545s] writing list of installed files to '/apollo/intro_ws/build/apollo_intro/install.log'
[5.568s] Invoked command in '/apollo/intro_ws/src/apollo_intro' returned '0': PYTHONPATH=/apollo/intro_ws/build/apollo_intro/prefix_override:/usr/lib/python3/dist-packages/colcon_core/task/python/colcon_distutils_commands:/apollo/intro_ws/install/apollo_intro/lib/python3.10/site-packages:${PYTHONPATH} /usr/bin/python3 -W ignore:setup.py install is deprecated -W ignore:easy_install command is deprecated setup.py egg_info --egg-base ../../build/apollo_intro build --build-base /apollo/intro_ws/build/apollo_intro/build install --record /apollo/intro_ws/build/apollo_intro/install.log --single-version-externally-managed install_data
