running egg_info
creating build/task1/task1.egg-info
writing build/task1/task1.egg-info/PKG-INFO
writing dependency_links to build/task1/task1.egg-info/dependency_links.txt
writing entry points to build/task1/task1.egg-info/entry_points.txt
writing requirements to build/task1/task1.egg-info/requires.txt
writing top-level names to build/task1/task1.egg-info/top_level.txt
writing manifest file 'build/task1/task1.egg-info/SOURCES.txt'
reading manifest file 'build/task1/task1.egg-info/SOURCES.txt'
writing manifest file 'build/task1/task1.egg-info/SOURCES.txt'
running build
running build_py
creating /apollo/ros_ws/src/task1/build/task1/build
creating /apollo/ros_ws/src/task1/build/task1/build/lib
creating /apollo/ros_ws/src/task1/build/task1/build/lib/task1
copying task1/task1.py -> /apollo/ros_ws/src/task1/build/task1/build/lib/task1
copying task1/task2.py -> /apollo/ros_ws/src/task1/build/task1/build/lib/task1
copying task1/__init__.py -> /apollo/ros_ws/src/task1/build/task1/build/lib/task1
running install
running install_lib
creating /apollo/ros_ws/src/task1/install/task1/lib/python3.10/site-packages/task1
copying /apollo/ros_ws/src/task1/build/task1/build/lib/task1/task1.py -> /apollo/ros_ws/src/task1/install/task1/lib/python3.10/site-packages/task1
copying /apollo/ros_ws/src/task1/build/task1/build/lib/task1/task2.py -> /apollo/ros_ws/src/task1/install/task1/lib/python3.10/site-packages/task1
copying /apollo/ros_ws/src/task1/build/task1/build/lib/task1/__init__.py -> /apollo/ros_ws/src/task1/install/task1/lib/python3.10/site-packages/task1
byte-compiling /apollo/ros_ws/src/task1/install/task1/lib/python3.10/site-packages/task1/task1.py to task1.cpython-310.pyc
byte-compiling /apollo/ros_ws/src/task1/install/task1/lib/python3.10/site-packages/task1/task2.py to task2.cpython-310.pyc
byte-compiling /apollo/ros_ws/src/task1/install/task1/lib/python3.10/site-packages/task1/__init__.py to __init__.cpython-310.pyc
running install_data
creating /apollo/ros_ws/src/task1/install/task1/share/ament_index
creating /apollo/ros_ws/src/task1/install/task1/share/ament_index/resource_index
creating /apollo/ros_ws/src/task1/install/task1/share/ament_index/resource_index/packages
copying resource/task1 -> /apollo/ros_ws/src/task1/install/task1/share/ament_index/resource_index/packages
copying package.xml -> /apollo/ros_ws/src/task1/install/task1/share/task1
running install_egg_info
Copying build/task1/task1.egg-info to /apollo/ros_ws/src/task1/install/task1/lib/python3.10/site-packages/task1-0.1.0-py3.10.egg-info
running install_scripts
Installing task1 script to /apollo/ros_ws/src/task1/install/task1/lib/auto_break
writing list of installed files to '/apollo/ros_ws/src/task1/build/task1/install.log'
