[0.313s] Invoking command in '/apollo/ros_ws/build/follow_human': CMAKE_PREFIX_PATH=${CMAKE_PREFIX_PATH}:/apollo/ros_ws/install/task1:/apollo/ros_ws/install/scout_mini_simulation:/apollo/dev_ws/install/my_package:/opt/ros/humble /usr/bin/cmake /apollo/ros_ws/src/follow_human -DCMAKE_INSTALL_PREFIX=/apollo/ros_ws/install/follow_human
[1.417s] -- The C compiler identification is GNU 11.4.0
[2.007s] -- The CXX compiler identification is GNU 11.4.0
[2.123s] -- Detecting C compiler ABI info
[3.326s] -- Detecting C compiler ABI info - done
[3.350s] -- Check for working C compiler: /usr/bin/cc - skipped
[3.351s] -- Detecting C compile features
[3.352s] -- Detecting C compile features - done
[3.412s] -- Detecting CXX compiler ABI info
[4.715s] -- Detecting CXX compiler ABI info - done
[4.742s] -- Check for working CXX compiler: /usr/bin/c++ - skipped
[4.743s] -- Detecting CXX compile features
[4.744s] -- Detecting CXX compile features - done
[4.904s] -- Found ament_cmake: 1.3.11 (/opt/ros/humble/share/ament_cmake/cmake)
[6.731s] -- Found Python3: /usr/bin/python3 (found version "3.10.12") found components: Interpreter 
[8.520s] -- Found rclpy: 3.3.15 (/opt/ros/humble/share/rclpy/cmake)
[8.600s] -- Found std_msgs: 4.2.4 (/opt/ros/humble/share/std_msgs/cmake)
[9.383s] -- Found rosidl_generator_c: 3.1.6 (/opt/ros/humble/share/rosidl_generator_c/cmake)
[9.545s] -- Found rosidl_adapter: 3.1.6 (/opt/ros/humble/share/rosidl_adapter/cmake)
[9.720s] -- Found rosidl_generator_cpp: 3.1.6 (/opt/ros/humble/share/rosidl_generator_cpp/cmake)
[9.911s] -- Using all available rosidl_typesupport_c: rosidl_typesupport_fastrtps_c;rosidl_typesupport_introspection_c
[10.168s] -- Using all available rosidl_typesupport_cpp: rosidl_typesupport_fastrtps_cpp;rosidl_typesupport_introspection_cpp
[10.451s] -- Found rosidl_default_generators: 1.2.0 (/opt/ros/humble/share/rosidl_default_generators/cmake)
[12.826s] -- Found ament_cmake_ros: 0.10.0 (/opt/ros/humble/share/ament_cmake_ros/cmake)
[16.680s] -- Using all available rosidl_typesupport_c: rosidl_typesupport_fastrtps_c;rosidl_typesupport_introspection_c
[17.971s] -- Using all available rosidl_typesupport_cpp: rosidl_typesupport_fastrtps_cpp;rosidl_typesupport_introspection_cpp
[18.299s] -- Found PythonInterp: /usr/bin/python3 (found suitable version "3.10.12", minimum required is "3.6") 
[18.365s] -- Found python_cmake_module: 0.10.0 (/opt/ros/humble/share/python_cmake_module/cmake)
[18.800s] -- Found PythonLibs: /usr/lib/x86_64-linux-gnu/libpython3.10.so (found suitable version "3.10.12", minimum required is "3.5") 
[18.801s] -- Using PYTHON_EXECUTABLE: /usr/bin/python3
[18.802s] -- Using PYTHON_INCLUDE_DIRS: /usr/include/python3.10
[18.803s] -- Using PYTHON_LIBRARIES: /usr/lib/x86_64-linux-gnu/libpython3.10.so
[18.980s] -- Found PythonExtra: .so  
[20.514s] -- Configuring done
[22.604s] -- Generating done
[23.332s] -- Build files have been written to: /apollo/ros_ws/build/follow_human
[23.338s] Invoked command in '/apollo/ros_ws/build/follow_human' returned '0': CMAKE_PREFIX_PATH=${CMAKE_PREFIX_PATH}:/apollo/ros_ws/install/task1:/apollo/ros_ws/install/scout_mini_simulation:/apollo/dev_ws/install/my_package:/opt/ros/humble /usr/bin/cmake /apollo/ros_ws/src/follow_human -DCMAKE_INSTALL_PREFIX=/apollo/ros_ws/install/follow_human
[23.352s] Invoking command in '/apollo/ros_ws/build/follow_human': CMAKE_PREFIX_PATH=${CMAKE_PREFIX_PATH}:/apollo/ros_ws/install/task1:/apollo/ros_ws/install/scout_mini_simulation:/apollo/dev_ws/install/my_package:/opt/ros/humble /usr/bin/cmake --build /apollo/ros_ws/build/follow_human -- -j12 -l12
[23.925s] [  2%] [34m[1mGenerating C code for ROS interfaces[0m
[23.971s] [  5%] [34m[1mGenerating C++ code for ROS interfaces[0m
[24.061s] [  5%] Built target ament_cmake_python_copy_follow_human
[24.726s] [  5%] Built target follow_human__cpp
[24.816s] [  7%] [34m[1mGenerating C++ type support for eProsima Fast-RTPS[0m
[24.821s] [ 12%] [32mBuilding C object CMakeFiles/follow_human__rosidl_generator_c.dir/rosidl_generator_c/follow_human/msg/detail/tracked_object__functions.c.o[0m
[24.822s] [ 12%] [34m[1mGenerating C++ introspection for ROS interfaces[0m
[24.828s] [ 15%] [32mBuilding C object CMakeFiles/follow_human__rosidl_generator_c.dir/rosidl_generator_c/follow_human/msg/detail/depth_estimation__functions.c.o[0m
[24.856s] [ 17%] [34m[1mGenerating C++ type support dispatch for ROS interfaces[0m
[25.212s] running egg_info
[25.213s] creating follow_human.egg-info
[25.216s] writing follow_human.egg-info/PKG-INFO
[25.221s] writing dependency_links to follow_human.egg-info/dependency_links.txt
[25.228s] writing top-level names to follow_human.egg-info/top_level.txt
[25.234s] writing manifest file 'follow_human.egg-info/SOURCES.txt'
[25.255s] reading manifest file 'follow_human.egg-info/SOURCES.txt'
[25.284s] writing manifest file 'follow_human.egg-info/SOURCES.txt'
[25.302s] [ 20%] [32m[1mLinking C shared library libfollow_human__rosidl_generator_c.so[0m
[25.359s] [ 20%] Built target ament_cmake_python_build_follow_human_egg
[25.511s] [ 23%] [32mBuilding CXX object CMakeFiles/follow_human__rosidl_typesupport_cpp.dir/rosidl_typesupport_cpp/follow_human/msg/tracked_object__type_support.cpp.o[0m
[25.520s] [ 25%] [32mBuilding CXX object CMakeFiles/follow_human__rosidl_typesupport_cpp.dir/rosidl_typesupport_cpp/follow_human/msg/depth_estimation__type_support.cpp.o[0m
[25.532s] [ 28%] [32mBuilding CXX object CMakeFiles/follow_human__rosidl_typesupport_introspection_cpp.dir/rosidl_typesupport_introspection_cpp/follow_human/msg/detail/tracked_object__type_support.cpp.o[0m
[25.539s] [ 30%] [32mBuilding CXX object CMakeFiles/follow_human__rosidl_typesupport_introspection_cpp.dir/rosidl_typesupport_introspection_cpp/follow_human/msg/detail/depth_estimation__type_support.cpp.o[0m
[25.574s] [ 33%] [32mBuilding CXX object CMakeFiles/follow_human__rosidl_typesupport_fastrtps_cpp.dir/rosidl_typesupport_fastrtps_cpp/follow_human/msg/detail/dds_fastrtps/tracked_object__type_support.cpp.o[0m
[25.578s] [ 35%] [32mBuilding CXX object CMakeFiles/follow_human__rosidl_typesupport_fastrtps_cpp.dir/rosidl_typesupport_fastrtps_cpp/follow_human/msg/detail/dds_fastrtps/depth_estimation__type_support.cpp.o[0m
[25.583s] [ 35%] Built target follow_human__rosidl_generator_c
[25.721s] [ 38%] [34m[1mGenerating C type support dispatch for ROS interfaces[0m
[25.727s] [ 41%] [34m[1mGenerating C type support for eProsima Fast-RTPS[0m
[25.748s] [ 43%] [34m[1mGenerating C introspection for ROS interfaces[0m
[26.230s] [ 46%] [32m[1mLinking CXX shared library libfollow_human__rosidl_typesupport_cpp.so[0m
[26.489s] [ 48%] [32m[1mLinking CXX shared library libfollow_human__rosidl_typesupport_introspection_cpp.so[0m
[26.496s] [ 51%] [32mBuilding CXX object CMakeFiles/follow_human__rosidl_typesupport_c.dir/rosidl_typesupport_c/follow_human/msg/tracked_object__type_support.cpp.o[0m
[26.503s] [ 53%] [32mBuilding CXX object CMakeFiles/follow_human__rosidl_typesupport_c.dir/rosidl_typesupport_c/follow_human/msg/depth_estimation__type_support.cpp.o[0m
[26.579s] [ 56%] [32mBuilding CXX object CMakeFiles/follow_human__rosidl_typesupport_fastrtps_c.dir/rosidl_typesupport_fastrtps_c/follow_human/msg/detail/tracked_object__type_support_c.cpp.o[0m
[26.588s] [ 58%] Built target follow_human__rosidl_typesupport_cpp
[26.590s] [ 58%] [32mBuilding CXX object CMakeFiles/follow_human__rosidl_typesupport_fastrtps_c.dir/rosidl_typesupport_fastrtps_c/follow_human/msg/detail/depth_estimation__type_support_c.cpp.o[0m
[26.605s] [ 61%] [32m[1mLinking CXX shared library libfollow_human__rosidl_typesupport_fastrtps_cpp.so[0m
[26.714s] [ 64%] [32mBuilding C object CMakeFiles/follow_human__rosidl_typesupport_introspection_c.dir/rosidl_typesupport_introspection_c/follow_human/msg/detail/tracked_object__type_support.c.o[0m
[26.719s] [ 66%] [32mBuilding C object CMakeFiles/follow_human__rosidl_typesupport_introspection_c.dir/rosidl_typesupport_introspection_c/follow_human/msg/detail/depth_estimation__type_support.c.o[0m
[26.744s] [ 69%] [32m[1mLinking CXX shared library libfollow_human__rosidl_typesupport_c.so[0m
[26.887s] [ 69%] Built target follow_human__rosidl_typesupport_introspection_cpp
[27.037s] [ 69%] Built target follow_human__rosidl_typesupport_fastrtps_cpp
[27.076s] [ 69%] Built target follow_human__rosidl_typesupport_c
[27.164s] [ 71%] [32m[1mLinking C shared library libfollow_human__rosidl_typesupport_introspection_c.so[0m
[27.370s] [ 74%] [32m[1mLinking CXX shared library libfollow_human__rosidl_typesupport_fastrtps_c.so[0m
[27.499s] [ 74%] Built target follow_human__rosidl_typesupport_introspection_c
[27.819s] [ 74%] Built target follow_human__rosidl_typesupport_fastrtps_c
[28.148s] [ 74%] Built target follow_human
[28.527s] [ 76%] [34m[1mGenerating Python code for ROS interfaces[0m
[29.669s] [ 76%] Built target follow_human__py
[29.998s] [ 79%] [32mBuilding C object CMakeFiles/follow_human__rosidl_generator_py.dir/rosidl_generator_py/follow_human/msg/_tracked_object_s.c.o[0m
[30.013s] [ 82%] [32mBuilding C object CMakeFiles/follow_human__rosidl_generator_py.dir/rosidl_generator_py/follow_human/msg/_depth_estimation_s.c.o[0m
[30.548s] [ 84%] [32m[1mLinking C shared library rosidl_generator_py/follow_human/libfollow_human__rosidl_generator_py.so[0m
[31.044s] [ 84%] Built target follow_human__rosidl_generator_py
[31.233s] [ 87%] [32mBuilding C object CMakeFiles/follow_human__rosidl_typesupport_fastrtps_c__pyext.dir/rosidl_generator_py/follow_human/_follow_human_s.ep.rosidl_typesupport_fastrtps_c.c.o[0m
[31.239s] [ 89%] [32mBuilding C object CMakeFiles/follow_human__rosidl_typesupport_introspection_c__pyext.dir/rosidl_generator_py/follow_human/_follow_human_s.ep.rosidl_typesupport_introspection_c.c.o[0m
[31.286s] [ 92%] [32mBuilding C object CMakeFiles/follow_human__rosidl_typesupport_c__pyext.dir/rosidl_generator_py/follow_human/_follow_human_s.ep.rosidl_typesupport_c.c.o[0m
[31.802s] [ 94%] [32m[1mLinking C shared library rosidl_generator_py/follow_human/follow_human_s__rosidl_typesupport_fastrtps_c.cpython-310-x86_64-linux-gnu.so[0m
[31.812s] [ 97%] [32m[1mLinking C shared library rosidl_generator_py/follow_human/follow_human_s__rosidl_typesupport_introspection_c.cpython-310-x86_64-linux-gnu.so[0m
[31.835s] [100%] [32m[1mLinking C shared library rosidl_generator_py/follow_human/follow_human_s__rosidl_typesupport_c.cpython-310-x86_64-linux-gnu.so[0m
[32.045s] [100%] Built target follow_human__rosidl_typesupport_introspection_c__pyext
[32.085s] [100%] Built target follow_human__rosidl_typesupport_fastrtps_c__pyext
[32.227s] [100%] Built target follow_human__rosidl_typesupport_c__pyext
[32.450s] Invoked command in '/apollo/ros_ws/build/follow_human' returned '0': CMAKE_PREFIX_PATH=${CMAKE_PREFIX_PATH}:/apollo/ros_ws/install/task1:/apollo/ros_ws/install/scout_mini_simulation:/apollo/dev_ws/install/my_package:/opt/ros/humble /usr/bin/cmake --build /apollo/ros_ws/build/follow_human -- -j12 -l12
[32.536s] Invoking command in '/apollo/ros_ws/build/follow_human': CMAKE_PREFIX_PATH=${CMAKE_PREFIX_PATH}:/apollo/ros_ws/install/task1:/apollo/ros_ws/install/scout_mini_simulation:/apollo/dev_ws/install/my_package:/opt/ros/humble /usr/bin/cmake --install /apollo/ros_ws/build/follow_human
[32.598s] -- Install configuration: ""
[32.636s] -- Installing: /apollo/ros_ws/install/follow_human/share/ament_index/resource_index/rosidl_interfaces/follow_human
[32.698s] -- Installing: /apollo/ros_ws/install/follow_human/include/follow_human/follow_human
[32.727s] -- Installing: /apollo/ros_ws/install/follow_human/include/follow_human/follow_human/msg
[32.767s] -- Installing: /apollo/ros_ws/install/follow_human/include/follow_human/follow_human/msg/depth_estimation.h
[32.861s] -- Installing: /apollo/ros_ws/install/follow_human/include/follow_human/follow_human/msg/detail
[32.908s] -- Installing: /apollo/ros_ws/install/follow_human/include/follow_human/follow_human/msg/detail/depth_estimation__functions.c
[33.013s] -- Installing: /apollo/ros_ws/install/follow_human/include/follow_human/follow_human/msg/detail/depth_estimation__functions.h
[33.107s] -- Installing: /apollo/ros_ws/install/follow_human/include/follow_human/follow_human/msg/detail/depth_estimation__struct.h
[33.224s] -- Installing: /apollo/ros_ws/install/follow_human/include/follow_human/follow_human/msg/detail/depth_estimation__type_support.h
[33.329s] -- Installing: /apollo/ros_ws/install/follow_human/include/follow_human/follow_human/msg/detail/tracked_object__functions.c
[33.416s] -- Installing: /apollo/ros_ws/install/follow_human/include/follow_human/follow_human/msg/detail/tracked_object__functions.h
[33.526s] -- Installing: /apollo/ros_ws/install/follow_human/include/follow_human/follow_human/msg/detail/tracked_object__struct.h
[33.636s] -- Installing: /apollo/ros_ws/install/follow_human/include/follow_human/follow_human/msg/detail/tracked_object__type_support.h
[33.748s] -- Installing: /apollo/ros_ws/install/follow_human/include/follow_human/follow_human/msg/rosidl_generator_c__visibility_control.h
[33.828s] -- Installing: /apollo/ros_ws/install/follow_human/include/follow_human/follow_human/msg/tracked_object.h
[33.927s] -- Installing: /apollo/ros_ws/install/follow_human/share/follow_human/environment/library_path.sh
[33.997s] -- Installing: /apollo/ros_ws/install/follow_human/share/follow_human/environment/library_path.dsv
[34.059s] -- Installing: /apollo/ros_ws/install/follow_human/lib/libfollow_human__rosidl_generator_c.so
[34.153s] -- Set runtime path of "/apollo/ros_ws/install/follow_human/lib/libfollow_human__rosidl_generator_c.so" to ""
[34.165s] -- Up-to-date: /apollo/ros_ws/install/follow_human/include/follow_human/follow_human
[34.191s] -- Up-to-date: /apollo/ros_ws/install/follow_human/include/follow_human/follow_human/msg
[34.223s] -- Up-to-date: /apollo/ros_ws/install/follow_human/include/follow_human/follow_human/msg/detail
[34.251s] -- Installing: /apollo/ros_ws/install/follow_human/include/follow_human/follow_human/msg/detail/depth_estimation__rosidl_typesupport_fastrtps_c.h
[34.363s] -- Installing: /apollo/ros_ws/install/follow_human/include/follow_human/follow_human/msg/detail/tracked_object__rosidl_typesupport_fastrtps_c.h
[34.474s] -- Installing: /apollo/ros_ws/install/follow_human/include/follow_human/follow_human/msg/rosidl_typesupport_fastrtps_c__visibility_control.h
[34.573s] -- Installing: /apollo/ros_ws/install/follow_human/lib/libfollow_human__rosidl_typesupport_fastrtps_c.so
[34.667s] -- Set runtime path of "/apollo/ros_ws/install/follow_human/lib/libfollow_human__rosidl_typesupport_fastrtps_c.so" to ""
[34.679s] -- Up-to-date: /apollo/ros_ws/install/follow_human/include/follow_human/follow_human
[34.703s] -- Up-to-date: /apollo/ros_ws/install/follow_human/include/follow_human/follow_human/msg
[34.735s] -- Installing: /apollo/ros_ws/install/follow_human/include/follow_human/follow_human/msg/depth_estimation.hpp
[34.813s] -- Up-to-date: /apollo/ros_ws/install/follow_human/include/follow_human/follow_human/msg/detail
[34.834s] -- Installing: /apollo/ros_ws/install/follow_human/include/follow_human/follow_human/msg/detail/depth_estimation__builder.hpp
[34.943s] -- Installing: /apollo/ros_ws/install/follow_human/include/follow_human/follow_human/msg/detail/depth_estimation__struct.hpp
[35.051s] -- Installing: /apollo/ros_ws/install/follow_human/include/follow_human/follow_human/msg/detail/depth_estimation__traits.hpp
[35.140s] -- Installing: /apollo/ros_ws/install/follow_human/include/follow_human/follow_human/msg/detail/depth_estimation__type_support.hpp
[35.243s] -- Installing: /apollo/ros_ws/install/follow_human/include/follow_human/follow_human/msg/detail/tracked_object__builder.hpp
[35.330s] -- Installing: /apollo/ros_ws/install/follow_human/include/follow_human/follow_human/msg/detail/tracked_object__struct.hpp
[35.438s] -- Installing: /apollo/ros_ws/install/follow_human/include/follow_human/follow_human/msg/detail/tracked_object__traits.hpp
[35.547s] -- Installing: /apollo/ros_ws/install/follow_human/include/follow_human/follow_human/msg/detail/tracked_object__type_support.hpp
[35.647s] -- Installing: /apollo/ros_ws/install/follow_human/include/follow_human/follow_human/msg/rosidl_generator_cpp__visibility_control.hpp
[35.725s] -- Installing: /apollo/ros_ws/install/follow_human/include/follow_human/follow_human/msg/tracked_object.hpp
[35.814s] -- Up-to-date: /apollo/ros_ws/install/follow_human/include/follow_human/follow_human
[35.839s] -- Up-to-date: /apollo/ros_ws/install/follow_human/include/follow_human/follow_human/msg
[35.870s] -- Up-to-date: /apollo/ros_ws/install/follow_human/include/follow_human/follow_human/msg/detail
[35.904s] -- Installing: /apollo/ros_ws/install/follow_human/include/follow_human/follow_human/msg/detail/dds_fastrtps
[35.951s] -- Installing: /apollo/ros_ws/install/follow_human/include/follow_human/follow_human/msg/detail/depth_estimation__rosidl_typesupport_fastrtps_cpp.hpp
[36.056s] -- Installing: /apollo/ros_ws/install/follow_human/include/follow_human/follow_human/msg/detail/tracked_object__rosidl_typesupport_fastrtps_cpp.hpp
[36.161s] -- Installing: /apollo/ros_ws/install/follow_human/include/follow_human/follow_human/msg/rosidl_typesupport_fastrtps_cpp__visibility_control.h
[36.251s] -- Installing: /apollo/ros_ws/install/follow_human/lib/libfollow_human__rosidl_typesupport_fastrtps_cpp.so
[36.334s] -- Set runtime path of "/apollo/ros_ws/install/follow_human/lib/libfollow_human__rosidl_typesupport_fastrtps_cpp.so" to ""
[36.345s] -- Up-to-date: /apollo/ros_ws/install/follow_human/include/follow_human/follow_human
[36.368s] -- Up-to-date: /apollo/ros_ws/install/follow_human/include/follow_human/follow_human/msg
[36.399s] -- Up-to-date: /apollo/ros_ws/install/follow_human/include/follow_human/follow_human/msg/detail
[36.444s] -- Installing: /apollo/ros_ws/install/follow_human/include/follow_human/follow_human/msg/detail/depth_estimation__rosidl_typesupport_introspection_c.h
[36.554s] -- Installing: /apollo/ros_ws/install/follow_human/include/follow_human/follow_human/msg/detail/depth_estimation__type_support.c
[36.663s] -- Installing: /apollo/ros_ws/install/follow_human/include/follow_human/follow_human/msg/detail/tracked_object__rosidl_typesupport_introspection_c.h
[36.758s] -- Installing: /apollo/ros_ws/install/follow_human/include/follow_human/follow_human/msg/detail/tracked_object__type_support.c
[36.860s] -- Installing: /apollo/ros_ws/install/follow_human/include/follow_human/follow_human/msg/rosidl_typesupport_introspection_c__visibility_control.h
[36.934s] -- Installing: /apollo/ros_ws/install/follow_human/lib/libfollow_human__rosidl_typesupport_introspection_c.so
[37.026s] -- Set runtime path of "/apollo/ros_ws/install/follow_human/lib/libfollow_human__rosidl_typesupport_introspection_c.so" to ""
[37.041s] -- Installing: /apollo/ros_ws/install/follow_human/lib/libfollow_human__rosidl_typesupport_c.so
[37.119s] -- Set runtime path of "/apollo/ros_ws/install/follow_human/lib/libfollow_human__rosidl_typesupport_c.so" to ""
[37.125s] -- Up-to-date: /apollo/ros_ws/install/follow_human/include/follow_human/follow_human
[37.149s] -- Up-to-date: /apollo/ros_ws/install/follow_human/include/follow_human/follow_human/msg
[37.181s] -- Up-to-date: /apollo/ros_ws/install/follow_human/include/follow_human/follow_human/msg/detail
[37.222s] -- Installing: /apollo/ros_ws/install/follow_human/include/follow_human/follow_human/msg/detail/depth_estimation__rosidl_typesupport_introspection_cpp.hpp
[37.326s] -- Installing: /apollo/ros_ws/install/follow_human/include/follow_human/follow_human/msg/detail/depth_estimation__type_support.cpp
[37.416s] -- Installing: /apollo/ros_ws/install/follow_human/include/follow_human/follow_human/msg/detail/tracked_object__rosidl_typesupport_introspection_cpp.hpp
[37.519s] -- Installing: /apollo/ros_ws/install/follow_human/include/follow_human/follow_human/msg/detail/tracked_object__type_support.cpp
[37.615s] -- Installing: /apollo/ros_ws/install/follow_human/lib/libfollow_human__rosidl_typesupport_introspection_cpp.so
[37.705s] -- Set runtime path of "/apollo/ros_ws/install/follow_human/lib/libfollow_human__rosidl_typesupport_introspection_cpp.so" to ""
[37.722s] -- Installing: /apollo/ros_ws/install/follow_human/lib/libfollow_human__rosidl_typesupport_cpp.so
[37.806s] -- Set runtime path of "/apollo/ros_ws/install/follow_human/lib/libfollow_human__rosidl_typesupport_cpp.so" to ""
[37.826s] -- Installing: /apollo/ros_ws/install/follow_human/share/follow_human/environment/pythonpath.sh
[37.922s] -- Installing: /apollo/ros_ws/install/follow_human/share/follow_human/environment/pythonpath.dsv
[38.003s] -- Installing: /apollo/ros_ws/install/follow_human/local/lib/python3.10/dist-packages/follow_human-0.0.1-py3.10.egg-info
[38.064s] -- Installing: /apollo/ros_ws/install/follow_human/local/lib/python3.10/dist-packages/follow_human-0.0.1-py3.10.egg-info/dependency_links.txt
[38.171s] -- Installing: /apollo/ros_ws/install/follow_human/local/lib/python3.10/dist-packages/follow_human-0.0.1-py3.10.egg-info/PKG-INFO
[38.245s] -- Installing: /apollo/ros_ws/install/follow_human/local/lib/python3.10/dist-packages/follow_human-0.0.1-py3.10.egg-info/SOURCES.txt
[38.352s] -- Installing: /apollo/ros_ws/install/follow_human/local/lib/python3.10/dist-packages/follow_human-0.0.1-py3.10.egg-info/top_level.txt
[38.448s] -- Installing: /apollo/ros_ws/install/follow_human/local/lib/python3.10/dist-packages/follow_human
[38.496s] -- Installing: /apollo/ros_ws/install/follow_human/local/lib/python3.10/dist-packages/follow_human/follow_human_s__rosidl_typesupport_c.cpython-310-x86_64-linux-gnu.so
[38.593s] -- Installing: /apollo/ros_ws/install/follow_human/local/lib/python3.10/dist-packages/follow_human/follow_human_s__rosidl_typesupport_fastrtps_c.cpython-310-x86_64-linux-gnu.so
[38.697s] -- Installing: /apollo/ros_ws/install/follow_human/local/lib/python3.10/dist-packages/follow_human/follow_human_s__rosidl_typesupport_introspection_c.cpython-310-x86_64-linux-gnu.so
[38.791s] -- Installing: /apollo/ros_ws/install/follow_human/local/lib/python3.10/dist-packages/follow_human/libfollow_human__rosidl_generator_py.so
[38.893s] -- Installing: /apollo/ros_ws/install/follow_human/local/lib/python3.10/dist-packages/follow_human/msg
[38.949s] -- Installing: /apollo/ros_ws/install/follow_human/local/lib/python3.10/dist-packages/follow_human/msg/_depth_estimation.py
[39.063s] -- Installing: /apollo/ros_ws/install/follow_human/local/lib/python3.10/dist-packages/follow_human/msg/_depth_estimation_s.c
[39.180s] -- Installing: /apollo/ros_ws/install/follow_human/local/lib/python3.10/dist-packages/follow_human/msg/_tracked_object.py
[39.278s] -- Installing: /apollo/ros_ws/install/follow_human/local/lib/python3.10/dist-packages/follow_human/msg/_tracked_object_s.c
[39.385s] -- Installing: /apollo/ros_ws/install/follow_human/local/lib/python3.10/dist-packages/follow_human/msg/__init__.py
[39.514s] -- Installing: /apollo/ros_ws/install/follow_human/local/lib/python3.10/dist-packages/follow_human/_follow_human_s.ep.rosidl_typesupport_c.c
[39.660s] -- Installing: /apollo/ros_ws/install/follow_human/local/lib/python3.10/dist-packages/follow_human/_follow_human_s.ep.rosidl_typesupport_fastrtps_c.c
[39.752s] -- Installing: /apollo/ros_ws/install/follow_human/local/lib/python3.10/dist-packages/follow_human/_follow_human_s.ep.rosidl_typesupport_introspection_c.c
[39.841s] -- Installing: /apollo/ros_ws/install/follow_human/local/lib/python3.10/dist-packages/follow_human/__init__.py
[40.814s] Listing '/apollo/ros_ws/install/follow_human/local/lib/python3.10/dist-packages/follow_human'...
[40.815s] Compiling '/apollo/ros_ws/install/follow_human/local/lib/python3.10/dist-packages/follow_human/__init__.py'...
[40.815s] Listing '/apollo/ros_ws/install/follow_human/local/lib/python3.10/dist-packages/follow_human/msg'...
[40.816s] Compiling '/apollo/ros_ws/install/follow_human/local/lib/python3.10/dist-packages/follow_human/msg/__init__.py'...
[40.817s] Compiling '/apollo/ros_ws/install/follow_human/local/lib/python3.10/dist-packages/follow_human/msg/_depth_estimation.py'...
[40.818s] Compiling '/apollo/ros_ws/install/follow_human/local/lib/python3.10/dist-packages/follow_human/msg/_tracked_object.py'...
[40.881s] -- Installing: /apollo/ros_ws/install/follow_human/local/lib/python3.10/dist-packages/follow_human/follow_human_s__rosidl_typesupport_fastrtps_c.cpython-310-x86_64-linux-gnu.so
[41.025s] -- Set runtime path of "/apollo/ros_ws/install/follow_human/local/lib/python3.10/dist-packages/follow_human/follow_human_s__rosidl_typesupport_fastrtps_c.cpython-310-x86_64-linux-gnu.so" to ""
[41.093s] -- Installing: /apollo/ros_ws/install/follow_human/local/lib/python3.10/dist-packages/follow_human/follow_human_s__rosidl_typesupport_introspection_c.cpython-310-x86_64-linux-gnu.so
[41.246s] -- Set runtime path of "/apollo/ros_ws/install/follow_human/local/lib/python3.10/dist-packages/follow_human/follow_human_s__rosidl_typesupport_introspection_c.cpython-310-x86_64-linux-gnu.so" to ""
[41.316s] -- Installing: /apollo/ros_ws/install/follow_human/local/lib/python3.10/dist-packages/follow_human/follow_human_s__rosidl_typesupport_c.cpython-310-x86_64-linux-gnu.so
[41.472s] -- Set runtime path of "/apollo/ros_ws/install/follow_human/local/lib/python3.10/dist-packages/follow_human/follow_human_s__rosidl_typesupport_c.cpython-310-x86_64-linux-gnu.so" to ""
[41.495s] -- Installing: /apollo/ros_ws/install/follow_human/lib/libfollow_human__rosidl_generator_py.so
[41.597s] -- Set runtime path of "/apollo/ros_ws/install/follow_human/lib/libfollow_human__rosidl_generator_py.so" to ""
[41.631s] -- Installing: /apollo/ros_ws/install/follow_human/share/follow_human/msg/TrackedObject.idl
[41.696s] -- Installing: /apollo/ros_ws/install/follow_human/share/follow_human/msg/DepthEstimation.idl
[41.794s] -- Installing: /apollo/ros_ws/install/follow_human/share/follow_human/msg/TrackedObject.msg
[41.883s] -- Installing: /apollo/ros_ws/install/follow_human/share/follow_human/msg/DepthEstimation.msg
[41.977s] -- Installing: /apollo/ros_ws/install/follow_human/lib/follow_human/depth_estimation.py
[42.050s] -- Installing: /apollo/ros_ws/install/follow_human/lib/follow_human/tracking_node.py
[42.158s] -- Installing: /apollo/ros_ws/install/follow_human/share/ament_index/resource_index/package_run_dependencies/follow_human
[42.282s] -- Installing: /apollo/ros_ws/install/follow_human/share/ament_index/resource_index/parent_prefix_path/follow_human
[42.374s] -- Installing: /apollo/ros_ws/install/follow_human/share/follow_human/environment/ament_prefix_path.sh
[42.431s] -- Installing: /apollo/ros_ws/install/follow_human/share/follow_human/environment/ament_prefix_path.dsv
[42.503s] -- Installing: /apollo/ros_ws/install/follow_human/share/follow_human/environment/path.sh
[42.573s] -- Installing: /apollo/ros_ws/install/follow_human/share/follow_human/environment/path.dsv
[42.648s] -- Installing: /apollo/ros_ws/install/follow_human/share/follow_human/local_setup.bash
[42.722s] -- Installing: /apollo/ros_ws/install/follow_human/share/follow_human/local_setup.sh
[42.791s] -- Installing: /apollo/ros_ws/install/follow_human/share/follow_human/local_setup.zsh
[42.857s] -- Installing: /apollo/ros_ws/install/follow_human/share/follow_human/local_setup.dsv
[42.906s] -- Installing: /apollo/ros_ws/install/follow_human/share/follow_human/package.dsv
[43.022s] -- Installing: /apollo/ros_ws/install/follow_human/share/ament_index/resource_index/packages/follow_human
[43.122s] -- Installing: /apollo/ros_ws/install/follow_human/share/follow_human/cmake/export_follow_human__rosidl_generator_cExport.cmake
[43.228s] -- Installing: /apollo/ros_ws/install/follow_human/share/follow_human/cmake/export_follow_human__rosidl_generator_cExport-noconfig.cmake
[43.329s] -- Installing: /apollo/ros_ws/install/follow_human/share/follow_human/cmake/export_follow_human__rosidl_typesupport_fastrtps_cExport.cmake
[43.409s] -- Installing: /apollo/ros_ws/install/follow_human/share/follow_human/cmake/export_follow_human__rosidl_typesupport_fastrtps_cExport-noconfig.cmake
[43.507s] -- Installing: /apollo/ros_ws/install/follow_human/share/follow_human/cmake/export_follow_human__rosidl_generator_cppExport.cmake
[43.590s] -- Installing: /apollo/ros_ws/install/follow_human/share/follow_human/cmake/export_follow_human__rosidl_typesupport_fastrtps_cppExport.cmake
[43.689s] -- Installing: /apollo/ros_ws/install/follow_human/share/follow_human/cmake/export_follow_human__rosidl_typesupport_fastrtps_cppExport-noconfig.cmake
[43.798s] -- Installing: /apollo/ros_ws/install/follow_human/share/follow_human/cmake/follow_human__rosidl_typesupport_introspection_cExport.cmake
[43.903s] -- Installing: /apollo/ros_ws/install/follow_human/share/follow_human/cmake/follow_human__rosidl_typesupport_introspection_cExport-noconfig.cmake
[44.012s] -- Installing: /apollo/ros_ws/install/follow_human/share/follow_human/cmake/follow_human__rosidl_typesupport_cExport.cmake
[44.101s] -- Installing: /apollo/ros_ws/install/follow_human/share/follow_human/cmake/follow_human__rosidl_typesupport_cExport-noconfig.cmake
[44.209s] -- Installing: /apollo/ros_ws/install/follow_human/share/follow_human/cmake/follow_human__rosidl_typesupport_introspection_cppExport.cmake
[44.290s] -- Installing: /apollo/ros_ws/install/follow_human/share/follow_human/cmake/follow_human__rosidl_typesupport_introspection_cppExport-noconfig.cmake
[44.392s] -- Installing: /apollo/ros_ws/install/follow_human/share/follow_human/cmake/follow_human__rosidl_typesupport_cppExport.cmake
[44.487s] -- Installing: /apollo/ros_ws/install/follow_human/share/follow_human/cmake/follow_human__rosidl_typesupport_cppExport-noconfig.cmake
[44.596s] -- Installing: /apollo/ros_ws/install/follow_human/share/follow_human/cmake/export_follow_human__rosidl_generator_pyExport.cmake
[44.692s] -- Installing: /apollo/ros_ws/install/follow_human/share/follow_human/cmake/export_follow_human__rosidl_generator_pyExport-noconfig.cmake
[44.783s] -- Installing: /apollo/ros_ws/install/follow_human/share/follow_human/cmake/rosidl_cmake-extras.cmake
[44.846s] -- Installing: /apollo/ros_ws/install/follow_human/share/follow_human/cmake/ament_cmake_export_dependencies-extras.cmake
[44.926s] -- Installing: /apollo/ros_ws/install/follow_human/share/follow_human/cmake/ament_cmake_export_include_directories-extras.cmake
[45.002s] -- Installing: /apollo/ros_ws/install/follow_human/share/follow_human/cmake/ament_cmake_export_libraries-extras.cmake
[45.074s] -- Installing: /apollo/ros_ws/install/follow_human/share/follow_human/cmake/ament_cmake_export_targets-extras.cmake
[45.139s] -- Installing: /apollo/ros_ws/install/follow_human/share/follow_human/cmake/rosidl_cmake_export_typesupport_targets-extras.cmake
[45.213s] -- Installing: /apollo/ros_ws/install/follow_human/share/follow_human/cmake/rosidl_cmake_export_typesupport_libraries-extras.cmake
[45.269s] -- Installing: /apollo/ros_ws/install/follow_human/share/follow_human/cmake/follow_humanConfig.cmake
[45.338s] -- Installing: /apollo/ros_ws/install/follow_human/share/follow_human/cmake/follow_humanConfig-version.cmake
[45.423s] -- Installing: /apollo/ros_ws/install/follow_human/share/follow_human/package.xml
[45.494s] Invoked command in '/apollo/ros_ws/build/follow_human' returned '0': CMAKE_PREFIX_PATH=${CMAKE_PREFIX_PATH}:/apollo/ros_ws/install/task1:/apollo/ros_ws/install/scout_mini_simulation:/apollo/dev_ws/install/my_package:/opt/ros/humble /usr/bin/cmake --install /apollo/ros_ws/build/follow_human
