running develop
running egg_info
creating task1.egg-info
writing task1.egg-info/PKG-INFO
writing dependency_links to task1.egg-info/dependency_links.txt
writing entry points to task1.egg-info/entry_points.txt
writing requirements to task1.egg-info/requires.txt
writing top-level names to task1.egg-info/top_level.txt
writing manifest file 'task1.egg-info/SOURCES.txt'
reading manifest file 'task1.egg-info/SOURCES.txt'
writing manifest file 'task1.egg-info/SOURCES.txt'
running build_ext
Creating /apollo/ros_ws/install/task1/lib/python3.10/site-packages/task1.egg-link (link to .)
Installing task1 script to /apollo/ros_ws/install/task1/lib/auto_break

Installed /apollo/ros_ws/build/task1
running symlink_data
creating /apollo/ros_ws/install/task1/share/ament_index
creating /apollo/ros_ws/install/task1/share/ament_index/resource_index
creating /apollo/ros_ws/install/task1/share/ament_index/resource_index/packages
symbolically linking /apollo/ros_ws/build/task1/resource/task1 -> /apollo/ros_ws/install/task1/share/ament_index/resource_index/packages
symbolically linking /apollo/ros_ws/build/task1/package.xml -> /apollo/ros_ws/install/task1/share/task1
