[0.362s] Invoking command in '/apollo/ros_ws/build/scout_mini_simulation': CMAKE_PREFIX_PATH=/apollo/ros_ws/install/scout_mini_description:/apollo/ros_ws/install/scout_mini_base:/apollo/ros_ws/install/scout_mini_ros2:/apollo/ros_ws/install/scout_mini_hardware:/apollo/ros_ws/install/scout_mini_msgs PYTHONPATH=/apollo/ros_ws/build/scout_mini_simulation/prefix_override:/usr/lib/python3/dist-packages/colcon_core/task/python/colcon_distutils_commands:/apollo/ros_ws/install/scout_mini_simulation/lib/python3.10/site-packages:${PYTHONPATH} /usr/bin/python3 -W ignore:setup.py install is deprecated -W ignore:easy_install command is deprecated setup.py develop --editable --build-directory /apollo/ros_ws/build/scout_mini_simulation/build --no-deps symlink_data --force
[0.503s] running develop
[0.572s] running egg_info
[0.572s] writing scout_mini_simulation.egg-info/PKG-INFO
[0.572s] writing dependency_links to scout_mini_simulation.egg-info/dependency_links.txt
[0.572s] writing entry points to scout_mini_simulation.egg-info/entry_points.txt
[0.572s] writing requirements to scout_mini_simulation.egg-info/requires.txt
[0.572s] writing top-level names to scout_mini_simulation.egg-info/top_level.txt
[0.573s] reading manifest file 'scout_mini_simulation.egg-info/SOURCES.txt'
[0.573s] writing manifest file 'scout_mini_simulation.egg-info/SOURCES.txt'
[0.574s] running build_ext
[0.574s] Creating /apollo/ros_ws/install/scout_mini_simulation/lib/python3.10/site-packages/scout-mini-simulation.egg-link (link to .)
[0.575s] 
[0.575s] Installed /apollo/ros_ws/build/scout_mini_simulation
[0.575s] running symlink_data
[0.575s] symbolically linking /apollo/ros_ws/build/scout_mini_simulation/resource/scout_mini_simulation -> /apollo/ros_ws/install/scout_mini_simulation/share/ament_index/resource_index/packages
[0.575s] symbolically linking /apollo/ros_ws/build/scout_mini_simulation/package.xml -> /apollo/ros_ws/install/scout_mini_simulation/share/scout_mini_simulation
[0.575s] symbolically linking /apollo/ros_ws/build/scout_mini_simulation/launch/simulation.launch.py -> /apollo/ros_ws/install/scout_mini_simulation/share/scout_mini_simulation/launch
[0.575s] symbolically linking /apollo/ros_ws/build/scout_mini_simulation/config/scout_mini.yaml -> /apollo/ros_ws/install/scout_mini_simulation/share/scout_mini_simulation/config
[0.575s] symbolically linking /apollo/ros_ws/build/scout_mini_simulation/urdf/scout_mini.urdf -> /apollo/ros_ws/install/scout_mini_simulation/share/scout_mini_simulation/urdf
[0.591s] Invoked command in '/apollo/ros_ws/build/scout_mini_simulation' returned '0': CMAKE_PREFIX_PATH=/apollo/ros_ws/install/scout_mini_description:/apollo/ros_ws/install/scout_mini_base:/apollo/ros_ws/install/scout_mini_ros2:/apollo/ros_ws/install/scout_mini_hardware:/apollo/ros_ws/install/scout_mini_msgs PYTHONPATH=/apollo/ros_ws/build/scout_mini_simulation/prefix_override:/usr/lib/python3/dist-packages/colcon_core/task/python/colcon_distutils_commands:/apollo/ros_ws/install/scout_mini_simulation/lib/python3.10/site-packages:${PYTHONPATH} /usr/bin/python3 -W ignore:setup.py install is deprecated -W ignore:easy_install command is deprecated setup.py develop --editable --build-directory /apollo/ros_ws/build/scout_mini_simulation/build --no-deps symlink_data --force
