[0.067s] DEBUG:colcon:Command line arguments: ['/usr/bin/colcon', 'build', '--symlink-install']
[0.067s] DEBUG:colcon:Parsed command line arguments: Namespace(log_base=None, log_level=None, verb_name='build', build_base='build', install_base='install', merge_install=False, symlink_install=True, test_result_base=None, continue_on_error=False, executor='parallel', parallel_workers=20, event_handlers=None, ignore_user_meta=False, metas=['./colcon.meta'], base_paths=['.'], packages_ignore=None, packages_ignore_regex=None, paths=None, packages_up_to=None, packages_up_to_regex=None, packages_above=None, packages_above_and_dependencies=None, packages_above_depth=None, packages_select_by_dep=None, packages_skip_by_dep=None, packages_skip_up_to=None, packages_select_build_failed=False, packages_skip_build_finished=False, packages_select_test_failures=False, packages_skip_test_passed=False, packages_select=None, packages_skip=None, packages_select_regex=None, packages_skip_regex=None, packages_start=None, packages_end=None, cmake_args=None, cmake_target=None, cmake_target_skip_unavailable=False, cmake_clean_cache=False, cmake_clean_first=False, cmake_force_configure=False, ament_cmake_args=None, catkin_cmake_args=None, catkin_skip_building_tests=False, mixin_files=None, mixin=None, verb_parser=<colcon_mixin.mixin.mixin_argument.MixinArgumentDecorator object at 0x743d502e3520>, verb_extension=<colcon_core.verb.build.BuildVerb object at 0x743d50494eb0>, main=<bound method BuildVerb.main of <colcon_core.verb.build.BuildVerb object at 0x743d50494eb0>>, mixin_verb=('build',))
[0.155s] Level 1:colcon.colcon_core.package_discovery:discover_packages(colcon_meta) check parameters
[0.155s] Level 1:colcon.colcon_core.package_discovery:discover_packages(recursive) check parameters
[0.155s] Level 1:colcon.colcon_core.package_discovery:discover_packages(ignore) check parameters
[0.156s] Level 1:colcon.colcon_core.package_discovery:discover_packages(path) check parameters
[0.156s] Level 1:colcon.colcon_core.package_discovery:discover_packages(colcon_meta) discover
[0.156s] Level 1:colcon.colcon_core.package_discovery:discover_packages(recursive) discover
[0.156s] INFO:colcon.colcon_core.package_discovery:Crawling recursively for packages in '/apollo/ros_ws'
[0.156s] Level 1:colcon.colcon_core.package_identification:_identify(.) by extensions ['ignore', 'ignore_ament_install']
[0.156s] Level 1:colcon.colcon_core.package_identification:_identify(.) by extension 'ignore'
[0.156s] Level 1:colcon.colcon_core.package_identification:_identify(.) by extension 'ignore_ament_install'
[0.156s] Level 1:colcon.colcon_core.package_identification:_identify(.) by extensions ['colcon_pkg']
[0.156s] Level 1:colcon.colcon_core.package_identification:_identify(.) by extension 'colcon_pkg'
[0.156s] Level 1:colcon.colcon_core.package_identification:_identify(.) by extensions ['colcon_meta']
[0.156s] Level 1:colcon.colcon_core.package_identification:_identify(.) by extension 'colcon_meta'
[0.156s] Level 1:colcon.colcon_core.package_identification:_identify(.) by extensions ['ros']
[0.156s] Level 1:colcon.colcon_core.package_identification:_identify(.) by extension 'ros'
[0.164s] Level 1:colcon.colcon_core.package_identification:_identify(.) by extensions ['cmake', 'python']
[0.164s] Level 1:colcon.colcon_core.package_identification:_identify(.) by extension 'cmake'
[0.164s] Level 1:colcon.colcon_core.package_identification:_identify(.) by extension 'python'
[0.164s] Level 1:colcon.colcon_core.package_identification:_identify(.) by extensions ['python_setup_py']
[0.164s] Level 1:colcon.colcon_core.package_identification:_identify(.) by extension 'python_setup_py'
[0.164s] Level 1:colcon.colcon_core.package_identification:_identify(build) by extensions ['ignore', 'ignore_ament_install']
[0.164s] Level 1:colcon.colcon_core.package_identification:_identify(build) by extension 'ignore'
[0.164s] Level 1:colcon.colcon_core.package_identification:_identify(build) ignored
[0.164s] Level 1:colcon.colcon_core.package_identification:_identify(install) by extensions ['ignore', 'ignore_ament_install']
[0.164s] Level 1:colcon.colcon_core.package_identification:_identify(install) by extension 'ignore'
[0.164s] Level 1:colcon.colcon_core.package_identification:_identify(install) ignored
[0.164s] Level 1:colcon.colcon_core.package_identification:_identify(log) by extensions ['ignore', 'ignore_ament_install']
[0.164s] Level 1:colcon.colcon_core.package_identification:_identify(log) by extension 'ignore'
[0.164s] Level 1:colcon.colcon_core.package_identification:_identify(log) ignored
[0.164s] Level 1:colcon.colcon_core.package_identification:_identify(src) by extensions ['ignore', 'ignore_ament_install']
[0.164s] Level 1:colcon.colcon_core.package_identification:_identify(src) by extension 'ignore'
[0.164s] Level 1:colcon.colcon_core.package_identification:_identify(src) by extension 'ignore_ament_install'
[0.164s] Level 1:colcon.colcon_core.package_identification:_identify(src) by extensions ['colcon_pkg']
[0.164s] Level 1:colcon.colcon_core.package_identification:_identify(src) by extension 'colcon_pkg'
[0.164s] Level 1:colcon.colcon_core.package_identification:_identify(src) by extensions ['colcon_meta']
[0.164s] Level 1:colcon.colcon_core.package_identification:_identify(src) by extension 'colcon_meta'
[0.164s] Level 1:colcon.colcon_core.package_identification:_identify(src) by extensions ['ros']
[0.164s] Level 1:colcon.colcon_core.package_identification:_identify(src) by extension 'ros'
[0.164s] Level 1:colcon.colcon_core.package_identification:_identify(src) by extensions ['cmake', 'python']
[0.165s] Level 1:colcon.colcon_core.package_identification:_identify(src) by extension 'cmake'
[0.165s] Level 1:colcon.colcon_core.package_identification:_identify(src) by extension 'python'
[0.165s] Level 1:colcon.colcon_core.package_identification:_identify(src) by extensions ['python_setup_py']
[0.165s] Level 1:colcon.colcon_core.package_identification:_identify(src) by extension 'python_setup_py'
[0.165s] Level 1:colcon.colcon_core.package_identification:_identify(src/scout_mini_base) by extensions ['ignore', 'ignore_ament_install']
[0.165s] Level 1:colcon.colcon_core.package_identification:_identify(src/scout_mini_base) by extension 'ignore'
[0.165s] Level 1:colcon.colcon_core.package_identification:_identify(src/scout_mini_base) by extension 'ignore_ament_install'
[0.165s] Level 1:colcon.colcon_core.package_identification:_identify(src/scout_mini_base) by extensions ['colcon_pkg']
[0.165s] Level 1:colcon.colcon_core.package_identification:_identify(src/scout_mini_base) by extension 'colcon_pkg'
[0.165s] Level 1:colcon.colcon_core.package_identification:_identify(src/scout_mini_base) by extensions ['colcon_meta']
[0.165s] Level 1:colcon.colcon_core.package_identification:_identify(src/scout_mini_base) by extension 'colcon_meta'
[0.165s] Level 1:colcon.colcon_core.package_identification:_identify(src/scout_mini_base) by extensions ['ros']
[0.165s] Level 1:colcon.colcon_core.package_identification:_identify(src/scout_mini_base) by extension 'ros'
[0.166s] DEBUG:colcon.colcon_core.package_identification:Package 'src/scout_mini_base' with type 'ros.ament_cmake' and name 'scout_mini_base'
[0.167s] Level 1:colcon.colcon_core.package_identification:_identify(src/scout_mini_description) by extensions ['ignore', 'ignore_ament_install']
[0.167s] Level 1:colcon.colcon_core.package_identification:_identify(src/scout_mini_description) by extension 'ignore'
[0.167s] Level 1:colcon.colcon_core.package_identification:_identify(src/scout_mini_description) by extension 'ignore_ament_install'
[0.167s] Level 1:colcon.colcon_core.package_identification:_identify(src/scout_mini_description) by extensions ['colcon_pkg']
[0.167s] Level 1:colcon.colcon_core.package_identification:_identify(src/scout_mini_description) by extension 'colcon_pkg'
[0.167s] Level 1:colcon.colcon_core.package_identification:_identify(src/scout_mini_description) by extensions ['colcon_meta']
[0.167s] Level 1:colcon.colcon_core.package_identification:_identify(src/scout_mini_description) by extension 'colcon_meta'
[0.167s] Level 1:colcon.colcon_core.package_identification:_identify(src/scout_mini_description) by extensions ['ros']
[0.167s] Level 1:colcon.colcon_core.package_identification:_identify(src/scout_mini_description) by extension 'ros'
[0.167s] DEBUG:colcon.colcon_core.package_identification:Package 'src/scout_mini_description' with type 'ros.ament_cmake' and name 'scout_mini_description'
[0.167s] Level 1:colcon.colcon_core.package_identification:_identify(src/scout_mini_hardware) by extensions ['ignore', 'ignore_ament_install']
[0.167s] Level 1:colcon.colcon_core.package_identification:_identify(src/scout_mini_hardware) by extension 'ignore'
[0.167s] Level 1:colcon.colcon_core.package_identification:_identify(src/scout_mini_hardware) by extension 'ignore_ament_install'
[0.167s] Level 1:colcon.colcon_core.package_identification:_identify(src/scout_mini_hardware) by extensions ['colcon_pkg']
[0.167s] Level 1:colcon.colcon_core.package_identification:_identify(src/scout_mini_hardware) by extension 'colcon_pkg'
[0.167s] Level 1:colcon.colcon_core.package_identification:_identify(src/scout_mini_hardware) by extensions ['colcon_meta']
[0.167s] Level 1:colcon.colcon_core.package_identification:_identify(src/scout_mini_hardware) by extension 'colcon_meta'
[0.167s] Level 1:colcon.colcon_core.package_identification:_identify(src/scout_mini_hardware) by extensions ['ros']
[0.167s] Level 1:colcon.colcon_core.package_identification:_identify(src/scout_mini_hardware) by extension 'ros'
[0.168s] DEBUG:colcon.colcon_core.package_identification:Package 'src/scout_mini_hardware' with type 'ros.ament_cmake' and name 'scout_mini_hardware'
[0.168s] Level 1:colcon.colcon_core.package_identification:_identify(src/scout_mini_msgs) by extensions ['ignore', 'ignore_ament_install']
[0.168s] Level 1:colcon.colcon_core.package_identification:_identify(src/scout_mini_msgs) by extension 'ignore'
[0.168s] Level 1:colcon.colcon_core.package_identification:_identify(src/scout_mini_msgs) by extension 'ignore_ament_install'
[0.168s] Level 1:colcon.colcon_core.package_identification:_identify(src/scout_mini_msgs) by extensions ['colcon_pkg']
[0.168s] Level 1:colcon.colcon_core.package_identification:_identify(src/scout_mini_msgs) by extension 'colcon_pkg'
[0.168s] Level 1:colcon.colcon_core.package_identification:_identify(src/scout_mini_msgs) by extensions ['colcon_meta']
[0.168s] Level 1:colcon.colcon_core.package_identification:_identify(src/scout_mini_msgs) by extension 'colcon_meta'
[0.168s] Level 1:colcon.colcon_core.package_identification:_identify(src/scout_mini_msgs) by extensions ['ros']
[0.168s] Level 1:colcon.colcon_core.package_identification:_identify(src/scout_mini_msgs) by extension 'ros'
[0.169s] DEBUG:colcon.colcon_core.package_identification:Package 'src/scout_mini_msgs' with type 'ros.ament_cmake' and name 'scout_mini_msgs'
[0.169s] Level 1:colcon.colcon_core.package_identification:_identify(src/scout_mini_ros2) by extensions ['ignore', 'ignore_ament_install']
[0.169s] Level 1:colcon.colcon_core.package_identification:_identify(src/scout_mini_ros2) by extension 'ignore'
[0.169s] Level 1:colcon.colcon_core.package_identification:_identify(src/scout_mini_ros2) by extension 'ignore_ament_install'
[0.169s] Level 1:colcon.colcon_core.package_identification:_identify(src/scout_mini_ros2) by extensions ['colcon_pkg']
[0.169s] Level 1:colcon.colcon_core.package_identification:_identify(src/scout_mini_ros2) by extension 'colcon_pkg'
[0.169s] Level 1:colcon.colcon_core.package_identification:_identify(src/scout_mini_ros2) by extensions ['colcon_meta']
[0.169s] Level 1:colcon.colcon_core.package_identification:_identify(src/scout_mini_ros2) by extension 'colcon_meta'
[0.169s] Level 1:colcon.colcon_core.package_identification:_identify(src/scout_mini_ros2) by extensions ['ros']
[0.169s] Level 1:colcon.colcon_core.package_identification:_identify(src/scout_mini_ros2) by extension 'ros'
[0.169s] DEBUG:colcon.colcon_core.package_identification:Package 'src/scout_mini_ros2' with type 'ros.ament_cmake' and name 'scout_mini_ros2'
[0.169s] Level 1:colcon.colcon_core.package_discovery:discover_packages(recursive) using defaults
[0.169s] Level 1:colcon.colcon_core.package_discovery:discover_packages(ignore) discover
[0.169s] Level 1:colcon.colcon_core.package_discovery:discover_packages(ignore) using defaults
[0.170s] Level 1:colcon.colcon_core.package_discovery:discover_packages(path) discover
[0.170s] Level 1:colcon.colcon_core.package_discovery:discover_packages(path) using defaults
[0.183s] Level 5:colcon.colcon_core.verb:set package 'scout_mini_base' build argument 'cmake_args' from command line to 'None'
[0.183s] Level 5:colcon.colcon_core.verb:set package 'scout_mini_base' build argument 'cmake_target' from command line to 'None'
[0.183s] Level 5:colcon.colcon_core.verb:set package 'scout_mini_base' build argument 'cmake_target_skip_unavailable' from command line to 'False'
[0.183s] Level 5:colcon.colcon_core.verb:set package 'scout_mini_base' build argument 'cmake_clean_cache' from command line to 'False'
[0.183s] Level 5:colcon.colcon_core.verb:set package 'scout_mini_base' build argument 'cmake_clean_first' from command line to 'False'
[0.183s] Level 5:colcon.colcon_core.verb:set package 'scout_mini_base' build argument 'cmake_force_configure' from command line to 'False'
[0.183s] Level 5:colcon.colcon_core.verb:set package 'scout_mini_base' build argument 'ament_cmake_args' from command line to 'None'
[0.183s] Level 5:colcon.colcon_core.verb:set package 'scout_mini_base' build argument 'catkin_cmake_args' from command line to 'None'
[0.183s] Level 5:colcon.colcon_core.verb:set package 'scout_mini_base' build argument 'catkin_skip_building_tests' from command line to 'False'
[0.183s] DEBUG:colcon.colcon_core.verb:Building package 'scout_mini_base' with the following arguments: {'ament_cmake_args': None, 'build_base': '/apollo/ros_ws/build/scout_mini_base', 'catkin_cmake_args': None, 'catkin_skip_building_tests': False, 'cmake_args': None, 'cmake_clean_cache': False, 'cmake_clean_first': False, 'cmake_force_configure': False, 'cmake_target': None, 'cmake_target_skip_unavailable': False, 'install_base': '/apollo/ros_ws/install/scout_mini_base', 'merge_install': False, 'path': '/apollo/ros_ws/src/scout_mini_base', 'symlink_install': True, 'test_result_base': None}
[0.183s] Level 5:colcon.colcon_core.verb:set package 'scout_mini_description' build argument 'cmake_args' from command line to 'None'
[0.183s] Level 5:colcon.colcon_core.verb:set package 'scout_mini_description' build argument 'cmake_target' from command line to 'None'
[0.183s] Level 5:colcon.colcon_core.verb:set package 'scout_mini_description' build argument 'cmake_target_skip_unavailable' from command line to 'False'
[0.184s] Level 5:colcon.colcon_core.verb:set package 'scout_mini_description' build argument 'cmake_clean_cache' from command line to 'False'
[0.184s] Level 5:colcon.colcon_core.verb:set package 'scout_mini_description' build argument 'cmake_clean_first' from command line to 'False'
[0.184s] Level 5:colcon.colcon_core.verb:set package 'scout_mini_description' build argument 'cmake_force_configure' from command line to 'False'
[0.184s] Level 5:colcon.colcon_core.verb:set package 'scout_mini_description' build argument 'ament_cmake_args' from command line to 'None'
[0.184s] Level 5:colcon.colcon_core.verb:set package 'scout_mini_description' build argument 'catkin_cmake_args' from command line to 'None'
[0.184s] Level 5:colcon.colcon_core.verb:set package 'scout_mini_description' build argument 'catkin_skip_building_tests' from command line to 'False'
[0.184s] DEBUG:colcon.colcon_core.verb:Building package 'scout_mini_description' with the following arguments: {'ament_cmake_args': None, 'build_base': '/apollo/ros_ws/build/scout_mini_description', 'catkin_cmake_args': None, 'catkin_skip_building_tests': False, 'cmake_args': None, 'cmake_clean_cache': False, 'cmake_clean_first': False, 'cmake_force_configure': False, 'cmake_target': None, 'cmake_target_skip_unavailable': False, 'install_base': '/apollo/ros_ws/install/scout_mini_description', 'merge_install': False, 'path': '/apollo/ros_ws/src/scout_mini_description', 'symlink_install': True, 'test_result_base': None}
[0.184s] Level 5:colcon.colcon_core.verb:set package 'scout_mini_msgs' build argument 'cmake_args' from command line to 'None'
[0.184s] Level 5:colcon.colcon_core.verb:set package 'scout_mini_msgs' build argument 'cmake_target' from command line to 'None'
[0.184s] Level 5:colcon.colcon_core.verb:set package 'scout_mini_msgs' build argument 'cmake_target_skip_unavailable' from command line to 'False'
[0.184s] Level 5:colcon.colcon_core.verb:set package 'scout_mini_msgs' build argument 'cmake_clean_cache' from command line to 'False'
[0.184s] Level 5:colcon.colcon_core.verb:set package 'scout_mini_msgs' build argument 'cmake_clean_first' from command line to 'False'
[0.184s] Level 5:colcon.colcon_core.verb:set package 'scout_mini_msgs' build argument 'cmake_force_configure' from command line to 'False'
[0.184s] Level 5:colcon.colcon_core.verb:set package 'scout_mini_msgs' build argument 'ament_cmake_args' from command line to 'None'
[0.184s] Level 5:colcon.colcon_core.verb:set package 'scout_mini_msgs' build argument 'catkin_cmake_args' from command line to 'None'
[0.184s] Level 5:colcon.colcon_core.verb:set package 'scout_mini_msgs' build argument 'catkin_skip_building_tests' from command line to 'False'
[0.184s] DEBUG:colcon.colcon_core.verb:Building package 'scout_mini_msgs' with the following arguments: {'ament_cmake_args': None, 'build_base': '/apollo/ros_ws/build/scout_mini_msgs', 'catkin_cmake_args': None, 'catkin_skip_building_tests': False, 'cmake_args': None, 'cmake_clean_cache': False, 'cmake_clean_first': False, 'cmake_force_configure': False, 'cmake_target': None, 'cmake_target_skip_unavailable': False, 'install_base': '/apollo/ros_ws/install/scout_mini_msgs', 'merge_install': False, 'path': '/apollo/ros_ws/src/scout_mini_msgs', 'symlink_install': True, 'test_result_base': None}
[0.184s] Level 5:colcon.colcon_core.verb:set package 'scout_mini_hardware' build argument 'cmake_args' from command line to 'None'
[0.184s] Level 5:colcon.colcon_core.verb:set package 'scout_mini_hardware' build argument 'cmake_target' from command line to 'None'
[0.184s] Level 5:colcon.colcon_core.verb:set package 'scout_mini_hardware' build argument 'cmake_target_skip_unavailable' from command line to 'False'
[0.184s] Level 5:colcon.colcon_core.verb:set package 'scout_mini_hardware' build argument 'cmake_clean_cache' from command line to 'False'
[0.184s] Level 5:colcon.colcon_core.verb:set package 'scout_mini_hardware' build argument 'cmake_clean_first' from command line to 'False'
[0.184s] Level 5:colcon.colcon_core.verb:set package 'scout_mini_hardware' build argument 'cmake_force_configure' from command line to 'False'
[0.184s] Level 5:colcon.colcon_core.verb:set package 'scout_mini_hardware' build argument 'ament_cmake_args' from command line to 'None'
[0.184s] Level 5:colcon.colcon_core.verb:set package 'scout_mini_hardware' build argument 'catkin_cmake_args' from command line to 'None'
[0.184s] Level 5:colcon.colcon_core.verb:set package 'scout_mini_hardware' build argument 'catkin_skip_building_tests' from command line to 'False'
[0.184s] DEBUG:colcon.colcon_core.verb:Building package 'scout_mini_hardware' with the following arguments: {'ament_cmake_args': None, 'build_base': '/apollo/ros_ws/build/scout_mini_hardware', 'catkin_cmake_args': None, 'catkin_skip_building_tests': False, 'cmake_args': None, 'cmake_clean_cache': False, 'cmake_clean_first': False, 'cmake_force_configure': False, 'cmake_target': None, 'cmake_target_skip_unavailable': False, 'install_base': '/apollo/ros_ws/install/scout_mini_hardware', 'merge_install': False, 'path': '/apollo/ros_ws/src/scout_mini_hardware', 'symlink_install': True, 'test_result_base': None}
[0.184s] Level 5:colcon.colcon_core.verb:set package 'scout_mini_ros2' build argument 'cmake_args' from command line to 'None'
[0.184s] Level 5:colcon.colcon_core.verb:set package 'scout_mini_ros2' build argument 'cmake_target' from command line to 'None'
[0.184s] Level 5:colcon.colcon_core.verb:set package 'scout_mini_ros2' build argument 'cmake_target_skip_unavailable' from command line to 'False'
[0.184s] Level 5:colcon.colcon_core.verb:set package 'scout_mini_ros2' build argument 'cmake_clean_cache' from command line to 'False'
[0.184s] Level 5:colcon.colcon_core.verb:set package 'scout_mini_ros2' build argument 'cmake_clean_first' from command line to 'False'
[0.184s] Level 5:colcon.colcon_core.verb:set package 'scout_mini_ros2' build argument 'cmake_force_configure' from command line to 'False'
[0.185s] Level 5:colcon.colcon_core.verb:set package 'scout_mini_ros2' build argument 'ament_cmake_args' from command line to 'None'
[0.185s] Level 5:colcon.colcon_core.verb:set package 'scout_mini_ros2' build argument 'catkin_cmake_args' from command line to 'None'
[0.185s] Level 5:colcon.colcon_core.verb:set package 'scout_mini_ros2' build argument 'catkin_skip_building_tests' from command line to 'False'
[0.185s] DEBUG:colcon.colcon_core.verb:Building package 'scout_mini_ros2' with the following arguments: {'ament_cmake_args': None, 'build_base': '/apollo/ros_ws/build/scout_mini_ros2', 'catkin_cmake_args': None, 'catkin_skip_building_tests': False, 'cmake_args': None, 'cmake_clean_cache': False, 'cmake_clean_first': False, 'cmake_force_configure': False, 'cmake_target': None, 'cmake_target_skip_unavailable': False, 'install_base': '/apollo/ros_ws/install/scout_mini_ros2', 'merge_install': False, 'path': '/apollo/ros_ws/src/scout_mini_ros2', 'symlink_install': True, 'test_result_base': None}
[0.185s] INFO:colcon.colcon_core.executor:Executing jobs using 'parallel' executor
[0.186s] DEBUG:colcon.colcon_parallel_executor.executor.parallel:run_until_complete
[0.186s] INFO:colcon.colcon_ros.task.ament_cmake.build:Building ROS package in '/apollo/ros_ws/src/scout_mini_msgs' with build type 'ament_cmake'
[0.186s] INFO:colcon.colcon_cmake.task.cmake.build:Building CMake package in '/apollo/ros_ws/src/scout_mini_msgs'
[0.189s] INFO:colcon.colcon_core.plugin_system:Skipping extension 'colcon_core.shell.bat': Not used on non-Windows systems
[0.189s] INFO:colcon.colcon_core.shell:Skip shell extension 'powershell' for command environment: Not usable outside of PowerShell
[0.189s] DEBUG:colcon.colcon_core.shell:Skip shell extension 'dsv' for command environment
[0.192s] INFO:colcon.colcon_ros.task.ament_cmake.build:Building ROS package in '/apollo/ros_ws/src/scout_mini_base' with build type 'ament_cmake'
[0.192s] INFO:colcon.colcon_cmake.task.cmake.build:Building CMake package in '/apollo/ros_ws/src/scout_mini_base'
[0.192s] INFO:colcon.colcon_core.shell:Skip shell extension 'powershell' for command environment: Not usable outside of PowerShell
[0.192s] DEBUG:colcon.colcon_core.shell:Skip shell extension 'dsv' for command environment
[0.195s] INFO:colcon.colcon_ros.task.ament_cmake.build:Building ROS package in '/apollo/ros_ws/src/scout_mini_description' with build type 'ament_cmake'
[0.195s] INFO:colcon.colcon_cmake.task.cmake.build:Building CMake package in '/apollo/ros_ws/src/scout_mini_description'
[0.196s] INFO:colcon.colcon_core.shell:Skip shell extension 'powershell' for command environment: Not usable outside of PowerShell
[0.196s] DEBUG:colcon.colcon_core.shell:Skip shell extension 'dsv' for command environment
[0.205s] DEBUG:colcon.colcon_core.event_handler.log_command:Invoking command in '/apollo/ros_ws/build/scout_mini_msgs': CMAKE_PREFIX_PATH=${CMAKE_PREFIX_PATH}:/opt/ros/humble /usr/bin/cmake --build /apollo/ros_ws/build/scout_mini_msgs -- -j20 -l20
[0.209s] DEBUG:colcon.colcon_core.event_handler.log_command:Invoking command in '/apollo/ros_ws/build/scout_mini_base': CMAKE_PREFIX_PATH=${CMAKE_PREFIX_PATH}:/opt/ros/humble /usr/bin/cmake --build /apollo/ros_ws/build/scout_mini_base -- -j20 -l20
[0.215s] DEBUG:colcon.colcon_core.event_handler.log_command:Invoking command in '/apollo/ros_ws/build/scout_mini_description': CMAKE_PREFIX_PATH=${CMAKE_PREFIX_PATH}:/opt/ros/humble /usr/bin/cmake --build /apollo/ros_ws/build/scout_mini_description -- -j20 -l20
[0.246s] DEBUG:colcon.colcon_core.event_handler.log_command:Invoked command in '/apollo/ros_ws/build/scout_mini_base' returned '0': CMAKE_PREFIX_PATH=${CMAKE_PREFIX_PATH}:/opt/ros/humble /usr/bin/cmake --build /apollo/ros_ws/build/scout_mini_base -- -j20 -l20
[0.253s] DEBUG:colcon.colcon_core.event_handler.log_command:Invoking command in '/apollo/ros_ws/build/scout_mini_base': CMAKE_PREFIX_PATH=${CMAKE_PREFIX_PATH}:/opt/ros/humble /usr/bin/cmake --install /apollo/ros_ws/build/scout_mini_base
[0.254s] DEBUG:colcon.colcon_core.event_handler.log_command:Invoked command in '/apollo/ros_ws/build/scout_mini_description' returned '0': CMAKE_PREFIX_PATH=${CMAKE_PREFIX_PATH}:/opt/ros/humble /usr/bin/cmake --build /apollo/ros_ws/build/scout_mini_description -- -j20 -l20
[0.255s] DEBUG:colcon.colcon_core.event_handler.log_command:Invoking command in '/apollo/ros_ws/build/scout_mini_description': CMAKE_PREFIX_PATH=${CMAKE_PREFIX_PATH}:/opt/ros/humble /usr/bin/cmake --install /apollo/ros_ws/build/scout_mini_description
[0.290s] Level 1:colcon.colcon_core.environment:create_environment_scripts_only(scout_mini_base)
[0.291s] DEBUG:colcon.colcon_core.event_handler.log_command:Invoked command in '/apollo/ros_ws/build/scout_mini_base' returned '0': CMAKE_PREFIX_PATH=${CMAKE_PREFIX_PATH}:/opt/ros/humble /usr/bin/cmake --install /apollo/ros_ws/build/scout_mini_base
[0.297s] Level 1:colcon.colcon_core.environment:checking '/apollo/ros_ws/install/scout_mini_base' for CMake module files
[0.299s] Level 1:colcon.colcon_core.environment:checking '/apollo/ros_ws/install/scout_mini_base' for CMake config files
[0.299s] Level 1:colcon.colcon_core.shell:create_environment_hook('scout_mini_base', 'cmake_prefix_path')
[0.299s] INFO:colcon.colcon_core.shell:Creating environment hook '/apollo/ros_ws/install/scout_mini_base/share/scout_mini_base/hook/cmake_prefix_path.ps1'
[0.300s] INFO:colcon.colcon_core.shell:Creating environment descriptor '/apollo/ros_ws/install/scout_mini_base/share/scout_mini_base/hook/cmake_prefix_path.dsv'
[0.301s] INFO:colcon.colcon_core.shell:Creating environment hook '/apollo/ros_ws/install/scout_mini_base/share/scout_mini_base/hook/cmake_prefix_path.sh'
[0.302s] Level 1:colcon.colcon_core.environment:checking '/apollo/ros_ws/install/scout_mini_base/bin'
[0.303s] Level 1:colcon.colcon_core.environment:checking '/apollo/ros_ws/install/scout_mini_base/lib/pkgconfig/scout_mini_base.pc'
[0.305s] Level 1:colcon.colcon_core.environment:checking '/apollo/ros_ws/install/scout_mini_base/lib/python3.10/site-packages'
[0.306s] Level 1:colcon.colcon_core.environment:checking '/apollo/ros_ws/install/scout_mini_base/bin'
[0.306s] INFO:colcon.colcon_core.shell:Creating package script '/apollo/ros_ws/install/scout_mini_base/share/scout_mini_base/package.ps1'
[0.307s] INFO:colcon.colcon_core.shell:Creating package descriptor '/apollo/ros_ws/install/scout_mini_base/share/scout_mini_base/package.dsv'
[0.309s] INFO:colcon.colcon_core.shell:Creating package script '/apollo/ros_ws/install/scout_mini_base/share/scout_mini_base/package.sh'
[0.310s] INFO:colcon.colcon_core.shell:Creating package script '/apollo/ros_ws/install/scout_mini_base/share/scout_mini_base/package.bash'
[0.311s] INFO:colcon.colcon_core.shell:Creating package script '/apollo/ros_ws/install/scout_mini_base/share/scout_mini_base/package.zsh'
[0.312s] Level 1:colcon.colcon_core.environment:create_file_with_runtime_dependencies(/apollo/ros_ws/install/scout_mini_base/share/colcon-core/packages/scout_mini_base)
[0.313s] Level 1:colcon.colcon_core.environment:create_environment_scripts_only(scout_mini_base)
[0.313s] Level 1:colcon.colcon_core.environment:checking '/apollo/ros_ws/install/scout_mini_base' for CMake module files
[0.313s] Level 1:colcon.colcon_core.environment:checking '/apollo/ros_ws/install/scout_mini_base' for CMake config files
[0.314s] Level 1:colcon.colcon_core.shell:create_environment_hook('scout_mini_base', 'cmake_prefix_path')
[0.314s] INFO:colcon.colcon_core.shell:Creating environment hook '/apollo/ros_ws/install/scout_mini_base/share/scout_mini_base/hook/cmake_prefix_path.ps1'
[0.314s] INFO:colcon.colcon_core.shell:Creating environment descriptor '/apollo/ros_ws/install/scout_mini_base/share/scout_mini_base/hook/cmake_prefix_path.dsv'
[0.314s] INFO:colcon.colcon_core.shell:Creating environment hook '/apollo/ros_ws/install/scout_mini_base/share/scout_mini_base/hook/cmake_prefix_path.sh'
[0.315s] Level 1:colcon.colcon_core.environment:checking '/apollo/ros_ws/install/scout_mini_base/bin'
[0.315s] Level 1:colcon.colcon_core.environment:checking '/apollo/ros_ws/install/scout_mini_base/lib/pkgconfig/scout_mini_base.pc'
[0.315s] Level 1:colcon.colcon_core.environment:checking '/apollo/ros_ws/install/scout_mini_base/lib/python3.10/site-packages'
[0.315s] Level 1:colcon.colcon_core.environment:checking '/apollo/ros_ws/install/scout_mini_base/bin'
[0.315s] INFO:colcon.colcon_core.shell:Creating package script '/apollo/ros_ws/install/scout_mini_base/share/scout_mini_base/package.ps1'
[0.316s] INFO:colcon.colcon_core.shell:Creating package descriptor '/apollo/ros_ws/install/scout_mini_base/share/scout_mini_base/package.dsv'
[0.316s] INFO:colcon.colcon_core.shell:Creating package script '/apollo/ros_ws/install/scout_mini_base/share/scout_mini_base/package.sh'
[0.316s] INFO:colcon.colcon_core.shell:Creating package script '/apollo/ros_ws/install/scout_mini_base/share/scout_mini_base/package.bash'
[0.316s] INFO:colcon.colcon_core.shell:Creating package script '/apollo/ros_ws/install/scout_mini_base/share/scout_mini_base/package.zsh'
[0.317s] Level 1:colcon.colcon_core.environment:create_file_with_runtime_dependencies(/apollo/ros_ws/install/scout_mini_base/share/colcon-core/packages/scout_mini_base)
[0.317s] Level 1:colcon.colcon_core.environment:create_environment_scripts_only(scout_mini_description)
[0.318s] Level 1:colcon.colcon_core.environment:checking '/apollo/ros_ws/install/scout_mini_description' for CMake module files
[0.318s] DEBUG:colcon.colcon_core.event_handler.log_command:Invoked command in '/apollo/ros_ws/build/scout_mini_description' returned '0': CMAKE_PREFIX_PATH=${CMAKE_PREFIX_PATH}:/opt/ros/humble /usr/bin/cmake --install /apollo/ros_ws/build/scout_mini_description
[0.318s] Level 1:colcon.colcon_core.environment:checking '/apollo/ros_ws/install/scout_mini_description' for CMake config files
[0.318s] Level 1:colcon.colcon_core.shell:create_environment_hook('scout_mini_description', 'cmake_prefix_path')
[0.318s] INFO:colcon.colcon_core.shell:Creating environment hook '/apollo/ros_ws/install/scout_mini_description/share/scout_mini_description/hook/cmake_prefix_path.ps1'
[0.318s] INFO:colcon.colcon_core.shell:Creating environment descriptor '/apollo/ros_ws/install/scout_mini_description/share/scout_mini_description/hook/cmake_prefix_path.dsv'
[0.319s] INFO:colcon.colcon_core.shell:Creating environment hook '/apollo/ros_ws/install/scout_mini_description/share/scout_mini_description/hook/cmake_prefix_path.sh'
[0.319s] Level 1:colcon.colcon_core.environment:checking '/apollo/ros_ws/install/scout_mini_description/bin'
[0.319s] Level 1:colcon.colcon_core.environment:checking '/apollo/ros_ws/install/scout_mini_description/lib/pkgconfig/scout_mini_description.pc'
[0.319s] Level 1:colcon.colcon_core.environment:checking '/apollo/ros_ws/install/scout_mini_description/lib/python3.10/site-packages'
[0.319s] Level 1:colcon.colcon_core.environment:checking '/apollo/ros_ws/install/scout_mini_description/bin'
[0.320s] INFO:colcon.colcon_core.shell:Creating package script '/apollo/ros_ws/install/scout_mini_description/share/scout_mini_description/package.ps1'
[0.320s] INFO:colcon.colcon_core.shell:Creating package descriptor '/apollo/ros_ws/install/scout_mini_description/share/scout_mini_description/package.dsv'
[0.320s] INFO:colcon.colcon_core.shell:Creating package script '/apollo/ros_ws/install/scout_mini_description/share/scout_mini_description/package.sh'
[0.320s] INFO:colcon.colcon_core.shell:Creating package script '/apollo/ros_ws/install/scout_mini_description/share/scout_mini_description/package.bash'
[0.321s] INFO:colcon.colcon_core.shell:Creating package script '/apollo/ros_ws/install/scout_mini_description/share/scout_mini_description/package.zsh'
[0.321s] Level 1:colcon.colcon_core.environment:create_file_with_runtime_dependencies(/apollo/ros_ws/install/scout_mini_description/share/colcon-core/packages/scout_mini_description)
[0.321s] Level 1:colcon.colcon_core.environment:create_environment_scripts_only(scout_mini_description)
[0.321s] Level 1:colcon.colcon_core.environment:checking '/apollo/ros_ws/install/scout_mini_description' for CMake module files
[0.322s] Level 1:colcon.colcon_core.environment:checking '/apollo/ros_ws/install/scout_mini_description' for CMake config files
[0.322s] Level 1:colcon.colcon_core.shell:create_environment_hook('scout_mini_description', 'cmake_prefix_path')
[0.322s] INFO:colcon.colcon_core.shell:Creating environment hook '/apollo/ros_ws/install/scout_mini_description/share/scout_mini_description/hook/cmake_prefix_path.ps1'
[0.322s] INFO:colcon.colcon_core.shell:Creating environment descriptor '/apollo/ros_ws/install/scout_mini_description/share/scout_mini_description/hook/cmake_prefix_path.dsv'
[0.322s] INFO:colcon.colcon_core.shell:Creating environment hook '/apollo/ros_ws/install/scout_mini_description/share/scout_mini_description/hook/cmake_prefix_path.sh'
[0.323s] Level 1:colcon.colcon_core.environment:checking '/apollo/ros_ws/install/scout_mini_description/bin'
[0.323s] Level 1:colcon.colcon_core.environment:checking '/apollo/ros_ws/install/scout_mini_description/lib/pkgconfig/scout_mini_description.pc'
[0.323s] Level 1:colcon.colcon_core.environment:checking '/apollo/ros_ws/install/scout_mini_description/lib/python3.10/site-packages'
[0.323s] Level 1:colcon.colcon_core.environment:checking '/apollo/ros_ws/install/scout_mini_description/bin'
[0.323s] INFO:colcon.colcon_core.shell:Creating package script '/apollo/ros_ws/install/scout_mini_description/share/scout_mini_description/package.ps1'
[0.323s] INFO:colcon.colcon_core.shell:Creating package descriptor '/apollo/ros_ws/install/scout_mini_description/share/scout_mini_description/package.dsv'
[0.324s] INFO:colcon.colcon_core.shell:Creating package script '/apollo/ros_ws/install/scout_mini_description/share/scout_mini_description/package.sh'
[0.324s] INFO:colcon.colcon_core.shell:Creating package script '/apollo/ros_ws/install/scout_mini_description/share/scout_mini_description/package.bash'
[0.324s] INFO:colcon.colcon_core.shell:Creating package script '/apollo/ros_ws/install/scout_mini_description/share/scout_mini_description/package.zsh'
[0.324s] Level 1:colcon.colcon_core.environment:create_file_with_runtime_dependencies(/apollo/ros_ws/install/scout_mini_description/share/colcon-core/packages/scout_mini_description)
[0.470s] DEBUG:colcon.colcon_core.event_handler.log_command:Invoked command in '/apollo/ros_ws/build/scout_mini_msgs' returned '0': CMAKE_PREFIX_PATH=${CMAKE_PREFIX_PATH}:/opt/ros/humble /usr/bin/cmake --build /apollo/ros_ws/build/scout_mini_msgs -- -j20 -l20
[0.471s] DEBUG:colcon.colcon_core.event_handler.log_command:Invoking command in '/apollo/ros_ws/build/scout_mini_msgs': CMAKE_PREFIX_PATH=${CMAKE_PREFIX_PATH}:/opt/ros/humble /usr/bin/cmake --install /apollo/ros_ws/build/scout_mini_msgs
[0.525s] Level 1:colcon.colcon_core.environment:create_environment_scripts_only(scout_mini_msgs)
[0.525s] Level 1:colcon.colcon_core.environment:checking '/apollo/ros_ws/install/scout_mini_msgs' for CMake module files
[0.525s] DEBUG:colcon.colcon_core.event_handler.log_command:Invoked command in '/apollo/ros_ws/build/scout_mini_msgs' returned '0': CMAKE_PREFIX_PATH=${CMAKE_PREFIX_PATH}:/opt/ros/humble /usr/bin/cmake --install /apollo/ros_ws/build/scout_mini_msgs
[0.526s] Level 1:colcon.colcon_core.environment:checking '/apollo/ros_ws/install/scout_mini_msgs' for CMake config files
[0.526s] Level 1:colcon.colcon_core.shell:create_environment_hook('scout_mini_msgs', 'cmake_prefix_path')
[0.526s] INFO:colcon.colcon_core.shell:Creating environment hook '/apollo/ros_ws/install/scout_mini_msgs/share/scout_mini_msgs/hook/cmake_prefix_path.ps1'
[0.527s] INFO:colcon.colcon_core.shell:Creating environment descriptor '/apollo/ros_ws/install/scout_mini_msgs/share/scout_mini_msgs/hook/cmake_prefix_path.dsv'
[0.527s] INFO:colcon.colcon_core.shell:Creating environment hook '/apollo/ros_ws/install/scout_mini_msgs/share/scout_mini_msgs/hook/cmake_prefix_path.sh'
[0.527s] Level 1:colcon.colcon_core.environment:checking '/apollo/ros_ws/install/scout_mini_msgs/lib'
[0.527s] Level 1:colcon.colcon_core.shell:create_environment_hook('scout_mini_msgs', 'ld_library_path_lib')
[0.528s] INFO:colcon.colcon_core.shell:Creating environment hook '/apollo/ros_ws/install/scout_mini_msgs/share/scout_mini_msgs/hook/ld_library_path_lib.ps1'
[0.528s] INFO:colcon.colcon_core.shell:Creating environment descriptor '/apollo/ros_ws/install/scout_mini_msgs/share/scout_mini_msgs/hook/ld_library_path_lib.dsv'
[0.528s] INFO:colcon.colcon_core.shell:Creating environment hook '/apollo/ros_ws/install/scout_mini_msgs/share/scout_mini_msgs/hook/ld_library_path_lib.sh'
[0.528s] Level 1:colcon.colcon_core.environment:checking '/apollo/ros_ws/install/scout_mini_msgs/bin'
[0.528s] Level 1:colcon.colcon_core.environment:checking '/apollo/ros_ws/install/scout_mini_msgs/lib/pkgconfig/scout_mini_msgs.pc'
[0.528s] Level 1:colcon.colcon_core.environment:checking '/apollo/ros_ws/install/scout_mini_msgs/lib/python3.10/site-packages'
[0.529s] Level 1:colcon.colcon_core.environment:checking '/apollo/ros_ws/install/scout_mini_msgs/bin'
[0.529s] INFO:colcon.colcon_core.shell:Creating package script '/apollo/ros_ws/install/scout_mini_msgs/share/scout_mini_msgs/package.ps1'
[0.529s] INFO:colcon.colcon_core.shell:Creating package descriptor '/apollo/ros_ws/install/scout_mini_msgs/share/scout_mini_msgs/package.dsv'
[0.529s] INFO:colcon.colcon_core.shell:Creating package script '/apollo/ros_ws/install/scout_mini_msgs/share/scout_mini_msgs/package.sh'
[0.530s] INFO:colcon.colcon_core.shell:Creating package script '/apollo/ros_ws/install/scout_mini_msgs/share/scout_mini_msgs/package.bash'
[0.530s] INFO:colcon.colcon_core.shell:Creating package script '/apollo/ros_ws/install/scout_mini_msgs/share/scout_mini_msgs/package.zsh'
[0.530s] Level 1:colcon.colcon_core.environment:create_file_with_runtime_dependencies(/apollo/ros_ws/install/scout_mini_msgs/share/colcon-core/packages/scout_mini_msgs)
[0.530s] Level 1:colcon.colcon_core.environment:create_environment_scripts_only(scout_mini_msgs)
[0.531s] Level 1:colcon.colcon_core.environment:checking '/apollo/ros_ws/install/scout_mini_msgs' for CMake module files
[0.531s] Level 1:colcon.colcon_core.environment:checking '/apollo/ros_ws/install/scout_mini_msgs' for CMake config files
[0.531s] Level 1:colcon.colcon_core.shell:create_environment_hook('scout_mini_msgs', 'cmake_prefix_path')
[0.531s] INFO:colcon.colcon_core.shell:Creating environment hook '/apollo/ros_ws/install/scout_mini_msgs/share/scout_mini_msgs/hook/cmake_prefix_path.ps1'
[0.532s] INFO:colcon.colcon_core.shell:Creating environment descriptor '/apollo/ros_ws/install/scout_mini_msgs/share/scout_mini_msgs/hook/cmake_prefix_path.dsv'
[0.532s] INFO:colcon.colcon_core.shell:Creating environment hook '/apollo/ros_ws/install/scout_mini_msgs/share/scout_mini_msgs/hook/cmake_prefix_path.sh'
[0.532s] Level 1:colcon.colcon_core.environment:checking '/apollo/ros_ws/install/scout_mini_msgs/lib'
[0.532s] Level 1:colcon.colcon_core.shell:create_environment_hook('scout_mini_msgs', 'ld_library_path_lib')
[0.532s] INFO:colcon.colcon_core.shell:Creating environment hook '/apollo/ros_ws/install/scout_mini_msgs/share/scout_mini_msgs/hook/ld_library_path_lib.ps1'
[0.533s] INFO:colcon.colcon_core.shell:Creating environment descriptor '/apollo/ros_ws/install/scout_mini_msgs/share/scout_mini_msgs/hook/ld_library_path_lib.dsv'
[0.533s] INFO:colcon.colcon_core.shell:Creating environment hook '/apollo/ros_ws/install/scout_mini_msgs/share/scout_mini_msgs/hook/ld_library_path_lib.sh'
[0.533s] Level 1:colcon.colcon_core.environment:checking '/apollo/ros_ws/install/scout_mini_msgs/bin'
[0.533s] Level 1:colcon.colcon_core.environment:checking '/apollo/ros_ws/install/scout_mini_msgs/lib/pkgconfig/scout_mini_msgs.pc'
[0.533s] Level 1:colcon.colcon_core.environment:checking '/apollo/ros_ws/install/scout_mini_msgs/lib/python3.10/site-packages'
[0.533s] Level 1:colcon.colcon_core.environment:checking '/apollo/ros_ws/install/scout_mini_msgs/bin'
[0.534s] INFO:colcon.colcon_core.shell:Creating package script '/apollo/ros_ws/install/scout_mini_msgs/share/scout_mini_msgs/package.ps1'
[0.534s] INFO:colcon.colcon_core.shell:Creating package descriptor '/apollo/ros_ws/install/scout_mini_msgs/share/scout_mini_msgs/package.dsv'
[0.534s] INFO:colcon.colcon_core.shell:Creating package script '/apollo/ros_ws/install/scout_mini_msgs/share/scout_mini_msgs/package.sh'
[0.542s] INFO:colcon.colcon_core.shell:Creating package script '/apollo/ros_ws/install/scout_mini_msgs/share/scout_mini_msgs/package.bash'
[0.543s] INFO:colcon.colcon_core.shell:Creating package script '/apollo/ros_ws/install/scout_mini_msgs/share/scout_mini_msgs/package.zsh'
[0.543s] Level 1:colcon.colcon_core.environment:create_file_with_runtime_dependencies(/apollo/ros_ws/install/scout_mini_msgs/share/colcon-core/packages/scout_mini_msgs)
[0.544s] INFO:colcon.colcon_ros.task.ament_cmake.build:Building ROS package in '/apollo/ros_ws/src/scout_mini_hardware' with build type 'ament_cmake'
[0.544s] INFO:colcon.colcon_cmake.task.cmake.build:Building CMake package in '/apollo/ros_ws/src/scout_mini_hardware'
[0.545s] INFO:colcon.colcon_core.shell:Skip shell extension 'powershell' for command environment: Not usable outside of PowerShell
[0.545s] DEBUG:colcon.colcon_core.shell:Skip shell extension 'dsv' for command environment
[0.562s] DEBUG:colcon.colcon_core.event_handler.log_command:Invoking command in '/apollo/ros_ws/build/scout_mini_hardware': CMAKE_PREFIX_PATH=/apollo/ros_ws/install/scout_mini_msgs:/apollo/ros_ws/install/scout_mini_ros2:/apollo/ros_ws/install/scout_mini_hardware:/apollo/ros_ws/install/scout_mini_description:/apollo/ros_ws/install/scout_mini_base:/opt/ros/humble LD_LIBRARY_PATH=/apollo/ros_ws/install/scout_mini_msgs/lib:/apollo/ros_ws/install/scout_mini_hardware/lib:/usr/lib/x86_64-linux-gnu/gazebo-11/plugins:/opt/ros/humble/opt/rviz_ogre_vendor/lib:/opt/ros/humble/lib/x86_64-linux-gnu:/opt/ros/humble/lib /usr/bin/cmake --build /apollo/ros_ws/build/scout_mini_hardware -- -j20 -l20
[0.656s] DEBUG:colcon.colcon_core.event_handler.log_command:Invoked command in '/apollo/ros_ws/build/scout_mini_hardware' returned '0': CMAKE_PREFIX_PATH=/apollo/ros_ws/install/scout_mini_msgs:/apollo/ros_ws/install/scout_mini_ros2:/apollo/ros_ws/install/scout_mini_hardware:/apollo/ros_ws/install/scout_mini_description:/apollo/ros_ws/install/scout_mini_base:/opt/ros/humble LD_LIBRARY_PATH=/apollo/ros_ws/install/scout_mini_msgs/lib:/apollo/ros_ws/install/scout_mini_hardware/lib:/usr/lib/x86_64-linux-gnu/gazebo-11/plugins:/opt/ros/humble/opt/rviz_ogre_vendor/lib:/opt/ros/humble/lib/x86_64-linux-gnu:/opt/ros/humble/lib /usr/bin/cmake --build /apollo/ros_ws/build/scout_mini_hardware -- -j20 -l20
[0.658s] DEBUG:colcon.colcon_core.event_handler.log_command:Invoking command in '/apollo/ros_ws/build/scout_mini_hardware': CMAKE_PREFIX_PATH=/apollo/ros_ws/install/scout_mini_msgs:/apollo/ros_ws/install/scout_mini_ros2:/apollo/ros_ws/install/scout_mini_hardware:/apollo/ros_ws/install/scout_mini_description:/apollo/ros_ws/install/scout_mini_base:/opt/ros/humble LD_LIBRARY_PATH=/apollo/ros_ws/install/scout_mini_msgs/lib:/apollo/ros_ws/install/scout_mini_hardware/lib:/usr/lib/x86_64-linux-gnu/gazebo-11/plugins:/opt/ros/humble/opt/rviz_ogre_vendor/lib:/opt/ros/humble/lib/x86_64-linux-gnu:/opt/ros/humble/lib /usr/bin/cmake --install /apollo/ros_ws/build/scout_mini_hardware
[0.679s] Level 1:colcon.colcon_core.environment:create_environment_scripts_only(scout_mini_hardware)
[0.680s] Level 1:colcon.colcon_core.environment:checking '/apollo/ros_ws/install/scout_mini_hardware' for CMake module files
[0.680s] DEBUG:colcon.colcon_core.event_handler.log_command:Invoked command in '/apollo/ros_ws/build/scout_mini_hardware' returned '0': CMAKE_PREFIX_PATH=/apollo/ros_ws/install/scout_mini_msgs:/apollo/ros_ws/install/scout_mini_ros2:/apollo/ros_ws/install/scout_mini_hardware:/apollo/ros_ws/install/scout_mini_description:/apollo/ros_ws/install/scout_mini_base:/opt/ros/humble LD_LIBRARY_PATH=/apollo/ros_ws/install/scout_mini_msgs/lib:/apollo/ros_ws/install/scout_mini_hardware/lib:/usr/lib/x86_64-linux-gnu/gazebo-11/plugins:/opt/ros/humble/opt/rviz_ogre_vendor/lib:/opt/ros/humble/lib/x86_64-linux-gnu:/opt/ros/humble/lib /usr/bin/cmake --install /apollo/ros_ws/build/scout_mini_hardware
[0.680s] Level 1:colcon.colcon_core.environment:checking '/apollo/ros_ws/install/scout_mini_hardware' for CMake config files
[0.680s] Level 1:colcon.colcon_core.shell:create_environment_hook('scout_mini_hardware', 'cmake_prefix_path')
[0.680s] INFO:colcon.colcon_core.shell:Creating environment hook '/apollo/ros_ws/install/scout_mini_hardware/share/scout_mini_hardware/hook/cmake_prefix_path.ps1'
[0.681s] INFO:colcon.colcon_core.shell:Creating environment descriptor '/apollo/ros_ws/install/scout_mini_hardware/share/scout_mini_hardware/hook/cmake_prefix_path.dsv'
[0.681s] INFO:colcon.colcon_core.shell:Creating environment hook '/apollo/ros_ws/install/scout_mini_hardware/share/scout_mini_hardware/hook/cmake_prefix_path.sh'
[0.681s] Level 1:colcon.colcon_core.environment:checking '/apollo/ros_ws/install/scout_mini_hardware/lib'
[0.681s] Level 1:colcon.colcon_core.shell:create_environment_hook('scout_mini_hardware', 'ld_library_path_lib')
[0.681s] INFO:colcon.colcon_core.shell:Creating environment hook '/apollo/ros_ws/install/scout_mini_hardware/share/scout_mini_hardware/hook/ld_library_path_lib.ps1'
[0.682s] INFO:colcon.colcon_core.shell:Creating environment descriptor '/apollo/ros_ws/install/scout_mini_hardware/share/scout_mini_hardware/hook/ld_library_path_lib.dsv'
[0.682s] INFO:colcon.colcon_core.shell:Creating environment hook '/apollo/ros_ws/install/scout_mini_hardware/share/scout_mini_hardware/hook/ld_library_path_lib.sh'
[0.682s] Level 1:colcon.colcon_core.environment:checking '/apollo/ros_ws/install/scout_mini_hardware/bin'
[0.682s] Level 1:colcon.colcon_core.environment:checking '/apollo/ros_ws/install/scout_mini_hardware/lib/pkgconfig/scout_mini_hardware.pc'
[0.682s] Level 1:colcon.colcon_core.environment:checking '/apollo/ros_ws/install/scout_mini_hardware/lib/python3.10/site-packages'
[0.682s] Level 1:colcon.colcon_core.environment:checking '/apollo/ros_ws/install/scout_mini_hardware/bin'
[0.683s] INFO:colcon.colcon_core.shell:Creating package script '/apollo/ros_ws/install/scout_mini_hardware/share/scout_mini_hardware/package.ps1'
[0.683s] INFO:colcon.colcon_core.shell:Creating package descriptor '/apollo/ros_ws/install/scout_mini_hardware/share/scout_mini_hardware/package.dsv'
[0.683s] INFO:colcon.colcon_core.shell:Creating package script '/apollo/ros_ws/install/scout_mini_hardware/share/scout_mini_hardware/package.sh'
[0.683s] INFO:colcon.colcon_core.shell:Creating package script '/apollo/ros_ws/install/scout_mini_hardware/share/scout_mini_hardware/package.bash'
[0.684s] INFO:colcon.colcon_core.shell:Creating package script '/apollo/ros_ws/install/scout_mini_hardware/share/scout_mini_hardware/package.zsh'
[0.684s] Level 1:colcon.colcon_core.environment:create_file_with_runtime_dependencies(/apollo/ros_ws/install/scout_mini_hardware/share/colcon-core/packages/scout_mini_hardware)
[0.684s] Level 1:colcon.colcon_core.environment:create_environment_scripts_only(scout_mini_hardware)
[0.684s] Level 1:colcon.colcon_core.environment:checking '/apollo/ros_ws/install/scout_mini_hardware' for CMake module files
[0.685s] Level 1:colcon.colcon_core.environment:checking '/apollo/ros_ws/install/scout_mini_hardware' for CMake config files
[0.685s] Level 1:colcon.colcon_core.shell:create_environment_hook('scout_mini_hardware', 'cmake_prefix_path')
[0.685s] INFO:colcon.colcon_core.shell:Creating environment hook '/apollo/ros_ws/install/scout_mini_hardware/share/scout_mini_hardware/hook/cmake_prefix_path.ps1'
[0.685s] INFO:colcon.colcon_core.shell:Creating environment descriptor '/apollo/ros_ws/install/scout_mini_hardware/share/scout_mini_hardware/hook/cmake_prefix_path.dsv'
[0.685s] INFO:colcon.colcon_core.shell:Creating environment hook '/apollo/ros_ws/install/scout_mini_hardware/share/scout_mini_hardware/hook/cmake_prefix_path.sh'
[0.686s] Level 1:colcon.colcon_core.environment:checking '/apollo/ros_ws/install/scout_mini_hardware/lib'
[0.686s] Level 1:colcon.colcon_core.shell:create_environment_hook('scout_mini_hardware', 'ld_library_path_lib')
[0.686s] INFO:colcon.colcon_core.shell:Creating environment hook '/apollo/ros_ws/install/scout_mini_hardware/share/scout_mini_hardware/hook/ld_library_path_lib.ps1'
[0.686s] INFO:colcon.colcon_core.shell:Creating environment descriptor '/apollo/ros_ws/install/scout_mini_hardware/share/scout_mini_hardware/hook/ld_library_path_lib.dsv'
[0.686s] INFO:colcon.colcon_core.shell:Creating environment hook '/apollo/ros_ws/install/scout_mini_hardware/share/scout_mini_hardware/hook/ld_library_path_lib.sh'
[0.687s] Level 1:colcon.colcon_core.environment:checking '/apollo/ros_ws/install/scout_mini_hardware/bin'
[0.687s] Level 1:colcon.colcon_core.environment:checking '/apollo/ros_ws/install/scout_mini_hardware/lib/pkgconfig/scout_mini_hardware.pc'
[0.687s] Level 1:colcon.colcon_core.environment:checking '/apollo/ros_ws/install/scout_mini_hardware/lib/python3.10/site-packages'
[0.687s] Level 1:colcon.colcon_core.environment:checking '/apollo/ros_ws/install/scout_mini_hardware/bin'
[0.687s] INFO:colcon.colcon_core.shell:Creating package script '/apollo/ros_ws/install/scout_mini_hardware/share/scout_mini_hardware/package.ps1'
[0.687s] INFO:colcon.colcon_core.shell:Creating package descriptor '/apollo/ros_ws/install/scout_mini_hardware/share/scout_mini_hardware/package.dsv'
[0.688s] INFO:colcon.colcon_core.shell:Creating package script '/apollo/ros_ws/install/scout_mini_hardware/share/scout_mini_hardware/package.sh'
[0.688s] INFO:colcon.colcon_core.shell:Creating package script '/apollo/ros_ws/install/scout_mini_hardware/share/scout_mini_hardware/package.bash'
[0.688s] INFO:colcon.colcon_core.shell:Creating package script '/apollo/ros_ws/install/scout_mini_hardware/share/scout_mini_hardware/package.zsh'
[0.688s] Level 1:colcon.colcon_core.environment:create_file_with_runtime_dependencies(/apollo/ros_ws/install/scout_mini_hardware/share/colcon-core/packages/scout_mini_hardware)
[0.689s] INFO:colcon.colcon_ros.task.ament_cmake.build:Building ROS package in '/apollo/ros_ws/src/scout_mini_ros2' with build type 'ament_cmake'
[0.689s] INFO:colcon.colcon_cmake.task.cmake.build:Building CMake package in '/apollo/ros_ws/src/scout_mini_ros2'
[0.689s] INFO:colcon.colcon_core.shell:Skip shell extension 'powershell' for command environment: Not usable outside of PowerShell
[0.689s] DEBUG:colcon.colcon_core.shell:Skip shell extension 'dsv' for command environment
[0.702s] DEBUG:colcon.colcon_core.event_handler.log_command:Invoking command in '/apollo/ros_ws/build/scout_mini_ros2': CMAKE_PREFIX_PATH=/apollo/ros_ws/install/scout_mini_hardware:/apollo/ros_ws/install/scout_mini_msgs:/apollo/ros_ws/install/scout_mini_description:/apollo/ros_ws/install/scout_mini_base:/apollo/ros_ws/install/scout_mini_ros2:/opt/ros/humble /usr/bin/cmake --build /apollo/ros_ws/build/scout_mini_ros2 -- -j20 -l20
[0.756s] DEBUG:colcon.colcon_core.event_handler.log_command:Invoked command in '/apollo/ros_ws/build/scout_mini_ros2' returned '0': CMAKE_PREFIX_PATH=/apollo/ros_ws/install/scout_mini_hardware:/apollo/ros_ws/install/scout_mini_msgs:/apollo/ros_ws/install/scout_mini_description:/apollo/ros_ws/install/scout_mini_base:/apollo/ros_ws/install/scout_mini_ros2:/opt/ros/humble /usr/bin/cmake --build /apollo/ros_ws/build/scout_mini_ros2 -- -j20 -l20
[0.759s] DEBUG:colcon.colcon_core.event_handler.log_command:Invoking command in '/apollo/ros_ws/build/scout_mini_ros2': CMAKE_PREFIX_PATH=/apollo/ros_ws/install/scout_mini_hardware:/apollo/ros_ws/install/scout_mini_msgs:/apollo/ros_ws/install/scout_mini_description:/apollo/ros_ws/install/scout_mini_base:/apollo/ros_ws/install/scout_mini_ros2:/opt/ros/humble /usr/bin/cmake --install /apollo/ros_ws/build/scout_mini_ros2
[0.786s] Level 1:colcon.colcon_core.environment:create_environment_scripts_only(scout_mini_ros2)
[0.787s] Level 1:colcon.colcon_core.environment:checking '/apollo/ros_ws/install/scout_mini_ros2' for CMake module files
[0.788s] DEBUG:colcon.colcon_core.event_handler.log_command:Invoked command in '/apollo/ros_ws/build/scout_mini_ros2' returned '0': CMAKE_PREFIX_PATH=/apollo/ros_ws/install/scout_mini_hardware:/apollo/ros_ws/install/scout_mini_msgs:/apollo/ros_ws/install/scout_mini_description:/apollo/ros_ws/install/scout_mini_base:/apollo/ros_ws/install/scout_mini_ros2:/opt/ros/humble /usr/bin/cmake --install /apollo/ros_ws/build/scout_mini_ros2
[0.789s] Level 1:colcon.colcon_core.environment:checking '/apollo/ros_ws/install/scout_mini_ros2' for CMake config files
[0.789s] Level 1:colcon.colcon_core.shell:create_environment_hook('scout_mini_ros2', 'cmake_prefix_path')
[0.790s] INFO:colcon.colcon_core.shell:Creating environment hook '/apollo/ros_ws/install/scout_mini_ros2/share/scout_mini_ros2/hook/cmake_prefix_path.ps1'
[0.790s] INFO:colcon.colcon_core.shell:Creating environment descriptor '/apollo/ros_ws/install/scout_mini_ros2/share/scout_mini_ros2/hook/cmake_prefix_path.dsv'
[0.791s] INFO:colcon.colcon_core.shell:Creating environment hook '/apollo/ros_ws/install/scout_mini_ros2/share/scout_mini_ros2/hook/cmake_prefix_path.sh'
[0.791s] Level 1:colcon.colcon_core.environment:checking '/apollo/ros_ws/install/scout_mini_ros2/bin'
[0.791s] Level 1:colcon.colcon_core.environment:checking '/apollo/ros_ws/install/scout_mini_ros2/lib/pkgconfig/scout_mini_ros2.pc'
[0.792s] Level 1:colcon.colcon_core.environment:checking '/apollo/ros_ws/install/scout_mini_ros2/lib/python3.10/site-packages'
[0.792s] Level 1:colcon.colcon_core.environment:checking '/apollo/ros_ws/install/scout_mini_ros2/bin'
[0.792s] INFO:colcon.colcon_core.shell:Creating package script '/apollo/ros_ws/install/scout_mini_ros2/share/scout_mini_ros2/package.ps1'
[0.793s] INFO:colcon.colcon_core.shell:Creating package descriptor '/apollo/ros_ws/install/scout_mini_ros2/share/scout_mini_ros2/package.dsv'
[0.793s] INFO:colcon.colcon_core.shell:Creating package script '/apollo/ros_ws/install/scout_mini_ros2/share/scout_mini_ros2/package.sh'
[0.794s] INFO:colcon.colcon_core.shell:Creating package script '/apollo/ros_ws/install/scout_mini_ros2/share/scout_mini_ros2/package.bash'
[0.794s] INFO:colcon.colcon_core.shell:Creating package script '/apollo/ros_ws/install/scout_mini_ros2/share/scout_mini_ros2/package.zsh'
[0.794s] Level 1:colcon.colcon_core.environment:create_file_with_runtime_dependencies(/apollo/ros_ws/install/scout_mini_ros2/share/colcon-core/packages/scout_mini_ros2)
[0.795s] Level 1:colcon.colcon_core.environment:create_environment_scripts_only(scout_mini_ros2)
[0.795s] Level 1:colcon.colcon_core.environment:checking '/apollo/ros_ws/install/scout_mini_ros2' for CMake module files
[0.795s] Level 1:colcon.colcon_core.environment:checking '/apollo/ros_ws/install/scout_mini_ros2' for CMake config files
[0.795s] Level 1:colcon.colcon_core.shell:create_environment_hook('scout_mini_ros2', 'cmake_prefix_path')
[0.795s] INFO:colcon.colcon_core.shell:Creating environment hook '/apollo/ros_ws/install/scout_mini_ros2/share/scout_mini_ros2/hook/cmake_prefix_path.ps1'
[0.796s] INFO:colcon.colcon_core.shell:Creating environment descriptor '/apollo/ros_ws/install/scout_mini_ros2/share/scout_mini_ros2/hook/cmake_prefix_path.dsv'
[0.796s] INFO:colcon.colcon_core.shell:Creating environment hook '/apollo/ros_ws/install/scout_mini_ros2/share/scout_mini_ros2/hook/cmake_prefix_path.sh'
[0.796s] Level 1:colcon.colcon_core.environment:checking '/apollo/ros_ws/install/scout_mini_ros2/bin'
[0.796s] Level 1:colcon.colcon_core.environment:checking '/apollo/ros_ws/install/scout_mini_ros2/lib/pkgconfig/scout_mini_ros2.pc'
[0.797s] Level 1:colcon.colcon_core.environment:checking '/apollo/ros_ws/install/scout_mini_ros2/lib/python3.10/site-packages'
[0.797s] Level 1:colcon.colcon_core.environment:checking '/apollo/ros_ws/install/scout_mini_ros2/bin'
[0.797s] INFO:colcon.colcon_core.shell:Creating package script '/apollo/ros_ws/install/scout_mini_ros2/share/scout_mini_ros2/package.ps1'
[0.797s] INFO:colcon.colcon_core.shell:Creating package descriptor '/apollo/ros_ws/install/scout_mini_ros2/share/scout_mini_ros2/package.dsv'
[0.798s] INFO:colcon.colcon_core.shell:Creating package script '/apollo/ros_ws/install/scout_mini_ros2/share/scout_mini_ros2/package.sh'
[0.798s] INFO:colcon.colcon_core.shell:Creating package script '/apollo/ros_ws/install/scout_mini_ros2/share/scout_mini_ros2/package.bash'
[0.798s] INFO:colcon.colcon_core.shell:Creating package script '/apollo/ros_ws/install/scout_mini_ros2/share/scout_mini_ros2/package.zsh'
[0.799s] Level 1:colcon.colcon_core.environment:create_file_with_runtime_dependencies(/apollo/ros_ws/install/scout_mini_ros2/share/colcon-core/packages/scout_mini_ros2)
[0.799s] DEBUG:colcon.colcon_parallel_executor.executor.parallel:closing loop
[0.799s] DEBUG:colcon.colcon_parallel_executor.executor.parallel:loop closed
[0.799s] DEBUG:colcon.colcon_parallel_executor.executor.parallel:run_until_complete finished with '0'
[0.799s] DEBUG:colcon.colcon_core.event_reactor:joining thread
[0.804s] INFO:colcon.colcon_core.plugin_system:Skipping extension 'colcon_notification.desktop_notification.notify_send': Could not find 'notify-send'
[0.804s] INFO:colcon.colcon_core.plugin_system:Skipping extension 'colcon_notification.desktop_notification.terminal_notifier': Not used on non-Darwin systems
[0.804s] INFO:colcon.colcon_core.plugin_system:Skipping extension 'colcon_notification.desktop_notification.win32': Not used on non-Windows systems
[0.804s] INFO:colcon.colcon_notification.desktop_notification:Sending desktop notification using 'notify2'
[0.806s] DEBUG:colcon.colcon_notification.desktop_notification.notify2:Failed to initialize notify2: org.freedesktop.DBus.Error.Spawn.ExecFailed: /usr/bin/dbus-launch terminated abnormally without any error message
[0.807s] DEBUG:colcon.colcon_core.event_reactor:joined thread
[0.807s] INFO:colcon.colcon_core.shell:Creating prefix script '/apollo/ros_ws/install/local_setup.ps1'
[0.809s] INFO:colcon.colcon_core.shell:Creating prefix util module '/apollo/ros_ws/install/_local_setup_util_ps1.py'
[0.810s] INFO:colcon.colcon_core.shell:Creating prefix chain script '/apollo/ros_ws/install/setup.ps1'
[0.812s] INFO:colcon.colcon_core.shell:Creating prefix script '/apollo/ros_ws/install/local_setup.sh'
[0.812s] INFO:colcon.colcon_core.shell:Creating prefix util module '/apollo/ros_ws/install/_local_setup_util_sh.py'
[0.813s] INFO:colcon.colcon_core.shell:Creating prefix chain script '/apollo/ros_ws/install/setup.sh'
[0.814s] INFO:colcon.colcon_core.shell:Creating prefix script '/apollo/ros_ws/install/local_setup.bash'
[0.815s] INFO:colcon.colcon_core.shell:Creating prefix chain script '/apollo/ros_ws/install/setup.bash'
[0.816s] INFO:colcon.colcon_core.shell:Creating prefix script '/apollo/ros_ws/install/local_setup.zsh'
[0.817s] INFO:colcon.colcon_core.shell:Creating prefix chain script '/apollo/ros_ws/install/setup.zsh'
