[0.008s] Invoking command in '/apollo/ros_ws/build/scout_mini_hardware': CMAKE_PREFIX_PATH=/apollo/ros_ws/install/scout_mini_msgs:/apollo/ros_ws/install/scout_mini_ros2:/apollo/ros_ws/install/scout_mini_hardware:/apollo/ros_ws/install/scout_mini_description:/apollo/ros_ws/install/scout_mini_base:/opt/ros/humble LD_LIBRARY_PATH=/apollo/ros_ws/install/scout_mini_msgs/lib:/apollo/ros_ws/install/scout_mini_hardware/lib:/usr/lib/x86_64-linux-gnu/gazebo-11/plugins:/opt/ros/humble/opt/rviz_ogre_vendor/lib:/opt/ros/humble/lib/x86_64-linux-gnu:/opt/ros/humble/lib /usr/bin/cmake --build /apollo/ros_ws/build/scout_mini_hardware -- -j20 -l20
[0.088s] [100%] Built target scout_mini_hardware
[0.111s] Invoked command in '/apollo/ros_ws/build/scout_mini_hardware' returned '0': CMAKE_PREFIX_PATH=/apollo/ros_ws/install/scout_mini_msgs:/apollo/ros_ws/install/scout_mini_ros2:/apollo/ros_ws/install/scout_mini_hardware:/apollo/ros_ws/install/scout_mini_description:/apollo/ros_ws/install/scout_mini_base:/opt/ros/humble LD_LIBRARY_PATH=/apollo/ros_ws/install/scout_mini_msgs/lib:/apollo/ros_ws/install/scout_mini_hardware/lib:/usr/lib/x86_64-linux-gnu/gazebo-11/plugins:/opt/ros/humble/opt/rviz_ogre_vendor/lib:/opt/ros/humble/lib/x86_64-linux-gnu:/opt/ros/humble/lib /usr/bin/cmake --build /apollo/ros_ws/build/scout_mini_hardware -- -j20 -l20
[0.114s] Invoking command in '/apollo/ros_ws/build/scout_mini_hardware': CMAKE_PREFIX_PATH=/apollo/ros_ws/install/scout_mini_msgs:/apollo/ros_ws/install/scout_mini_ros2:/apollo/ros_ws/install/scout_mini_hardware:/apollo/ros_ws/install/scout_mini_description:/apollo/ros_ws/install/scout_mini_base:/opt/ros/humble LD_LIBRARY_PATH=/apollo/ros_ws/install/scout_mini_msgs/lib:/apollo/ros_ws/install/scout_mini_hardware/lib:/usr/lib/x86_64-linux-gnu/gazebo-11/plugins:/opt/ros/humble/opt/rviz_ogre_vendor/lib:/opt/ros/humble/lib/x86_64-linux-gnu:/opt/ros/humble/lib /usr/bin/cmake --install /apollo/ros_ws/build/scout_mini_hardware
[0.128s] -- Install configuration: ""
[0.128s] -- Execute custom install script
[0.129s] -- Up-to-date symlink: /apollo/ros_ws/install/scout_mini_hardware/share/scout_mini_hardware//scout_mini_hardware.xml
[0.129s] -- Up-to-date symlink: /apollo/ros_ws/install/scout_mini_hardware/lib/libscout_mini_hardware.so
[0.130s] -- Up-to-date symlink: /apollo/ros_ws/install/scout_mini_hardware/include/include/scout_mini_hardware/scout_mini_hardware.hpp
[0.130s] -- Up-to-date symlink: /apollo/ros_ws/install/scout_mini_hardware/include/include/scout_mini_hardware/visibility_control.h
[0.130s] -- Up-to-date symlink: /apollo/ros_ws/install/scout_mini_hardware/share/scout_mini_hardware/environment/library_path.sh
[0.130s] -- Up-to-date symlink: /apollo/ros_ws/install/scout_mini_hardware/share/scout_mini_hardware/environment/library_path.dsv
[0.130s] -- Up-to-date symlink: /apollo/ros_ws/install/scout_mini_hardware/share/ament_index/resource_index/package_run_dependencies/scout_mini_hardware
[0.131s] -- Up-to-date symlink: /apollo/ros_ws/install/scout_mini_hardware/share/ament_index/resource_index/parent_prefix_path/scout_mini_hardware
[0.131s] -- Up-to-date symlink: /apollo/ros_ws/install/scout_mini_hardware/share/scout_mini_hardware/environment/ament_prefix_path.sh
[0.131s] -- Up-to-date symlink: /apollo/ros_ws/install/scout_mini_hardware/share/scout_mini_hardware/environment/ament_prefix_path.dsv
[0.131s] -- Up-to-date symlink: /apollo/ros_ws/install/scout_mini_hardware/share/scout_mini_hardware/environment/path.sh
[0.131s] -- Up-to-date symlink: /apollo/ros_ws/install/scout_mini_hardware/share/scout_mini_hardware/environment/path.dsv
[0.131s] -- Up-to-date symlink: /apollo/ros_ws/install/scout_mini_hardware/share/scout_mini_hardware/local_setup.bash
[0.131s] -- Up-to-date symlink: /apollo/ros_ws/install/scout_mini_hardware/share/scout_mini_hardware/local_setup.sh
[0.132s] -- Up-to-date symlink: /apollo/ros_ws/install/scout_mini_hardware/share/scout_mini_hardware/local_setup.zsh
[0.132s] -- Up-to-date symlink: /apollo/ros_ws/install/scout_mini_hardware/share/scout_mini_hardware/local_setup.dsv
[0.132s] -- Symlinking: /apollo/ros_ws/install/scout_mini_hardware/share/scout_mini_hardware/package.dsv
[0.140s] -- Up-to-date symlink: /apollo/ros_ws/install/scout_mini_hardware/share/ament_index/resource_index/packages/scout_mini_hardware
[0.140s] -- Up-to-date symlink: /apollo/ros_ws/install/scout_mini_hardware/share/ament_index/resource_index/hardware_interface__pluginlib__plugin/scout_mini_hardware
[0.140s] -- Up-to-date symlink: /apollo/ros_ws/install/scout_mini_hardware/share/scout_mini_hardware/cmake/ament_cmake_export_dependencies-extras.cmake
[0.141s] -- Up-to-date symlink: /apollo/ros_ws/install/scout_mini_hardware/share/scout_mini_hardware/cmake/ament_cmake_export_libraries-extras.cmake
[0.141s] -- Up-to-date symlink: /apollo/ros_ws/install/scout_mini_hardware/share/scout_mini_hardware/cmake/ament_cmake_export_include_directories-extras.cmake
[0.141s] -- Up-to-date symlink: /apollo/ros_ws/install/scout_mini_hardware/share/scout_mini_hardware/cmake/scout_mini_hardwareConfig.cmake
[0.141s] -- Up-to-date symlink: /apollo/ros_ws/install/scout_mini_hardware/share/scout_mini_hardware/cmake/scout_mini_hardwareConfig-version.cmake
[0.141s] -- Up-to-date symlink: /apollo/ros_ws/install/scout_mini_hardware/share/scout_mini_hardware/package.xml
[0.143s] Invoked command in '/apollo/ros_ws/build/scout_mini_hardware' returned '0': CMAKE_PREFIX_PATH=/apollo/ros_ws/install/scout_mini_msgs:/apollo/ros_ws/install/scout_mini_ros2:/apollo/ros_ws/install/scout_mini_hardware:/apollo/ros_ws/install/scout_mini_description:/apollo/ros_ws/install/scout_mini_base:/opt/ros/humble LD_LIBRARY_PATH=/apollo/ros_ws/install/scout_mini_msgs/lib:/apollo/ros_ws/install/scout_mini_hardware/lib:/usr/lib/x86_64-linux-gnu/gazebo-11/plugins:/opt/ros/humble/opt/rviz_ogre_vendor/lib:/opt/ros/humble/lib/x86_64-linux-gnu:/opt/ros/humble/lib /usr/bin/cmake --install /apollo/ros_ws/build/scout_mini_hardware
