[0.659s] DEBUG:colcon:Command line arguments: ['/usr/bin/colcon', 'build', '--packages-select', 'scout_object_detector']
[0.659s] DEBUG:colcon:Parsed command line arguments: Namespace(log_base=None, log_level=None, verb_name='build', build_base='build', install_base='install', merge_install=False, symlink_install=False, test_result_base=None, continue_on_error=False, executor='parallel', parallel_workers=12, event_handlers=None, ignore_user_meta=False, metas=['./colcon.meta'], base_paths=['.'], packages_ignore=None, packages_ignore_regex=None, paths=None, packages_up_to=None, packages_up_to_regex=None, packages_above=None, packages_above_and_dependencies=None, packages_above_depth=None, packages_select_by_dep=None, packages_skip_by_dep=None, packages_skip_up_to=None, packages_select_build_failed=False, packages_skip_build_finished=False, packages_select_test_failures=False, packages_skip_test_passed=False, packages_select=['scout_object_detector'], packages_skip=None, packages_select_regex=None, packages_skip_regex=None, packages_start=None, packages_end=None, cmake_args=None, cmake_target=None, cmake_target_skip_unavailable=False, cmake_clean_cache=False, cmake_clean_first=False, cmake_force_configure=False, ament_cmake_args=None, catkin_cmake_args=None, catkin_skip_building_tests=False, mixin_files=None, mixin=None, verb_parser=<colcon_mixin.mixin.mixin_argument.MixinArgumentDecorator object at 0x7f15fc5a4dc0>, verb_extension=<colcon_core.verb.build.BuildVerb object at 0x7f15fc6bdc30>, main=<bound method BuildVerb.main of <colcon_core.verb.build.BuildVerb object at 0x7f15fc6bdc30>>, mixin_verb=('build',))
[0.991s] Level 1:colcon.colcon_core.package_discovery:discover_packages(colcon_meta) check parameters
[0.992s] Level 1:colcon.colcon_core.package_discovery:discover_packages(recursive) check parameters
[0.993s] Level 1:colcon.colcon_core.package_discovery:discover_packages(ignore) check parameters
[0.993s] Level 1:colcon.colcon_core.package_discovery:discover_packages(path) check parameters
[0.994s] Level 1:colcon.colcon_core.package_discovery:discover_packages(colcon_meta) discover
[0.994s] Level 1:colcon.colcon_core.package_discovery:discover_packages(recursive) discover
[0.994s] INFO:colcon.colcon_core.package_discovery:Crawling recursively for packages in '/apollo/ros_ws'
[0.996s] Level 1:colcon.colcon_core.package_identification:_identify(.) by extensions ['ignore', 'ignore_ament_install']
[0.997s] Level 1:colcon.colcon_core.package_identification:_identify(.) by extension 'ignore'
[0.997s] Level 1:colcon.colcon_core.package_identification:_identify(.) by extension 'ignore_ament_install'
[0.998s] Level 1:colcon.colcon_core.package_identification:_identify(.) by extensions ['colcon_pkg']
[0.998s] Level 1:colcon.colcon_core.package_identification:_identify(.) by extension 'colcon_pkg'
[0.999s] Level 1:colcon.colcon_core.package_identification:_identify(.) by extensions ['colcon_meta']
[0.999s] Level 1:colcon.colcon_core.package_identification:_identify(.) by extension 'colcon_meta'
[1.000s] Level 1:colcon.colcon_core.package_identification:_identify(.) by extensions ['ros']
[1.000s] Level 1:colcon.colcon_core.package_identification:_identify(.) by extension 'ros'
[1.019s] Level 1:colcon.colcon_core.package_identification:_identify(.) by extensions ['cmake', 'python']
[1.020s] Level 1:colcon.colcon_core.package_identification:_identify(.) by extension 'cmake'
[1.020s] Level 1:colcon.colcon_core.package_identification:_identify(.) by extension 'python'
[1.020s] Level 1:colcon.colcon_core.package_identification:_identify(.) by extensions ['python_setup_py']
[1.020s] Level 1:colcon.colcon_core.package_identification:_identify(.) by extension 'python_setup_py'
[1.022s] Level 1:colcon.colcon_core.package_identification:_identify(build) by extensions ['ignore', 'ignore_ament_install']
[1.022s] Level 1:colcon.colcon_core.package_identification:_identify(build) by extension 'ignore'
[1.023s] Level 1:colcon.colcon_core.package_identification:_identify(build) ignored
[1.024s] Level 1:colcon.colcon_core.package_identification:_identify(install) by extensions ['ignore', 'ignore_ament_install']
[1.025s] Level 1:colcon.colcon_core.package_identification:_identify(install) by extension 'ignore'
[1.025s] Level 1:colcon.colcon_core.package_identification:_identify(install) ignored
[1.028s] Level 1:colcon.colcon_core.package_identification:_identify(log) by extensions ['ignore', 'ignore_ament_install']
[1.028s] Level 1:colcon.colcon_core.package_identification:_identify(log) by extension 'ignore'
[1.029s] Level 1:colcon.colcon_core.package_identification:_identify(log) ignored
[1.030s] Level 1:colcon.colcon_core.package_identification:_identify(src) by extensions ['ignore', 'ignore_ament_install']
[1.030s] Level 1:colcon.colcon_core.package_identification:_identify(src) by extension 'ignore'
[1.031s] Level 1:colcon.colcon_core.package_identification:_identify(src) by extension 'ignore_ament_install'
[1.032s] Level 1:colcon.colcon_core.package_identification:_identify(src) by extensions ['colcon_pkg']
[1.032s] Level 1:colcon.colcon_core.package_identification:_identify(src) by extension 'colcon_pkg'
[1.032s] Level 1:colcon.colcon_core.package_identification:_identify(src) by extensions ['colcon_meta']
[1.032s] Level 1:colcon.colcon_core.package_identification:_identify(src) by extension 'colcon_meta'
[1.033s] Level 1:colcon.colcon_core.package_identification:_identify(src) by extensions ['ros']
[1.033s] Level 1:colcon.colcon_core.package_identification:_identify(src) by extension 'ros'
[1.035s] Level 1:colcon.colcon_core.package_identification:_identify(src) by extensions ['cmake', 'python']
[1.035s] Level 1:colcon.colcon_core.package_identification:_identify(src) by extension 'cmake'
[1.036s] Level 1:colcon.colcon_core.package_identification:_identify(src) by extension 'python'
[1.036s] Level 1:colcon.colcon_core.package_identification:_identify(src) by extensions ['python_setup_py']
[1.036s] Level 1:colcon.colcon_core.package_identification:_identify(src) by extension 'python_setup_py'
[1.039s] Level 1:colcon.colcon_core.package_identification:_identify(src/scout_mini_base) by extensions ['ignore', 'ignore_ament_install']
[1.039s] Level 1:colcon.colcon_core.package_identification:_identify(src/scout_mini_base) by extension 'ignore'
[1.040s] Level 1:colcon.colcon_core.package_identification:_identify(src/scout_mini_base) by extension 'ignore_ament_install'
[1.041s] Level 1:colcon.colcon_core.package_identification:_identify(src/scout_mini_base) by extensions ['colcon_pkg']
[1.041s] Level 1:colcon.colcon_core.package_identification:_identify(src/scout_mini_base) by extension 'colcon_pkg'
[1.042s] Level 1:colcon.colcon_core.package_identification:_identify(src/scout_mini_base) by extensions ['colcon_meta']
[1.042s] Level 1:colcon.colcon_core.package_identification:_identify(src/scout_mini_base) by extension 'colcon_meta'
[1.043s] Level 1:colcon.colcon_core.package_identification:_identify(src/scout_mini_base) by extensions ['ros']
[1.043s] Level 1:colcon.colcon_core.package_identification:_identify(src/scout_mini_base) by extension 'ros'
[1.053s] DEBUG:colcon.colcon_core.package_identification:Package 'src/scout_mini_base' with type 'ros.ament_cmake' and name 'scout_mini_base'
[1.055s] Level 1:colcon.colcon_core.package_identification:_identify(src/scout_mini_description) by extensions ['ignore', 'ignore_ament_install']
[1.056s] Level 1:colcon.colcon_core.package_identification:_identify(src/scout_mini_description) by extension 'ignore'
[1.057s] Level 1:colcon.colcon_core.package_identification:_identify(src/scout_mini_description) by extension 'ignore_ament_install'
[1.058s] Level 1:colcon.colcon_core.package_identification:_identify(src/scout_mini_description) by extensions ['colcon_pkg']
[1.058s] Level 1:colcon.colcon_core.package_identification:_identify(src/scout_mini_description) by extension 'colcon_pkg'
[1.059s] Level 1:colcon.colcon_core.package_identification:_identify(src/scout_mini_description) by extensions ['colcon_meta']
[1.059s] Level 1:colcon.colcon_core.package_identification:_identify(src/scout_mini_description) by extension 'colcon_meta'
[1.060s] Level 1:colcon.colcon_core.package_identification:_identify(src/scout_mini_description) by extensions ['ros']
[1.060s] Level 1:colcon.colcon_core.package_identification:_identify(src/scout_mini_description) by extension 'ros'
[1.067s] DEBUG:colcon.colcon_core.package_identification:Package 'src/scout_mini_description' with type 'ros.ament_cmake' and name 'scout_mini_description'
[1.069s] Level 1:colcon.colcon_core.package_identification:_identify(src/scout_mini_hardware) by extensions ['ignore', 'ignore_ament_install']
[1.070s] Level 1:colcon.colcon_core.package_identification:_identify(src/scout_mini_hardware) by extension 'ignore'
[1.071s] Level 1:colcon.colcon_core.package_identification:_identify(src/scout_mini_hardware) by extension 'ignore_ament_install'
[1.072s] Level 1:colcon.colcon_core.package_identification:_identify(src/scout_mini_hardware) by extensions ['colcon_pkg']
[1.072s] Level 1:colcon.colcon_core.package_identification:_identify(src/scout_mini_hardware) by extension 'colcon_pkg'
[1.073s] Level 1:colcon.colcon_core.package_identification:_identify(src/scout_mini_hardware) by extensions ['colcon_meta']
[1.073s] Level 1:colcon.colcon_core.package_identification:_identify(src/scout_mini_hardware) by extension 'colcon_meta'
[1.074s] Level 1:colcon.colcon_core.package_identification:_identify(src/scout_mini_hardware) by extensions ['ros']
[1.074s] Level 1:colcon.colcon_core.package_identification:_identify(src/scout_mini_hardware) by extension 'ros'
[1.082s] DEBUG:colcon.colcon_core.package_identification:Package 'src/scout_mini_hardware' with type 'ros.ament_cmake' and name 'scout_mini_hardware'
[1.084s] Level 1:colcon.colcon_core.package_identification:_identify(src/scout_mini_msgs) by extensions ['ignore', 'ignore_ament_install']
[1.085s] Level 1:colcon.colcon_core.package_identification:_identify(src/scout_mini_msgs) by extension 'ignore'
[1.085s] Level 1:colcon.colcon_core.package_identification:_identify(src/scout_mini_msgs) by extension 'ignore_ament_install'
[1.087s] Level 1:colcon.colcon_core.package_identification:_identify(src/scout_mini_msgs) by extensions ['colcon_pkg']
[1.087s] Level 1:colcon.colcon_core.package_identification:_identify(src/scout_mini_msgs) by extension 'colcon_pkg'
[1.088s] Level 1:colcon.colcon_core.package_identification:_identify(src/scout_mini_msgs) by extensions ['colcon_meta']
[1.088s] Level 1:colcon.colcon_core.package_identification:_identify(src/scout_mini_msgs) by extension 'colcon_meta'
[1.089s] Level 1:colcon.colcon_core.package_identification:_identify(src/scout_mini_msgs) by extensions ['ros']
[1.089s] Level 1:colcon.colcon_core.package_identification:_identify(src/scout_mini_msgs) by extension 'ros'
[1.096s] DEBUG:colcon.colcon_core.package_identification:Package 'src/scout_mini_msgs' with type 'ros.ament_cmake' and name 'scout_mini_msgs'
[1.098s] Level 1:colcon.colcon_core.package_identification:_identify(src/scout_mini_ros2) by extensions ['ignore', 'ignore_ament_install']
[1.099s] Level 1:colcon.colcon_core.package_identification:_identify(src/scout_mini_ros2) by extension 'ignore'
[1.099s] Level 1:colcon.colcon_core.package_identification:_identify(src/scout_mini_ros2) by extension 'ignore_ament_install'
[1.101s] Level 1:colcon.colcon_core.package_identification:_identify(src/scout_mini_ros2) by extensions ['colcon_pkg']
[1.101s] Level 1:colcon.colcon_core.package_identification:_identify(src/scout_mini_ros2) by extension 'colcon_pkg'
[1.101s] Level 1:colcon.colcon_core.package_identification:_identify(src/scout_mini_ros2) by extensions ['colcon_meta']
[1.102s] Level 1:colcon.colcon_core.package_identification:_identify(src/scout_mini_ros2) by extension 'colcon_meta'
[1.103s] Level 1:colcon.colcon_core.package_identification:_identify(src/scout_mini_ros2) by extensions ['ros']
[1.103s] Level 1:colcon.colcon_core.package_identification:_identify(src/scout_mini_ros2) by extension 'ros'
[1.112s] DEBUG:colcon.colcon_core.package_identification:Package 'src/scout_mini_ros2' with type 'ros.ament_cmake' and name 'scout_mini_ros2'
[1.114s] Level 1:colcon.colcon_core.package_identification:_identify(src/scout_mini_simulation) by extensions ['ignore', 'ignore_ament_install']
[1.114s] Level 1:colcon.colcon_core.package_identification:_identify(src/scout_mini_simulation) by extension 'ignore'
[1.115s] Level 1:colcon.colcon_core.package_identification:_identify(src/scout_mini_simulation) by extension 'ignore_ament_install'
[1.117s] Level 1:colcon.colcon_core.package_identification:_identify(src/scout_mini_simulation) by extensions ['colcon_pkg']
[1.117s] Level 1:colcon.colcon_core.package_identification:_identify(src/scout_mini_simulation) by extension 'colcon_pkg'
[1.117s] Level 1:colcon.colcon_core.package_identification:_identify(src/scout_mini_simulation) by extensions ['colcon_meta']
[1.118s] Level 1:colcon.colcon_core.package_identification:_identify(src/scout_mini_simulation) by extension 'colcon_meta'
[1.119s] Level 1:colcon.colcon_core.package_identification:_identify(src/scout_mini_simulation) by extensions ['ros']
[1.119s] Level 1:colcon.colcon_core.package_identification:_identify(src/scout_mini_simulation) by extension 'ros'
[1.126s] DEBUG:colcon.colcon_core.package_identification:Package 'src/scout_mini_simulation' with type 'ros.ament_python' and name 'scout_mini_simulation'
[1.129s] Level 1:colcon.colcon_core.package_identification:_identify(src/scout_object_detector) by extensions ['ignore', 'ignore_ament_install']
[1.129s] Level 1:colcon.colcon_core.package_identification:_identify(src/scout_object_detector) by extension 'ignore'
[1.130s] Level 1:colcon.colcon_core.package_identification:_identify(src/scout_object_detector) by extension 'ignore_ament_install'
[1.131s] Level 1:colcon.colcon_core.package_identification:_identify(src/scout_object_detector) by extensions ['colcon_pkg']
[1.131s] Level 1:colcon.colcon_core.package_identification:_identify(src/scout_object_detector) by extension 'colcon_pkg'
[1.132s] Level 1:colcon.colcon_core.package_identification:_identify(src/scout_object_detector) by extensions ['colcon_meta']
[1.132s] Level 1:colcon.colcon_core.package_identification:_identify(src/scout_object_detector) by extension 'colcon_meta'
[1.133s] Level 1:colcon.colcon_core.package_identification:_identify(src/scout_object_detector) by extensions ['ros']
[1.133s] Level 1:colcon.colcon_core.package_identification:_identify(src/scout_object_detector) by extension 'ros'
[1.143s] DEBUG:colcon.colcon_core.package_identification:Package 'src/scout_object_detector' with type 'ros.ament_cmake' and name 'scout_object_detector'
[1.145s] Level 1:colcon.colcon_core.package_identification:_identify(src/task1) by extensions ['ignore', 'ignore_ament_install']
[1.145s] Level 1:colcon.colcon_core.package_identification:_identify(src/task1) by extension 'ignore'
[1.146s] Level 1:colcon.colcon_core.package_identification:_identify(src/task1) by extension 'ignore_ament_install'
[1.147s] Level 1:colcon.colcon_core.package_identification:_identify(src/task1) by extensions ['colcon_pkg']
[1.147s] Level 1:colcon.colcon_core.package_identification:_identify(src/task1) by extension 'colcon_pkg'
[1.148s] Level 1:colcon.colcon_core.package_identification:_identify(src/task1) by extensions ['colcon_meta']
[1.148s] Level 1:colcon.colcon_core.package_identification:_identify(src/task1) by extension 'colcon_meta'
[1.149s] Level 1:colcon.colcon_core.package_identification:_identify(src/task1) by extensions ['ros']
[1.149s] Level 1:colcon.colcon_core.package_identification:_identify(src/task1) by extension 'ros'
[1.161s] DEBUG:colcon.colcon_core.package_identification:Package 'src/task1' with type 'ros.ament_python' and name 'task1'
[1.161s] Level 1:colcon.colcon_core.package_discovery:discover_packages(recursive) using defaults
[1.162s] Level 1:colcon.colcon_core.package_discovery:discover_packages(ignore) discover
[1.162s] Level 1:colcon.colcon_core.package_discovery:discover_packages(ignore) using defaults
[1.162s] Level 1:colcon.colcon_core.package_discovery:discover_packages(path) discover
[1.162s] Level 1:colcon.colcon_core.package_discovery:discover_packages(path) using defaults
[1.321s] INFO:colcon.colcon_core.package_selection:Skipping not selected package 'scout_mini_base' in 'src/scout_mini_base'
[1.321s] INFO:colcon.colcon_core.package_selection:Skipping not selected package 'scout_mini_description' in 'src/scout_mini_description'
[1.321s] INFO:colcon.colcon_core.package_selection:Skipping not selected package 'scout_mini_msgs' in 'src/scout_mini_msgs'
[1.321s] INFO:colcon.colcon_core.package_selection:Skipping not selected package 'task1' in 'src/task1'
[1.322s] INFO:colcon.colcon_core.package_selection:Skipping not selected package 'scout_mini_hardware' in 'src/scout_mini_hardware'
[1.322s] INFO:colcon.colcon_core.package_selection:Skipping not selected package 'scout_mini_simulation' in 'src/scout_mini_simulation'
[1.322s] INFO:colcon.colcon_core.package_selection:Skipping not selected package 'scout_mini_ros2' in 'src/scout_mini_ros2'
[1.322s] Level 5:colcon.colcon_core.verb:set package 'scout_object_detector' build argument 'cmake_args' from command line to 'None'
[1.323s] Level 5:colcon.colcon_core.verb:set package 'scout_object_detector' build argument 'cmake_target' from command line to 'None'
[1.323s] Level 5:colcon.colcon_core.verb:set package 'scout_object_detector' build argument 'cmake_target_skip_unavailable' from command line to 'False'
[1.323s] Level 5:colcon.colcon_core.verb:set package 'scout_object_detector' build argument 'cmake_clean_cache' from command line to 'False'
[1.323s] Level 5:colcon.colcon_core.verb:set package 'scout_object_detector' build argument 'cmake_clean_first' from command line to 'False'
[1.323s] Level 5:colcon.colcon_core.verb:set package 'scout_object_detector' build argument 'cmake_force_configure' from command line to 'False'
[1.323s] Level 5:colcon.colcon_core.verb:set package 'scout_object_detector' build argument 'ament_cmake_args' from command line to 'None'
[1.323s] Level 5:colcon.colcon_core.verb:set package 'scout_object_detector' build argument 'catkin_cmake_args' from command line to 'None'
[1.324s] Level 5:colcon.colcon_core.verb:set package 'scout_object_detector' build argument 'catkin_skip_building_tests' from command line to 'False'
[1.324s] DEBUG:colcon.colcon_core.verb:Building package 'scout_object_detector' with the following arguments: {'ament_cmake_args': None, 'build_base': '/apollo/ros_ws/build/scout_object_detector', 'catkin_cmake_args': None, 'catkin_skip_building_tests': False, 'cmake_args': None, 'cmake_clean_cache': False, 'cmake_clean_first': False, 'cmake_force_configure': False, 'cmake_target': None, 'cmake_target_skip_unavailable': False, 'install_base': '/apollo/ros_ws/install/scout_object_detector', 'merge_install': False, 'path': '/apollo/ros_ws/src/scout_object_detector', 'symlink_install': False, 'test_result_base': None}
[1.324s] INFO:colcon.colcon_core.executor:Executing jobs using 'parallel' executor
[1.325s] DEBUG:colcon.colcon_parallel_executor.executor.parallel:run_until_complete
[1.325s] INFO:colcon.colcon_ros.task.ament_cmake.build:Building ROS package in '/apollo/ros_ws/src/scout_object_detector' with build type 'ament_cmake'
[1.326s] INFO:colcon.colcon_cmake.task.cmake.build:Building CMake package in '/apollo/ros_ws/src/scout_object_detector'
[1.347s] INFO:colcon.colcon_core.plugin_system:Skipping extension 'colcon_core.shell.bat': Not used on non-Windows systems
[1.355s] INFO:colcon.colcon_core.shell:Skip shell extension 'powershell' for command environment: Not usable outside of PowerShell
[1.355s] DEBUG:colcon.colcon_core.shell:Skip shell extension 'dsv' for command environment
[1.622s] DEBUG:colcon.colcon_core.event_handler.log_command:Invoking command in '/apollo/ros_ws/build/scout_object_detector': CMAKE_PREFIX_PATH=${CMAKE_PREFIX_PATH}:/apollo/dev_ws/install/my_package:/opt/ros/humble /usr/bin/cmake /apollo/ros_ws/src/scout_object_detector -DCMAKE_INSTALL_PREFIX=/apollo/ros_ws/install/scout_object_detector
[16.422s] DEBUG:colcon.colcon_core.event_handler.log_command:Invoked command in '/apollo/ros_ws/build/scout_object_detector' returned '0': CMAKE_PREFIX_PATH=${CMAKE_PREFIX_PATH}:/apollo/dev_ws/install/my_package:/opt/ros/humble /usr/bin/cmake /apollo/ros_ws/src/scout_object_detector -DCMAKE_INSTALL_PREFIX=/apollo/ros_ws/install/scout_object_detector
[16.434s] DEBUG:colcon.colcon_core.event_handler.log_command:Invoking command in '/apollo/ros_ws/build/scout_object_detector': CMAKE_PREFIX_PATH=${CMAKE_PREFIX_PATH}:/apollo/dev_ws/install/my_package:/opt/ros/humble /usr/bin/cmake --build /apollo/ros_ws/build/scout_object_detector -- -j12 -l12
[30.351s] DEBUG:colcon.colcon_core.event_handler.log_command:Invoked command in '/apollo/ros_ws/build/scout_object_detector' returned '0': CMAKE_PREFIX_PATH=${CMAKE_PREFIX_PATH}:/apollo/dev_ws/install/my_package:/opt/ros/humble /usr/bin/cmake --build /apollo/ros_ws/build/scout_object_detector -- -j12 -l12
[30.484s] DEBUG:colcon.colcon_core.event_handler.log_command:Invoking command in '/apollo/ros_ws/build/scout_object_detector': CMAKE_PREFIX_PATH=${CMAKE_PREFIX_PATH}:/apollo/dev_ws/install/my_package:/opt/ros/humble /usr/bin/cmake --install /apollo/ros_ws/build/scout_object_detector
[36.451s] Level 1:colcon.colcon_core.environment:create_environment_scripts_only(scout_object_detector)
[36.452s] DEBUG:colcon.colcon_core.event_handler.log_command:Invoked command in '/apollo/ros_ws/build/scout_object_detector' returned '0': CMAKE_PREFIX_PATH=${CMAKE_PREFIX_PATH}:/apollo/dev_ws/install/my_package:/opt/ros/humble /usr/bin/cmake --install /apollo/ros_ws/build/scout_object_detector
[36.470s] Level 1:colcon.colcon_core.environment:checking '/apollo/ros_ws/install/scout_object_detector' for CMake module files
[36.758s] Level 1:colcon.colcon_core.environment:checking '/apollo/ros_ws/install/scout_object_detector' for CMake config files
[37.148s] Level 1:colcon.colcon_core.shell:create_environment_hook('scout_object_detector', 'cmake_prefix_path')
[37.148s] INFO:colcon.colcon_core.shell:Creating environment hook '/apollo/ros_ws/install/scout_object_detector/share/scout_object_detector/hook/cmake_prefix_path.ps1'
[37.169s] INFO:colcon.colcon_core.shell:Creating environment descriptor '/apollo/ros_ws/install/scout_object_detector/share/scout_object_detector/hook/cmake_prefix_path.dsv'
[37.185s] INFO:colcon.colcon_core.shell:Creating environment hook '/apollo/ros_ws/install/scout_object_detector/share/scout_object_detector/hook/cmake_prefix_path.sh'
[37.206s] Level 1:colcon.colcon_core.environment:checking '/apollo/ros_ws/install/scout_object_detector/lib'
[37.211s] Level 1:colcon.colcon_core.shell:create_environment_hook('scout_object_detector', 'ld_library_path_lib')
[37.212s] INFO:colcon.colcon_core.shell:Creating environment hook '/apollo/ros_ws/install/scout_object_detector/share/scout_object_detector/hook/ld_library_path_lib.ps1'
[37.228s] INFO:colcon.colcon_core.shell:Creating environment descriptor '/apollo/ros_ws/install/scout_object_detector/share/scout_object_detector/hook/ld_library_path_lib.dsv'
[37.245s] INFO:colcon.colcon_core.shell:Creating environment hook '/apollo/ros_ws/install/scout_object_detector/share/scout_object_detector/hook/ld_library_path_lib.sh'
[37.260s] Level 1:colcon.colcon_core.environment:checking '/apollo/ros_ws/install/scout_object_detector/bin'
[37.262s] Level 1:colcon.colcon_core.environment:checking '/apollo/ros_ws/install/scout_object_detector/lib/pkgconfig/scout_object_detector.pc'
[37.273s] Level 1:colcon.colcon_core.environment:checking '/apollo/ros_ws/install/scout_object_detector/lib/python3.10/site-packages'
[37.275s] Level 1:colcon.colcon_core.environment:checking '/apollo/ros_ws/install/scout_object_detector/bin'
[37.276s] INFO:colcon.colcon_core.shell:Creating package script '/apollo/ros_ws/install/scout_object_detector/share/scout_object_detector/package.ps1'
[37.291s] INFO:colcon.colcon_core.shell:Creating package descriptor '/apollo/ros_ws/install/scout_object_detector/share/scout_object_detector/package.dsv'
[37.309s] INFO:colcon.colcon_core.shell:Creating package script '/apollo/ros_ws/install/scout_object_detector/share/scout_object_detector/package.sh'
[37.323s] INFO:colcon.colcon_core.shell:Creating package script '/apollo/ros_ws/install/scout_object_detector/share/scout_object_detector/package.bash'
[37.337s] INFO:colcon.colcon_core.shell:Creating package script '/apollo/ros_ws/install/scout_object_detector/share/scout_object_detector/package.zsh'
[37.351s] Level 1:colcon.colcon_core.environment:create_file_with_runtime_dependencies(/apollo/ros_ws/install/scout_object_detector/share/colcon-core/packages/scout_object_detector)
[37.378s] Level 1:colcon.colcon_core.environment:create_environment_scripts_only(scout_object_detector)
[37.379s] Level 1:colcon.colcon_core.environment:checking '/apollo/ros_ws/install/scout_object_detector' for CMake module files
[37.703s] Level 1:colcon.colcon_core.environment:checking '/apollo/ros_ws/install/scout_object_detector' for CMake config files
[38.113s] Level 1:colcon.colcon_core.shell:create_environment_hook('scout_object_detector', 'cmake_prefix_path')
[38.113s] INFO:colcon.colcon_core.shell:Creating environment hook '/apollo/ros_ws/install/scout_object_detector/share/scout_object_detector/hook/cmake_prefix_path.ps1'
[38.129s] INFO:colcon.colcon_core.shell:Creating environment descriptor '/apollo/ros_ws/install/scout_object_detector/share/scout_object_detector/hook/cmake_prefix_path.dsv'
[38.146s] INFO:colcon.colcon_core.shell:Creating environment hook '/apollo/ros_ws/install/scout_object_detector/share/scout_object_detector/hook/cmake_prefix_path.sh'
[38.165s] Level 1:colcon.colcon_core.environment:checking '/apollo/ros_ws/install/scout_object_detector/lib'
[38.169s] Level 1:colcon.colcon_core.shell:create_environment_hook('scout_object_detector', 'ld_library_path_lib')
[38.170s] INFO:colcon.colcon_core.shell:Creating environment hook '/apollo/ros_ws/install/scout_object_detector/share/scout_object_detector/hook/ld_library_path_lib.ps1'
[38.177s] INFO:colcon.colcon_core.shell:Creating environment descriptor '/apollo/ros_ws/install/scout_object_detector/share/scout_object_detector/hook/ld_library_path_lib.dsv'
[38.185s] INFO:colcon.colcon_core.shell:Creating environment hook '/apollo/ros_ws/install/scout_object_detector/share/scout_object_detector/hook/ld_library_path_lib.sh'
[38.193s] Level 1:colcon.colcon_core.environment:checking '/apollo/ros_ws/install/scout_object_detector/bin'
[38.194s] Level 1:colcon.colcon_core.environment:checking '/apollo/ros_ws/install/scout_object_detector/lib/pkgconfig/scout_object_detector.pc'
[38.196s] Level 1:colcon.colcon_core.environment:checking '/apollo/ros_ws/install/scout_object_detector/lib/python3.10/site-packages'
[38.199s] Level 1:colcon.colcon_core.environment:checking '/apollo/ros_ws/install/scout_object_detector/bin'
[38.200s] INFO:colcon.colcon_core.shell:Creating package script '/apollo/ros_ws/install/scout_object_detector/share/scout_object_detector/package.ps1'
[38.214s] INFO:colcon.colcon_core.shell:Creating package descriptor '/apollo/ros_ws/install/scout_object_detector/share/scout_object_detector/package.dsv'
[38.227s] INFO:colcon.colcon_core.shell:Creating package script '/apollo/ros_ws/install/scout_object_detector/share/scout_object_detector/package.sh'
[38.241s] INFO:colcon.colcon_core.shell:Creating package script '/apollo/ros_ws/install/scout_object_detector/share/scout_object_detector/package.bash'
[38.255s] INFO:colcon.colcon_core.shell:Creating package script '/apollo/ros_ws/install/scout_object_detector/share/scout_object_detector/package.zsh'
[38.268s] Level 1:colcon.colcon_core.environment:create_file_with_runtime_dependencies(/apollo/ros_ws/install/scout_object_detector/share/colcon-core/packages/scout_object_detector)
[38.279s] DEBUG:colcon.colcon_parallel_executor.executor.parallel:closing loop
[38.280s] DEBUG:colcon.colcon_parallel_executor.executor.parallel:loop closed
[38.280s] DEBUG:colcon.colcon_parallel_executor.executor.parallel:run_until_complete finished with '0'
[38.280s] DEBUG:colcon.colcon_core.event_reactor:joining thread
[38.342s] INFO:colcon.colcon_core.plugin_system:Skipping extension 'colcon_notification.desktop_notification.notify_send': Could not find 'notify-send'
[38.342s] INFO:colcon.colcon_core.plugin_system:Skipping extension 'colcon_notification.desktop_notification.terminal_notifier': Not used on non-Darwin systems
[38.342s] INFO:colcon.colcon_core.plugin_system:Skipping extension 'colcon_notification.desktop_notification.win32': Not used on non-Windows systems
[38.343s] INFO:colcon.colcon_notification.desktop_notification:Sending desktop notification using 'notify2'
[38.350s] DEBUG:colcon.colcon_notification.desktop_notification.notify2:Failed to initialize notify2: org.freedesktop.DBus.Error.Spawn.ExecFailed: /usr/bin/dbus-launch terminated abnormally without any error message
[38.350s] DEBUG:colcon.colcon_core.event_reactor:joined thread
[38.351s] INFO:colcon.colcon_core.shell:Creating prefix script '/apollo/ros_ws/install/local_setup.ps1'
[38.359s] INFO:colcon.colcon_core.shell:Creating prefix util module '/apollo/ros_ws/install/_local_setup_util_ps1.py'
[38.368s] INFO:colcon.colcon_core.shell:Creating prefix chain script '/apollo/ros_ws/install/setup.ps1'
[38.398s] INFO:colcon.colcon_core.shell:Creating prefix script '/apollo/ros_ws/install/local_setup.sh'
[38.404s] INFO:colcon.colcon_core.shell:Creating prefix util module '/apollo/ros_ws/install/_local_setup_util_sh.py'
[38.410s] INFO:colcon.colcon_core.shell:Creating prefix chain script '/apollo/ros_ws/install/setup.sh'
[38.438s] INFO:colcon.colcon_core.shell:Creating prefix script '/apollo/ros_ws/install/local_setup.bash'
[38.444s] INFO:colcon.colcon_core.shell:Creating prefix chain script '/apollo/ros_ws/install/setup.bash'
[38.470s] INFO:colcon.colcon_core.shell:Creating prefix script '/apollo/ros_ws/install/local_setup.zsh'
[38.474s] INFO:colcon.colcon_core.shell:Creating prefix chain script '/apollo/ros_ws/install/setup.zsh'
