[35m[1mConsolidate compiler generated dependencies of target follow_human__rosidl_generator_c[0m
[  0%] Built target ament_cmake_python_symlink_follow_human
[  2%] Built target follow_human__cpp
[35m[1mConsolidate compiler generated dependencies of target follow_human__rosidl_typesupport_cpp[0m
[35m[1mConsolidate compiler generated dependencies of target follow_human__rosidl_typesupport_introspection_cpp[0m
[ 12%] Built target follow_human__rosidl_generator_c
[35m[1mConsolidate compiler generated dependencies of target follow_human__rosidl_typesupport_fastrtps_cpp[0m
[35m[1mConsolidate compiler generated dependencies of target follow_human__rosidl_typesupport_c[0m
[35m[1mConsolidate compiler generated dependencies of target follow_human__rosidl_typesupport_introspection_c[0m
[35m[1mConsolidate compiler generated dependencies of target follow_human__rosidl_typesupport_fastrtps_c[0m
[ 30%] Built target follow_human__rosidl_typesupport_cpp
[ 33%] Built target follow_human__rosidl_typesupport_introspection_cpp
[ 43%] Built target follow_human__rosidl_typesupport_c
[ 64%] Built target follow_human__rosidl_typesupport_fastrtps_cpp
[ 64%] Built target follow_human__rosidl_typesupport_introspection_c
[ 74%] Built target follow_human__rosidl_typesupport_fastrtps_c
running egg_info
writing follow_human.egg-info/PKG-INFO
writing dependency_links to follow_human.egg-info/dependency_links.txt
writing top-level names to follow_human.egg-info/top_level.txt
reading manifest file 'follow_human.egg-info/SOURCES.txt'
writing manifest file 'follow_human.egg-info/SOURCES.txt'
[ 74%] Built target follow_human
[ 74%] Built target ament_cmake_python_build_follow_human_egg
[ 76%] Built target follow_human__py
[35m[1mConsolidate compiler generated dependencies of target follow_human__rosidl_generator_py[0m
[ 84%] Built target follow_human__rosidl_generator_py
[35m[1mConsolidate compiler generated dependencies of target follow_human__rosidl_typesupport_fastrtps_c__pyext[0m
[35m[1mConsolidate compiler generated dependencies of target follow_human__rosidl_typesupport_c__pyext[0m
[35m[1mConsolidate compiler generated dependencies of target follow_human__rosidl_typesupport_introspection_c__pyext[0m
[ 89%] Built target follow_human__rosidl_typesupport_c__pyext
[ 94%] Built target follow_human__rosidl_typesupport_fastrtps_c__pyext
[100%] Built target follow_human__rosidl_typesupport_introspection_c__pyext
-- Install configuration: ""
-- Execute custom install script
-- Up-to-date symlink: /apollo/ros_ws/install/follow_human/share/ament_index/resource_index/rosidl_interfaces/follow_human
-- Up-to-date symlink: /apollo/ros_ws/install/follow_human/include/follow_human/follow_human/msg/depth_estimation.h
-- Up-to-date symlink: /apollo/ros_ws/install/follow_human/include/follow_human/follow_human/msg/detail/depth_estimation__functions.h
-- Up-to-date symlink: /apollo/ros_ws/install/follow_human/include/follow_human/follow_human/msg/detail/depth_estimation__struct.h
-- Up-to-date symlink: /apollo/ros_ws/install/follow_human/include/follow_human/follow_human/msg/detail/depth_estimation__type_support.h
-- Up-to-date symlink: /apollo/ros_ws/install/follow_human/include/follow_human/follow_human/msg/detail/tracked_object__functions.h
-- Up-to-date symlink: /apollo/ros_ws/install/follow_human/include/follow_human/follow_human/msg/detail/tracked_object__struct.h
-- Up-to-date symlink: /apollo/ros_ws/install/follow_human/include/follow_human/follow_human/msg/detail/tracked_object__type_support.h
-- Up-to-date symlink: /apollo/ros_ws/install/follow_human/include/follow_human/follow_human/msg/rosidl_generator_c__visibility_control.h
-- Up-to-date symlink: /apollo/ros_ws/install/follow_human/include/follow_human/follow_human/msg/tracked_object.h
-- Up-to-date symlink: /apollo/ros_ws/install/follow_human/share/follow_human/environment/library_path.sh
-- Up-to-date symlink: /apollo/ros_ws/install/follow_human/share/follow_human/environment/library_path.dsv
-- Up-to-date symlink: /apollo/ros_ws/install/follow_human/include/follow_human/follow_human/msg/detail/depth_estimation__rosidl_typesupport_fastrtps_c.h
-- Up-to-date symlink: /apollo/ros_ws/install/follow_human/include/follow_human/follow_human/msg/detail/tracked_object__rosidl_typesupport_fastrtps_c.h
-- Up-to-date symlink: /apollo/ros_ws/install/follow_human/include/follow_human/follow_human/msg/rosidl_typesupport_fastrtps_c__visibility_control.h
-- Up-to-date symlink: /apollo/ros_ws/install/follow_human/include/follow_human/follow_human/msg/depth_estimation.hpp
-- Up-to-date symlink: /apollo/ros_ws/install/follow_human/include/follow_human/follow_human/msg/detail/depth_estimation__builder.hpp
-- Up-to-date symlink: /apollo/ros_ws/install/follow_human/include/follow_human/follow_human/msg/detail/depth_estimation__struct.hpp
-- Up-to-date symlink: /apollo/ros_ws/install/follow_human/include/follow_human/follow_human/msg/detail/depth_estimation__traits.hpp
-- Up-to-date symlink: /apollo/ros_ws/install/follow_human/include/follow_human/follow_human/msg/detail/depth_estimation__type_support.hpp
-- Up-to-date symlink: /apollo/ros_ws/install/follow_human/include/follow_human/follow_human/msg/detail/tracked_object__builder.hpp
-- Up-to-date symlink: /apollo/ros_ws/install/follow_human/include/follow_human/follow_human/msg/detail/tracked_object__struct.hpp
-- Up-to-date symlink: /apollo/ros_ws/install/follow_human/include/follow_human/follow_human/msg/detail/tracked_object__traits.hpp
-- Up-to-date symlink: /apollo/ros_ws/install/follow_human/include/follow_human/follow_human/msg/detail/tracked_object__type_support.hpp
-- Up-to-date symlink: /apollo/ros_ws/install/follow_human/include/follow_human/follow_human/msg/rosidl_generator_cpp__visibility_control.hpp
-- Up-to-date symlink: /apollo/ros_ws/install/follow_human/include/follow_human/follow_human/msg/tracked_object.hpp
-- Up-to-date symlink: /apollo/ros_ws/install/follow_human/include/follow_human/follow_human/msg/detail/depth_estimation__rosidl_typesupport_fastrtps_cpp.hpp
-- Up-to-date symlink: /apollo/ros_ws/install/follow_human/include/follow_human/follow_human/msg/detail/tracked_object__rosidl_typesupport_fastrtps_cpp.hpp
-- Up-to-date symlink: /apollo/ros_ws/install/follow_human/include/follow_human/follow_human/msg/rosidl_typesupport_fastrtps_cpp__visibility_control.h
-- Up-to-date symlink: /apollo/ros_ws/install/follow_human/include/follow_human/follow_human/msg/detail/depth_estimation__rosidl_typesupport_introspection_c.h
-- Up-to-date symlink: /apollo/ros_ws/install/follow_human/include/follow_human/follow_human/msg/detail/tracked_object__rosidl_typesupport_introspection_c.h
-- Up-to-date symlink: /apollo/ros_ws/install/follow_human/include/follow_human/follow_human/msg/rosidl_typesupport_introspection_c__visibility_control.h
-- Up-to-date symlink: /apollo/ros_ws/install/follow_human/include/follow_human/follow_human/msg/detail/depth_estimation__rosidl_typesupport_introspection_cpp.hpp
-- Up-to-date symlink: /apollo/ros_ws/install/follow_human/include/follow_human/follow_human/msg/detail/tracked_object__rosidl_typesupport_introspection_cpp.hpp
-- Up-to-date symlink: /apollo/ros_ws/install/follow_human/share/follow_human/environment/pythonpath.sh
-- Up-to-date symlink: /apollo/ros_ws/install/follow_human/share/follow_human/environment/pythonpath.dsv
-- Up-to-date symlink: /apollo/ros_ws/install/follow_human/local/lib/python3.10/dist-packages/follow_human-0.0.1-py3.10.egg-info/PKG-INFO
-- Up-to-date symlink: /apollo/ros_ws/install/follow_human/local/lib/python3.10/dist-packages/follow_human-0.0.1-py3.10.egg-info/SOURCES.txt
-- Up-to-date symlink: /apollo/ros_ws/install/follow_human/local/lib/python3.10/dist-packages/follow_human-0.0.1-py3.10.egg-info/dependency_links.txt
-- Up-to-date symlink: /apollo/ros_ws/install/follow_human/local/lib/python3.10/dist-packages/follow_human-0.0.1-py3.10.egg-info/top_level.txt
-- Up-to-date symlink: /apollo/ros_ws/install/follow_human/local/lib/python3.10/dist-packages/follow_human/__init__.py
-- Up-to-date symlink: /apollo/ros_ws/install/follow_human/local/lib/python3.10/dist-packages/follow_human/_follow_human_s.ep.rosidl_typesupport_c.c
-- Up-to-date symlink: /apollo/ros_ws/install/follow_human/local/lib/python3.10/dist-packages/follow_human/_follow_human_s.ep.rosidl_typesupport_fastrtps_c.c
-- Up-to-date symlink: /apollo/ros_ws/install/follow_human/local/lib/python3.10/dist-packages/follow_human/_follow_human_s.ep.rosidl_typesupport_introspection_c.c
-- Up-to-date symlink: /apollo/ros_ws/install/follow_human/local/lib/python3.10/dist-packages/follow_human/follow_human_s__rosidl_typesupport_c.cpython-310-x86_64-linux-gnu.so
-- Up-to-date symlink: /apollo/ros_ws/install/follow_human/local/lib/python3.10/dist-packages/follow_human/follow_human_s__rosidl_typesupport_fastrtps_c.cpython-310-x86_64-linux-gnu.so
-- Up-to-date symlink: /apollo/ros_ws/install/follow_human/local/lib/python3.10/dist-packages/follow_human/follow_human_s__rosidl_typesupport_introspection_c.cpython-310-x86_64-linux-gnu.so
-- Up-to-date symlink: /apollo/ros_ws/install/follow_human/local/lib/python3.10/dist-packages/follow_human/libfollow_human__rosidl_generator_py.so
-- Up-to-date symlink: /apollo/ros_ws/install/follow_human/local/lib/python3.10/dist-packages/follow_human/msg/__init__.py
-- Up-to-date symlink: /apollo/ros_ws/install/follow_human/local/lib/python3.10/dist-packages/follow_human/msg/_depth_estimation.py
-- Up-to-date symlink: /apollo/ros_ws/install/follow_human/local/lib/python3.10/dist-packages/follow_human/msg/_depth_estimation_s.c
-- Up-to-date symlink: /apollo/ros_ws/install/follow_human/local/lib/python3.10/dist-packages/follow_human/msg/_tracked_object.py
-- Up-to-date symlink: /apollo/ros_ws/install/follow_human/local/lib/python3.10/dist-packages/follow_human/msg/_tracked_object_s.c
-- Up-to-date symlink: /apollo/ros_ws/install/follow_human/local/lib/python3.10/dist-packages/follow_human/follow_human_s__rosidl_typesupport_fastrtps_c.cpython-310-x86_64-linux-gnu.so
-- Up-to-date symlink: /apollo/ros_ws/install/follow_human/local/lib/python3.10/dist-packages/follow_human/follow_human_s__rosidl_typesupport_introspection_c.cpython-310-x86_64-linux-gnu.so
-- Up-to-date symlink: /apollo/ros_ws/install/follow_human/local/lib/python3.10/dist-packages/follow_human/follow_human_s__rosidl_typesupport_c.cpython-310-x86_64-linux-gnu.so
-- Up-to-date symlink: /apollo/ros_ws/install/follow_human/share/follow_human/msg/TrackedObject.idl
-- Up-to-date symlink: /apollo/ros_ws/install/follow_human/share/follow_human/msg/DepthEstimation.idl
-- Up-to-date symlink: /apollo/ros_ws/install/follow_human/share/follow_human/msg/TrackedObject.msg
-- Up-to-date symlink: /apollo/ros_ws/install/follow_human/share/follow_human/msg/DepthEstimation.msg
-- Up-to-date symlink: /apollo/ros_ws/install/follow_human/share/ament_index/resource_index/package_run_dependencies/follow_human
-- Up-to-date symlink: /apollo/ros_ws/install/follow_human/share/ament_index/resource_index/parent_prefix_path/follow_human
-- Up-to-date symlink: /apollo/ros_ws/install/follow_human/share/follow_human/environment/ament_prefix_path.sh
-- Up-to-date symlink: /apollo/ros_ws/install/follow_human/share/follow_human/environment/ament_prefix_path.dsv
-- Up-to-date symlink: /apollo/ros_ws/install/follow_human/share/follow_human/environment/path.sh
-- Up-to-date symlink: /apollo/ros_ws/install/follow_human/share/follow_human/environment/path.dsv
-- Up-to-date symlink: /apollo/ros_ws/install/follow_human/share/follow_human/local_setup.bash
-- Up-to-date symlink: /apollo/ros_ws/install/follow_human/share/follow_human/local_setup.sh
-- Up-to-date symlink: /apollo/ros_ws/install/follow_human/share/follow_human/local_setup.zsh
-- Up-to-date symlink: /apollo/ros_ws/install/follow_human/share/follow_human/local_setup.dsv
-- Symlinking: /apollo/ros_ws/install/follow_human/share/follow_human/package.dsv
-- Up-to-date symlink: /apollo/ros_ws/install/follow_human/share/ament_index/resource_index/packages/follow_human
-- Up-to-date symlink: /apollo/ros_ws/install/follow_human/share/follow_human/cmake/rosidl_cmake-extras.cmake
-- Up-to-date symlink: /apollo/ros_ws/install/follow_human/share/follow_human/cmake/ament_cmake_export_dependencies-extras.cmake
-- Up-to-date symlink: /apollo/ros_ws/install/follow_human/share/follow_human/cmake/ament_cmake_export_include_directories-extras.cmake
-- Up-to-date symlink: /apollo/ros_ws/install/follow_human/share/follow_human/cmake/ament_cmake_export_libraries-extras.cmake
-- Up-to-date symlink: /apollo/ros_ws/install/follow_human/share/follow_human/cmake/ament_cmake_export_targets-extras.cmake
-- Up-to-date symlink: /apollo/ros_ws/install/follow_human/share/follow_human/cmake/rosidl_cmake_export_typesupport_targets-extras.cmake
-- Up-to-date symlink: /apollo/ros_ws/install/follow_human/share/follow_human/cmake/rosidl_cmake_export_typesupport_libraries-extras.cmake
-- Up-to-date symlink: /apollo/ros_ws/install/follow_human/share/follow_human/cmake/follow_humanConfig.cmake
-- Up-to-date symlink: /apollo/ros_ws/install/follow_human/share/follow_human/cmake/follow_humanConfig-version.cmake
-- Up-to-date symlink: /apollo/ros_ws/install/follow_human/share/follow_human/package.xml
-- Up-to-date: /apollo/ros_ws/install/follow_human/lib/libfollow_human__rosidl_generator_c.so
-- Up-to-date: /apollo/ros_ws/install/follow_human/lib/libfollow_human__rosidl_typesupport_fastrtps_c.so
-- Up-to-date: /apollo/ros_ws/install/follow_human/lib/libfollow_human__rosidl_typesupport_fastrtps_cpp.so
-- Up-to-date: /apollo/ros_ws/install/follow_human/lib/libfollow_human__rosidl_typesupport_introspection_c.so
-- Up-to-date: /apollo/ros_ws/install/follow_human/lib/libfollow_human__rosidl_typesupport_c.so
-- Up-to-date: /apollo/ros_ws/install/follow_human/lib/libfollow_human__rosidl_typesupport_introspection_cpp.so
-- Up-to-date: /apollo/ros_ws/install/follow_human/lib/libfollow_human__rosidl_typesupport_cpp.so
Listing '/apollo/ros_ws/install/follow_human/local/lib/python3.10/dist-packages/follow_human'...
Listing '/apollo/ros_ws/install/follow_human/local/lib/python3.10/dist-packages/follow_human/msg'...
-- Up-to-date: /apollo/ros_ws/install/follow_human/lib/libfollow_human__rosidl_generator_py.so
-- Up-to-date: /apollo/ros_ws/install/follow_human/share/follow_human/cmake/export_follow_human__rosidl_generator_cExport.cmake
-- Up-to-date: /apollo/ros_ws/install/follow_human/share/follow_human/cmake/export_follow_human__rosidl_generator_cExport-noconfig.cmake
-- Up-to-date: /apollo/ros_ws/install/follow_human/share/follow_human/cmake/export_follow_human__rosidl_typesupport_fastrtps_cExport.cmake
-- Up-to-date: /apollo/ros_ws/install/follow_human/share/follow_human/cmake/export_follow_human__rosidl_typesupport_fastrtps_cExport-noconfig.cmake
-- Up-to-date: /apollo/ros_ws/install/follow_human/share/follow_human/cmake/export_follow_human__rosidl_generator_cppExport.cmake
-- Up-to-date: /apollo/ros_ws/install/follow_human/share/follow_human/cmake/export_follow_human__rosidl_typesupport_fastrtps_cppExport.cmake
-- Up-to-date: /apollo/ros_ws/install/follow_human/share/follow_human/cmake/export_follow_human__rosidl_typesupport_fastrtps_cppExport-noconfig.cmake
-- Up-to-date: /apollo/ros_ws/install/follow_human/share/follow_human/cmake/follow_human__rosidl_typesupport_introspection_cExport.cmake
-- Up-to-date: /apollo/ros_ws/install/follow_human/share/follow_human/cmake/follow_human__rosidl_typesupport_introspection_cExport-noconfig.cmake
-- Up-to-date: /apollo/ros_ws/install/follow_human/share/follow_human/cmake/follow_human__rosidl_typesupport_cExport.cmake
-- Up-to-date: /apollo/ros_ws/install/follow_human/share/follow_human/cmake/follow_human__rosidl_typesupport_cExport-noconfig.cmake
-- Up-to-date: /apollo/ros_ws/install/follow_human/share/follow_human/cmake/follow_human__rosidl_typesupport_introspection_cppExport.cmake
-- Up-to-date: /apollo/ros_ws/install/follow_human/share/follow_human/cmake/follow_human__rosidl_typesupport_introspection_cppExport-noconfig.cmake
-- Up-to-date: /apollo/ros_ws/install/follow_human/share/follow_human/cmake/follow_human__rosidl_typesupport_cppExport.cmake
-- Up-to-date: /apollo/ros_ws/install/follow_human/share/follow_human/cmake/follow_human__rosidl_typesupport_cppExport-noconfig.cmake
-- Up-to-date: /apollo/ros_ws/install/follow_human/share/follow_human/cmake/export_follow_human__rosidl_generator_pyExport.cmake
-- Up-to-date: /apollo/ros_ws/install/follow_human/share/follow_human/cmake/export_follow_human__rosidl_generator_pyExport-noconfig.cmake
