[0.418s] Invoking command in '/apollo/ros_ws/build/follow_human': CMAKE_PREFIX_PATH=${CMAKE_PREFIX_PATH}:/apollo/ros_ws/install/task1:/apollo/ros_ws/install/scout_mini_simulation:/apollo/dev_ws/install/my_package:/opt/ros/humble /usr/bin/cmake --build /apollo/ros_ws/build/follow_human -- -j12 -l12
[1.584s] [35m[1mConsolidate compiler generated dependencies of target follow_human__rosidl_generator_c[0m
[1.649s] [  0%] Built target ament_cmake_python_symlink_follow_human
[1.686s] [  2%] Built target follow_human__cpp
[1.849s] [35m[1mConsolidate compiler generated dependencies of target follow_human__rosidl_typesupport_cpp[0m
[1.868s] [35m[1mConsolidate compiler generated dependencies of target follow_human__rosidl_typesupport_introspection_cpp[0m
[1.894s] [ 12%] Built target follow_human__rosidl_generator_c
[1.896s] [35m[1mConsolidate compiler generated dependencies of target follow_human__rosidl_typesupport_fastrtps_cpp[0m
[2.131s] [35m[1mConsolidate compiler generated dependencies of target follow_human__rosidl_typesupport_c[0m
[2.173s] [35m[1mConsolidate compiler generated dependencies of target follow_human__rosidl_typesupport_introspection_c[0m
[2.226s] [35m[1mConsolidate compiler generated dependencies of target follow_human__rosidl_typesupport_fastrtps_c[0m
[2.506s] [ 30%] Built target follow_human__rosidl_typesupport_cpp
[2.512s] [ 33%] Built target follow_human__rosidl_typesupport_introspection_cpp
[2.537s] [ 43%] Built target follow_human__rosidl_typesupport_c
[2.604s] [ 64%] Built target follow_human__rosidl_typesupport_fastrtps_cpp
[2.605s] [ 64%] Built target follow_human__rosidl_typesupport_introspection_c
[2.918s] [ 74%] Built target follow_human__rosidl_typesupport_fastrtps_c
[3.307s] running egg_info
[3.310s] writing follow_human.egg-info/PKG-INFO
[3.314s] writing dependency_links to follow_human.egg-info/dependency_links.txt
[3.321s] writing top-level names to follow_human.egg-info/top_level.txt
[3.372s] reading manifest file 'follow_human.egg-info/SOURCES.txt'
[3.416s] writing manifest file 'follow_human.egg-info/SOURCES.txt'
[3.473s] [ 74%] Built target follow_human
[3.537s] [ 74%] Built target ament_cmake_python_build_follow_human_egg
[4.053s] [ 76%] Built target follow_human__py
[4.411s] [35m[1mConsolidate compiler generated dependencies of target follow_human__rosidl_generator_py[0m
[4.660s] gmake[2]: Warning: File 'CMakeFiles/follow_human__rosidl_generator_py.dir/compiler_depend.make' has modification time 0.1 s in the future
[4.697s] gmake[2]: warning:  Clock skew detected.  Your build may be incomplete.
[4.936s] [ 84%] Built target follow_human__rosidl_generator_py
[5.041s] [35m[1mConsolidate compiler generated dependencies of target follow_human__rosidl_typesupport_fastrtps_c__pyext[0m
[5.046s] [35m[1mConsolidate compiler generated dependencies of target follow_human__rosidl_typesupport_c__pyext[0m
[5.133s] [35m[1mConsolidate compiler generated dependencies of target follow_human__rosidl_typesupport_introspection_c__pyext[0m
[5.252s] gmake[2]: Warning: File 'CMakeFiles/follow_human__rosidl_typesupport_c__pyext.dir/compiler_depend.make' has modification time 0.25 s in the future
[5.261s] gmake[2]: Warning: File 'CMakeFiles/follow_human__rosidl_typesupport_fastrtps_c__pyext.dir/compiler_depend.make' has modification time 0.24 s in the future
[5.283s] gmake[2]: warning:  Clock skew detected.  Your build may be incomplete.
[5.291s] gmake[2]: warning:  Clock skew detected.  Your build may be incomplete.
[5.337s] gmake[2]: Warning: File 'CMakeFiles/follow_human__rosidl_typesupport_introspection_c__pyext.dir/compiler_depend.make' has modification time 0.25 s in the future
[5.362s] [ 89%] Built target follow_human__rosidl_typesupport_c__pyext
[5.381s] gmake[2]: warning:  Clock skew detected.  Your build may be incomplete.
[5.389s] [ 94%] Built target follow_human__rosidl_typesupport_fastrtps_c__pyext
[5.636s] [100%] Built target follow_human__rosidl_typesupport_introspection_c__pyext
[5.963s] Invoked command in '/apollo/ros_ws/build/follow_human' returned '0': CMAKE_PREFIX_PATH=${CMAKE_PREFIX_PATH}:/apollo/ros_ws/install/task1:/apollo/ros_ws/install/scout_mini_simulation:/apollo/dev_ws/install/my_package:/opt/ros/humble /usr/bin/cmake --build /apollo/ros_ws/build/follow_human -- -j12 -l12
[6.149s] Invoking command in '/apollo/ros_ws/build/follow_human': CMAKE_PREFIX_PATH=${CMAKE_PREFIX_PATH}:/apollo/ros_ws/install/task1:/apollo/ros_ws/install/scout_mini_simulation:/apollo/dev_ws/install/my_package:/opt/ros/humble /usr/bin/cmake --install /apollo/ros_ws/build/follow_human
[6.308s] -- Install configuration: ""
[6.319s] -- Execute custom install script
[6.372s] -- Up-to-date symlink: /apollo/ros_ws/install/follow_human/share/ament_index/resource_index/rosidl_interfaces/follow_human
[6.483s] -- Up-to-date symlink: /apollo/ros_ws/install/follow_human/include/follow_human/follow_human/msg/depth_estimation.h
[6.544s] -- Up-to-date symlink: /apollo/ros_ws/install/follow_human/include/follow_human/follow_human/msg/detail/depth_estimation__functions.h
[6.598s] -- Up-to-date symlink: /apollo/ros_ws/install/follow_human/include/follow_human/follow_human/msg/detail/depth_estimation__struct.h
[6.652s] -- Up-to-date symlink: /apollo/ros_ws/install/follow_human/include/follow_human/follow_human/msg/detail/depth_estimation__type_support.h
[6.705s] -- Up-to-date symlink: /apollo/ros_ws/install/follow_human/include/follow_human/follow_human/msg/detail/tracked_object__functions.h
[6.755s] -- Up-to-date symlink: /apollo/ros_ws/install/follow_human/include/follow_human/follow_human/msg/detail/tracked_object__struct.h
[6.802s] -- Up-to-date symlink: /apollo/ros_ws/install/follow_human/include/follow_human/follow_human/msg/detail/tracked_object__type_support.h
[6.836s] -- Up-to-date symlink: /apollo/ros_ws/install/follow_human/include/follow_human/follow_human/msg/rosidl_generator_c__visibility_control.h
[6.867s] -- Up-to-date symlink: /apollo/ros_ws/install/follow_human/include/follow_human/follow_human/msg/tracked_object.h
[6.890s] -- Up-to-date symlink: /apollo/ros_ws/install/follow_human/share/follow_human/environment/library_path.sh
[6.917s] -- Up-to-date symlink: /apollo/ros_ws/install/follow_human/share/follow_human/environment/library_path.dsv
[7.057s] -- Up-to-date symlink: /apollo/ros_ws/install/follow_human/include/follow_human/follow_human/msg/detail/depth_estimation__rosidl_typesupport_fastrtps_c.h
[7.107s] -- Up-to-date symlink: /apollo/ros_ws/install/follow_human/include/follow_human/follow_human/msg/detail/tracked_object__rosidl_typesupport_fastrtps_c.h
[7.149s] -- Up-to-date symlink: /apollo/ros_ws/install/follow_human/include/follow_human/follow_human/msg/rosidl_typesupport_fastrtps_c__visibility_control.h
[7.268s] -- Up-to-date symlink: /apollo/ros_ws/install/follow_human/include/follow_human/follow_human/msg/depth_estimation.hpp
[7.316s] -- Up-to-date symlink: /apollo/ros_ws/install/follow_human/include/follow_human/follow_human/msg/detail/depth_estimation__builder.hpp
[7.352s] -- Up-to-date symlink: /apollo/ros_ws/install/follow_human/include/follow_human/follow_human/msg/detail/depth_estimation__struct.hpp
[7.401s] -- Up-to-date symlink: /apollo/ros_ws/install/follow_human/include/follow_human/follow_human/msg/detail/depth_estimation__traits.hpp
[7.456s] -- Up-to-date symlink: /apollo/ros_ws/install/follow_human/include/follow_human/follow_human/msg/detail/depth_estimation__type_support.hpp
[7.513s] -- Up-to-date symlink: /apollo/ros_ws/install/follow_human/include/follow_human/follow_human/msg/detail/tracked_object__builder.hpp
[7.571s] -- Up-to-date symlink: /apollo/ros_ws/install/follow_human/include/follow_human/follow_human/msg/detail/tracked_object__struct.hpp
[7.632s] -- Up-to-date symlink: /apollo/ros_ws/install/follow_human/include/follow_human/follow_human/msg/detail/tracked_object__traits.hpp
[7.692s] -- Up-to-date symlink: /apollo/ros_ws/install/follow_human/include/follow_human/follow_human/msg/detail/tracked_object__type_support.hpp
[7.740s] -- Up-to-date symlink: /apollo/ros_ws/install/follow_human/include/follow_human/follow_human/msg/rosidl_generator_cpp__visibility_control.hpp
[7.788s] -- Up-to-date symlink: /apollo/ros_ws/install/follow_human/include/follow_human/follow_human/msg/tracked_object.hpp
[7.969s] -- Up-to-date symlink: /apollo/ros_ws/install/follow_human/include/follow_human/follow_human/msg/detail/depth_estimation__rosidl_typesupport_fastrtps_cpp.hpp
[8.019s] -- Up-to-date symlink: /apollo/ros_ws/install/follow_human/include/follow_human/follow_human/msg/detail/tracked_object__rosidl_typesupport_fastrtps_cpp.hpp
[8.045s] -- Up-to-date symlink: /apollo/ros_ws/install/follow_human/include/follow_human/follow_human/msg/rosidl_typesupport_fastrtps_cpp__visibility_control.h
[8.137s] -- Up-to-date symlink: /apollo/ros_ws/install/follow_human/include/follow_human/follow_human/msg/detail/depth_estimation__rosidl_typesupport_introspection_c.h
[8.189s] -- Up-to-date symlink: /apollo/ros_ws/install/follow_human/include/follow_human/follow_human/msg/detail/tracked_object__rosidl_typesupport_introspection_c.h
[8.222s] -- Up-to-date symlink: /apollo/ros_ws/install/follow_human/include/follow_human/follow_human/msg/rosidl_typesupport_introspection_c__visibility_control.h
[8.300s] -- Up-to-date symlink: /apollo/ros_ws/install/follow_human/include/follow_human/follow_human/msg/detail/depth_estimation__rosidl_typesupport_introspection_cpp.hpp
[8.350s] -- Up-to-date symlink: /apollo/ros_ws/install/follow_human/include/follow_human/follow_human/msg/detail/tracked_object__rosidl_typesupport_introspection_cpp.hpp
[8.378s] -- Up-to-date symlink: /apollo/ros_ws/install/follow_human/share/follow_human/environment/pythonpath.sh
[8.405s] -- Up-to-date symlink: /apollo/ros_ws/install/follow_human/share/follow_human/environment/pythonpath.dsv
[8.475s] -- Up-to-date symlink: /apollo/ros_ws/install/follow_human/local/lib/python3.10/dist-packages/follow_human-0.0.1-py3.10.egg-info/PKG-INFO
[8.524s] -- Up-to-date symlink: /apollo/ros_ws/install/follow_human/local/lib/python3.10/dist-packages/follow_human-0.0.1-py3.10.egg-info/SOURCES.txt
[8.574s] -- Up-to-date symlink: /apollo/ros_ws/install/follow_human/local/lib/python3.10/dist-packages/follow_human-0.0.1-py3.10.egg-info/dependency_links.txt
[8.623s] -- Up-to-date symlink: /apollo/ros_ws/install/follow_human/local/lib/python3.10/dist-packages/follow_human-0.0.1-py3.10.egg-info/top_level.txt
[8.841s] -- Up-to-date symlink: /apollo/ros_ws/install/follow_human/local/lib/python3.10/dist-packages/follow_human/__init__.py
[8.876s] -- Up-to-date symlink: /apollo/ros_ws/install/follow_human/local/lib/python3.10/dist-packages/follow_human/_follow_human_s.ep.rosidl_typesupport_c.c
[8.916s] -- Up-to-date symlink: /apollo/ros_ws/install/follow_human/local/lib/python3.10/dist-packages/follow_human/_follow_human_s.ep.rosidl_typesupport_fastrtps_c.c
[8.960s] -- Up-to-date symlink: /apollo/ros_ws/install/follow_human/local/lib/python3.10/dist-packages/follow_human/_follow_human_s.ep.rosidl_typesupport_introspection_c.c
[8.994s] -- Up-to-date symlink: /apollo/ros_ws/install/follow_human/local/lib/python3.10/dist-packages/follow_human/follow_human_s__rosidl_typesupport_c.cpython-310-x86_64-linux-gnu.so
[9.026s] -- Up-to-date symlink: /apollo/ros_ws/install/follow_human/local/lib/python3.10/dist-packages/follow_human/follow_human_s__rosidl_typesupport_fastrtps_c.cpython-310-x86_64-linux-gnu.so
[9.071s] -- Up-to-date symlink: /apollo/ros_ws/install/follow_human/local/lib/python3.10/dist-packages/follow_human/follow_human_s__rosidl_typesupport_introspection_c.cpython-310-x86_64-linux-gnu.so
[9.112s] -- Up-to-date symlink: /apollo/ros_ws/install/follow_human/local/lib/python3.10/dist-packages/follow_human/libfollow_human__rosidl_generator_py.so
[9.160s] -- Up-to-date symlink: /apollo/ros_ws/install/follow_human/local/lib/python3.10/dist-packages/follow_human/msg/__init__.py
[9.214s] -- Up-to-date symlink: /apollo/ros_ws/install/follow_human/local/lib/python3.10/dist-packages/follow_human/msg/_depth_estimation.py
[9.272s] -- Up-to-date symlink: /apollo/ros_ws/install/follow_human/local/lib/python3.10/dist-packages/follow_human/msg/_depth_estimation_s.c
[9.327s] -- Up-to-date symlink: /apollo/ros_ws/install/follow_human/local/lib/python3.10/dist-packages/follow_human/msg/_tracked_object.py
[9.383s] -- Up-to-date symlink: /apollo/ros_ws/install/follow_human/local/lib/python3.10/dist-packages/follow_human/msg/_tracked_object_s.c
[9.434s] -- Up-to-date symlink: /apollo/ros_ws/install/follow_human/local/lib/python3.10/dist-packages/follow_human/follow_human_s__rosidl_typesupport_fastrtps_c.cpython-310-x86_64-linux-gnu.so
[9.483s] -- Up-to-date symlink: /apollo/ros_ws/install/follow_human/local/lib/python3.10/dist-packages/follow_human/follow_human_s__rosidl_typesupport_introspection_c.cpython-310-x86_64-linux-gnu.so
[9.532s] -- Up-to-date symlink: /apollo/ros_ws/install/follow_human/local/lib/python3.10/dist-packages/follow_human/follow_human_s__rosidl_typesupport_c.cpython-310-x86_64-linux-gnu.so
[9.573s] -- Up-to-date symlink: /apollo/ros_ws/install/follow_human/share/follow_human/msg/TrackedObject.idl
[9.613s] -- Up-to-date symlink: /apollo/ros_ws/install/follow_human/share/follow_human/msg/DepthEstimation.idl
[9.654s] -- Up-to-date symlink: /apollo/ros_ws/install/follow_human/share/follow_human/msg/TrackedObject.msg
[9.692s] -- Up-to-date symlink: /apollo/ros_ws/install/follow_human/share/follow_human/msg/DepthEstimation.msg
[9.751s] -- Up-to-date symlink: /apollo/ros_ws/install/follow_human/share/ament_index/resource_index/package_run_dependencies/follow_human
[9.817s] -- Up-to-date symlink: /apollo/ros_ws/install/follow_human/share/ament_index/resource_index/parent_prefix_path/follow_human
[9.841s] -- Up-to-date symlink: /apollo/ros_ws/install/follow_human/share/follow_human/environment/ament_prefix_path.sh
[9.872s] -- Up-to-date symlink: /apollo/ros_ws/install/follow_human/share/follow_human/environment/ament_prefix_path.dsv
[9.895s] -- Up-to-date symlink: /apollo/ros_ws/install/follow_human/share/follow_human/environment/path.sh
[9.922s] -- Up-to-date symlink: /apollo/ros_ws/install/follow_human/share/follow_human/environment/path.dsv
[9.947s] -- Up-to-date symlink: /apollo/ros_ws/install/follow_human/share/follow_human/local_setup.bash
[9.970s] -- Up-to-date symlink: /apollo/ros_ws/install/follow_human/share/follow_human/local_setup.sh
[9.994s] -- Up-to-date symlink: /apollo/ros_ws/install/follow_human/share/follow_human/local_setup.zsh
[10.017s] -- Up-to-date symlink: /apollo/ros_ws/install/follow_human/share/follow_human/local_setup.dsv
[10.027s] -- Symlinking: /apollo/ros_ws/install/follow_human/share/follow_human/package.dsv
[10.273s] -- Up-to-date symlink: /apollo/ros_ws/install/follow_human/share/ament_index/resource_index/packages/follow_human
[10.323s] -- Up-to-date symlink: /apollo/ros_ws/install/follow_human/share/follow_human/cmake/rosidl_cmake-extras.cmake
[10.371s] -- Up-to-date symlink: /apollo/ros_ws/install/follow_human/share/follow_human/cmake/ament_cmake_export_dependencies-extras.cmake
[10.403s] -- Up-to-date symlink: /apollo/ros_ws/install/follow_human/share/follow_human/cmake/ament_cmake_export_include_directories-extras.cmake
[10.441s] -- Up-to-date symlink: /apollo/ros_ws/install/follow_human/share/follow_human/cmake/ament_cmake_export_libraries-extras.cmake
[10.477s] -- Up-to-date symlink: /apollo/ros_ws/install/follow_human/share/follow_human/cmake/ament_cmake_export_targets-extras.cmake
[10.506s] -- Up-to-date symlink: /apollo/ros_ws/install/follow_human/share/follow_human/cmake/rosidl_cmake_export_typesupport_targets-extras.cmake
[10.534s] -- Up-to-date symlink: /apollo/ros_ws/install/follow_human/share/follow_human/cmake/rosidl_cmake_export_typesupport_libraries-extras.cmake
[10.564s] -- Up-to-date symlink: /apollo/ros_ws/install/follow_human/share/follow_human/cmake/follow_humanConfig.cmake
[10.589s] -- Up-to-date symlink: /apollo/ros_ws/install/follow_human/share/follow_human/cmake/follow_humanConfig-version.cmake
[10.615s] -- Up-to-date symlink: /apollo/ros_ws/install/follow_human/share/follow_human/package.xml
[10.658s] -- Up-to-date: /apollo/ros_ws/install/follow_human/lib/libfollow_human__rosidl_generator_c.so
[10.728s] -- Up-to-date: /apollo/ros_ws/install/follow_human/lib/libfollow_human__rosidl_typesupport_fastrtps_c.so
[10.793s] -- Up-to-date: /apollo/ros_ws/install/follow_human/lib/libfollow_human__rosidl_typesupport_fastrtps_cpp.so
[10.841s] -- Up-to-date: /apollo/ros_ws/install/follow_human/lib/libfollow_human__rosidl_typesupport_introspection_c.so
[10.906s] -- Up-to-date: /apollo/ros_ws/install/follow_human/lib/libfollow_human__rosidl_typesupport_c.so
[10.963s] -- Up-to-date: /apollo/ros_ws/install/follow_human/lib/libfollow_human__rosidl_typesupport_introspection_cpp.so
[11.040s] -- Up-to-date: /apollo/ros_ws/install/follow_human/lib/libfollow_human__rosidl_typesupport_cpp.so
[11.912s] Listing '/apollo/ros_ws/install/follow_human/local/lib/python3.10/dist-packages/follow_human'...
[11.913s] Listing '/apollo/ros_ws/install/follow_human/local/lib/python3.10/dist-packages/follow_human/msg'...
[11.957s] -- Up-to-date: /apollo/ros_ws/install/follow_human/lib/libfollow_human__rosidl_generator_py.so
[12.033s] -- Up-to-date: /apollo/ros_ws/install/follow_human/share/follow_human/cmake/export_follow_human__rosidl_generator_cExport.cmake
[12.069s] -- Up-to-date: /apollo/ros_ws/install/follow_human/share/follow_human/cmake/export_follow_human__rosidl_generator_cExport-noconfig.cmake
[12.123s] -- Up-to-date: /apollo/ros_ws/install/follow_human/share/follow_human/cmake/export_follow_human__rosidl_typesupport_fastrtps_cExport.cmake
[12.161s] -- Up-to-date: /apollo/ros_ws/install/follow_human/share/follow_human/cmake/export_follow_human__rosidl_typesupport_fastrtps_cExport-noconfig.cmake
[12.218s] -- Up-to-date: /apollo/ros_ws/install/follow_human/share/follow_human/cmake/export_follow_human__rosidl_generator_cppExport.cmake
[12.268s] -- Up-to-date: /apollo/ros_ws/install/follow_human/share/follow_human/cmake/export_follow_human__rosidl_typesupport_fastrtps_cppExport.cmake
[12.301s] -- Up-to-date: /apollo/ros_ws/install/follow_human/share/follow_human/cmake/export_follow_human__rosidl_typesupport_fastrtps_cppExport-noconfig.cmake
[12.351s] -- Up-to-date: /apollo/ros_ws/install/follow_human/share/follow_human/cmake/follow_human__rosidl_typesupport_introspection_cExport.cmake
[12.385s] -- Up-to-date: /apollo/ros_ws/install/follow_human/share/follow_human/cmake/follow_human__rosidl_typesupport_introspection_cExport-noconfig.cmake
[12.427s] -- Up-to-date: /apollo/ros_ws/install/follow_human/share/follow_human/cmake/follow_human__rosidl_typesupport_cExport.cmake
[12.445s] -- Up-to-date: /apollo/ros_ws/install/follow_human/share/follow_human/cmake/follow_human__rosidl_typesupport_cExport-noconfig.cmake
[12.491s] -- Up-to-date: /apollo/ros_ws/install/follow_human/share/follow_human/cmake/follow_human__rosidl_typesupport_introspection_cppExport.cmake
[12.528s] -- Up-to-date: /apollo/ros_ws/install/follow_human/share/follow_human/cmake/follow_human__rosidl_typesupport_introspection_cppExport-noconfig.cmake
[12.584s] -- Up-to-date: /apollo/ros_ws/install/follow_human/share/follow_human/cmake/follow_human__rosidl_typesupport_cppExport.cmake
[12.618s] -- Up-to-date: /apollo/ros_ws/install/follow_human/share/follow_human/cmake/follow_human__rosidl_typesupport_cppExport-noconfig.cmake
[12.669s] -- Up-to-date: /apollo/ros_ws/install/follow_human/share/follow_human/cmake/export_follow_human__rosidl_generator_pyExport.cmake
[12.702s] -- Up-to-date: /apollo/ros_ws/install/follow_human/share/follow_human/cmake/export_follow_human__rosidl_generator_pyExport-noconfig.cmake
[12.722s] Invoked command in '/apollo/ros_ws/build/follow_human' returned '0': CMAKE_PREFIX_PATH=${CMAKE_PREFIX_PATH}:/apollo/ros_ws/install/task1:/apollo/ros_ws/install/scout_mini_simulation:/apollo/dev_ws/install/my_package:/opt/ros/humble /usr/bin/cmake --install /apollo/ros_ws/build/follow_human
