[0.024s] Invoking command in '/apollo/ros_ws/build/scout_mini_msgs': CMAKE_PREFIX_PATH=${CMAKE_PREFIX_PATH}:/opt/ros/humble /usr/bin/cmake --build /apollo/ros_ws/build/scout_mini_msgs -- -j20 -l20
[0.102s] [35m[1mConsolidate compiler generated dependencies of target scout_mini_msgs__rosidl_generator_c[0m
[0.106s] [  1%] Built target scout_mini_msgs__cpp
[0.121s] [  1%] Built target ament_cmake_python_symlink_scout_mini_msgs
[0.136s] [35m[1mConsolidate compiler generated dependencies of target scout_mini_msgs__rosidl_typesupport_cpp[0m
[0.136s] [35m[1mConsolidate compiler generated dependencies of target scout_mini_msgs__rosidl_typesupport_fastrtps_cpp[0m
[0.144s] [35m[1mConsolidate compiler generated dependencies of target scout_mini_msgs__rosidl_typesupport_introspection_cpp[0m
[0.158s] [ 12%] Built target scout_mini_msgs__rosidl_generator_c
[0.174s] [ 23%] Built target scout_mini_msgs__rosidl_typesupport_cpp
[0.176s] [35m[1mConsolidate compiler generated dependencies of target scout_mini_msgs__rosidl_typesupport_introspection_c[0m
[0.176s] [35m[1mConsolidate compiler generated dependencies of target scout_mini_msgs__rosidl_typesupport_c[0m
[0.179s] [35m[1mConsolidate compiler generated dependencies of target scout_mini_msgs__rosidl_typesupport_fastrtps_c[0m
[0.181s] [ 35%] Built target scout_mini_msgs__rosidl_typesupport_fastrtps_cpp
[0.185s] [ 46%] Built target scout_mini_msgs__rosidl_typesupport_introspection_cpp
[0.189s] [ 57%] Built target scout_mini_msgs__rosidl_typesupport_c
[0.190s] [ 69%] Built target scout_mini_msgs__rosidl_typesupport_introspection_c
[0.199s] [ 80%] Built target scout_mini_msgs__rosidl_typesupport_fastrtps_c
[0.214s] [ 80%] Built target scout_mini_msgs
[0.232s] [ 81%] Built target scout_mini_msgs__py
[0.241s] [35m[1mConsolidate compiler generated dependencies of target scout_mini_msgs__rosidl_generator_py[0m
[0.260s] [ 91%] Built target scout_mini_msgs__rosidl_generator_py
[0.270s] [35m[1mConsolidate compiler generated dependencies of target scout_mini_msgs__rosidl_typesupport_fastrtps_c__pyext[0m
[0.270s] [35m[1mConsolidate compiler generated dependencies of target scout_mini_msgs__rosidl_typesupport_c__pyext[0m
[0.271s] [35m[1mConsolidate compiler generated dependencies of target scout_mini_msgs__rosidl_typesupport_introspection_c__pyext[0m
[0.280s] [ 94%] Built target scout_mini_msgs__rosidl_typesupport_c__pyext
[0.281s] [ 97%] Built target scout_mini_msgs__rosidl_typesupport_introspection_c__pyext
[0.282s] [100%] Built target scout_mini_msgs__rosidl_typesupport_fastrtps_c__pyext
[0.309s] running egg_info
[0.310s] writing scout_mini_msgs.egg-info/PKG-INFO
[0.310s] writing dependency_links to scout_mini_msgs.egg-info/dependency_links.txt
[0.310s] writing top-level names to scout_mini_msgs.egg-info/top_level.txt
[0.312s] reading manifest file 'scout_mini_msgs.egg-info/SOURCES.txt'
[0.313s] writing manifest file 'scout_mini_msgs.egg-info/SOURCES.txt'
[0.333s] [100%] Built target ament_cmake_python_build_scout_mini_msgs_egg
[0.344s] Invoked command in '/apollo/ros_ws/build/scout_mini_msgs' returned '0': CMAKE_PREFIX_PATH=${CMAKE_PREFIX_PATH}:/opt/ros/humble /usr/bin/cmake --build /apollo/ros_ws/build/scout_mini_msgs -- -j20 -l20
[0.345s] Invoking command in '/apollo/ros_ws/build/scout_mini_msgs': CMAKE_PREFIX_PATH=${CMAKE_PREFIX_PATH}:/opt/ros/humble /usr/bin/cmake --install /apollo/ros_ws/build/scout_mini_msgs
[0.350s] -- Install configuration: ""
[0.351s] -- Execute custom install script
[0.351s] -- Up-to-date symlink: /apollo/ros_ws/install/scout_mini_msgs/share/ament_index/resource_index/rosidl_interfaces/scout_mini_msgs
[0.351s] -- Up-to-date symlink: /apollo/ros_ws/install/scout_mini_msgs/include/scout_mini_msgs/scout_mini_msgs/msg/detail/driver_state__functions.h
[0.351s] -- Up-to-date symlink: /apollo/ros_ws/install/scout_mini_msgs/include/scout_mini_msgs/scout_mini_msgs/msg/detail/driver_state__struct.h
[0.352s] -- Up-to-date symlink: /apollo/ros_ws/install/scout_mini_msgs/include/scout_mini_msgs/scout_mini_msgs/msg/detail/driver_state__type_support.h
[0.352s] -- Up-to-date symlink: /apollo/ros_ws/install/scout_mini_msgs/include/scout_mini_msgs/scout_mini_msgs/msg/detail/fault_state__functions.h
[0.352s] -- Up-to-date symlink: /apollo/ros_ws/install/scout_mini_msgs/include/scout_mini_msgs/scout_mini_msgs/msg/detail/fault_state__struct.h
[0.352s] -- Up-to-date symlink: /apollo/ros_ws/install/scout_mini_msgs/include/scout_mini_msgs/scout_mini_msgs/msg/detail/fault_state__type_support.h
[0.352s] -- Up-to-date symlink: /apollo/ros_ws/install/scout_mini_msgs/include/scout_mini_msgs/scout_mini_msgs/msg/detail/light_command__functions.h
[0.352s] -- Up-to-date symlink: /apollo/ros_ws/install/scout_mini_msgs/include/scout_mini_msgs/scout_mini_msgs/msg/detail/light_command__struct.h
[0.352s] -- Up-to-date symlink: /apollo/ros_ws/install/scout_mini_msgs/include/scout_mini_msgs/scout_mini_msgs/msg/detail/light_command__type_support.h
[0.352s] -- Up-to-date symlink: /apollo/ros_ws/install/scout_mini_msgs/include/scout_mini_msgs/scout_mini_msgs/msg/detail/light_state__functions.h
[0.352s] -- Up-to-date symlink: /apollo/ros_ws/install/scout_mini_msgs/include/scout_mini_msgs/scout_mini_msgs/msg/detail/light_state__struct.h
[0.352s] -- Up-to-date symlink: /apollo/ros_ws/install/scout_mini_msgs/include/scout_mini_msgs/scout_mini_msgs/msg/detail/light_state__type_support.h
[0.352s] -- Up-to-date symlink: /apollo/ros_ws/install/scout_mini_msgs/include/scout_mini_msgs/scout_mini_msgs/msg/detail/motor_state__functions.h
[0.352s] -- Up-to-date symlink: /apollo/ros_ws/install/scout_mini_msgs/include/scout_mini_msgs/scout_mini_msgs/msg/detail/motor_state__struct.h
[0.352s] -- Up-to-date symlink: /apollo/ros_ws/install/scout_mini_msgs/include/scout_mini_msgs/scout_mini_msgs/msg/detail/motor_state__type_support.h
[0.352s] -- Up-to-date symlink: /apollo/ros_ws/install/scout_mini_msgs/include/scout_mini_msgs/scout_mini_msgs/msg/detail/robot_state__functions.h
[0.352s] -- Up-to-date symlink: /apollo/ros_ws/install/scout_mini_msgs/include/scout_mini_msgs/scout_mini_msgs/msg/detail/robot_state__struct.h
[0.352s] -- Up-to-date symlink: /apollo/ros_ws/install/scout_mini_msgs/include/scout_mini_msgs/scout_mini_msgs/msg/detail/robot_state__type_support.h
[0.352s] -- Up-to-date symlink: /apollo/ros_ws/install/scout_mini_msgs/include/scout_mini_msgs/scout_mini_msgs/msg/driver_state.h
[0.352s] -- Up-to-date symlink: /apollo/ros_ws/install/scout_mini_msgs/include/scout_mini_msgs/scout_mini_msgs/msg/fault_state.h
[0.352s] -- Up-to-date symlink: /apollo/ros_ws/install/scout_mini_msgs/include/scout_mini_msgs/scout_mini_msgs/msg/light_command.h
[0.352s] -- Up-to-date symlink: /apollo/ros_ws/install/scout_mini_msgs/include/scout_mini_msgs/scout_mini_msgs/msg/light_state.h
[0.352s] -- Up-to-date symlink: /apollo/ros_ws/install/scout_mini_msgs/include/scout_mini_msgs/scout_mini_msgs/msg/motor_state.h
[0.352s] -- Up-to-date symlink: /apollo/ros_ws/install/scout_mini_msgs/include/scout_mini_msgs/scout_mini_msgs/msg/robot_state.h
[0.352s] -- Up-to-date symlink: /apollo/ros_ws/install/scout_mini_msgs/include/scout_mini_msgs/scout_mini_msgs/msg/rosidl_generator_c__visibility_control.h
[0.352s] -- Up-to-date symlink: /apollo/ros_ws/install/scout_mini_msgs/share/scout_mini_msgs/environment/library_path.sh
[0.353s] -- Up-to-date symlink: /apollo/ros_ws/install/scout_mini_msgs/share/scout_mini_msgs/environment/library_path.dsv
[0.353s] -- Up-to-date symlink: /apollo/ros_ws/install/scout_mini_msgs/include/scout_mini_msgs/scout_mini_msgs/msg/detail/driver_state__rosidl_typesupport_fastrtps_c.h
[0.353s] -- Up-to-date symlink: /apollo/ros_ws/install/scout_mini_msgs/include/scout_mini_msgs/scout_mini_msgs/msg/detail/fault_state__rosidl_typesupport_fastrtps_c.h
[0.353s] -- Up-to-date symlink: /apollo/ros_ws/install/scout_mini_msgs/include/scout_mini_msgs/scout_mini_msgs/msg/detail/light_command__rosidl_typesupport_fastrtps_c.h
[0.353s] -- Up-to-date symlink: /apollo/ros_ws/install/scout_mini_msgs/include/scout_mini_msgs/scout_mini_msgs/msg/detail/light_state__rosidl_typesupport_fastrtps_c.h
[0.353s] -- Up-to-date symlink: /apollo/ros_ws/install/scout_mini_msgs/include/scout_mini_msgs/scout_mini_msgs/msg/detail/motor_state__rosidl_typesupport_fastrtps_c.h
[0.353s] -- Up-to-date symlink: /apollo/ros_ws/install/scout_mini_msgs/include/scout_mini_msgs/scout_mini_msgs/msg/detail/robot_state__rosidl_typesupport_fastrtps_c.h
[0.353s] -- Up-to-date symlink: /apollo/ros_ws/install/scout_mini_msgs/include/scout_mini_msgs/scout_mini_msgs/msg/rosidl_typesupport_fastrtps_c__visibility_control.h
[0.353s] -- Up-to-date symlink: /apollo/ros_ws/install/scout_mini_msgs/include/scout_mini_msgs/scout_mini_msgs/msg/detail/driver_state__rosidl_typesupport_introspection_c.h
[0.354s] -- Up-to-date symlink: /apollo/ros_ws/install/scout_mini_msgs/include/scout_mini_msgs/scout_mini_msgs/msg/detail/fault_state__rosidl_typesupport_introspection_c.h
[0.354s] -- Up-to-date symlink: /apollo/ros_ws/install/scout_mini_msgs/include/scout_mini_msgs/scout_mini_msgs/msg/detail/light_command__rosidl_typesupport_introspection_c.h
[0.354s] -- Up-to-date symlink: /apollo/ros_ws/install/scout_mini_msgs/include/scout_mini_msgs/scout_mini_msgs/msg/detail/light_state__rosidl_typesupport_introspection_c.h
[0.354s] -- Up-to-date symlink: /apollo/ros_ws/install/scout_mini_msgs/include/scout_mini_msgs/scout_mini_msgs/msg/detail/motor_state__rosidl_typesupport_introspection_c.h
[0.354s] -- Up-to-date symlink: /apollo/ros_ws/install/scout_mini_msgs/include/scout_mini_msgs/scout_mini_msgs/msg/detail/robot_state__rosidl_typesupport_introspection_c.h
[0.354s] -- Up-to-date symlink: /apollo/ros_ws/install/scout_mini_msgs/include/scout_mini_msgs/scout_mini_msgs/msg/rosidl_typesupport_introspection_c__visibility_control.h
[0.354s] -- Up-to-date symlink: /apollo/ros_ws/install/scout_mini_msgs/include/scout_mini_msgs/scout_mini_msgs/msg/detail/driver_state__builder.hpp
[0.354s] -- Up-to-date symlink: /apollo/ros_ws/install/scout_mini_msgs/include/scout_mini_msgs/scout_mini_msgs/msg/detail/driver_state__struct.hpp
[0.354s] -- Up-to-date symlink: /apollo/ros_ws/install/scout_mini_msgs/include/scout_mini_msgs/scout_mini_msgs/msg/detail/driver_state__traits.hpp
[0.354s] -- Up-to-date symlink: /apollo/ros_ws/install/scout_mini_msgs/include/scout_mini_msgs/scout_mini_msgs/msg/detail/driver_state__type_support.hpp
[0.355s] -- Up-to-date symlink: /apollo/ros_ws/install/scout_mini_msgs/include/scout_mini_msgs/scout_mini_msgs/msg/detail/fault_state__builder.hpp
[0.355s] -- Up-to-date symlink: /apollo/ros_ws/install/scout_mini_msgs/include/scout_mini_msgs/scout_mini_msgs/msg/detail/fault_state__struct.hpp
[0.355s] -- Up-to-date symlink: /apollo/ros_ws/install/scout_mini_msgs/include/scout_mini_msgs/scout_mini_msgs/msg/detail/fault_state__traits.hpp
[0.355s] -- Up-to-date symlink: /apollo/ros_ws/install/scout_mini_msgs/include/scout_mini_msgs/scout_mini_msgs/msg/detail/fault_state__type_support.hpp
[0.355s] -- Up-to-date symlink: /apollo/ros_ws/install/scout_mini_msgs/include/scout_mini_msgs/scout_mini_msgs/msg/detail/light_command__builder.hpp
[0.355s] -- Up-to-date symlink: /apollo/ros_ws/install/scout_mini_msgs/include/scout_mini_msgs/scout_mini_msgs/msg/detail/light_command__struct.hpp
[0.355s] -- Up-to-date symlink: /apollo/ros_ws/install/scout_mini_msgs/include/scout_mini_msgs/scout_mini_msgs/msg/detail/light_command__traits.hpp
[0.355s] -- Up-to-date symlink: /apollo/ros_ws/install/scout_mini_msgs/include/scout_mini_msgs/scout_mini_msgs/msg/detail/light_command__type_support.hpp
[0.355s] -- Up-to-date symlink: /apollo/ros_ws/install/scout_mini_msgs/include/scout_mini_msgs/scout_mini_msgs/msg/detail/light_state__builder.hpp
[0.356s] -- Up-to-date symlink: /apollo/ros_ws/install/scout_mini_msgs/include/scout_mini_msgs/scout_mini_msgs/msg/detail/light_state__struct.hpp
[0.356s] -- Up-to-date symlink: /apollo/ros_ws/install/scout_mini_msgs/include/scout_mini_msgs/scout_mini_msgs/msg/detail/light_state__traits.hpp
[0.356s] -- Up-to-date symlink: /apollo/ros_ws/install/scout_mini_msgs/include/scout_mini_msgs/scout_mini_msgs/msg/detail/light_state__type_support.hpp
[0.356s] -- Up-to-date symlink: /apollo/ros_ws/install/scout_mini_msgs/include/scout_mini_msgs/scout_mini_msgs/msg/detail/motor_state__builder.hpp
[0.356s] -- Up-to-date symlink: /apollo/ros_ws/install/scout_mini_msgs/include/scout_mini_msgs/scout_mini_msgs/msg/detail/motor_state__struct.hpp
[0.356s] -- Up-to-date symlink: /apollo/ros_ws/install/scout_mini_msgs/include/scout_mini_msgs/scout_mini_msgs/msg/detail/motor_state__traits.hpp
[0.356s] -- Up-to-date symlink: /apollo/ros_ws/install/scout_mini_msgs/include/scout_mini_msgs/scout_mini_msgs/msg/detail/motor_state__type_support.hpp
[0.356s] -- Up-to-date symlink: /apollo/ros_ws/install/scout_mini_msgs/include/scout_mini_msgs/scout_mini_msgs/msg/detail/robot_state__builder.hpp
[0.356s] -- Up-to-date symlink: /apollo/ros_ws/install/scout_mini_msgs/include/scout_mini_msgs/scout_mini_msgs/msg/detail/robot_state__struct.hpp
[0.356s] -- Up-to-date symlink: /apollo/ros_ws/install/scout_mini_msgs/include/scout_mini_msgs/scout_mini_msgs/msg/detail/robot_state__traits.hpp
[0.356s] -- Up-to-date symlink: /apollo/ros_ws/install/scout_mini_msgs/include/scout_mini_msgs/scout_mini_msgs/msg/detail/robot_state__type_support.hpp
[0.356s] -- Up-to-date symlink: /apollo/ros_ws/install/scout_mini_msgs/include/scout_mini_msgs/scout_mini_msgs/msg/driver_state.hpp
[0.356s] -- Up-to-date symlink: /apollo/ros_ws/install/scout_mini_msgs/include/scout_mini_msgs/scout_mini_msgs/msg/fault_state.hpp
[0.357s] -- Up-to-date symlink: /apollo/ros_ws/install/scout_mini_msgs/include/scout_mini_msgs/scout_mini_msgs/msg/light_command.hpp
[0.357s] -- Up-to-date symlink: /apollo/ros_ws/install/scout_mini_msgs/include/scout_mini_msgs/scout_mini_msgs/msg/light_state.hpp
[0.357s] -- Up-to-date symlink: /apollo/ros_ws/install/scout_mini_msgs/include/scout_mini_msgs/scout_mini_msgs/msg/motor_state.hpp
[0.357s] -- Up-to-date symlink: /apollo/ros_ws/install/scout_mini_msgs/include/scout_mini_msgs/scout_mini_msgs/msg/robot_state.hpp
[0.357s] -- Up-to-date symlink: /apollo/ros_ws/install/scout_mini_msgs/include/scout_mini_msgs/scout_mini_msgs/msg/rosidl_generator_cpp__visibility_control.hpp
[0.357s] -- Up-to-date symlink: /apollo/ros_ws/install/scout_mini_msgs/include/scout_mini_msgs/scout_mini_msgs/msg/detail/driver_state__rosidl_typesupport_fastrtps_cpp.hpp
[0.357s] -- Up-to-date symlink: /apollo/ros_ws/install/scout_mini_msgs/include/scout_mini_msgs/scout_mini_msgs/msg/detail/fault_state__rosidl_typesupport_fastrtps_cpp.hpp
[0.357s] -- Up-to-date symlink: /apollo/ros_ws/install/scout_mini_msgs/include/scout_mini_msgs/scout_mini_msgs/msg/detail/light_command__rosidl_typesupport_fastrtps_cpp.hpp
[0.357s] -- Up-to-date symlink: /apollo/ros_ws/install/scout_mini_msgs/include/scout_mini_msgs/scout_mini_msgs/msg/detail/light_state__rosidl_typesupport_fastrtps_cpp.hpp
[0.357s] -- Up-to-date symlink: /apollo/ros_ws/install/scout_mini_msgs/include/scout_mini_msgs/scout_mini_msgs/msg/detail/motor_state__rosidl_typesupport_fastrtps_cpp.hpp
[0.357s] -- Up-to-date symlink: /apollo/ros_ws/install/scout_mini_msgs/include/scout_mini_msgs/scout_mini_msgs/msg/detail/robot_state__rosidl_typesupport_fastrtps_cpp.hpp
[0.357s] -- Up-to-date symlink: /apollo/ros_ws/install/scout_mini_msgs/include/scout_mini_msgs/scout_mini_msgs/msg/rosidl_typesupport_fastrtps_cpp__visibility_control.h
[0.357s] -- Up-to-date symlink: /apollo/ros_ws/install/scout_mini_msgs/include/scout_mini_msgs/scout_mini_msgs/msg/detail/driver_state__rosidl_typesupport_introspection_cpp.hpp
[0.357s] -- Up-to-date symlink: /apollo/ros_ws/install/scout_mini_msgs/include/scout_mini_msgs/scout_mini_msgs/msg/detail/fault_state__rosidl_typesupport_introspection_cpp.hpp
[0.357s] -- Up-to-date symlink: /apollo/ros_ws/install/scout_mini_msgs/include/scout_mini_msgs/scout_mini_msgs/msg/detail/light_command__rosidl_typesupport_introspection_cpp.hpp
[0.357s] -- Up-to-date symlink: /apollo/ros_ws/install/scout_mini_msgs/include/scout_mini_msgs/scout_mini_msgs/msg/detail/light_state__rosidl_typesupport_introspection_cpp.hpp
[0.357s] -- Up-to-date symlink: /apollo/ros_ws/install/scout_mini_msgs/include/scout_mini_msgs/scout_mini_msgs/msg/detail/motor_state__rosidl_typesupport_introspection_cpp.hpp
[0.357s] -- Up-to-date symlink: /apollo/ros_ws/install/scout_mini_msgs/include/scout_mini_msgs/scout_mini_msgs/msg/detail/robot_state__rosidl_typesupport_introspection_cpp.hpp
[0.357s] -- Up-to-date symlink: /apollo/ros_ws/install/scout_mini_msgs/share/scout_mini_msgs/environment/pythonpath.sh
[0.357s] -- Up-to-date symlink: /apollo/ros_ws/install/scout_mini_msgs/share/scout_mini_msgs/environment/pythonpath.dsv
[0.357s] -- Up-to-date symlink: /apollo/ros_ws/install/scout_mini_msgs/local/lib/python3.10/dist-packages/scout_mini_msgs-0.1.0-py3.10.egg-info/PKG-INFO
[0.357s] -- Up-to-date symlink: /apollo/ros_ws/install/scout_mini_msgs/local/lib/python3.10/dist-packages/scout_mini_msgs-0.1.0-py3.10.egg-info/SOURCES.txt
[0.357s] -- Up-to-date symlink: /apollo/ros_ws/install/scout_mini_msgs/local/lib/python3.10/dist-packages/scout_mini_msgs-0.1.0-py3.10.egg-info/dependency_links.txt
[0.357s] -- Up-to-date symlink: /apollo/ros_ws/install/scout_mini_msgs/local/lib/python3.10/dist-packages/scout_mini_msgs-0.1.0-py3.10.egg-info/top_level.txt
[0.357s] -- Up-to-date symlink: /apollo/ros_ws/install/scout_mini_msgs/local/lib/python3.10/dist-packages/scout_mini_msgs/__init__.py
[0.358s] -- Up-to-date symlink: /apollo/ros_ws/install/scout_mini_msgs/local/lib/python3.10/dist-packages/scout_mini_msgs/_scout_mini_msgs_s.ep.rosidl_typesupport_c.c
[0.358s] -- Up-to-date symlink: /apollo/ros_ws/install/scout_mini_msgs/local/lib/python3.10/dist-packages/scout_mini_msgs/_scout_mini_msgs_s.ep.rosidl_typesupport_fastrtps_c.c
[0.358s] -- Up-to-date symlink: /apollo/ros_ws/install/scout_mini_msgs/local/lib/python3.10/dist-packages/scout_mini_msgs/_scout_mini_msgs_s.ep.rosidl_typesupport_introspection_c.c
[0.358s] -- Up-to-date symlink: /apollo/ros_ws/install/scout_mini_msgs/local/lib/python3.10/dist-packages/scout_mini_msgs/libscout_mini_msgs__rosidl_generator_py.so
[0.358s] -- Up-to-date symlink: /apollo/ros_ws/install/scout_mini_msgs/local/lib/python3.10/dist-packages/scout_mini_msgs/msg/__init__.py
[0.358s] -- Up-to-date symlink: /apollo/ros_ws/install/scout_mini_msgs/local/lib/python3.10/dist-packages/scout_mini_msgs/msg/_driver_state.py
[0.358s] -- Up-to-date symlink: /apollo/ros_ws/install/scout_mini_msgs/local/lib/python3.10/dist-packages/scout_mini_msgs/msg/_driver_state_s.c
[0.358s] -- Up-to-date symlink: /apollo/ros_ws/install/scout_mini_msgs/local/lib/python3.10/dist-packages/scout_mini_msgs/msg/_fault_state.py
[0.358s] -- Up-to-date symlink: /apollo/ros_ws/install/scout_mini_msgs/local/lib/python3.10/dist-packages/scout_mini_msgs/msg/_fault_state_s.c
[0.358s] -- Up-to-date symlink: /apollo/ros_ws/install/scout_mini_msgs/local/lib/python3.10/dist-packages/scout_mini_msgs/msg/_light_command.py
[0.358s] -- Up-to-date symlink: /apollo/ros_ws/install/scout_mini_msgs/local/lib/python3.10/dist-packages/scout_mini_msgs/msg/_light_command_s.c
[0.358s] -- Up-to-date symlink: /apollo/ros_ws/install/scout_mini_msgs/local/lib/python3.10/dist-packages/scout_mini_msgs/msg/_light_state.py
[0.359s] -- Up-to-date symlink: /apollo/ros_ws/install/scout_mini_msgs/local/lib/python3.10/dist-packages/scout_mini_msgs/msg/_light_state_s.c
[0.359s] -- Up-to-date symlink: /apollo/ros_ws/install/scout_mini_msgs/local/lib/python3.10/dist-packages/scout_mini_msgs/msg/_motor_state.py
[0.359s] -- Up-to-date symlink: /apollo/ros_ws/install/scout_mini_msgs/local/lib/python3.10/dist-packages/scout_mini_msgs/msg/_motor_state_s.c
[0.359s] -- Up-to-date symlink: /apollo/ros_ws/install/scout_mini_msgs/local/lib/python3.10/dist-packages/scout_mini_msgs/msg/_robot_state.py
[0.359s] -- Up-to-date symlink: /apollo/ros_ws/install/scout_mini_msgs/local/lib/python3.10/dist-packages/scout_mini_msgs/msg/_robot_state_s.c
[0.359s] -- Up-to-date symlink: /apollo/ros_ws/install/scout_mini_msgs/local/lib/python3.10/dist-packages/scout_mini_msgs/scout_mini_msgs_s__rosidl_typesupport_c.cpython-310-x86_64-linux-gnu.so
[0.359s] -- Up-to-date symlink: /apollo/ros_ws/install/scout_mini_msgs/local/lib/python3.10/dist-packages/scout_mini_msgs/scout_mini_msgs_s__rosidl_typesupport_fastrtps_c.cpython-310-x86_64-linux-gnu.so
[0.359s] -- Up-to-date symlink: /apollo/ros_ws/install/scout_mini_msgs/local/lib/python3.10/dist-packages/scout_mini_msgs/scout_mini_msgs_s__rosidl_typesupport_introspection_c.cpython-310-x86_64-linux-gnu.so
[0.359s] -- Up-to-date symlink: /apollo/ros_ws/install/scout_mini_msgs/local/lib/python3.10/dist-packages/scout_mini_msgs/scout_mini_msgs_s__rosidl_typesupport_fastrtps_c.cpython-310-x86_64-linux-gnu.so
[0.359s] -- Up-to-date symlink: /apollo/ros_ws/install/scout_mini_msgs/local/lib/python3.10/dist-packages/scout_mini_msgs/scout_mini_msgs_s__rosidl_typesupport_introspection_c.cpython-310-x86_64-linux-gnu.so
[0.360s] -- Up-to-date symlink: /apollo/ros_ws/install/scout_mini_msgs/local/lib/python3.10/dist-packages/scout_mini_msgs/scout_mini_msgs_s__rosidl_typesupport_c.cpython-310-x86_64-linux-gnu.so
[0.360s] -- Up-to-date symlink: /apollo/ros_ws/install/scout_mini_msgs/share/scout_mini_msgs/msg/DriverState.idl
[0.360s] -- Up-to-date symlink: /apollo/ros_ws/install/scout_mini_msgs/share/scout_mini_msgs/msg/FaultState.idl
[0.360s] -- Up-to-date symlink: /apollo/ros_ws/install/scout_mini_msgs/share/scout_mini_msgs/msg/LightCommand.idl
[0.360s] -- Up-to-date symlink: /apollo/ros_ws/install/scout_mini_msgs/share/scout_mini_msgs/msg/LightState.idl
[0.360s] -- Up-to-date symlink: /apollo/ros_ws/install/scout_mini_msgs/share/scout_mini_msgs/msg/MotorState.idl
[0.360s] -- Up-to-date symlink: /apollo/ros_ws/install/scout_mini_msgs/share/scout_mini_msgs/msg/RobotState.idl
[0.360s] -- Up-to-date symlink: /apollo/ros_ws/install/scout_mini_msgs/share/scout_mini_msgs/msg/DriverState.msg
[0.360s] -- Up-to-date symlink: /apollo/ros_ws/install/scout_mini_msgs/share/scout_mini_msgs/msg/FaultState.msg
[0.361s] -- Up-to-date symlink: /apollo/ros_ws/install/scout_mini_msgs/share/scout_mini_msgs/msg/LightCommand.msg
[0.361s] -- Up-to-date symlink: /apollo/ros_ws/install/scout_mini_msgs/share/scout_mini_msgs/msg/LightState.msg
[0.361s] -- Up-to-date symlink: /apollo/ros_ws/install/scout_mini_msgs/share/scout_mini_msgs/msg/MotorState.msg
[0.361s] -- Up-to-date symlink: /apollo/ros_ws/install/scout_mini_msgs/share/scout_mini_msgs/msg/RobotState.msg
[0.361s] -- Up-to-date symlink: /apollo/ros_ws/install/scout_mini_msgs/share/ament_index/resource_index/package_run_dependencies/scout_mini_msgs
[0.361s] -- Up-to-date symlink: /apollo/ros_ws/install/scout_mini_msgs/share/ament_index/resource_index/parent_prefix_path/scout_mini_msgs
[0.361s] -- Up-to-date symlink: /apollo/ros_ws/install/scout_mini_msgs/share/scout_mini_msgs/environment/ament_prefix_path.sh
[0.361s] -- Up-to-date symlink: /apollo/ros_ws/install/scout_mini_msgs/share/scout_mini_msgs/environment/ament_prefix_path.dsv
[0.361s] -- Up-to-date symlink: /apollo/ros_ws/install/scout_mini_msgs/share/scout_mini_msgs/environment/path.sh
[0.361s] -- Up-to-date symlink: /apollo/ros_ws/install/scout_mini_msgs/share/scout_mini_msgs/environment/path.dsv
[0.362s] -- Up-to-date symlink: /apollo/ros_ws/install/scout_mini_msgs/share/scout_mini_msgs/local_setup.bash
[0.362s] -- Up-to-date symlink: /apollo/ros_ws/install/scout_mini_msgs/share/scout_mini_msgs/local_setup.sh
[0.362s] -- Up-to-date symlink: /apollo/ros_ws/install/scout_mini_msgs/share/scout_mini_msgs/local_setup.zsh
[0.362s] -- Up-to-date symlink: /apollo/ros_ws/install/scout_mini_msgs/share/scout_mini_msgs/local_setup.dsv
[0.362s] -- Symlinking: /apollo/ros_ws/install/scout_mini_msgs/share/scout_mini_msgs/package.dsv
[0.368s] -- Up-to-date symlink: /apollo/ros_ws/install/scout_mini_msgs/share/ament_index/resource_index/packages/scout_mini_msgs
[0.368s] -- Up-to-date symlink: /apollo/ros_ws/install/scout_mini_msgs/share/scout_mini_msgs/cmake/rosidl_cmake-extras.cmake
[0.368s] -- Up-to-date symlink: /apollo/ros_ws/install/scout_mini_msgs/share/scout_mini_msgs/cmake/ament_cmake_export_dependencies-extras.cmake
[0.368s] -- Up-to-date symlink: /apollo/ros_ws/install/scout_mini_msgs/share/scout_mini_msgs/cmake/ament_cmake_export_include_directories-extras.cmake
[0.368s] -- Up-to-date symlink: /apollo/ros_ws/install/scout_mini_msgs/share/scout_mini_msgs/cmake/ament_cmake_export_libraries-extras.cmake
[0.368s] -- Up-to-date symlink: /apollo/ros_ws/install/scout_mini_msgs/share/scout_mini_msgs/cmake/ament_cmake_export_targets-extras.cmake
[0.368s] -- Up-to-date symlink: /apollo/ros_ws/install/scout_mini_msgs/share/scout_mini_msgs/cmake/rosidl_cmake_export_typesupport_targets-extras.cmake
[0.368s] -- Up-to-date symlink: /apollo/ros_ws/install/scout_mini_msgs/share/scout_mini_msgs/cmake/rosidl_cmake_export_typesupport_libraries-extras.cmake
[0.369s] -- Up-to-date symlink: /apollo/ros_ws/install/scout_mini_msgs/share/scout_mini_msgs/cmake/scout_mini_msgsConfig.cmake
[0.369s] -- Up-to-date symlink: /apollo/ros_ws/install/scout_mini_msgs/share/scout_mini_msgs/cmake/scout_mini_msgsConfig-version.cmake
[0.369s] -- Up-to-date symlink: /apollo/ros_ws/install/scout_mini_msgs/share/scout_mini_msgs/package.xml
[0.369s] -- Up-to-date: /apollo/ros_ws/install/scout_mini_msgs/lib/libscout_mini_msgs__rosidl_generator_c.so
[0.369s] -- Up-to-date: /apollo/ros_ws/install/scout_mini_msgs/lib/libscout_mini_msgs__rosidl_typesupport_fastrtps_c.so
[0.369s] -- Up-to-date: /apollo/ros_ws/install/scout_mini_msgs/lib/libscout_mini_msgs__rosidl_typesupport_introspection_c.so
[0.369s] -- Up-to-date: /apollo/ros_ws/install/scout_mini_msgs/lib/libscout_mini_msgs__rosidl_typesupport_c.so
[0.369s] -- Up-to-date: /apollo/ros_ws/install/scout_mini_msgs/lib/libscout_mini_msgs__rosidl_typesupport_fastrtps_cpp.so
[0.369s] -- Up-to-date: /apollo/ros_ws/install/scout_mini_msgs/lib/libscout_mini_msgs__rosidl_typesupport_introspection_cpp.so
[0.370s] -- Up-to-date: /apollo/ros_ws/install/scout_mini_msgs/lib/libscout_mini_msgs__rosidl_typesupport_cpp.so
[0.395s] Listing '/apollo/ros_ws/install/scout_mini_msgs/local/lib/python3.10/dist-packages/scout_mini_msgs'...
[0.395s] Listing '/apollo/ros_ws/install/scout_mini_msgs/local/lib/python3.10/dist-packages/scout_mini_msgs/msg'...
[0.398s] -- Up-to-date: /apollo/ros_ws/install/scout_mini_msgs/lib/libscout_mini_msgs__rosidl_generator_py.so
[0.398s] -- Up-to-date: /apollo/ros_ws/install/scout_mini_msgs/share/scout_mini_msgs/cmake/export_scout_mini_msgs__rosidl_generator_cExport.cmake
[0.398s] -- Up-to-date: /apollo/ros_ws/install/scout_mini_msgs/share/scout_mini_msgs/cmake/export_scout_mini_msgs__rosidl_generator_cExport-noconfig.cmake
[0.398s] -- Up-to-date: /apollo/ros_ws/install/scout_mini_msgs/share/scout_mini_msgs/cmake/export_scout_mini_msgs__rosidl_typesupport_fastrtps_cExport.cmake
[0.398s] -- Up-to-date: /apollo/ros_ws/install/scout_mini_msgs/share/scout_mini_msgs/cmake/export_scout_mini_msgs__rosidl_typesupport_fastrtps_cExport-noconfig.cmake
[0.399s] -- Up-to-date: /apollo/ros_ws/install/scout_mini_msgs/share/scout_mini_msgs/cmake/scout_mini_msgs__rosidl_typesupport_introspection_cExport.cmake
[0.399s] -- Up-to-date: /apollo/ros_ws/install/scout_mini_msgs/share/scout_mini_msgs/cmake/scout_mini_msgs__rosidl_typesupport_introspection_cExport-noconfig.cmake
[0.399s] -- Up-to-date: /apollo/ros_ws/install/scout_mini_msgs/share/scout_mini_msgs/cmake/scout_mini_msgs__rosidl_typesupport_cExport.cmake
[0.399s] -- Up-to-date: /apollo/ros_ws/install/scout_mini_msgs/share/scout_mini_msgs/cmake/scout_mini_msgs__rosidl_typesupport_cExport-noconfig.cmake
[0.399s] -- Up-to-date: /apollo/ros_ws/install/scout_mini_msgs/share/scout_mini_msgs/cmake/export_scout_mini_msgs__rosidl_generator_cppExport.cmake
[0.399s] -- Up-to-date: /apollo/ros_ws/install/scout_mini_msgs/share/scout_mini_msgs/cmake/export_scout_mini_msgs__rosidl_typesupport_fastrtps_cppExport.cmake
[0.399s] -- Up-to-date: /apollo/ros_ws/install/scout_mini_msgs/share/scout_mini_msgs/cmake/export_scout_mini_msgs__rosidl_typesupport_fastrtps_cppExport-noconfig.cmake
[0.399s] -- Up-to-date: /apollo/ros_ws/install/scout_mini_msgs/share/scout_mini_msgs/cmake/scout_mini_msgs__rosidl_typesupport_introspection_cppExport.cmake
[0.399s] -- Up-to-date: /apollo/ros_ws/install/scout_mini_msgs/share/scout_mini_msgs/cmake/scout_mini_msgs__rosidl_typesupport_introspection_cppExport-noconfig.cmake
[0.399s] -- Up-to-date: /apollo/ros_ws/install/scout_mini_msgs/share/scout_mini_msgs/cmake/scout_mini_msgs__rosidl_typesupport_cppExport.cmake
[0.399s] -- Up-to-date: /apollo/ros_ws/install/scout_mini_msgs/share/scout_mini_msgs/cmake/scout_mini_msgs__rosidl_typesupport_cppExport-noconfig.cmake
[0.400s] -- Up-to-date: /apollo/ros_ws/install/scout_mini_msgs/share/scout_mini_msgs/cmake/export_scout_mini_msgs__rosidl_generator_pyExport.cmake
[0.400s] -- Up-to-date: /apollo/ros_ws/install/scout_mini_msgs/share/scout_mini_msgs/cmake/export_scout_mini_msgs__rosidl_generator_pyExport-noconfig.cmake
[0.401s] Invoked command in '/apollo/ros_ws/build/scout_mini_msgs' returned '0': CMAKE_PREFIX_PATH=${CMAKE_PREFIX_PATH}:/opt/ros/humble /usr/bin/cmake --install /apollo/ros_ws/build/scout_mini_msgs
