running develop
Removing /apollo/ros_ws/install/scout_mini_simulation/lib/python3.10/site-packages/scout-mini-simulation.egg-link (link to .)
running egg_info
writing ../../build/scout_mini_simulation/scout_mini_simulation.egg-info/PKG-INFO
writing dependency_links to ../../build/scout_mini_simulation/scout_mini_simulation.egg-info/dependency_links.txt
writing entry points to ../../build/scout_mini_simulation/scout_mini_simulation.egg-info/entry_points.txt
writing requirements to ../../build/scout_mini_simulation/scout_mini_simulation.egg-info/requires.txt
writing top-level names to ../../build/scout_mini_simulation/scout_mini_simulation.egg-info/top_level.txt
reading manifest file '../../build/scout_mini_simulation/scout_mini_simulation.egg-info/SOURCES.txt'
writing manifest file '../../build/scout_mini_simulation/scout_mini_simulation.egg-info/SOURCES.txt'
running build
running build_py
running install
running install_lib
creating /apollo/ros_ws/install/scout_mini_simulation/lib/python3.10/site-packages/scout_mini_simulation
copying /apollo/ros_ws/build/scout_mini_simulation/build/lib/scout_mini_simulation/__init__.py -> /apollo/ros_ws/install/scout_mini_simulation/lib/python3.10/site-packages/scout_mini_simulation
byte-compiling /apollo/ros_ws/install/scout_mini_simulation/lib/python3.10/site-packages/scout_mini_simulation/__init__.py to __init__.cpython-310.pyc
running install_data
copying resource/scout_mini_simulation -> /apollo/ros_ws/install/scout_mini_simulation/share/ament_index/resource_index/packages
copying package.xml -> /apollo/ros_ws/install/scout_mini_simulation/share/scout_mini_simulation
copying launch/simulation.launch.py -> /apollo/ros_ws/install/scout_mini_simulation/share/scout_mini_simulation/launch
copying config/scout_mini.yaml -> /apollo/ros_ws/install/scout_mini_simulation/share/scout_mini_simulation/config
copying urdf/scout_mini.urdf -> /apollo/ros_ws/install/scout_mini_simulation/share/scout_mini_simulation/urdf
running install_egg_info
Copying ../../build/scout_mini_simulation/scout_mini_simulation.egg-info to /apollo/ros_ws/install/scout_mini_simulation/lib/python3.10/site-packages/scout_mini_simulation-0.0.0-py3.10.egg-info
running install_scripts
writing list of installed files to '/apollo/ros_ws/build/scout_mini_simulation/install.log'
