[0.380s] Invoking command in '/apollo/ros_ws/build/scout_mini_simulation': CMAKE_PREFIX_PATH=/apollo/ros_ws/install/scout_mini_description:/apollo/ros_ws/install/scout_mini_base:/apollo/ros_ws/install/scout_mini_ros2:/apollo/ros_ws/install/scout_mini_hardware:/apollo/ros_ws/install/scout_mini_msgs PYTHONPATH=/apollo/ros_ws/build/scout_mini_simulation/prefix_override:/usr/lib/python3/dist-packages/colcon_core/task/python/colcon_distutils_commands:/apollo/ros_ws/install/scout_mini_simulation/lib/python3.10/site-packages:${PYTHONPATH} /usr/bin/python3 -W ignore:setup.py install is deprecated -W ignore:easy_install command is deprecated setup.py develop --uninstall --editable --build-directory /apollo/ros_ws/build/scout_mini_simulation/build
[0.538s] running develop
[0.613s] Removing /apollo/ros_ws/install/scout_mini_simulation/lib/python3.10/site-packages/scout-mini-simulation.egg-link (link to .)
[0.632s] Invoked command in '/apollo/ros_ws/build/scout_mini_simulation' returned '0': CMAKE_PREFIX_PATH=/apollo/ros_ws/install/scout_mini_description:/apollo/ros_ws/install/scout_mini_base:/apollo/ros_ws/install/scout_mini_ros2:/apollo/ros_ws/install/scout_mini_hardware:/apollo/ros_ws/install/scout_mini_msgs PYTHONPATH=/apollo/ros_ws/build/scout_mini_simulation/prefix_override:/usr/lib/python3/dist-packages/colcon_core/task/python/colcon_distutils_commands:/apollo/ros_ws/install/scout_mini_simulation/lib/python3.10/site-packages:${PYTHONPATH} /usr/bin/python3 -W ignore:setup.py install is deprecated -W ignore:easy_install command is deprecated setup.py develop --uninstall --editable --build-directory /apollo/ros_ws/build/scout_mini_simulation/build
[0.633s] Invoking command in '/apollo/ros_ws/src/scout_mini_simulation': CMAKE_PREFIX_PATH=/apollo/ros_ws/install/scout_mini_description:/apollo/ros_ws/install/scout_mini_base:/apollo/ros_ws/install/scout_mini_ros2:/apollo/ros_ws/install/scout_mini_hardware:/apollo/ros_ws/install/scout_mini_msgs PYTHONPATH=/apollo/ros_ws/build/scout_mini_simulation/prefix_override:/usr/lib/python3/dist-packages/colcon_core/task/python/colcon_distutils_commands:/apollo/ros_ws/install/scout_mini_simulation/lib/python3.10/site-packages:${PYTHONPATH} /usr/bin/python3 -W ignore:setup.py install is deprecated -W ignore:easy_install command is deprecated setup.py egg_info --egg-base ../../build/scout_mini_simulation build --build-base /apollo/ros_ws/build/scout_mini_simulation/build install --record /apollo/ros_ws/build/scout_mini_simulation/install.log --single-version-externally-managed install_data --force
[0.777s] running egg_info
[0.778s] writing ../../build/scout_mini_simulation/scout_mini_simulation.egg-info/PKG-INFO
[0.778s] writing dependency_links to ../../build/scout_mini_simulation/scout_mini_simulation.egg-info/dependency_links.txt
[0.778s] writing entry points to ../../build/scout_mini_simulation/scout_mini_simulation.egg-info/entry_points.txt
[0.778s] writing requirements to ../../build/scout_mini_simulation/scout_mini_simulation.egg-info/requires.txt
[0.778s] writing top-level names to ../../build/scout_mini_simulation/scout_mini_simulation.egg-info/top_level.txt
[0.779s] reading manifest file '../../build/scout_mini_simulation/scout_mini_simulation.egg-info/SOURCES.txt'
[0.780s] writing manifest file '../../build/scout_mini_simulation/scout_mini_simulation.egg-info/SOURCES.txt'
[0.780s] running build
[0.780s] running build_py
[0.780s] running install
[0.780s] running install_lib
[0.781s] creating /apollo/ros_ws/install/scout_mini_simulation/lib/python3.10/site-packages/scout_mini_simulation
[0.781s] copying /apollo/ros_ws/build/scout_mini_simulation/build/lib/scout_mini_simulation/__init__.py -> /apollo/ros_ws/install/scout_mini_simulation/lib/python3.10/site-packages/scout_mini_simulation
[0.781s] byte-compiling /apollo/ros_ws/install/scout_mini_simulation/lib/python3.10/site-packages/scout_mini_simulation/__init__.py to __init__.cpython-310.pyc
[0.781s] running install_data
[0.781s] copying resource/scout_mini_simulation -> /apollo/ros_ws/install/scout_mini_simulation/share/ament_index/resource_index/packages
[0.781s] copying package.xml -> /apollo/ros_ws/install/scout_mini_simulation/share/scout_mini_simulation
[0.781s] copying launch/simulation.launch.py -> /apollo/ros_ws/install/scout_mini_simulation/share/scout_mini_simulation/launch
[0.782s] copying config/scout_mini.yaml -> /apollo/ros_ws/install/scout_mini_simulation/share/scout_mini_simulation/config
[0.782s] copying urdf/scout_mini.urdf -> /apollo/ros_ws/install/scout_mini_simulation/share/scout_mini_simulation/urdf
[0.782s] running install_egg_info
[0.783s] Copying ../../build/scout_mini_simulation/scout_mini_simulation.egg-info to /apollo/ros_ws/install/scout_mini_simulation/lib/python3.10/site-packages/scout_mini_simulation-0.0.0-py3.10.egg-info
[0.784s] running install_scripts
[0.798s] writing list of installed files to '/apollo/ros_ws/build/scout_mini_simulation/install.log'
[0.815s] Invoked command in '/apollo/ros_ws/src/scout_mini_simulation' returned '0': CMAKE_PREFIX_PATH=/apollo/ros_ws/install/scout_mini_description:/apollo/ros_ws/install/scout_mini_base:/apollo/ros_ws/install/scout_mini_ros2:/apollo/ros_ws/install/scout_mini_hardware:/apollo/ros_ws/install/scout_mini_msgs PYTHONPATH=/apollo/ros_ws/build/scout_mini_simulation/prefix_override:/usr/lib/python3/dist-packages/colcon_core/task/python/colcon_distutils_commands:/apollo/ros_ws/install/scout_mini_simulation/lib/python3.10/site-packages:${PYTHONPATH} /usr/bin/python3 -W ignore:setup.py install is deprecated -W ignore:easy_install command is deprecated setup.py egg_info --egg-base ../../build/scout_mini_simulation build --build-base /apollo/ros_ws/build/scout_mini_simulation/build install --record /apollo/ros_ws/build/scout_mini_simulation/install.log --single-version-externally-managed install_data --force
