[0.207s] Invoking command in '/apollo/ros_ws/src/scout_mini_localization/build/scout_mini_localization': CMAKE_PREFIX_PATH=${CMAKE_PREFIX_PATH}:/apollo/dev_ws/install/my_package:/opt/ros/humble /usr/bin/cmake /apollo/ros_ws/src/scout_mini_localization -DCMAKE_INSTALL_PREFIX=/apollo/ros_ws/src/scout_mini_localization/install/scout_mini_localization
[0.891s] -- The C compiler identification is GNU 11.4.0
[1.294s] -- The CXX compiler identification is GNU 11.4.0
[1.365s] -- Detecting C compiler ABI info
[2.358s] -- Detecting C compiler ABI info - done
[2.377s] -- Check for working C compiler: /usr/bin/cc - skipped
[2.378s] -- Detecting C compile features
[2.379s] -- Detecting C compile features - done
[2.422s] -- Detecting CXX compiler ABI info
[3.637s] -- Detecting CXX compiler ABI info - done
[3.659s] -- Check for working CXX compiler: /usr/bin/c++ - skipped
[3.660s] -- Detecting CXX compile features
[3.661s] -- Detecting CXX compile features - done
[3.816s] -- Found ament_cmake: 1.3.12 (/opt/ros/humble/share/ament_cmake/cmake)
[5.409s] -- Found Python3: /usr/bin/python3 (found version "3.10.12") found components: Interpreter 
[7.145s] [31mCMake Error at CMakeLists.txt:15 (find_package):
[7.146s]   By not providing "Findnav2_amcl.cmake" in CMAKE_MODULE_PATH this project
[7.147s]   has asked CMake to find a package configuration file provided by
[7.148s]   "nav2_amcl", but CMake did not find one.
[7.149s] 
[7.150s]   Could not find a package configuration file provided by "nav2_amcl" with
[7.152s]   any of the following names:
[7.152s] 
[7.153s]     nav2_amclConfig.cmake
[7.154s]     nav2_amcl-config.cmake
[7.155s] 
[7.156s]   Add the installation prefix of "nav2_amcl" to CMAKE_PREFIX_PATH or set
[7.157s]   "nav2_amcl_DIR" to a directory containing one of the above files.  If
[7.158s]   "nav2_amcl" provides a separate development package or SDK, be sure it has
[7.159s]   been installed.
[7.160s] 
[7.161s] [0m
[7.162s] -- Configuring incomplete, errors occurred!
[7.162s] See also "/apollo/ros_ws/src/scout_mini_localization/build/scout_mini_localization/CMakeFiles/CMakeOutput.log".
[7.165s] Invoked command in '/apollo/ros_ws/src/scout_mini_localization/build/scout_mini_localization' returned '1': CMAKE_PREFIX_PATH=${CMAKE_PREFIX_PATH}:/apollo/dev_ws/install/my_package:/opt/ros/humble /usr/bin/cmake /apollo/ros_ws/src/scout_mini_localization -DCMAKE_INSTALL_PREFIX=/apollo/ros_ws/src/scout_mini_localization/install/scout_mini_localization
