[0.845s] DEBUG:colcon:Command line arguments: ['/usr/bin/colcon', 'build', '--packages-select', 'scout_object_detector']
[0.845s] DEBUG:colcon:Parsed command line arguments: Namespace(log_base=None, log_level=None, verb_name='build', build_base='build', install_base='install', merge_install=False, symlink_install=False, test_result_base=None, continue_on_error=False, executor='parallel', parallel_workers=12, event_handlers=None, ignore_user_meta=False, metas=['./colcon.meta'], base_paths=['.'], packages_ignore=None, packages_ignore_regex=None, paths=None, packages_up_to=None, packages_up_to_regex=None, packages_above=None, packages_above_and_dependencies=None, packages_above_depth=None, packages_select_by_dep=None, packages_skip_by_dep=None, packages_skip_up_to=None, packages_select_build_failed=False, packages_skip_build_finished=False, packages_select_test_failures=False, packages_skip_test_passed=False, packages_select=['scout_object_detector'], packages_skip=None, packages_select_regex=None, packages_skip_regex=None, packages_start=None, packages_end=None, cmake_args=None, cmake_target=None, cmake_target_skip_unavailable=False, cmake_clean_cache=False, cmake_clean_first=False, cmake_force_configure=False, ament_cmake_args=None, catkin_cmake_args=None, catkin_skip_building_tests=False, mixin_files=None, mixin=None, verb_parser=<colcon_mixin.mixin.mixin_argument.MixinArgumentDecorator object at 0x7f7d215b1f60>, verb_extension=<colcon_core.verb.build.BuildVerb object at 0x7f7d2172ee60>, main=<bound method BuildVerb.main of <colcon_core.verb.build.BuildVerb object at 0x7f7d2172ee60>>, mixin_verb=('build',))
[1.900s] Level 1:colcon.colcon_core.package_discovery:discover_packages(colcon_meta) check parameters
[1.901s] Level 1:colcon.colcon_core.package_discovery:discover_packages(recursive) check parameters
[1.901s] Level 1:colcon.colcon_core.package_discovery:discover_packages(ignore) check parameters
[1.901s] Level 1:colcon.colcon_core.package_discovery:discover_packages(path) check parameters
[1.901s] Level 1:colcon.colcon_core.package_discovery:discover_packages(colcon_meta) discover
[1.901s] Level 1:colcon.colcon_core.package_discovery:discover_packages(recursive) discover
[1.902s] INFO:colcon.colcon_core.package_discovery:Crawling recursively for packages in '/apollo'
[1.902s] Level 1:colcon.colcon_core.package_identification:_identify(.) by extensions ['ignore', 'ignore_ament_install']
[1.903s] Level 1:colcon.colcon_core.package_identification:_identify(.) by extension 'ignore'
[1.903s] Level 1:colcon.colcon_core.package_identification:_identify(.) by extension 'ignore_ament_install'
[1.903s] Level 1:colcon.colcon_core.package_identification:_identify(.) by extensions ['colcon_pkg']
[1.903s] Level 1:colcon.colcon_core.package_identification:_identify(.) by extension 'colcon_pkg'
[1.904s] Level 1:colcon.colcon_core.package_identification:_identify(.) by extensions ['colcon_meta']
[1.904s] Level 1:colcon.colcon_core.package_identification:_identify(.) by extension 'colcon_meta'
[1.904s] Level 1:colcon.colcon_core.package_identification:_identify(.) by extensions ['ros']
[1.904s] Level 1:colcon.colcon_core.package_identification:_identify(.) by extension 'ros'
[1.931s] Level 1:colcon.colcon_core.package_identification:_identify(.) by extensions ['cmake', 'python']
[1.931s] Level 1:colcon.colcon_core.package_identification:_identify(.) by extension 'cmake'
[1.932s] Level 1:colcon.colcon_core.package_identification:_identify(.) by extension 'python'
[1.933s] Level 1:colcon.colcon_core.package_identification:_identify(.) by extensions ['python_setup_py']
[1.933s] Level 1:colcon.colcon_core.package_identification:_identify(.) by extension 'python_setup_py'
[1.937s] Level 1:colcon.colcon_core.package_identification:_identify(apollo) by extensions ['ignore', 'ignore_ament_install']
[1.937s] Level 1:colcon.colcon_core.package_identification:_identify(apollo) by extension 'ignore'
[1.938s] Level 1:colcon.colcon_core.package_identification:_identify(apollo) by extension 'ignore_ament_install'
[1.939s] Level 1:colcon.colcon_core.package_identification:_identify(apollo) by extensions ['colcon_pkg']
[1.940s] Level 1:colcon.colcon_core.package_identification:_identify(apollo) by extension 'colcon_pkg'
[1.940s] Level 1:colcon.colcon_core.package_identification:_identify(apollo) by extensions ['colcon_meta']
[1.941s] Level 1:colcon.colcon_core.package_identification:_identify(apollo) by extension 'colcon_meta'
[1.942s] Level 1:colcon.colcon_core.package_identification:_identify(apollo) by extensions ['ros']
[1.942s] Level 1:colcon.colcon_core.package_identification:_identify(apollo) by extension 'ros'
[1.945s] Level 1:colcon.colcon_core.package_identification:_identify(apollo) by extensions ['cmake', 'python']
[1.945s] Level 1:colcon.colcon_core.package_identification:_identify(apollo) by extension 'cmake'
[1.946s] Level 1:colcon.colcon_core.package_identification:_identify(apollo) by extension 'python'
[1.947s] Level 1:colcon.colcon_core.package_identification:_identify(apollo) by extensions ['python_setup_py']
[1.947s] Level 1:colcon.colcon_core.package_identification:_identify(apollo) by extension 'python_setup_py'
[1.951s] Level 1:colcon.colcon_core.package_identification:_identify(build) by extensions ['ignore', 'ignore_ament_install']
[1.951s] Level 1:colcon.colcon_core.package_identification:_identify(build) by extension 'ignore'
[1.953s] Level 1:colcon.colcon_core.package_identification:_identify(build) ignored
[1.957s] Level 1:colcon.colcon_core.package_identification:_identify(dev_ws) by extensions ['ignore', 'ignore_ament_install']
[1.958s] Level 1:colcon.colcon_core.package_identification:_identify(dev_ws) by extension 'ignore'
[1.959s] Level 1:colcon.colcon_core.package_identification:_identify(dev_ws) by extension 'ignore_ament_install'
[1.961s] Level 1:colcon.colcon_core.package_identification:_identify(dev_ws) by extensions ['colcon_pkg']
[1.961s] Level 1:colcon.colcon_core.package_identification:_identify(dev_ws) by extension 'colcon_pkg'
[1.963s] Level 1:colcon.colcon_core.package_identification:_identify(dev_ws) by extensions ['colcon_meta']
[1.963s] Level 1:colcon.colcon_core.package_identification:_identify(dev_ws) by extension 'colcon_meta'
[1.964s] Level 1:colcon.colcon_core.package_identification:_identify(dev_ws) by extensions ['ros']
[1.965s] Level 1:colcon.colcon_core.package_identification:_identify(dev_ws) by extension 'ros'
[1.967s] Level 1:colcon.colcon_core.package_identification:_identify(dev_ws) by extensions ['cmake', 'python']
[1.967s] Level 1:colcon.colcon_core.package_identification:_identify(dev_ws) by extension 'cmake'
[1.968s] Level 1:colcon.colcon_core.package_identification:_identify(dev_ws) by extension 'python'
[1.968s] Level 1:colcon.colcon_core.package_identification:_identify(dev_ws) by extensions ['python_setup_py']
[1.969s] Level 1:colcon.colcon_core.package_identification:_identify(dev_ws) by extension 'python_setup_py'
[1.976s] Level 1:colcon.colcon_core.package_identification:_identify(dev_ws/build) by extensions ['ignore', 'ignore_ament_install']
[1.977s] Level 1:colcon.colcon_core.package_identification:_identify(dev_ws/build) by extension 'ignore'
[1.979s] Level 1:colcon.colcon_core.package_identification:_identify(dev_ws/build) ignored
[1.985s] Level 1:colcon.colcon_core.package_identification:_identify(dev_ws/install) by extensions ['ignore', 'ignore_ament_install']
[1.986s] Level 1:colcon.colcon_core.package_identification:_identify(dev_ws/install) by extension 'ignore'
[1.988s] Level 1:colcon.colcon_core.package_identification:_identify(dev_ws/install) ignored
[1.994s] Level 1:colcon.colcon_core.package_identification:_identify(dev_ws/log) by extensions ['ignore', 'ignore_ament_install']
[1.994s] Level 1:colcon.colcon_core.package_identification:_identify(dev_ws/log) by extension 'ignore'
[1.996s] Level 1:colcon.colcon_core.package_identification:_identify(dev_ws/log) ignored
[2.000s] Level 1:colcon.colcon_core.package_identification:_identify(dev_ws/src) by extensions ['ignore', 'ignore_ament_install']
[2.000s] Level 1:colcon.colcon_core.package_identification:_identify(dev_ws/src) by extension 'ignore'
[2.002s] Level 1:colcon.colcon_core.package_identification:_identify(dev_ws/src) by extension 'ignore_ament_install'
[2.004s] Level 1:colcon.colcon_core.package_identification:_identify(dev_ws/src) by extensions ['colcon_pkg']
[2.004s] Level 1:colcon.colcon_core.package_identification:_identify(dev_ws/src) by extension 'colcon_pkg'
[2.006s] Level 1:colcon.colcon_core.package_identification:_identify(dev_ws/src) by extensions ['colcon_meta']
[2.006s] Level 1:colcon.colcon_core.package_identification:_identify(dev_ws/src) by extension 'colcon_meta'
[2.008s] Level 1:colcon.colcon_core.package_identification:_identify(dev_ws/src) by extensions ['ros']
[2.008s] Level 1:colcon.colcon_core.package_identification:_identify(dev_ws/src) by extension 'ros'
[2.014s] Level 1:colcon.colcon_core.package_identification:_identify(dev_ws/src) by extensions ['cmake', 'python']
[2.014s] Level 1:colcon.colcon_core.package_identification:_identify(dev_ws/src) by extension 'cmake'
[2.015s] Level 1:colcon.colcon_core.package_identification:_identify(dev_ws/src) by extension 'python'
[2.017s] Level 1:colcon.colcon_core.package_identification:_identify(dev_ws/src) by extensions ['python_setup_py']
[2.017s] Level 1:colcon.colcon_core.package_identification:_identify(dev_ws/src) by extension 'python_setup_py'
[2.024s] Level 1:colcon.colcon_core.package_identification:_identify(dev_ws/src/my_package) by extensions ['ignore', 'ignore_ament_install']
[2.025s] Level 1:colcon.colcon_core.package_identification:_identify(dev_ws/src/my_package) by extension 'ignore'
[2.026s] Level 1:colcon.colcon_core.package_identification:_identify(dev_ws/src/my_package) by extension 'ignore_ament_install'
[2.028s] Level 1:colcon.colcon_core.package_identification:_identify(dev_ws/src/my_package) by extensions ['colcon_pkg']
[2.029s] Level 1:colcon.colcon_core.package_identification:_identify(dev_ws/src/my_package) by extension 'colcon_pkg'
[2.029s] Level 1:colcon.colcon_core.package_identification:_identify(dev_ws/src/my_package) by extensions ['colcon_meta']
[2.030s] Level 1:colcon.colcon_core.package_identification:_identify(dev_ws/src/my_package) by extension 'colcon_meta'
[2.031s] Level 1:colcon.colcon_core.package_identification:_identify(dev_ws/src/my_package) by extensions ['ros']
[2.031s] Level 1:colcon.colcon_core.package_identification:_identify(dev_ws/src/my_package) by extension 'ros'
[2.044s] DEBUG:colcon.colcon_core.package_identification:Package 'dev_ws/src/my_package' with type 'ros.ament_python' and name 'my_package'
[2.045s] Level 1:colcon.colcon_core.package_identification:_identify(example_ws) by extensions ['ignore', 'ignore_ament_install']
[2.046s] Level 1:colcon.colcon_core.package_identification:_identify(example_ws) by extension 'ignore'
[2.046s] Level 1:colcon.colcon_core.package_identification:_identify(example_ws) by extension 'ignore_ament_install'
[2.047s] Level 1:colcon.colcon_core.package_identification:_identify(example_ws) by extensions ['colcon_pkg']
[2.047s] Level 1:colcon.colcon_core.package_identification:_identify(example_ws) by extension 'colcon_pkg'
[2.048s] Level 1:colcon.colcon_core.package_identification:_identify(example_ws) by extensions ['colcon_meta']
[2.048s] Level 1:colcon.colcon_core.package_identification:_identify(example_ws) by extension 'colcon_meta'
[2.048s] Level 1:colcon.colcon_core.package_identification:_identify(example_ws) by extensions ['ros']
[2.048s] Level 1:colcon.colcon_core.package_identification:_identify(example_ws) by extension 'ros'
[2.050s] Level 1:colcon.colcon_core.package_identification:_identify(example_ws) by extensions ['cmake', 'python']
[2.050s] Level 1:colcon.colcon_core.package_identification:_identify(example_ws) by extension 'cmake'
[2.050s] Level 1:colcon.colcon_core.package_identification:_identify(example_ws) by extension 'python'
[2.051s] Level 1:colcon.colcon_core.package_identification:_identify(example_ws) by extensions ['python_setup_py']
[2.051s] Level 1:colcon.colcon_core.package_identification:_identify(example_ws) by extension 'python_setup_py'
[2.053s] Level 1:colcon.colcon_core.package_identification:_identify(example_ws/build) by extensions ['ignore', 'ignore_ament_install']
[2.054s] Level 1:colcon.colcon_core.package_identification:_identify(example_ws/build) by extension 'ignore'
[2.055s] Level 1:colcon.colcon_core.package_identification:_identify(example_ws/build) ignored
[2.057s] Level 1:colcon.colcon_core.package_identification:_identify(example_ws/install) by extensions ['ignore', 'ignore_ament_install']
[2.057s] Level 1:colcon.colcon_core.package_identification:_identify(example_ws/install) by extension 'ignore'
[2.058s] Level 1:colcon.colcon_core.package_identification:_identify(example_ws/install) ignored
[2.060s] Level 1:colcon.colcon_core.package_identification:_identify(example_ws/log) by extensions ['ignore', 'ignore_ament_install']
[2.060s] Level 1:colcon.colcon_core.package_identification:_identify(example_ws/log) by extension 'ignore'
[2.061s] Level 1:colcon.colcon_core.package_identification:_identify(example_ws/log) ignored
[2.062s] Level 1:colcon.colcon_core.package_identification:_identify(install) by extensions ['ignore', 'ignore_ament_install']
[2.062s] Level 1:colcon.colcon_core.package_identification:_identify(install) by extension 'ignore'
[2.063s] Level 1:colcon.colcon_core.package_identification:_identify(install) ignored
[2.065s] Level 1:colcon.colcon_core.package_identification:_identify(log) by extensions ['ignore', 'ignore_ament_install']
[2.065s] Level 1:colcon.colcon_core.package_identification:_identify(log) by extension 'ignore'
[2.066s] Level 1:colcon.colcon_core.package_identification:_identify(log) ignored
[2.067s] Level 1:colcon.colcon_core.package_identification:_identify(ros_ws) by extensions ['ignore', 'ignore_ament_install']
[2.067s] Level 1:colcon.colcon_core.package_identification:_identify(ros_ws) by extension 'ignore'
[2.068s] Level 1:colcon.colcon_core.package_identification:_identify(ros_ws) by extension 'ignore_ament_install'
[2.069s] Level 1:colcon.colcon_core.package_identification:_identify(ros_ws) by extensions ['colcon_pkg']
[2.069s] Level 1:colcon.colcon_core.package_identification:_identify(ros_ws) by extension 'colcon_pkg'
[2.069s] Level 1:colcon.colcon_core.package_identification:_identify(ros_ws) by extensions ['colcon_meta']
[2.069s] Level 1:colcon.colcon_core.package_identification:_identify(ros_ws) by extension 'colcon_meta'
[2.070s] Level 1:colcon.colcon_core.package_identification:_identify(ros_ws) by extensions ['ros']
[2.070s] Level 1:colcon.colcon_core.package_identification:_identify(ros_ws) by extension 'ros'
[2.072s] Level 1:colcon.colcon_core.package_identification:_identify(ros_ws) by extensions ['cmake', 'python']
[2.072s] Level 1:colcon.colcon_core.package_identification:_identify(ros_ws) by extension 'cmake'
[2.072s] Level 1:colcon.colcon_core.package_identification:_identify(ros_ws) by extension 'python'
[2.073s] Level 1:colcon.colcon_core.package_identification:_identify(ros_ws) by extensions ['python_setup_py']
[2.073s] Level 1:colcon.colcon_core.package_identification:_identify(ros_ws) by extension 'python_setup_py'
[2.075s] Level 1:colcon.colcon_core.package_identification:_identify(ros_ws/build) by extensions ['ignore', 'ignore_ament_install']
[2.075s] Level 1:colcon.colcon_core.package_identification:_identify(ros_ws/build) by extension 'ignore'
[2.076s] Level 1:colcon.colcon_core.package_identification:_identify(ros_ws/build) ignored
[2.078s] Level 1:colcon.colcon_core.package_identification:_identify(ros_ws/install) by extensions ['ignore', 'ignore_ament_install']
[2.078s] Level 1:colcon.colcon_core.package_identification:_identify(ros_ws/install) by extension 'ignore'
[2.080s] Level 1:colcon.colcon_core.package_identification:_identify(ros_ws/install) ignored
[2.084s] Level 1:colcon.colcon_core.package_identification:_identify(ros_ws/log) by extensions ['ignore', 'ignore_ament_install']
[2.084s] Level 1:colcon.colcon_core.package_identification:_identify(ros_ws/log) by extension 'ignore'
[2.085s] Level 1:colcon.colcon_core.package_identification:_identify(ros_ws/log) ignored
[2.087s] Level 1:colcon.colcon_core.package_identification:_identify(ros_ws/src) by extensions ['ignore', 'ignore_ament_install']
[2.087s] Level 1:colcon.colcon_core.package_identification:_identify(ros_ws/src) by extension 'ignore'
[2.088s] Level 1:colcon.colcon_core.package_identification:_identify(ros_ws/src) by extension 'ignore_ament_install'
[2.089s] Level 1:colcon.colcon_core.package_identification:_identify(ros_ws/src) by extensions ['colcon_pkg']
[2.090s] Level 1:colcon.colcon_core.package_identification:_identify(ros_ws/src) by extension 'colcon_pkg'
[2.090s] Level 1:colcon.colcon_core.package_identification:_identify(ros_ws/src) by extensions ['colcon_meta']
[2.090s] Level 1:colcon.colcon_core.package_identification:_identify(ros_ws/src) by extension 'colcon_meta'
[2.091s] Level 1:colcon.colcon_core.package_identification:_identify(ros_ws/src) by extensions ['ros']
[2.091s] Level 1:colcon.colcon_core.package_identification:_identify(ros_ws/src) by extension 'ros'
[2.094s] Level 1:colcon.colcon_core.package_identification:_identify(ros_ws/src) by extensions ['cmake', 'python']
[2.094s] Level 1:colcon.colcon_core.package_identification:_identify(ros_ws/src) by extension 'cmake'
[2.095s] Level 1:colcon.colcon_core.package_identification:_identify(ros_ws/src) by extension 'python'
[2.096s] Level 1:colcon.colcon_core.package_identification:_identify(ros_ws/src) by extensions ['python_setup_py']
[2.096s] Level 1:colcon.colcon_core.package_identification:_identify(ros_ws/src) by extension 'python_setup_py'
[2.099s] Level 1:colcon.colcon_core.package_identification:_identify(ros_ws/src/follow_human) by extensions ['ignore', 'ignore_ament_install']
[2.099s] Level 1:colcon.colcon_core.package_identification:_identify(ros_ws/src/follow_human) by extension 'ignore'
[2.100s] Level 1:colcon.colcon_core.package_identification:_identify(ros_ws/src/follow_human) by extension 'ignore_ament_install'
[2.102s] Level 1:colcon.colcon_core.package_identification:_identify(ros_ws/src/follow_human) by extensions ['colcon_pkg']
[2.102s] Level 1:colcon.colcon_core.package_identification:_identify(ros_ws/src/follow_human) by extension 'colcon_pkg'
[2.103s] Level 1:colcon.colcon_core.package_identification:_identify(ros_ws/src/follow_human) by extensions ['colcon_meta']
[2.103s] Level 1:colcon.colcon_core.package_identification:_identify(ros_ws/src/follow_human) by extension 'colcon_meta'
[2.104s] Level 1:colcon.colcon_core.package_identification:_identify(ros_ws/src/follow_human) by extensions ['ros']
[2.104s] Level 1:colcon.colcon_core.package_identification:_identify(ros_ws/src/follow_human) by extension 'ros'
[2.114s] DEBUG:colcon.colcon_core.package_identification:Package 'ros_ws/src/follow_human' with type 'ros.ament_python' and name 'follow_human'
[2.117s] Level 1:colcon.colcon_core.package_identification:_identify(ros_ws/src/scout_mini_base) by extensions ['ignore', 'ignore_ament_install']
[2.117s] Level 1:colcon.colcon_core.package_identification:_identify(ros_ws/src/scout_mini_base) by extension 'ignore'
[2.118s] Level 1:colcon.colcon_core.package_identification:_identify(ros_ws/src/scout_mini_base) by extension 'ignore_ament_install'
[2.120s] Level 1:colcon.colcon_core.package_identification:_identify(ros_ws/src/scout_mini_base) by extensions ['colcon_pkg']
[2.120s] Level 1:colcon.colcon_core.package_identification:_identify(ros_ws/src/scout_mini_base) by extension 'colcon_pkg'
[2.121s] Level 1:colcon.colcon_core.package_identification:_identify(ros_ws/src/scout_mini_base) by extensions ['colcon_meta']
[2.121s] Level 1:colcon.colcon_core.package_identification:_identify(ros_ws/src/scout_mini_base) by extension 'colcon_meta'
[2.123s] Level 1:colcon.colcon_core.package_identification:_identify(ros_ws/src/scout_mini_base) by extensions ['ros']
[2.123s] Level 1:colcon.colcon_core.package_identification:_identify(ros_ws/src/scout_mini_base) by extension 'ros'
[2.131s] DEBUG:colcon.colcon_core.package_identification:Package 'ros_ws/src/scout_mini_base' with type 'ros.ament_cmake' and name 'scout_mini_base'
[2.134s] Level 1:colcon.colcon_core.package_identification:_identify(ros_ws/src/scout_mini_description) by extensions ['ignore', 'ignore_ament_install']
[2.135s] Level 1:colcon.colcon_core.package_identification:_identify(ros_ws/src/scout_mini_description) by extension 'ignore'
[2.136s] Level 1:colcon.colcon_core.package_identification:_identify(ros_ws/src/scout_mini_description) by extension 'ignore_ament_install'
[2.137s] Level 1:colcon.colcon_core.package_identification:_identify(ros_ws/src/scout_mini_description) by extensions ['colcon_pkg']
[2.137s] Level 1:colcon.colcon_core.package_identification:_identify(ros_ws/src/scout_mini_description) by extension 'colcon_pkg'
[2.138s] Level 1:colcon.colcon_core.package_identification:_identify(ros_ws/src/scout_mini_description) by extensions ['colcon_meta']
[2.138s] Level 1:colcon.colcon_core.package_identification:_identify(ros_ws/src/scout_mini_description) by extension 'colcon_meta'
[2.140s] Level 1:colcon.colcon_core.package_identification:_identify(ros_ws/src/scout_mini_description) by extensions ['ros']
[2.140s] Level 1:colcon.colcon_core.package_identification:_identify(ros_ws/src/scout_mini_description) by extension 'ros'
[2.153s] DEBUG:colcon.colcon_core.package_identification:Package 'ros_ws/src/scout_mini_description' with type 'ros.ament_cmake' and name 'scout_mini_description'
[2.156s] Level 1:colcon.colcon_core.package_identification:_identify(ros_ws/src/scout_mini_hardware) by extensions ['ignore', 'ignore_ament_install']
[2.156s] Level 1:colcon.colcon_core.package_identification:_identify(ros_ws/src/scout_mini_hardware) by extension 'ignore'
[2.157s] Level 1:colcon.colcon_core.package_identification:_identify(ros_ws/src/scout_mini_hardware) by extension 'ignore_ament_install'
[2.159s] Level 1:colcon.colcon_core.package_identification:_identify(ros_ws/src/scout_mini_hardware) by extensions ['colcon_pkg']
[2.159s] Level 1:colcon.colcon_core.package_identification:_identify(ros_ws/src/scout_mini_hardware) by extension 'colcon_pkg'
[2.160s] Level 1:colcon.colcon_core.package_identification:_identify(ros_ws/src/scout_mini_hardware) by extensions ['colcon_meta']
[2.160s] Level 1:colcon.colcon_core.package_identification:_identify(ros_ws/src/scout_mini_hardware) by extension 'colcon_meta'
[2.162s] Level 1:colcon.colcon_core.package_identification:_identify(ros_ws/src/scout_mini_hardware) by extensions ['ros']
[2.162s] Level 1:colcon.colcon_core.package_identification:_identify(ros_ws/src/scout_mini_hardware) by extension 'ros'
[2.174s] DEBUG:colcon.colcon_core.package_identification:Package 'ros_ws/src/scout_mini_hardware' with type 'ros.ament_cmake' and name 'scout_mini_hardware'
[2.177s] Level 1:colcon.colcon_core.package_identification:_identify(ros_ws/src/scout_mini_msgs) by extensions ['ignore', 'ignore_ament_install']
[2.177s] Level 1:colcon.colcon_core.package_identification:_identify(ros_ws/src/scout_mini_msgs) by extension 'ignore'
[2.178s] Level 1:colcon.colcon_core.package_identification:_identify(ros_ws/src/scout_mini_msgs) by extension 'ignore_ament_install'
[2.180s] Level 1:colcon.colcon_core.package_identification:_identify(ros_ws/src/scout_mini_msgs) by extensions ['colcon_pkg']
[2.180s] Level 1:colcon.colcon_core.package_identification:_identify(ros_ws/src/scout_mini_msgs) by extension 'colcon_pkg'
[2.181s] Level 1:colcon.colcon_core.package_identification:_identify(ros_ws/src/scout_mini_msgs) by extensions ['colcon_meta']
[2.181s] Level 1:colcon.colcon_core.package_identification:_identify(ros_ws/src/scout_mini_msgs) by extension 'colcon_meta'
[2.183s] Level 1:colcon.colcon_core.package_identification:_identify(ros_ws/src/scout_mini_msgs) by extensions ['ros']
[2.183s] Level 1:colcon.colcon_core.package_identification:_identify(ros_ws/src/scout_mini_msgs) by extension 'ros'
[2.192s] DEBUG:colcon.colcon_core.package_identification:Package 'ros_ws/src/scout_mini_msgs' with type 'ros.ament_cmake' and name 'scout_mini_msgs'
[2.195s] Level 1:colcon.colcon_core.package_identification:_identify(ros_ws/src/scout_mini_ros2) by extensions ['ignore', 'ignore_ament_install']
[2.195s] Level 1:colcon.colcon_core.package_identification:_identify(ros_ws/src/scout_mini_ros2) by extension 'ignore'
[2.196s] Level 1:colcon.colcon_core.package_identification:_identify(ros_ws/src/scout_mini_ros2) by extension 'ignore_ament_install'
[2.198s] Level 1:colcon.colcon_core.package_identification:_identify(ros_ws/src/scout_mini_ros2) by extensions ['colcon_pkg']
[2.198s] Level 1:colcon.colcon_core.package_identification:_identify(ros_ws/src/scout_mini_ros2) by extension 'colcon_pkg'
[2.199s] Level 1:colcon.colcon_core.package_identification:_identify(ros_ws/src/scout_mini_ros2) by extensions ['colcon_meta']
[2.200s] Level 1:colcon.colcon_core.package_identification:_identify(ros_ws/src/scout_mini_ros2) by extension 'colcon_meta'
[2.201s] Level 1:colcon.colcon_core.package_identification:_identify(ros_ws/src/scout_mini_ros2) by extensions ['ros']
[2.202s] Level 1:colcon.colcon_core.package_identification:_identify(ros_ws/src/scout_mini_ros2) by extension 'ros'
[2.210s] DEBUG:colcon.colcon_core.package_identification:Package 'ros_ws/src/scout_mini_ros2' with type 'ros.ament_cmake' and name 'scout_mini_ros2'
[2.213s] Level 1:colcon.colcon_core.package_identification:_identify(ros_ws/src/scout_mini_simulation) by extensions ['ignore', 'ignore_ament_install']
[2.214s] Level 1:colcon.colcon_core.package_identification:_identify(ros_ws/src/scout_mini_simulation) by extension 'ignore'
[2.214s] Level 1:colcon.colcon_core.package_identification:_identify(ros_ws/src/scout_mini_simulation) by extension 'ignore_ament_install'
[2.216s] Level 1:colcon.colcon_core.package_identification:_identify(ros_ws/src/scout_mini_simulation) by extensions ['colcon_pkg']
[2.216s] Level 1:colcon.colcon_core.package_identification:_identify(ros_ws/src/scout_mini_simulation) by extension 'colcon_pkg'
[2.217s] Level 1:colcon.colcon_core.package_identification:_identify(ros_ws/src/scout_mini_simulation) by extensions ['colcon_meta']
[2.218s] Level 1:colcon.colcon_core.package_identification:_identify(ros_ws/src/scout_mini_simulation) by extension 'colcon_meta'
[2.219s] Level 1:colcon.colcon_core.package_identification:_identify(ros_ws/src/scout_mini_simulation) by extensions ['ros']
[2.219s] Level 1:colcon.colcon_core.package_identification:_identify(ros_ws/src/scout_mini_simulation) by extension 'ros'
[2.229s] DEBUG:colcon.colcon_core.package_identification:Package 'ros_ws/src/scout_mini_simulation' with type 'ros.ament_python' and name 'scout_mini_simulation'
[2.233s] Level 1:colcon.colcon_core.package_identification:_identify(ros_ws/src/scout_object_detector) by extensions ['ignore', 'ignore_ament_install']
[2.233s] Level 1:colcon.colcon_core.package_identification:_identify(ros_ws/src/scout_object_detector) by extension 'ignore'
[2.234s] Level 1:colcon.colcon_core.package_identification:_identify(ros_ws/src/scout_object_detector) by extension 'ignore_ament_install'
[2.236s] Level 1:colcon.colcon_core.package_identification:_identify(ros_ws/src/scout_object_detector) by extensions ['colcon_pkg']
[2.236s] Level 1:colcon.colcon_core.package_identification:_identify(ros_ws/src/scout_object_detector) by extension 'colcon_pkg'
[2.237s] Level 1:colcon.colcon_core.package_identification:_identify(ros_ws/src/scout_object_detector) by extensions ['colcon_meta']
[2.237s] Level 1:colcon.colcon_core.package_identification:_identify(ros_ws/src/scout_object_detector) by extension 'colcon_meta'
[2.239s] Level 1:colcon.colcon_core.package_identification:_identify(ros_ws/src/scout_object_detector) by extensions ['ros']
[2.239s] Level 1:colcon.colcon_core.package_identification:_identify(ros_ws/src/scout_object_detector) by extension 'ros'
[2.248s] DEBUG:colcon.colcon_core.package_identification:Package 'ros_ws/src/scout_object_detector' with type 'ros.ament_cmake' and name 'scout_object_detector'
[2.251s] Level 1:colcon.colcon_core.package_identification:_identify(ros_ws/src/task1) by extensions ['ignore', 'ignore_ament_install']
[2.251s] Level 1:colcon.colcon_core.package_identification:_identify(ros_ws/src/task1) by extension 'ignore'
[2.252s] Level 1:colcon.colcon_core.package_identification:_identify(ros_ws/src/task1) by extension 'ignore_ament_install'
[2.254s] Level 1:colcon.colcon_core.package_identification:_identify(ros_ws/src/task1) by extensions ['colcon_pkg']
[2.254s] Level 1:colcon.colcon_core.package_identification:_identify(ros_ws/src/task1) by extension 'colcon_pkg'
[2.255s] Level 1:colcon.colcon_core.package_identification:_identify(ros_ws/src/task1) by extensions ['colcon_meta']
[2.255s] Level 1:colcon.colcon_core.package_identification:_identify(ros_ws/src/task1) by extension 'colcon_meta'
[2.257s] Level 1:colcon.colcon_core.package_identification:_identify(ros_ws/src/task1) by extensions ['ros']
[2.257s] Level 1:colcon.colcon_core.package_identification:_identify(ros_ws/src/task1) by extension 'ros'
[2.267s] DEBUG:colcon.colcon_core.package_identification:Package 'ros_ws/src/task1' with type 'ros.ament_python' and name 'task1'
[2.267s] Level 1:colcon.colcon_core.package_discovery:discover_packages(recursive) using defaults
[2.267s] Level 1:colcon.colcon_core.package_discovery:discover_packages(ignore) discover
[2.267s] Level 1:colcon.colcon_core.package_discovery:discover_packages(ignore) using defaults
[2.268s] Level 1:colcon.colcon_core.package_discovery:discover_packages(path) discover
[2.268s] Level 1:colcon.colcon_core.package_discovery:discover_packages(path) using defaults
[2.525s] INFO:colcon.colcon_core.package_selection:Skipping not selected package 'follow_human' in 'ros_ws/src/follow_human'
[2.526s] INFO:colcon.colcon_core.package_selection:Skipping not selected package 'my_package' in 'dev_ws/src/my_package'
[2.526s] INFO:colcon.colcon_core.package_selection:Skipping not selected package 'scout_mini_base' in 'ros_ws/src/scout_mini_base'
[2.526s] INFO:colcon.colcon_core.package_selection:Skipping not selected package 'scout_mini_description' in 'ros_ws/src/scout_mini_description'
[2.526s] INFO:colcon.colcon_core.package_selection:Skipping not selected package 'scout_mini_msgs' in 'ros_ws/src/scout_mini_msgs'
[2.526s] INFO:colcon.colcon_core.package_selection:Skipping not selected package 'task1' in 'ros_ws/src/task1'
[2.526s] INFO:colcon.colcon_core.package_selection:Skipping not selected package 'scout_mini_hardware' in 'ros_ws/src/scout_mini_hardware'
[2.527s] INFO:colcon.colcon_core.package_selection:Skipping not selected package 'scout_mini_simulation' in 'ros_ws/src/scout_mini_simulation'
[2.527s] INFO:colcon.colcon_core.package_selection:Skipping not selected package 'scout_mini_ros2' in 'ros_ws/src/scout_mini_ros2'
[2.527s] Level 5:colcon.colcon_core.verb:set package 'scout_object_detector' build argument 'cmake_args' from command line to 'None'
[2.528s] Level 5:colcon.colcon_core.verb:set package 'scout_object_detector' build argument 'cmake_target' from command line to 'None'
[2.528s] Level 5:colcon.colcon_core.verb:set package 'scout_object_detector' build argument 'cmake_target_skip_unavailable' from command line to 'False'
[2.528s] Level 5:colcon.colcon_core.verb:set package 'scout_object_detector' build argument 'cmake_clean_cache' from command line to 'False'
[2.528s] Level 5:colcon.colcon_core.verb:set package 'scout_object_detector' build argument 'cmake_clean_first' from command line to 'False'
[2.528s] Level 5:colcon.colcon_core.verb:set package 'scout_object_detector' build argument 'cmake_force_configure' from command line to 'False'
[2.528s] Level 5:colcon.colcon_core.verb:set package 'scout_object_detector' build argument 'ament_cmake_args' from command line to 'None'
[2.529s] Level 5:colcon.colcon_core.verb:set package 'scout_object_detector' build argument 'catkin_cmake_args' from command line to 'None'
[2.529s] Level 5:colcon.colcon_core.verb:set package 'scout_object_detector' build argument 'catkin_skip_building_tests' from command line to 'False'
[2.529s] DEBUG:colcon.colcon_core.verb:Building package 'scout_object_detector' with the following arguments: {'ament_cmake_args': None, 'build_base': '/apollo/build/scout_object_detector', 'catkin_cmake_args': None, 'catkin_skip_building_tests': False, 'cmake_args': None, 'cmake_clean_cache': False, 'cmake_clean_first': False, 'cmake_force_configure': False, 'cmake_target': None, 'cmake_target_skip_unavailable': False, 'install_base': '/apollo/install/scout_object_detector', 'merge_install': False, 'path': '/apollo/ros_ws/src/scout_object_detector', 'symlink_install': False, 'test_result_base': None}
[2.529s] INFO:colcon.colcon_core.executor:Executing jobs using 'parallel' executor
[2.530s] DEBUG:colcon.colcon_parallel_executor.executor.parallel:run_until_complete
[2.530s] INFO:colcon.colcon_ros.task.ament_cmake.build:Building ROS package in '/apollo/ros_ws/src/scout_object_detector' with build type 'ament_cmake'
[2.530s] INFO:colcon.colcon_cmake.task.cmake.build:Building CMake package in '/apollo/ros_ws/src/scout_object_detector'
[2.622s] INFO:colcon.colcon_core.plugin_system:Skipping extension 'colcon_core.shell.bat': Not used on non-Windows systems
[2.623s] INFO:colcon.colcon_core.shell:Skip shell extension 'powershell' for command environment: Not usable outside of PowerShell
[2.623s] DEBUG:colcon.colcon_core.shell:Skip shell extension 'dsv' for command environment
[3.043s] DEBUG:colcon.colcon_core.event_handler.log_command:Invoking command in '/apollo/build/scout_object_detector': CMAKE_PREFIX_PATH=${CMAKE_PREFIX_PATH}:/apollo/dev_ws/install/my_package:/apollo/ros_ws/install/task1:/apollo/ros_ws/install/scout_mini_simulation:/opt/ros/humble /usr/bin/cmake /apollo/ros_ws/src/scout_object_detector -DCMAKE_INSTALL_PREFIX=/apollo/install/scout_object_detector
[62.085s] DEBUG:colcon.colcon_core.event_handler.log_command:Invoked command in '/apollo/build/scout_object_detector' returned '0': CMAKE_PREFIX_PATH=${CMAKE_PREFIX_PATH}:/apollo/dev_ws/install/my_package:/apollo/ros_ws/install/task1:/apollo/ros_ws/install/scout_mini_simulation:/opt/ros/humble /usr/bin/cmake /apollo/ros_ws/src/scout_object_detector -DCMAKE_INSTALL_PREFIX=/apollo/install/scout_object_detector
[62.104s] DEBUG:colcon.colcon_core.event_handler.log_command:Invoking command in '/apollo/build/scout_object_detector': CMAKE_PREFIX_PATH=${CMAKE_PREFIX_PATH}:/apollo/dev_ws/install/my_package:/apollo/ros_ws/install/task1:/apollo/ros_ws/install/scout_mini_simulation:/opt/ros/humble /usr/bin/cmake --build /apollo/build/scout_object_detector -- -j12 -l12
[83.581s] DEBUG:colcon.colcon_core.event_handler.log_command:Invoked command in '/apollo/build/scout_object_detector' returned '0': CMAKE_PREFIX_PATH=${CMAKE_PREFIX_PATH}:/apollo/dev_ws/install/my_package:/apollo/ros_ws/install/task1:/apollo/ros_ws/install/scout_mini_simulation:/opt/ros/humble /usr/bin/cmake --build /apollo/build/scout_object_detector -- -j12 -l12
[83.745s] DEBUG:colcon.colcon_core.event_handler.log_command:Invoking command in '/apollo/build/scout_object_detector': CMAKE_PREFIX_PATH=${CMAKE_PREFIX_PATH}:/apollo/dev_ws/install/my_package:/apollo/ros_ws/install/task1:/apollo/ros_ws/install/scout_mini_simulation:/opt/ros/humble /usr/bin/cmake --install /apollo/build/scout_object_detector
[93.731s] Level 1:colcon.colcon_core.environment:create_environment_scripts_only(scout_object_detector)
[93.734s] DEBUG:colcon.colcon_core.event_handler.log_command:Invoked command in '/apollo/build/scout_object_detector' returned '0': CMAKE_PREFIX_PATH=${CMAKE_PREFIX_PATH}:/apollo/dev_ws/install/my_package:/apollo/ros_ws/install/task1:/apollo/ros_ws/install/scout_mini_simulation:/opt/ros/humble /usr/bin/cmake --install /apollo/build/scout_object_detector
[93.827s] Level 1:colcon.colcon_core.environment:checking '/apollo/install/scout_object_detector' for CMake module files
[94.042s] Level 1:colcon.colcon_core.environment:checking '/apollo/install/scout_object_detector' for CMake config files
[94.142s] Level 1:colcon.colcon_core.shell:create_environment_hook('scout_object_detector', 'cmake_prefix_path')
[94.143s] INFO:colcon.colcon_core.shell:Creating environment hook '/apollo/install/scout_object_detector/share/scout_object_detector/hook/cmake_prefix_path.ps1'
[94.225s] INFO:colcon.colcon_core.shell:Creating environment descriptor '/apollo/install/scout_object_detector/share/scout_object_detector/hook/cmake_prefix_path.dsv'
[94.253s] INFO:colcon.colcon_core.shell:Creating environment hook '/apollo/install/scout_object_detector/share/scout_object_detector/hook/cmake_prefix_path.sh'
[94.290s] Level 1:colcon.colcon_core.environment:checking '/apollo/install/scout_object_detector/lib'
[94.300s] Level 1:colcon.colcon_core.shell:create_environment_hook('scout_object_detector', 'ld_library_path_lib')
[94.300s] INFO:colcon.colcon_core.shell:Creating environment hook '/apollo/install/scout_object_detector/share/scout_object_detector/hook/ld_library_path_lib.ps1'
[94.329s] INFO:colcon.colcon_core.shell:Creating environment descriptor '/apollo/install/scout_object_detector/share/scout_object_detector/hook/ld_library_path_lib.dsv'
[94.358s] INFO:colcon.colcon_core.shell:Creating environment hook '/apollo/install/scout_object_detector/share/scout_object_detector/hook/ld_library_path_lib.sh'
[94.382s] Level 1:colcon.colcon_core.environment:checking '/apollo/install/scout_object_detector/bin'
[94.384s] Level 1:colcon.colcon_core.environment:checking '/apollo/install/scout_object_detector/lib/pkgconfig/scout_object_detector.pc'
[94.396s] Level 1:colcon.colcon_core.environment:checking '/apollo/install/scout_object_detector/lib/python3.10/site-packages'
[94.398s] Level 1:colcon.colcon_core.environment:checking '/apollo/install/scout_object_detector/bin'
[94.399s] INFO:colcon.colcon_core.shell:Creating package script '/apollo/install/scout_object_detector/share/scout_object_detector/package.ps1'
[94.407s] INFO:colcon.colcon_core.shell:Creating package descriptor '/apollo/install/scout_object_detector/share/scout_object_detector/package.dsv'
[94.414s] INFO:colcon.colcon_core.shell:Creating package script '/apollo/install/scout_object_detector/share/scout_object_detector/package.sh'
[94.422s] INFO:colcon.colcon_core.shell:Creating package script '/apollo/install/scout_object_detector/share/scout_object_detector/package.bash'
[94.432s] INFO:colcon.colcon_core.shell:Creating package script '/apollo/install/scout_object_detector/share/scout_object_detector/package.zsh'
[94.440s] Level 1:colcon.colcon_core.environment:create_file_with_runtime_dependencies(/apollo/install/scout_object_detector/share/colcon-core/packages/scout_object_detector)
[94.455s] Level 1:colcon.colcon_core.environment:create_environment_scripts_only(scout_object_detector)
[94.456s] Level 1:colcon.colcon_core.environment:checking '/apollo/install/scout_object_detector' for CMake module files
[94.786s] Level 1:colcon.colcon_core.environment:checking '/apollo/install/scout_object_detector' for CMake config files
[94.999s] Level 1:colcon.colcon_core.shell:create_environment_hook('scout_object_detector', 'cmake_prefix_path')
[95.000s] INFO:colcon.colcon_core.shell:Creating environment hook '/apollo/install/scout_object_detector/share/scout_object_detector/hook/cmake_prefix_path.ps1'
[95.015s] INFO:colcon.colcon_core.shell:Creating environment descriptor '/apollo/install/scout_object_detector/share/scout_object_detector/hook/cmake_prefix_path.dsv'
[95.029s] INFO:colcon.colcon_core.shell:Creating environment hook '/apollo/install/scout_object_detector/share/scout_object_detector/hook/cmake_prefix_path.sh'
[95.048s] Level 1:colcon.colcon_core.environment:checking '/apollo/install/scout_object_detector/lib'
[95.053s] Level 1:colcon.colcon_core.shell:create_environment_hook('scout_object_detector', 'ld_library_path_lib')
[95.053s] INFO:colcon.colcon_core.shell:Creating environment hook '/apollo/install/scout_object_detector/share/scout_object_detector/hook/ld_library_path_lib.ps1'
[95.069s] INFO:colcon.colcon_core.shell:Creating environment descriptor '/apollo/install/scout_object_detector/share/scout_object_detector/hook/ld_library_path_lib.dsv'
[95.079s] INFO:colcon.colcon_core.shell:Creating environment hook '/apollo/install/scout_object_detector/share/scout_object_detector/hook/ld_library_path_lib.sh'
[95.089s] Level 1:colcon.colcon_core.environment:checking '/apollo/install/scout_object_detector/bin'
[95.091s] Level 1:colcon.colcon_core.environment:checking '/apollo/install/scout_object_detector/lib/pkgconfig/scout_object_detector.pc'
[95.093s] Level 1:colcon.colcon_core.environment:checking '/apollo/install/scout_object_detector/lib/python3.10/site-packages'
[95.094s] Level 1:colcon.colcon_core.environment:checking '/apollo/install/scout_object_detector/bin'
[95.095s] INFO:colcon.colcon_core.shell:Creating package script '/apollo/install/scout_object_detector/share/scout_object_detector/package.ps1'
[95.101s] INFO:colcon.colcon_core.shell:Creating package descriptor '/apollo/install/scout_object_detector/share/scout_object_detector/package.dsv'
[95.107s] INFO:colcon.colcon_core.shell:Creating package script '/apollo/install/scout_object_detector/share/scout_object_detector/package.sh'
[95.113s] INFO:colcon.colcon_core.shell:Creating package script '/apollo/install/scout_object_detector/share/scout_object_detector/package.bash'
[95.120s] INFO:colcon.colcon_core.shell:Creating package script '/apollo/install/scout_object_detector/share/scout_object_detector/package.zsh'
[95.126s] Level 1:colcon.colcon_core.environment:create_file_with_runtime_dependencies(/apollo/install/scout_object_detector/share/colcon-core/packages/scout_object_detector)
[95.132s] DEBUG:colcon.colcon_parallel_executor.executor.parallel:closing loop
[95.132s] DEBUG:colcon.colcon_parallel_executor.executor.parallel:loop closed
[95.132s] DEBUG:colcon.colcon_parallel_executor.executor.parallel:run_until_complete finished with '0'
[95.133s] DEBUG:colcon.colcon_core.event_reactor:joining thread
[95.379s] INFO:colcon.colcon_core.plugin_system:Skipping extension 'colcon_notification.desktop_notification.notify_send': Could not find 'notify-send'
[95.379s] INFO:colcon.colcon_core.plugin_system:Skipping extension 'colcon_notification.desktop_notification.terminal_notifier': Not used on non-Darwin systems
[95.379s] INFO:colcon.colcon_core.plugin_system:Skipping extension 'colcon_notification.desktop_notification.win32': Not used on non-Windows systems
[95.379s] INFO:colcon.colcon_notification.desktop_notification:Sending desktop notification using 'notify2'
[95.383s] DEBUG:colcon.colcon_notification.desktop_notification.notify2:Failed to initialize notify2: org.freedesktop.DBus.Error.Spawn.ExecFailed: /usr/bin/dbus-launch terminated abnormally without any error message
[95.384s] DEBUG:colcon.colcon_core.event_reactor:joined thread
[95.384s] INFO:colcon.colcon_core.shell:Creating prefix script '/apollo/install/local_setup.ps1'
[95.388s] INFO:colcon.colcon_core.shell:Creating prefix util module '/apollo/install/_local_setup_util_ps1.py'
[95.392s] INFO:colcon.colcon_core.shell:Creating prefix chain script '/apollo/install/setup.ps1'
[95.434s] INFO:colcon.colcon_core.shell:Creating prefix script '/apollo/install/local_setup.sh'
[95.438s] INFO:colcon.colcon_core.shell:Creating prefix util module '/apollo/install/_local_setup_util_sh.py'
[95.441s] INFO:colcon.colcon_core.shell:Creating prefix chain script '/apollo/install/setup.sh'
[95.483s] INFO:colcon.colcon_core.shell:Creating prefix script '/apollo/install/local_setup.bash'
[95.486s] INFO:colcon.colcon_core.shell:Creating prefix chain script '/apollo/install/setup.bash'
[95.527s] INFO:colcon.colcon_core.shell:Creating prefix script '/apollo/install/local_setup.zsh'
[95.530s] INFO:colcon.colcon_core.shell:Creating prefix chain script '/apollo/install/setup.zsh'
